-4413.386368769196  14816.06631119794  -6582.080996333571
-1790.580593524691  -9161.325349127275  7337.213647078712
5843.125226884023  -5421.663257887155  -2931.727303371892
-8.006206715289679  27.74273316622281  -4.288561571497522
8210.619843147038  -4681.924374387114  -16566.25412314095
-1954.221730636833  7663.604611221644  8460.980814961511
-7458.864412837099  -4118.953601650313  5239.244758024354
5.232121630887594  2.342052173838389  -29.66763937075677
2461.223285328477  -6028.782682252831  -9897.940810519935
-227.4733698972745  -646.6509239883663  6242.627394098011
63.22005553699649  7333.531706811166  3676.86818833811
12.83255299808538  -7.402826748612394  -24.37889546118869
1764.571416556344  8650.376110147972  -16241.95821067569
5759.229612966155  -2653.869677997394  9672.791015225179
-6942.854242079981  -4459.508424203425  3230.612858143817
9.165477532951805  21.30089929874821  -27.80142680102266
4754.92715904642  -1935.086140591895  -19369.26530653642
2083.709338299841  -1033.796185578494  10608.13046040595
-5919.746621094169  5459.031651329386  8921.886943382957
3.234053404283435  -2.514592847120527  -54.77444241033795
7349.224863958306  -8242.244583220134  19307.96318855354
-8438.373300899782  1852.387772331913  -2180.45051113189
732.6463615756037  3068.570122839693  -12859.47561168399
19.08105619874946  7.87014080854063  38.51508092336631
-12967.84824249376  -1384.310806421908  2253.806704282866
7012.266218670162  -1293.005646340028  -4576.076787095073
8381.159914483856  5149.135185678791  802.0949900685941
-36.59866441877924  -4.420599665651444  13.0420849465996
15997.58040460971  2870.089781948123  -15946.46145299882
-5618.285917135801  -6389.052557574386  9719.133120331984
-11054.98124845408  -2676.696088765004  3741.874596580534
41.06385884507957  8.347155004996985  -32.78078964338982
-16520.47108719317  -1083.262629615034  -6072.743871332894
8422.378548578346  6305.954236116681  5429.665218541657
7203.354158995659  -5351.369389312194  -3193.180291562853
-32.33018230835594  -11.81377396328778  -6.186250986034246
-8942.658038111016  -5419.660719805569  -8952.008960180829
7131.953806555193  1020.476044218691  987.9510402547622
-933.3477175869848  4057.2709708309  5007.230887460632
-19.67667566841552  -14.54286553525952  -18.84796120597273
-17396.06776101954  -4659.486864633973  5084.234625073992
12219.77948576254  619.261078287747  -3300.46679616572
728.246193481933  2998.9509227331  -1805.439203385874
-23.79042401544509  -15.11769290749143  6.503149421861671
-4227.811673417264  -6575.080605082571  -14021.08997588249
-2851.413011525182  4022.04048040147  3254.046460252123
4088.121510946666  -358.7156033109971  10132.04194048163
-10.01960426473003  -21.84102233992292  -27.55410563514216
6058.130421739304  6028.367191495754  -10925.64300844489
-1953.894684074986  -8623.502634366609  4509.064997356099
-4713.531835507469  1366.77999349864  6913.141764322922
24.71601919721699  25.60815339560103  -34.5722248928492
-6129.841133532438  121.1078107207063  -11322.1110251468
4071.965644354977  2846.352415250597  6135.205987940113
707.9252448300964  -3106.205036879313  7716.689056343635
-17.1961427700536  6.198923816337271  -36.90532413015561
6207.349767781834  6801.257006048019  -6499.975212819595
-7825.711653481064  -3749.772691329931  -1334.168920584265
-816.3571539070489  -3551.706106443436  7365.814751303091
12.72933435542121  27.33094151179915  -19.42867033620515
7558.593305291132  13697.86543610379  -10530.15943881125
1433.898970925726  -11184.13728203667  2350.284981179533
-10693.22439786828  -2610.09690257124  6759.989609979364
25.06154422665592  28.47328048126227  -28.02844626704426
4581.562438162485  20955.60412578078  -2500.263619114207
-2040.522063695593  -12871.96074621846  -1950.573753409368
-5150.589794187449  -5772.334716133856  3876.413400458095
12.76245283376044  41.05303890177254  -12.85482221857746
11266.53272875967  10079.35584722042  4291.733036183451
-6798.569320451546  -7151.778121724131  168.6746558556199
-6149.853366423954  -2072.502574999743  -4727.96528151482
26.7982688421128  19.79073401324623  14.88634720096072
16061.89672771544  -5864.961931491386  9010.816373136331
-9292.371012473119  -3264.898406416213  -5990.173720953608
-6624.323822411519  7161.206944429843  -3301.252218640636
27.40452377792096  -10.93045812949593  28.38912394305409
2667.582615384161  -11114.2014052669  7322.156719715863
-9422.626803890214  1720.127100819033  -4318.97747815085
2805.211102145858  11911.9039933176  156.2002991333027
31.7968529139604  -40.53365868571301  16.72461882889835
-3688.366285589776  19309.25058502956  -7652.611017333639
-5868.672595590753  -4699.278601441934  6378.772963628217
4968.076764404385  -12384.81643399316  2542.248124804671
-11.22097682802736  32.85606094311144  -30.14798862698069
14230.07184656009  1621.17840951697  -2240.022291193985
-5895.587076454165  -5314.243322326396  -716.4298621301847
-12432.9637290672  2251.517665455393  3062.108500122896
39.59501199052242  17.57121466051449  2.226117582838923
13485.44812624606  -8615.718110629303  -5868.451477921543
-2539.78898534087  3085.306988188521  11662.40544737991
-9368.612776406018  5262.948524145972  -1911.535427529976
32.37228240695854  -20.86270343206416  -11.33731643029342
-4209.408219035944  13152.47706249131  4113.536669634912
-3994.790510987171  -6586.980178605116  -2070.308631027064
4590.558830330519  -10870.92525673537  -1115.831273753679
-6.098757336013583  41.68189569211901  5.793320806306848
-11307.56565360461  13243.90986462473  -3944.053095602243
6634.675976948371  -6642.196728124999  -4856.101907863454
4275.268354182262  -5187.233528532244  7479.896068730112
-23.82465974896272  32.78312077855287  0.03733132536787574
-10695.86686551568  -1371.57093574677  -2316.389951192828
4764.865352866865  1517.483789779012  -1704.43525986468
6116.009381955042  471.9049153419412  3948.245355781626
-21.21938680420367  -1.497922234942406  2.769138403863658
-9108.309165025144  8846.701065377423  -6326.344970453548
4982.04162516872  -9812.835445237119  2406.529104773821
3485.028541843431  2267.775587979086  4510.840802526139
-7.531382918328542  11.0867728806857  -27.24806892221673
-13675.18592130957  2000.989770636606  -2668.383506342661
9147.166582503954  -4766.067799189917  -1344.189985323179
5324.026352216042  2675.107661594067  3019.534432037264
-40.34832860999143  -8.784035697734925  -6.218097336549853
-2200.672392727141  7109.659019209175  -3733.49085860068
3925.720281043769  -3371.762898137  361.2815428633587
-1420.651505830883  -6260.38013375459  3258.465354402585
-22.24981964162474  24.51924632785628  -14.19004164260057
17319.71593410214  -14942.51387510192  -4247.99157583932
1731.989223197641  9948.050482784738  843.5055783739684
-13113.67440906905  4727.582764415339  3049.895805458842
16.52230038457054  -26.88686481573833  -9.376899272964112
2808.111614563145  -4077.712583461298  14988.08079581343
6069.756165842324  1271.460144770201  -8015.457789122131
-9244.262498816201  3520.820801955373  -5515.084732445343
6.207184487378917  -25.26989451002169  21.31362804045636
17763.04937981972  -12657.13520436055  1846.800777760059
1099.02721131689  10955.83232649651  -2928.974291600496
-11446.95341985574  1707.546887454692  -3511.622208335943
14.16610297633686  -14.15830821545212  40.63045597761876
-7080.92337356034  3318.708141826336  -5797.199794588375
1488.057740298296  -5007.508820592878  5555.91196344311
7424.32192959242  1719.379869612131  1785.656950705105
-14.67142181394851  9.187069615851097  -21.52005138518538
10314.252650218  -5741.477157933192  4223.547066118365
-3210.13636585835  3749.037998134335  2046.005950056773
-8428.761891329788  2705.701056294012  -4130.633766433152
25.70249764730747  -14.55359262259076  -2.804445404850192
-11520.30870962002  11063.5972176406  -3248.976174962608
10390.12186461828  -2409.418412938439  5515.187529960018
3053.630418437623  -8862.939829953029  -2641.826219649932
-29.72224916269954  34.00498436233628  -1.50718958205915
-7361.006256812855  -11017.47346162316  12479.62985971404
6150.021999475574  123.9022999541805  -4714.597567183024
-730.1258184749595  9136.459738278105  -6506.166119496745
-26.4355130861392  -20.88912147585173  24.68634171455436
-6977.705542292349  15174.05726593997  5383.894701086552
5349.023164435234  -9351.266171538166  -1255.209697952625
-2868.547649205983  -2883.138655693649  -3401.689168103707
-1.297847244688699  28.04331441980981  15.24179752622011
-11165.16354855117  10958.67400266776  1005.955332064226
12902.65420065782  -4845.257557100129  505.329525375998
282.7193155734125  -5784.062099680815  -1615.603308141637
-13.9335652667552  19.75410300210221  23.49015943206999
23490.21097463245  -10091.11952812439  -5859.626456702998
-13267.22459105664  6536.379360613798  6713.098561027758
-6559.463397534371  617.6948730220835  -2446.403565248312
30.65114146063453  -26.6674438128491  10.65827661390582
3622.04993766346  3631.463362701364  -11874.56971867126
-3033.08649340093  -1142.082127938458  3558.475625458521
1040.263590808102  -6448.030173254821  9924.931227514331
5.414528487803538  5.221821324520082  -30.60701936150678
13125.46208564628  9619.065890806636  -4733.120957837794
-9641.236353397915  -895.9387646522977  -542.1731008664922
-1757.764018041197  -8756.072433631758  7720.74525942421
35.09331172843874  13.92063629502468  -8.095882111735238
16357.51236516824  2566.819218044573  2411.560190385528
-3924.154070245186  4846.500617203714  -1713.29864408799
-10835.03624273233  -4640.846661022187  1368.249002493174
42.06782968369742  -11.7807078941199  8.983111789237357
-12206.91813809399  1314.356937593136  -2583.372767527151
4890.553851974269  -7265.929896084064  -819.6921107200807
6895.659181388379  2669.71749972606  4981.586443665998
-29.02421588025711  13.03014044091899  -1.175591829198402
13314.59920347941  -811.6590878677529  -1259.225375820755
-6871.638869985291  1082.881290219707  -5959.002971709791
-8291.580511718301  -78.40694111167775  7366.797141255995
39.44749454962814  -5.433874444704774  10.35140212207248
10989.84088532198  -22051.73116782281  7949.526957587989
-5220.369081036531  8979.120806019288  5217.80169535036
-5562.646885926561  9460.312629550961  -6705.245123683971
36.87522088604542  -39.44065878059637  10.10033265967815
-5760.202605952664  -8295.421110849011  1244.727793172402
4016.598368525771  2155.921551019271  -1005.875402931041
3080.461991797312  7500.69401947316  -2344.105434461081
-21.40083381038315  -22.03217375547873  11.41319231899773
7287.584127346801  -7052.456887879781  -8894.269921540179
-1302.289772248971  5026.414431098786  10017.29924993508
-8171.419040303072  1404.33409709554  693.7196457621076
25.4384434315033  -17.01014268023307  -26.68314684355166
2190.521678029623  -9524.499190113658  5872.389283153932
-3536.196705203619  5663.549217963686  -2467.336425406371
54.18733523153655  2369.858664085345  -1853.379822109272
8.56179745298466  -17.69394780790944  12.42396205241917
-13690.97929537367  -8719.593085388791  -3971.888336715454
8866.821466553745  4985.24231845226  6550.826506335738
4020.197590293506  5214.99879985107  -5176.486787190593
-32.10305461956517  -18.72874437075273  -0.3133939563523481
14090.01234597544  -4213.695435807764  -13617.97716133398
-11598.6917724536  -960.7885546124035  1439.998956252009
-2315.323812976633  6500.663849819635  8909.714171559108
25.57387940849603  -9.545314855611359  -34.35721989531485
-7918.198916534759  -11542.75901524568  6248.782520947916
7043.360648144505  7501.730114004136  -493.9928621755375
-2490.819077386606  1257.439187915209  -7198.719059460886
-5.0303008780742  -16.62052852949943  19.59975806796039
-1704.278042032319  19501.74212764387  2485.59467877957
137.4255105989197  -8053.404739540046  -8418.698617664235
-319.2307979096996  -7581.985185449126  8342.623301156416
-9.622115517280685  37.49445256102765  -10.0444609758686
1743.534625261425  -17134.42588582699  8311.910074178366
-3039.443166551955  10112.59041964387  -1028.827839538303
2064.052834165906  7505.787272210335  -5716.051514398596
7.420239282055044  -35.11403032535058  12.21002194907126
-2077.624543069964  -13778.69917726794  -10623.37017998568
1853.307442190922  10397.69891509244  940.208289367326
3261.193933031937  4994.609865148616  12269.25427185908
-22.74823495566651  -40.14246306736008  -21.3433526329698
10537.76713445645  20934.54214457617  2881.363660914706
-10907.34285576363  -12508.45563453574  -2188.028558726269
3703.694250884874  -7378.21712322261  214.4640302912954
2.291111220256832  48.98010735151445  14.20063555011954
2019.876546374742  21725.88458394369  6552.858929768661
-5244.090135161499  -12983.93059686024  -5466.459102388341
4708.529096394494  -4609.902539353866  2585.004888078092
-4.923103629110404  38.19301879948768  1.542776701469255
-7265.007083329713  -18615.30739559241  40.79865677940619
-5773.129452477132  5875.083655985201  4914.950427932515
8490.335279249855  9654.51110775165  -2222.078539565326
-3.552593823054106  -41.27769205140601  -2.296192683354004
-430.6367804357972  14467.96486066421  13785.20189048828
-2063.11512875412  -4923.648601252059  -1701.447807222027
5223.427736486404  -7956.988399057975  -12198.60822316711
18.96072301330255  29.98803486646749  27.85185856875948
-3915.566156678864  1768.153978449151  -13557.92454159226
8967.843036644896  -2199.817576519453  6814.644929441284
-1977.438103310032  -6806.671681827227  6302.871169282814
-8.989557157415341  19.24436134649588  -30.98221495356567
9356.044746799402  12735.21633244526  -6827.073239861669
-1893.302437506976  -887.6004649447007  5180.462511951495
-7368.764933893598  -11648.55545877737  624.6799819032545
19.24865963474522  22.7149193031161  -15.93323531653077
12408.08773139685  -7071.546755795063  -2460.267191858221
-4137.286275760425  4457.170017963349  5870.817855092954
-8057.649767723888  3768.929122800605  -3964.220235387715
22.62664175640966  -27.47079638167302  2.67443034729025
-12803.31779588165  -11955.81304293591  -10552.10831716908
3213.304136534538  639.0890643123804  8108.028787123998
8865.434656568645  9163.883239940236  315.0189102422024
-22.92426658804656  -27.8837163570001  -21.87562372697586
-1707.082138088858  -12173.19491000797  14608.7525374633
6214.053314549773  6174.700484872622  -6821.161510558391
-3958.696410551004  4567.443960940068  -6011.36958791574
-1.998849392545095  -23.94719977739325  26.08665193789033
8454.284514618315  -14324.99412581464  -2502.456079947905
-1341.72285091175  4222.464281775556  4933.804349313717
-5310.072172910835  11666.83981403308  -3607.457647168582
15.81231186269898  -37.52215671905495  -23.36219303771228
10032.97584905587  -2717.41928852324  -235.2674126960546
-2680.271281604424  7029.800921092179  881.3824619311092
-7970.669159133799  -3071.1693930896  -4658.731487769855
31.36954225475358  -22.63778736833359  13.29248077910808
-4272.291320526819  -12084.63061556247  92.660716348007
4738.488756793821  6955.503812966521  -1074.556792696168
-3198.069836804694  5125.698305084319  -1358.896613077042
-5.624088042482388  -23.73039555680371  -6.63762806250022
-5510.691861947248  -11183.70441304294  -4127.447445805009
6435.279267556858  4022.500658535672  1319.41800607735
-3166.617688095341  9724.953320729624  3267.163726270732
-23.37848014796624  -26.32707368715936  -13.51024140698306
11114.5057513827  -4135.385008614991  -5440.454084422304
-5462.997994965932  -1947.161254082279  7974.861491750872
-12144.16021743007  3543.478010077738  -2174.646823776236
30.5114539818477  13.57765614138962  -19.51963047256598
-11504.8160655227  -7310.580961546081  9389.292504554691
4875.879083297673  -3122.472392386099  -3694.431507259089
8094.808866747889  6869.353319400867  -2580.559524890376
-36.13504239992533  -15.40621540907581  18.02609262895837
13518.5471923821  4775.620924130681  2917.01699992848
-9336.53910354527  114.5582005534318  -871.5479966923847
-4442.52199673409  -4556.779842070353  -3211.967229824361
23.94279449642184  19.59349673697691  14.76777661758081
-4744.087194499453  19680.86108857995  -11440.98016488932
4259.401269244414  -5974.450065772699  11053.03177305215
-2272.625979133988  -13302.634765489  -3718.683575978253
-12.20548964045259  39.40859277482319  -23.21197788986165
472.7712490414658  -8673.027457199103  3420.309202651309
-6746.941076996301  6259.21225234279  -308.7526661907521
4121.350486068977  2883.41145531859  -5908.775363752209
14.19125706013243  -18.86378500530861  17.8027014557564
5897.388632972118  15726.53982105647  -3253.23530519128
-5029.736556155142  -5250.018277826167  -2341.377581441562
-2080.045678540095  -9167.126389604824  6060.343789475301
7.648122646844693  38.63817678312295  1.268916805406165
-2804.363694741488  5655.591747793255  -10844.47461029998
6539.516620122186  -2319.295715401832  5932.213298773372
-4784.366320782773  -2267.695272681628  10106.43869268346
-10.6811351735256  7.483909886497523  -53.94753441503801
-11986.20124692771  11647.75290834686  4020.795267961512
6904.460358561606  -4082.426030984768  -4581.777784091265
2041.973803495825  -8590.171534439691  3659.228849410586
-34.76166124649623  19.88777899519595  7.762016850464988
1884.303117644334  14198.59427019471  6846.979922431698
-587.995187900976  1214.060659148853  -9327.450266050048
2441.478175070226  -10759.77852352119  3207.803099089199
-13.99559863752194  29.30222635796491  19.0249520346847
-6240.01670008631  -896.8706238934503  14233.93880362862
927.063092251531  -5634.094026698587  -6428.459404168801
5588.069771515429  5291.898376336909  -6214.194036658941
-25.81970190141491  4.545821082625739  25.96686970624089
497.5027641169559  -12983.89465227489  5089.553179579592
4362.019492875697  7349.103937256298  -1434.067493743129
-4653.553880718214  6226.384394070547  -3240.17214046494
1.322290683697586  -39.5315162478129  18.05314948306419
238.7701068637996  -12076.23754656499  -1523.238374368796
-4800.906559355756  6938.228725731823  3622.765488158474
3816.3249918061  5560.610792247457  -608.2447459312776
8.96025067733185  -43.04064295283607  -8.025819251468587
-22937.34307291326  2506.16132129059  13355.57319633668
8846.825820322338  7503.820873327743  -6350.381625484943
12870.97973102894  -4360.437745764063  -3707.645014430065
-48.92898749686272  0.876990554104582  14.15110633673851
12767.29734754509  -3808.792237585524  9802.92048724175
-9046.945513400937  205.8618980764076  -9204.278921033001
-1659.720287917532  2961.912440263981  559.4307752851607
26.09302080931726  -29.53406405239178  7.30653552999217
-7650.655996080099  -4653.889473285162  -3016.550040503193
2193.831364092463  1560.846898499613  -1742.685135377132
6089.32692755171  1323.138970381455  3462.151956616086
-19.99874431412539  -19.0476320793401  -5.120155040993598
-475.7499282746192  -12523.28903198866  9118.868665793128
1723.443292100804  3603.01998014909  -8327.816358501404
-1457.130765959254  7983.401612690734  -3028.536378851831
1.280422947091061  -20.87476097020097  22.31247538122842
8760.531982495662  -6161.544816727022  5519.464283741195
-4851.946715329382  -2316.43413842055  -1379.013994603103
-3269.213576484269  7194.011512315528  -5168.57265831914
23.32350466929453  -7.852764082734122  5.853624893789978
2218.83702450692  1404.259897345087  -10763.37832079473
1274.725347749878  -4745.452045757305  5198.529675235568
-4058.575188361729  2738.471068840766  6333.524931140169
4.355344885528952  6.907693269655808  -32.95470582672315
7097.504012783305  1850.627388310174  -2824.585189852888
-293.6981342422717  -4111.303122364825  951.7179872332767
-8486.569214462956  346.4147658767207  383.1955796267591
17.89937806543538  13.95855918082628  -2.775691982521099
11254.85768661858  6925.705158362029  8058.666387430493
-6327.308332034587  2711.184311218979  -4458.316370755887
-806.5788227444717  -10706.7966837701  -2125.352317625858
23.25945979599767  11.96634072436489  18.29315302713809
10129.5681556038  -4299.761490011769  8254.744272831136
-8133.940558230592  3521.801217675098  -1638.878954599918
-3080.093235286429  654.6227767800349  -8534.790853930124
32.19689441657787  -14.3159554981689  22.37610953213918
899.1576260276448  -14286.33769638312  4410.111678468814
536.4737814139843  6796.933812341033  -7656.653341417369
-3618.143514855973  9600.641537092732  3453.051992380776
21.1747932857668  -36.49144187157741  14.29908912465969
-14750.03108214699  1207.051334304829  -3594.076533132975
6492.292942698537  6778.663850069127  6411.28607609809
7385.47587007382  -5989.984749794885  2496.803526368593
-21.63448802450101  6.178507468504803  -36.9911637943718
8868.64961837265  589.9533088666021  1950.322616596334
-5884.414011872292  4609.22650367882  -816.661973612222
-1173.860896294032  -4130.737201048148  -3275.538722696139
18.41517469026984  1.20664159242484  -0.4946463842367158
4952.441060978731  -7553.648979799956  -16501.96029139472
2640.545757087835  5855.404170824166  3081.476161765554
-6709.4999383755  1438.749050243308  10176.20195995622
6.232818703282414  -25.19899479475249  -35.55820823896592
1933.982911653872  10194.21110272438  8141.825199111398
-396.4977613186311  -6621.679449812415  -8092.60790182138
-629.935966344923  -5951.00887613589  591.551612129419
-8.480785506773749  31.09462100819647  21.75966854844538
9832.886625036952  -4991.015135498322  18266.35437382789
-2929.839597967135  4046.224210522354  -11161.10631900488
-6063.801443951685  -794.8430586890421  -4600.379549093763
22.38928557577395  -18.30831483606178  26.41069901496781
7570.178392727696  12719.76253769533  5809.613466655877
-544.317398939933  -4688.503838131513  -8547.069417908191
-4547.569176989193  -7131.329370149734  3806.155614342264
16.93319494470252  30.06677778063564  13.31436184191822
19107.24084909544  6818.348455863708  -270.6683124056964
-3710.588370527888  -4970.324314372248  4318.001822627203
-14021.10018344273  -2335.039861195944  -3074.411983576142
38.5826532199777  25.48435293982093  -14.69177091160904
-14198.25351698474  -14821.40849410771  -746.5398150743159
1674.680582507323  11048.89279245424  4879.504372663934
9704.999941509532  661.3319569570804  -4764.48533326364
-17.40537306499193  -31.81405741182247  4.81808255248662
-9957.571792477944  4893.072017157952  10787.26504854817
7686.764549105544  -5115.715864475816  -2364.581339625999
2781.360225594316  2580.067091336986  -7941.645082448181
-28.80535549645493  7.34411025722974  18.84035449065072
-2971.463582341011  11676.31126105775  8809.802047384092
-500.4752897028856  -8652.01549560473  -217.4328661777437
213.6330336123295  -5467.798508716352  -8914.75638850006
-1.278369676909439  32.52398387591322  20.83578261557653
539.7998646060306  -6106.392195001359  1855.734683887955
-3191.942939532108  4850.795493783595  1324.261626949947
3729.972091697771  4323.287265197027  -1939.848637630516
-1.337130501257953  -35.927925303961  6.720667164344676
-11185.35041382091  11346.27963049766  5288.638895778032
1554.329598435714  -6337.57707948826  -8868.569465557186
9296.493360279046  -3788.655676355059  2179.981488049518
-21.35789998825359  19.05996401052302  27.28359963136941
13045.87049457917  4695.173063419621  -893.9318910528299
-3134.620919984569  -8573.596636418602  -1148.395046644078
-9263.539839082203  1241.051562341369  5084.739487072222
19.11506974914133  25.056977771329  -16.76822466478352
12183.90533782327  10238.67705722505  10370.66611869766
274.3321561827198  -12490.51420170525  -2676.542563306046
-8798.476774805922  3548.034462085436  -5048.586042047867
17.23252979876962  22.59462497741513  24.70230364128712
2001.724770339297  3471.814472925098  10682.46612202721
-4641.322904158937  -5986.492533682035  -11464.36672988256
1195.835908491891  87.05544313067456  -2719.784239711147
-3.910605348402583  -11.08174051833117  41.19272402586309
-13138.68116868892  -10419.30152993972  -1209.111370694
5310.629237562494  4484.518725001621  -5210.305053674942
4948.934157265032  6407.429277063941  4765.113390451668
-30.11533543689992  -18.23748219184234  -7.751099710673573
5264.092790103173  703.387301072658  15761.06186744862
-2947.545768132436  -2365.295577176342  -7343.01813914718
-1114.873625416303  3139.451574270177  -4627.006782866132
6.870008889604446  -1.795903033532125  35.63221396422774
-7454.572650616825  -12525.42689803944  266.9322657201036
7732.409239873414  9026.084653769291  -1642.456625332759
32.17699165536426  2311.639246528199  795.2081588313875
-4.042432717906965  -32.40483086053599  1.433845675815536
-5383.58338840658  3222.995167389108  12531.94467351567
3553.672421677601  -5670.522014816775  -6439.883270632879
-556.4865535981978  434.9690965786849  -10277.14931272497
-5.185589505990362  21.69894305484128  36.72055752050704
16035.23007786965  4333.168543400522  -7503.626650999394
-12462.24025118089  110.0787633494452  4018.641251988792
-5086.57954732177  -5267.616073772236  5750.799435147853
29.58777834770729  11.24325306084236  -23.04709639995166
3941.561197020349  923.4801752540833  -23396.00619041747
-3208.319751132209  3389.546276172515  3644.561990815642
-3244.661607249102  2318.346846164445  14873.69686298416
24.54126262487081  -9.664891331676021  -31.81545207982609
13280.02341135299  -1511.554395274654  -7663.200909033273
-2633.662412583038  -186.8648018749184  7577.538850426247
-12402.09501166841  77.30659235317853  1032.113141931871
41.80745214554714  3.321398105223759  -21.94690673034762
9283.630836274138  5357.610026096376  -11893.68330966599
900.7059014394736  -5919.441273555895  6937.638114400348
-6006.559109717726  -824.4572422234013  1552.321857636475
27.43233527786967  10.37900089045844  -15.81325346924624
-882.436098927286  -13708.79219254339  -17389.41577143539
-2126.521503184165  -2272.168882777442  4166.353718614599
2404.637234270589  11456.07483435417  7092.121870214232
4.277791468779066  -12.16140785817115  -35.47981203493475
8192.264479412061  -1434.574639777882  -13934.9471056057
-7420.992197330038  -1680.715527314715  4744.258111840853
-16.76361867812602  3868.460546689008  7336.780422588249
15.82174703454818  3.36399519797005  -25.9165454843678
-4396.536202229861  13216.76150849892  8330.022235780376
-3303.700350203476  -7579.167623580302  -4799.713232150899
6995.760466895354  -8259.36184650522  -3946.800971362447
-7.581747441962068  40.77392255480456  6.721374006364636
3545.986150311905  -8000.041224209687  -13096.48514837545
-6998.059190973845  7294.907751409344  3929.52511616596
693.8067018262475  -1228.604956945976  5475.837612015205
-3.44366657918714  -18.29913942400524  -27.42237701317981
-9913.463420289112  17662.16496708967  1969.533310378143
5401.432668305994  -5044.557180321564  -4109.333272090348
2402.491550149666  -11675.29554830979  2765.393193004557
-28.7637306799163  32.59752899031043  1.7098180335652
-12028.73178855521  12522.65391197498  -1614.679719970772
10502.99066418797  -5742.731955131392  2158.702739740897
2046.428183394858  -7951.64681386806  2229.087698699714
-21.75755124906558  26.86795753209551  -9.804338883198103
-6511.829010566873  -6645.486486072403  2151.41307780998
2120.970452879438  6687.621875261055  672.2002644612581
2452.907061125622  829.3999393112526  -3872.950520614536
-19.56776489155743  -11.54405798711686  3.66684734497709
-5761.365110985567  9515.827419950936  -3213.80014400373
-4468.058979618775  -4339.575664174763  3193.851662005807
8003.106963730881  -7342.859674775877  -667.5725431158713
-2.764442352214928  25.77097153924871  11.1200275527247
1972.490095444271  6038.518919936898  -15075.67873779052
-3536.184351331742  -1968.247327304638  10012.20348391506
4373.541557318447  -1500.091899935035  6866.672020429304
4.345319143202782  12.79309630359634  -36.63600840716042
18496.83927796843  -3092.590985282488  3496.071432176131
-6908.622259638058  6904.0917643954  -5204.007061359043
-9560.154416725485  -3415.418866548418  3954.996479652278
39.84975907470665  -14.57752956295887  -5.405919787564217
-11955.76522729337  -13939.24602980543  1390.561790662546
7424.709123922957  6313.119870555893  7446.920388924454
6197.40743549391  507.885103062374  -9479.72185270579
-38.03221993968779  -8.799566685701047  5.442845258532166
-7656.652359820202  12405.76555416213  -7610.171052268653
-3268.699702572941  2737.835493999835  10930.59151397539
6992.181430599127  -12371.32862340506  969.6694200320289
0.7130467393176615  19.27165297466602  -31.76247841331667
-2566.25723113689  -12513.47281907972  80.84623796236266
-3886.814040073347  4999.939628489081  -190.463843411631
5201.382033729137  9045.557453829  -313.7971633922407
5.758270052554949  -29.63316135757812  -6.256131930133952
2495.494567705002  -3895.993823137857  12645.41599056679
-2797.186514279121  4781.529587691814  -4174.744571817354
-3397.037598183542  -1042.905352167373  -7179.008760613721
14.33681420156704  -14.78805840199021  35.96386814465167
-7631.996332248767  -6433.822250382773  3.200616957100844
2657.135124655252  7103.503713791719  -5225.730634320301
9152.398205469015  5668.801073962662  6885.367431184536
-33.0905981277371  -28.71493910722494  -0.2650068694517071
10549.98568147584  1066.450824033183  1905.74575126475
-1373.714271500927  -3841.830111686698  -956.7307201439774
-9175.251614596436  2530.620545296285  521.680647414127
17.09608347665531  3.961325895085719  11.24290554574472
3693.496823593386  -1467.571017251451  6959.555391914836
-6016.93070638535  999.9931034363461  -753.3758727156246
-1152.942618437069  4963.011450598879  -8303.838952058446
18.74377467911105  -16.67834817530839  23.85916135805939
3103.800511881512  -17229.2563037611  10163.10122774591
2315.481073509269  14558.7881435557  -2791.495634256408
-3152.103364200293  291.7707690390671  -9955.930720419334
-11.92503912899743  -25.02728519523022  33.07003203646823
-2059.995624232095  -2733.321357082699  -12738.65975660703
-2043.970225382874  8935.35964885793  8990.792790932341
-3067.276296443081  -3596.180813437801  5243.775586677549
19.49996367831066  -1.948519706344343  -31.55751970156767
10653.97857693861  5730.510781959124  6104.228211440994
214.4697520106303  -6879.439026472945  -2763.598987918677
-8576.733169873607  1875.317353051425  -2046.532236311544
20.71259982677664  10.66077799483844  8.421961452790365
59.70410579138305  -370.5566591010436  -13375.8550578924
-5877.1260509606  1658.153593515455  5705.284290212839
4731.649868598015  957.7654541656801  8797.605551409017
13.46806485933013  -11.35858957778868  -37.88726618285177
-21086.22456613941  -6189.300310827994  17615.94519531879
10142.40172692396  1964.19669856116  -11179.64102510705
3889.141595475312  4642.945272170586  1896.690473247374
-23.60102507963435  -7.842064386832757  2.691244457255579
-16313.97428830924  5907.698149632198  -8336.103218412074
3077.555173689185  2246.188157699349  6647.58658354105
10492.32700538744  -8366.54969066065  1175.366826130605
-35.79765727355915  5.615339271736872  -20.315907993785
12969.99226694617  -12169.21737666074  -4600.439658050018
-11872.91638067159  -733.5519732209672  1424.308570773381
-1047.920258594755  12584.10746212398  1746.449379623456
32.3757235605069  -18.96242442688913  -8.909695252683386
15177.14797561585  5695.337614082333  8479.083779976017
-3260.739259977571  -7043.633757211179  -2775.991498162661
-7302.214684532351  1045.961552485389  -2295.420098875441
31.56860871810545  10.25332545335242  14.85320977947289
-1503.56014096301  -13257.85446828153  3115.512737008591
5553.242861829471  8702.975277688149  2388.700990732923
-4801.779134530402  3268.048801363686  -6483.093239717936
-1.155181439831813  -32.36496413542152  16.7676875486302
396.8113170380727  12688.95097707277  9990.185144016647
-1441.733681810694  -4678.349052618846  800.7083730764246
4200.712634348958  -6706.962442433881  -9211.86393363462
11.2251717497751  33.14192577352854  8.905586392897163
-11005.44873297873  -9025.984012786057  -11875.24860227885
-976.7713470104602  8976.273094751663  4948.197336651083
11657.61181778993  1151.863497120664  5437.014474150355
-20.52544682832038  -30.02404651163263  -22.21579735881136
1917.564400721409  -8905.627239542098  8082.562168616832
4227.647137985155  6329.107235633462  -9628.771363448912
-5598.102630316879  6985.925178594724  -1080.979402546747
-3.450612409983963  -48.04754890194445  17.90974371315107
-18199.4260997846  6233.676930916338  -5037.273641030795
6298.0380478117  -6049.789336273806  3504.396007181017
9449.050899875368  515.6864536744058  493.9654772400946
-43.38550170624882  7.580116504594938  -19.61737143890497
1602.006917766777  -8457.753508992948  11123.68058072434
-4039.475615064865  515.3337744767723  -11315.63855354892
1307.670592233214  9421.291481309612  -4620.365439145429
-4.278345893945711  -27.6565400611944  32.93466892644203
12213.97217168647  16034.68017219824  -4923.213493639098
-1343.046097728074  -11739.54331346431  -1678.219575930967
-8347.44553014731  -5045.836654769732  5657.786389963487
25.91946565129905  33.81149566702326  -12.4658076909986
-20932.64030227789  -12515.71672875029  -2320.072043353248
7430.967399791633  8341.804099358218  -4172.567913305035
14457.35013832811  5265.929002049137  5223.63410437229
-34.3017262607447  -31.26998558318986  -3.29966833196672
6015.27248506839  -15312.2836957387  -14321.38260789348
-6995.125578559047  9876.602138270688  -839.3479870336638
2103.778774510138  2960.504108397329  12399.58849787348
8.307103425318616  -31.31361149149962  -26.71106354463538
-5992.373090636592  5773.395614949225  -965.2478024705803
5274.246680673065  -929.8584944103127  2193.560141453282
2217.960337053867  -5948.792027478759  -2667.545660636063
-20.65109177897724  22.36646886431361  0.2796493453100108
-13212.87289127683  -1492.807666525982  12762.25536768682
4037.727556093578  2330.432224186098  -11477.92209992587
11250.04563512205  -1222.38798052269  -698.590807503276
-29.52784559891154  0.2401117505839449  27.29565158333978
-10116.06130567656  74.56615219249836  3395.913937560902
2738.223965044541  -2414.690464886166  -855.8527630552084
5808.590206118857  420.1932631903  -3162.802438292654
-19.33910220923597  0.2826813115500949  6.928207836216818
-8223.191596585457  5707.000957059458  9487.24424426784
62.68449230150378  1746.128089622918  -9266.073179853187
7853.778491951944  -5874.616881779711  745.5489484326263
-7.108241244409452  17.67520342171294  24.81632241024618
-1054.848903825662  10198.85007463468  7052.304257030672
2585.256547773487  -3492.265091651095  -7618.942316918863
-1059.248963261243  -7999.419451485754  -1874.638884906978
5.541703184240593  26.96742761210245  31.9262770381984
-12158.40127993899  -10783.55630811714  -10779.90940893939
7063.891245255333  8407.180788333193  117.3389972368662
5189.075458315435  2339.335492121892  7998.565026961214
-21.34801465641976  -23.88881583007578  -27.03490586707841
-4402.749402466927  13960.68412171176  9878.088625871367
7850.561391203285  -6315.900022342533  -5706.690935760892
-1589.945050588512  -11012.6510221577  -467.7365207163992
-22.32632741110447  38.72675418067897  22.1106190351849
12466.95042986257  -3188.259747220047  9904.753423299815
-2499.436726803884  3356.247852306771  -9389.265697220837
-9563.950052972277  111.187954036454  189.3551001839789
29.05726008571658  -6.613867077499884  25.56493958535072
-10158.44301344632  -10080.52188534963  -8426.136367464733
1708.215612500967  577.7552876193171  8787.601514328107
7480.224071837261  9847.402515534939  -899.9089564719792
-11.74193879854026  -24.69486077353173  -18.84183991236663
6220.922765215673  -8666.017155955442  -1168.78531545377
-3224.691324547532  141.0944207708512  2336.826361800578
-3387.12972534396  8841.089268621896  -977.3981662726127
30.26688040845971  -10.80254436751955  -2.204361043377936
11131.7014363046  5229.545309693703  1364.089526151921
-8177.666870331372  -3325.410263155848  -3768.017554516003
-3470.561477053505  -3182.656349739514  3145.867649766969
35.53093828596103  11.51433328561233  -0.4706338260433639
-15108.24865052581  -8944.003817866851  -4811.63127586072
11561.13042580289  4916.394724222348  2101.090735742136
1637.212643030901  5094.620156872824  6003.760686482032
-31.43011586958438  -13.63821868338989  -21.5947929445818
13604.23436698993  3183.37588030238  3669.008633925303
-5123.873510622598  -5286.857483814894  -6062.965053436524
-9099.58837550271  897.2491010874247  3858.069085744603
32.55697458887368  5.576461999733775  7.661904192360608
-11674.49036761108  -1609.464144126075  11522.20876589984
8834.348676509002  -2978.003953450206  2599.182125312018
4455.428838246125  5354.308266736602  -9581.105897970081
-31.40220963786245  -14.72694109849083  1.185690658335996
4267.609730136391  -2683.983089616049  -12573.13408628966
-1954.990934171109  1563.971443357651  1201.049571131181
-1942.915817080788  142.9152459479452  8944.722814664528
7.981529484118141  -11.0145354830821  -19.72740795106895
-9106.701828422874  7179.952145298518  -7730.437179235831
1343.70936899811  -9234.358507010624  1530.411607524847
5242.540589782957  -2597.530615745231  8180.534619677256
-8.979074998664814  26.42358343157552  -26.73022138003648
-11093.05050128173  -3429.247806956129  4337.812443777346
6541.648205905391  -3271.397938519779  -5037.006710742256
7601.450879339267  5291.969580108231  -1015.973761748985
-29.9937522877528  -8.520547676207451  23.07743603136272
-13324.91906933766  11519.03994546524  -9594.822046221539
9207.511201695486  -6583.678540914239  3913.587946357729
-758.5578284683593  -4072.285744863006  3818.070956674559
-17.95262068435082  19.82257255834454  -27.37388340931702
-211.3155465654488  -1109.231496946803  -15327.45982746084
7015.039256699879  2308.275385693011  5728.312831645916
-6590.618103840771  1591.300495404297  6164.33267931536
-9.196778816322121  9.675731947680957  -36.5412314708565
-17884.88276599492  2174.321126965028  14367.06170416039
3215.437425813384  -8719.562777667839  -2341.216249454844
8227.153367827281  6839.255586190145  -7707.653715761223
-19.43277063646897  2.681811700248807  27.25507170658964
8726.445585956384  -2030.39967640601  -4182.864609762376
175.2526643876564  3537.715273680854  3366.207146171737
-8007.510170371623  -2311.847345663423  4538.598137334323
18.58300496665764  -18.21104117939424  -9.42784148362114
-9541.267243558495  2257.951620245429  5373.559915925309
5573.969698288067  -3989.203173285054  -8253.655837988968
6829.951586431044  -668.6593228252397  3827.639132506614
-30.91700869701492  9.555156002258339  5.719235545976976
-1301.490442029136  -14660.7093521422  9402.189040218136
-3629.396274605092  8008.703478311053  2759.758600047662
4183.833571920227  6671.866449853319  -7836.040495788406
-3.190058504565123  -27.4413067579687  23.65346945733122
-5842.054972790912  735.3492146267581  -17595.23499334392
5731.50915739515  3692.763478452259  8036.869595404707
-1072.148905639968  -7427.067713847252  6531.289581074129
-14.97329520246237  9.367964613002025  -32.25102679903095
-16854.91980944123  6337.987458235429  5226.601593380884
11774.93118369979  -7822.038765080742  1740.028320077122
417.8012961967293  -1302.592905053149  -10014.87870033161
-19.65128052138501  22.74564939220762  29.20233156116148
7616.699552832668  -1459.684988159721  9013.596347421446
-8128.587924645369  1991.227489342012  -5700.865793813734
-341.3983887863288  -937.8317482667136  -7573.145519539809
18.0036432475186  3.937952728909368  39.0689369083653
-9343.240139235966  -13774.95740952551  14083.27192093516
4677.90624131504  7212.425256035093  -10430.36369873605
4603.442444150638  6929.735444981132  -1578.836643075365
-26.75500930955788  -32.54988573187028  20.81841717286453
5068.05949108317  5346.180547069321  -5686.894605868281
-3462.020993755615  3168.181089788003  5432.088564164165
-1824.618924211681  -7568.889072525501  4066.794460520889
8.830860037501367  12.77307386488207  -40.36815593645608
8193.208415156932  -11013.37649083713  -6815.817426136407
342.180466678273  2314.436512650905  3713.9873054635
-7577.774239840815  5694.271225698761  2510.220826484278
12.10197115377925  -20.88062231552094  -14.78272026189738
13976.39293861841  6773.664371329833  -2005.398756749085
-5491.368386343771  -8773.447913669621  -1289.262724148101
-9563.900719134646  4426.577491528803  2658.323317012318
34.46857011336836  16.15698532778801  -24.66864712694825
-11148.18694983519  -5539.471974721129  7094.186260158855
8088.507002865236  -2979.744023331074  115.7225386161153
1433.086117841468  6552.951272768008  -7393.408654008725
-30.38165944293974  -2.401681963355704  22.81299399510125
5424.951966570832  7035.560067346204  919.0342853366424
-5625.269523311564  -4764.89002959348  -1435.75072225893
-372.1626426066373  -2747.618682723063  4005.122575644746
25.78279896394246  14.93743456645856  -4.013697196745975
-7262.43094683365  11815.69736216493  -5696.707439807288
3158.593198020536  -5482.578957576216  6497.551827937918
2886.898184854615  -7132.423632046593  1412.229249184402
-16.42107527866801  31.87045133500309  -15.13079901265351
2643.000567072987  -1351.592376429715  18285.71998591741
2216.709937029362  -542.5045630399223  -3911.256956434776
-3600.486623655827  1390.67423621741  -12733.23506740998
-7.304114641947547  13.38682444166411  34.29545545468037
-7594.930135738435  -12644.01943034606  -747.6774760355713
6805.775996388266  4465.977265709182  5090.77110413063
1415.071597858668  9928.493511953495  -7036.395808150442
-21.16396663292993  -22.80795347792841  -2.951184555742734
9206.876739938278  1790.488894333771  -22399.4824945016
-1567.822924890532  4583.260709958502  15433.75932808856
-7528.341099108742  -6350.281081983608  1287.364723396384
31.78354953803712  10.22385725994504  -31.80374184938738
-11352.37562550219  -4180.408051219056  -6591.556788072152
6898.338700750268  -3026.495601599232  2827.670960848015
3381.259838388717  7264.817829623016  2991.239590865172
-29.4582239257308  -14.73007675119964  -7.683225733916884
2452.426882620505  -24449.16531600189  17967.205977308
-6694.856069879705  1701.346871371921  -421.6997827145379
1524.220936543736  11512.08779045064  -9176.550639426328
8.915112162079433  -26.44766399780607  24.90500922405142
12629.74063461299  -5878.255931708326  11678.19045846226
-3018.79693203438  1300.683293158303  -6916.334350395387
-8200.170559532147  3881.553523690698  -2118.090555534939
35.22851004447751  -5.193049172729497  15.7658845644577
-5072.839696378093  -14861.2095879855  3017.929189186047
10027.24320685186  5829.343349295465  541.8314786281877
-1397.106629375575  9906.768091530053  -6159.008220914738
-18.84655640356925  -23.84054511632008  23.02066209409551
-2644.532087102305  -13661.33956270449  11288.34568976367
6890.268679039677  4737.360510722172  -6255.083683298626
-3481.337708350311  11063.25479635414  -4528.796884266648
-8.014635430478734  -22.53838792795854  25.07637629951137
-2878.077053778439  12593.45415722143  -17493.47487754839
4339.823696385471  -8996.454671631087  609.8613837088163
-89.96420478973229  -4529.172167655814  10756.09582416445
-17.32407620972471  30.55067592905213  -36.99620132207905
1938.913261405793  3033.242816725084  13841.61434805998
-1894.542283766836  -2306.485668145545  -6601.001120392821
-2763.637451520597  396.43139386137  -6282.465420497677
2.231869806840689  4.65382365139131  34.64159134995958
4277.28138522054  7668.890624248016  12191.77953617881
944.3956300519463  -5186.586954910822  -5607.698249251429
-6317.75653399876  -4164.237096626563  -8409.237150335535
1.179050894105948  19.03174843061103  27.49993667952693
-2274.071235829155  1380.153237477357  16371.95559133015
-905.2029804076366  3283.519992826518  -4119.18077744408
3018.545853096094  -3285.634396048249  -10304.97327910602
-8.697758789126949  4.804770844238867  35.03131300285865
-447.7547059883489  -6317.765040256311  4116.113871204763
-4193.805771223821  5302.859854066841  469.2927909743007
4263.869209320468  3798.779347392533  -4787.584428897274
-6.704297532346519  -35.63601556477818  5.463131323865686
-4328.258630770647  2700.298600451111  -5072.343038728996
997.5668261305728  -5478.67279368392  4291.283808374249
7167.47840382916  543.1232467717532  55.86233889995265
-25.65231837036147  31.43333972725501  -9.600180078468629
-4943.239688297728  10067.43115820388  23612.35977892323
-771.1253872020505  -9661.995269247012  -9315.873640627262
9884.49573412644  -2360.090752716684  -9508.369903123923
-17.02409075306565  32.79236222903057  36.3203463172738
-12599.42154344203  -5215.08959462697  479.7814312222041
7275.567302742279  -1880.39228184767  -1720.569124552841
6058.058173900633  6302.530344315578  1902.94989977486
-33.36339258013786  -11.70484998252809  9.759910775024636
-16055.44007149074  6092.208088578722  -3689.424436952435
4595.523654437924  -4576.423548588489  5714.85533049178
9877.657983248169  -1885.469905154145  -3252.822004907937
-26.45616443944584  1.551319578965194  -11.24514642589171
-7614.945689041696  -4651.063414128955  16388.94930816593
4545.624424732541  -2835.729255818903  -12389.60363402374
5758.674937134424  8042.886664223705  -3440.987945888319
-32.03729909406963  -8.3936414977816  39.35773628553868
12996.46689477263  -3908.958900802978  1547.646567111283
-7483.338336203492  4674.728476360479  845.8321465928152
-5995.300969134983  480.4417781372318  -3682.229970842791
34.56577034006267  -5.833124163609912  4.766342414394126
-6669.474309444476  8129.887163728946  -830.4445403183548
5398.748691204752  -3740.066506488343  3141.132970074536
3414.336627708765  -4998.266074829863  -1527.087399689071
-23.88155053761694  12.81311657567375  -5.283097500179807
-17059.24225767832  40.07564134213995  -818.5895865617993
4969.973747704586  1504.749963430159  -4912.465806078888
13161.03546409387  1727.122478699476  2049.951069324967
-35.67450160782776  7.042510443780926  13.00356151109057
15462.04138863189  6774.975671008755  -10308.34705699931
-3948.608492165008  -1889.795442075298  10517.46404562947
-11000.26926596487  -4809.754167347062  359.7675311235144
32.5378654450382  19.7387424287486  -22.17397486634537
-5728.551170957759  15059.06125804274  11176.17675855732
5401.20915810207  -5217.710501778432  -6155.527894447548
-1087.121487016505  -9028.275438169097  -5545.275823754641
-13.35603846501246  33.62837681937792  17.42165253997749
-28068.35794534275  -12350.8194245518  -8896.182416193202
748.3378698335632  10085.61625905131  6401.578884714807
15986.88855972372  2209.724690252754  1597.792174284358
-38.59453234297261  -28.32473204340792  -17.4363895340181
3563.653451477134  17320.23903038733  -3899.401247192255
2081.691043524777  -6968.574869854655  -3928.747035109378
-4747.362318673911  -8802.7827003519  5520.89179531113
-6.678528454876036  36.61259659054261  -10.4246706299646
-542.3572437729007  2999.969413494148  14730.93792161368
4321.381856262325  -223.1797886901342  -8039.099394684217
-3594.43910375762  -5524.114570407482  -7876.071537920213
-2.372556260800164  17.92406124688571  32.12129583325843
12834.50750830555  -9536.989136217138  -2834.415387096048
-5307.057597308162  7981.004241055682  -1308.253209247312
-9299.934655767198  1898.210957039362  3562.869488718276
24.80428863928172  -15.02648296147494  -11.25391214051479
-471.9184007406782  4425.227465282007  1508.909502204252
7484.848596440426  -9039.507689911157  -2902.853945112566
1850.661517567482  5615.498728010798  -4838.222487398903
-27.02332511057347  -2.802472005619983  25.9859989184712
-5371.142388009298  4896.739665467138  -5241.299152367069
6533.184313052841  -4515.126900728145  2957.035690204352
1148.495517476013  260.6926175890184  2888.494662631791
-23.0558161109003  11.38255294089173  -16.29821755194171
9953.235519766629  -10907.01864813087  -2885.344422274115
-5777.135437002609  9574.129506459652  -3818.289392641993
-3363.774528061401  5548.25160346204  6811.694436877291
22.11283423490814  -17.74024082949474  -17.49148774793847
3571.022958361362  -3978.604963067983  -19741.90102868728
1749.302288969322  597.6469813177514  12430.14209808239
-6379.650207107957  1456.894705245697  5317.700923635193
16.70120487230943  -9.590036626171143  -42.51864568747618
9824.943339393878  16601.1442345718  12011.00502711179
-9325.1268650031  -3712.466832397668  235.6683777178496
-213.3112474358927  -8812.365470925701  -8691.043697762349
29.50671568153883  28.89659439340643  11.01613285658631
-8845.638969243488  -1247.623873128684  3042.620033517632
4405.331232311094  1674.603410715852  -3393.370704157704
5309.318216733518  -1259.315263246768  -336.1480737006406
-32.02782795082236  -12.48672285866736  9.651675674474921
-2515.23752368538  14697.26055373092  9870.53051432686
98.195578480129  -11748.22945781487  -8416.62020601821
4469.359271382564  -3127.270692385018  -1965.872200506952
-21.09889042462351  32.66048717492092  19.52994911057181
3984.859844721606  -14913.71690601328  5379.761222125898
-5978.971142787402  9152.047884747282  -7167.58366572987
5379.868828851854  7782.955654314422  2066.286861021976
4.872174690610905  -34.02982715437142  8.364204821888247
4392.531116932104  2966.962418505182  12504.75072563099
-219.3854378983804  814.9648131355004  -5436.875436586531
-2939.520630617774  -7640.57694320228  -5518.591966081555
11.14084337143421  -7.336405778578379  32.21130643260187
4543.307238258492  3025.328792768848  10803.37720983678
-3933.483060149968  -3539.340475851179  -4042.511217412603
-2290.990485620087  1457.619015070522  -6552.720524976702
8.256290094880608  3.732146497121672  32.67157787565548
-1496.532549526625  13062.17306368234  -8202.255874296745
-4469.267725435263  -6358.307681311654  3027.200860082964
7742.665662071495  -3276.334108726092  2809.25123445665
-9.379087705658399  24.94921625827842  -15.73900426477284
9032.924189372514  -7527.477749221402  5390.28094358228
-3883.687347284303  3235.171119864346  -604.536913861682
-3853.900303458086  3960.313698048897  -5654.04016050119
28.97068186192439  -19.25706576452248  23.49831958608443
1995.486190011311  -13157.59847373987  14540.34970681349
-5694.593051920319  8801.769474455836  -211.4724087337944
3341.376940138421  4954.362836989523  -11389.04007871735
-4.364895119155911  -33.15475724537841  25.50013648045715
-10976.0754657546  -11352.8649219799  1955.575272362514
1413.796124395628  10026.75835682796  -1431.675733536596
10276.07727444827  1022.096398142124  3156.298071672835
-27.77737822549906  -27.63436351623323  -10.51326215462304
4420.356835890169  -10519.15329868363  1506.314384787581
-91.4093847367039  4610.03219621994  -5189.17642782739
-4727.678538332883  8485.150007024749  2192.323184739355
2.20020229809413  -35.26515445342643  2.859866369827975
-7133.603077127258  12683.66918177785  4226.494642216773
3770.901696152879  -2223.469114777015  -6042.630330265582
4048.916301075027  -10184.94971740568  1970.422890542141
-13.80476627093919  26.1838478178872  16.94935477377179
-15503.96313060249  3524.969663451879  -879.3980203348661
11695.81350148321  4048.503541971745  -2129.404232347052
7297.992817998903  -5309.953736406496  4342.492944941214
-45.60239110230711  21.7387627850187  2.354771715359329
-23463.77564921611  -9774.658835419286  -5808.462418183364
10379.77762581431  834.5933981820664  8210.69747300432
10519.08662530946  7767.523008535685  -5837.046495410788
-49.12079705179752  2.434894236152918  -10.88134869754732
7706.154828552277  -2254.774520666151  -1655.404634088871
-6339.607485182184  -1434.188223788524  -3130.196564644598
-3706.561049177116  2663.446601202778  1283.191370699729
29.54246588973971  -10.82075998863163  16.46750504131127
5831.27398603137  -7403.654718700003  -8606.509384283661
209.0760905883683  10386.84266724938  4944.738823680249
-7860.166961316614  -1253.749160512428  3988.370028238105
6.751758623723122  -19.24605133974815  -22.71404223171119
1687.193695230264  -12836.76031279002  4459.163485966328
1954.184715884626  9666.040534590185  2048.525001295611
-8125.304714873836  5667.13157462065  -7046.960163834984
8.282298010278858  -31.45351613605269  8.859422964935785
14135.55502524517  594.9023260302237  -2932.559765591375
-5978.592158251602  2421.433861676589  4740.047434487949
-10040.64555275047  -2911.736281131491  -1328.031769444591
26.44685851575442  -3.818494220828925  -8.634495281342426
-3084.790797662136  -1657.082049113268  -12686.76514291143
-1231.29623889614  -2861.351320943696  8393.614378199527
5680.928392861753  2854.257988459476  3823.14191519209
-9.941548294236226  -1.867529461931374  -29.36091744264582
12546.5719887135  16552.28221580918  1684.849345334856
-4734.164136881703  -8867.401757689462  -5727.870580455562
-9084.764288146882  -5418.201181694638  2491.661208229038
30.84703948381404  36.54820223843631  3.495465689235169
9421.962089314855  7382.758764729964  7333.772300117013
-8830.934416657787  3149.573021478829  -4248.166178692079
103.5795835433339  -4716.429300315292  -7058.790003379954
10.40429083301868  -8.964525707569052  45.68377435384483
-2298.858971098492  -2536.068445333595  16603.8852369938
-1379.05328605031  -3288.901755948726  -9964.522550541973
3647.549308108598  8572.255677830581  -6561.071045826066
11.68987550329963  -6.881731335511772  35.06180268623113
1734.863518904799  17299.39301253202  2898.706150996957
-2080.258256387906  -13960.277128378  344.620182684101
5762.424024709781  -5671.654591573589  -3854.607525123035
-11.35513258267425  38.48785180704267  24.07680808465025
-10811.75684403647  4144.14010533908  865.9217691083712
3629.672222617489  -6271.475814143026  -1700.492391482147
7094.360460758607  2092.104343548556  -1917.446809573438
-28.02413060566178  12.68518018884926  13.35698321709234
869.1778613577258  -8679.437846392162  -18291.00344838828
6758.737768071117  4230.233183218845  6684.748309869777
-8554.821451610926  6527.731722736678  5947.546816272331
2.168610298810744  -22.82468248534098  -34.7371334477636
-14120.68587791249  -13213.2349501451  18184.87005435821
-3287.34082724418  7964.674921490657  -862.1794620234415
9537.367052844207  4915.66213256979  -10056.46910390065
-8.630758793170953  -34.49144682462769  27.31012269177584
-14697.20039240111  7421.206797596108  -4641.837981324281
6108.061850466261  -6573.139399711383  -2056.226701829926
8176.673409230365  -662.2735926991289  8623.327219372182
-28.47775677657529  11.03253517986471  -1.608167671507569
-10613.97466648393  -13968.7378065317  6283.049096623861
2481.278820816096  2487.192359378966  -9053.652488090582
7655.711584632819  10151.57864899647  4347.541940821509
-5.29859472338596  -31.25379061412244  25.18888650347968
15176.58603040037  -4841.225746559075  278.6171642865114
-9734.881213025959  2378.294261303349  454.4023430244229
-4842.080182015045  3661.857587954262  -4108.92254539616
33.18798744417096  -9.69005685480537  0.3682884691474255
12019.33208467455  -1840.813308439538  5802.148943904283
-6749.559190948382  1277.075347179452  -1287.7641238154
-3751.030882371548  774.4019066696068  -4567.729619262715
32.52731409669862  -16.40213047376832  12.81839438784208
920.3338525971056  15225.32729946749  7598.703203278154
3369.518676349145  -3496.522421543583  -6362.403918239792
-4929.694281309469  -11476.57026046705  -1631.565646486227
-12.92321894009573  38.49308181098102  23.43470222911998
-340.4514478012051  4170.237943666304  -5384.003954453749
1421.992321936258  -4319.297985607109  2204.18776071093
-1761.862895626068  535.8074887747883  6240.868541904038
7.659927764749392  13.91430458128459  -18.5901920197752
1512.547661913431  3560.460138609298  5863.484767716622
-4196.630240095172  -6628.656870225229  -4792.227187188543
-1232.27972727883  3073.499704656749  -7205.393553528716
32.20567689989426  8.183808274669341  41.0225835076901
-3720.585387934984  1264.113168487705  9511.957150195944
1163.306008201911  -3980.254691247626  -6787.046020859524
1283.405647004953  1653.72139250748  -3956.903260086038
-6.083064078338605  -4.034929095410333  36.8230441364568
452.6180601508327  -21451.03732749369  5589.835526757077
-4861.991792918183  7202.658825731425  -9371.632177163481
3266.680964447085  12295.38624182371  2513.107027996301
9.622396727125414  -41.33645901630675  9.480879464026625
17281.48291617127  8955.000606067541  7866.765288009611
-6331.790854760839  -7897.13870058895  -4694.276348950424
-7016.12894466433  -904.6586863437569  -3221.790836777674
26.5257222719642  3.585574051676648  7.208972110465081
11058.48496621325  5377.893097522547  -9075.122418259831
-9555.879238609508  -1525.77436791963  5159.638463558948
2384.080895952169  -362.7672964430903  7648.9427819557
7.876983352534896  -5.768619913191015  -38.54030086169607
2922.65583188202  3259.281979703487  6568.173281796341
-1801.280436204017  -1582.686068564049  -6260.369531891942
-1277.886248071846  -3659.100234533316  -1522.247846364093
0.8967469514309238  14.21097612303982  24.96815808720375
7847.620733351806  -5228.220253593559  -13462.34901088363
-7157.129516887208  -2624.670858448979  1329.809499589681
-2342.712319826527  6853.308636414195  9872.844191757973
21.61002900378991  -8.104429982441399  -23.15869528750269
7978.594952013206  -5443.31159246528  5618.841645270042
-5170.404075129961  3595.047928761552  2684.190226589232
-4739.248680930325  2911.864403244212  -10573.65085866797
24.94252253284126  -22.19837226048631  7.055724355985418
8072.056460621166  10234.16323673747  -4971.789847719801
-5448.585197987048  -1123.415472991973  -804.6941475635787
-1973.06899854433  -6982.120015210769  7289.743889169517
20.70460155321285  14.84566336284376  1.293448537442631
-2816.156007145254  -180.3667126013664  15166.29145387127
-2707.387338735082  5896.916040025179  -5975.88657836212
955.622764641447  -4633.949175523564  -7388.607187837367
-1.406507019930445  -1.558363720155213  31.77795740712294
-339.3740415409624  -10290.17355625073  9105.397599635633
413.9423127989587  4140.090846791589  417.4835595917296
-271.2284641108506  6194.279252305171  -12008.36885024861
7.047708720714265  -36.07009739727274  10.85644828424606
6552.877474441461  -1287.34396534174  -8828.384465715344
35.616996733062  5936.054762721999  7134.609339624715
-1859.055742030043  -5012.644552772346  2602.568226537543
14.58832042575035  -5.253128939371286  -14.96956155166349
5803.765256257625  -1278.60929201733  -24187.73445530194
-8174.714288744649  -8569.693663986687  10104.96954633878
-1544.41700117052  7919.928181590465  11767.85241640141
20.05308539446137  -13.58297986018263  -31.54913399607508
-6599.658564722134  -11082.5450244068  3098.328971427065
573.8979599126926  7252.505669876517  3792.878007333461
5955.722200313075  765.8089503603878  -6421.835762176717
-13.54209832644065  -30.47219665195528  4.656297503593725
