0
0 0 0 0 0
0 0 0 0 0
1
6.51111e-10 -2e-06 -2e-06 -2e-06 -2e-06
2.60444e-06 -0.00400001 -0.004 -0.004 -0.00399999
2
6.50791e-09 -8.00002e-06 -8e-06 -8e-06 -7.99998e-06
1.0405e-05 -0.00800004 -0.008 -0.008 -0.00799996
3
2.26954e-08 -1.80001e-05 -1.8e-05 -1.8e-05 -1.79999e-05
2.31429e-05 -0.0120001 -0.012 -0.012 -0.0119999
4
5.38553e-08 -3.20003e-05 -3.2e-05 -3.2e-05 -3.19997e-05
4.0127e-05 -0.0160003 -0.016 -0.016 -0.0159997
5
1.03753e-07 -5.00008e-05 -5e-05 -5e-05 -4.99992e-05
6.03267e-05 -0.0200006 -0.02 -0.02 -0.0199993
6
1.75003e-07 -7.20016e-05 -7.2e-05 -7.2e-05 -7.19983e-05
8.25032e-05 -0.024001 -0.024 -0.024 -0.0239988
7
2.6893e-07 -9.80029e-05 -9.8e-05 -9.8e-05 -9.79968e-05
0.000105362 -0.0280016 -0.028 -0.028 -0.0279982
8
3.85601e-07 -0.000128005 -0.000128 -0.000128 -0.000127995
0.000127716 -0.0320023 -0.032 -0.032 -0.0319973
9
5.24005e-07 -0.000162008 -0.000162 -0.000162 -0.000161991
0.000148642 -0.0360033 -0.036 -0.036 -0.0359961
10
6.82396e-07 -0.000200011 -0.0002 -0.0002 -0.000199987
0.000167617 -0.0400044 -0.04 -0.04 -0.0399947
