Time: 2
-8.616314801583799  -6.969473676229266  -2.825007661720011
-8.763344811221167  -6.99181502203577  -3.770584142251115
-8.730553516135618  -6.049649876100485  -2.586040022040079
-2.242117095819448  -10.27912033113482  8.706636333853581
-1.54682782809748  -10.60082063402468  8.132777824017554
-2.849519032380633  -9.829651369874453  8.119037507846203
-8.660788977023673  4.054275546101116  6.738289269866756
-9.219680577028971  3.949299879658414  7.508258184108383
-8.19289802250618  4.875153512152683  6.891486069871689
5.390330499606319  -4.920960348182085  10.8192244608748
5.957597139348668  -4.847766872524012  10.05170695973459
5.559412875584345  -4.122680284277845  11.31961623709286
-7.422164540086694  -6.49415031128631  -11.01551971402075
-6.793219760651711  -7.05846345121217  -11.4651984710557
-7.035829901542334  -6.344036839031804  -10.15270841801884
4.051783519982998  6.860952631834075  4.029517926220538
4.758429558338549  6.558472300135794  3.459089258101463
4.054130504207664  7.812993202421042  3.930295531462642
-9.487680755628988  -4.566517061656234  -1.860428722125254
-9.714422960134341  -4.923092358225921  -1.00154929486419
-8.86777477507508  -3.861998325220332  -1.671744421548186
0.4576843047159893  -8.580957748985849  -5.769890013295703
-0.3548396850199397  -8.669001436017801  -6.268171976924156
0.7883645093729399  -7.713051547473103  -6.00145267786785
3.643920342083931  -10.88883156381268  -0.6127559469791496
3.190151206017829  -10.59429724375043  -1.402423564055657
3.830598090502987  -11.8136866761489  -0.7740825704197474
10.01084263288901  8.979397038681297  -11.1600416442503
9.105711906233763  9.289563071732404  -11.1323425539062
9.956200470820358  8.115875191274506  -11.56940223489823
8.43294182658579  -7.55095635338883  11.68829497421897
8.770738629179142  -7.884145276386289  10.85696453344978
7.496263790468694  -7.746385340647105  11.66234102278523
8.858278543718619  5.23320699851137  -0.9343787939693347
8.595918641533476  4.313066233324045  -0.9071741258793495
9.314541732385807  5.377276509117395  -0.1053433792969643
-10.38442149102012  -5.691472801753919  0.414296225880765
-10.66410776324441  -6.438331685337979  -0.115051709924082
-10.09576544575661  -6.077971362681906  1.241053983590619
-5.937280460794579  8.644485119499654  -8.162596220732839
-6.726107001049535  8.665489896135529  -8.704392611222728
-6.210196062345307  8.202922099288124  -7.358375471428348
-4.888806927416761  1.843975635828268  5.753921650196336
-4.857374251695891  2.452711262852498  6.491949267083702
-4.003340655301689  1.861181571067374  5.390761524715597
-0.4705137567458175  -1.667468397218193  0.8919732069828207
-1.33486527416975  -1.584554000783633  0.4891661847118104
-0.6460296607461449  -2.01003402261561  1.768371974519052
2.094264241962331  5.330060060365181  -8.181740627650202
1.823913778685577  6.022308232506314  -8.785010828450227
1.338874241489608  4.744037035620494  -8.134891917370114
10.05736793525873  1.376724076997042  -1.187024833092079
10.00929636312894  0.5226095581540258  -1.616453933939394
10.09957801605824  2.005528447196358  -1.907479698504993
-0.1665949647592179  11.80239119599145  7.060279843256007
-0.573804150432468  10.94067971367391  7.148969416179945
-0.212243883346428  11.99413763543711  6.123593492767366
8.050836519859446  8.460367284536639  1.095719023538891
8.703403570890025  7.768161577372614  1.201734790662484
7.992910871238547  8.592696880743855  0.1494815601083401
1.762475436549725  -3.504106001521607  10.53209675580537
2.025037710428653  -3.529063518250733  9.611950020390719
2.451484001367455  -2.999750336939901  10.96467553615891
7.744787299360008  6.130918494953902  3.84517620436537
7.043761547122703  5.836029027521934  3.263940506306647
7.721197579433375  5.51783870330927  4.57989283966823
4.657684802101805  -4.664488292327805  1.680798214434372
4.829229569827385  -5.581268467885174  1.465581248627825
3.723035423920453  -4.548662038329735  1.509781669182203
-10.80564663212694  -10.95298491636043  10.2308011496792
-10.38084012009389  -11.16555730293246  11.06181513740828
-11.31706711517089  -10.16562720795785  10.41721136544574
-3.945341626636009  7.312151386375272  -11.07003751136624
-4.02207629773334  6.363329578281077  -10.96963429061885
-3.0098141174104  7.489037090887233  -10.97138880624836
-9.609694399120302  4.6101704354024  1.742174685523695
-9.237140224985804  4.413320412649292  2.60164271627124
-9.718195531022248  3.75500259971128  1.326064943778367
7.524480077580318  -0.08173921905617933  -6.08570169212159
8.378424055278968  -0.1385104135713886  -6.51440736554512
7.105523314089764  0.6804971642599131  -6.485329977250061
7.713683895059162  -5.676835347233511  -5.558343177266563
8.573838425310694  -6.036917615578282  -5.342225653424895
7.093538972576758  -6.248988892275331  -5.106355969465974
-3.488589010928178  7.212294933219795  9.658671870132311
-3.734066768091734  8.103790312179294  9.411268353520668
-3.598734367076511  7.188078616302949  10.60920509444062
-7.806080367915393  1.203517498166655  3.90408972207281
-7.696566195717571  1.140843180880189  4.852936609637132
-8.688296956321848  1.555991779642244  3.787095653681533
-8.472161183885811  8.095441025666616  -9.837661364299615
-8.63255231186144  7.832783232580716  -10.7440373402599
-9.303630784806739  7.936255371207021  -9.390951088887617
5.111922749470971  -10.06909361857249  -9.454809098896783
4.190045956576501  -10.17843653785173  -9.688088212248362
5.215473901340785  -10.56887709615001  -8.645040320487199
1.503393376298388  7.447571120355341  -4.778611104645087
0.6852073602060017  7.156509131481163  -5.181210659666546
1.517640893671012  8.393983978159362  -4.921199851858674
-7.590528417040186  -9.90647974529892  -2.600801546531432
-8.474614682065146  -10.21974467709448  -2.791820913354121
-7.354791828451927  -9.374867764283378  -3.361096753961744
-3.63464392631661  -7.736374925390884  -1.373860043053614
-4.057881902598012  -7.282509153370407  -2.102631143208854
-4.336698054031052  -7.877189974800154  -0.7386254693574252
-6.276037019595528  9.384539152959304  3.578731982142902
-6.599963609526375  8.827761231639315  2.870705322569717
-5.323547326594291  9.35919392974024  3.487338085265792
-2.447712429135051  2.7119322360156  7.403646795694439
-2.005742848963187  2.060929064923511  6.858587531549015
-2.792393788275503  2.211538615292901  8.143263470061045
9.841228213301859  -11.3349351960276  6.199781544725787
9.978465132428854  -10.99072293594045  7.082343603752928
8.932267677328223  -11.63496666293422  6.197857250469097
3.14016774884179  -9.790795090829969  -3.068445498550417
2.562786665118698  -10.32114449409044  -3.617619819344834
4.002445396984146  -10.19457705833144  -3.166777691827735
3.624076454276829  0.8700222738386006  4.038977448827098
3.094904627641615  1.661061556002751  3.936674604444467
3.390816466423066  0.5355822481684975  4.904986390637887
0.1284081765083714  -5.325762066513381  -11.80926120302497
0.7044778337866223  -5.970096408591243  -11.39791117496808
0.7138536257809135  -4.782923662822739  -12.33728765445015
9.337518461342691  6.11460412790846  1.720572151896766
10.14267518480226  6.497829903173931  2.068555622538722
8.678228406986687  6.290879195110236  2.391761815784901
-3.999310972778263  -4.700072500334195  -7.618484677267698
-3.819250710876316  -5.132102190862731  -8.453446046784649
-3.925795255420206  -5.397270395270152  -6.966762056363528
7.032012844378863  -11.75099808688264  6.084398877086265
6.63326934922674  -10.88085663593873  6.093849825350686
7.02412940094091  -12.00859626122912  5.162545921407911
-1.813456719683239  2.16477513250533  -11.40386014693052
-2.040528851708578  2.971447705961261  -11.86640684305044
-1.565814033551145  1.552461126237665  -12.09666350845074
11.88880390371979  4.8524039413333  -5.225492883332048
11.40687173486397  5.677901587010852  -5.175224984999757
12.64531338345441  4.980941703893025  -4.653301227793636
2.91602181760387  3.299162513187442  -1.72248869829547
3.692441220927758  3.782462901325349  -2.005022740435398
2.253011256291101  3.503450986655634  -2.381969596575143
-6.237624109419383  3.027605281197044  -3.333529013596502
-6.875369331666911  3.028710280983304  -2.61972816568728
-5.777407390154017  2.193210481844351  -3.242877316856715
4.006495814693744  7.726120073831792  10.55643413879194
3.293421201380537  7.812333159642791  9.92372271983132
3.884534410337997  6.85700401445648  10.93852644594233
-10.24975771274112  -2.009633618339827  6.775705913270639
-10.74935679216124  -1.406761246247015  6.225090346100812
-9.842981953778599  -2.617509868570639  6.158250014986566
4.46499662194382  1.857940089266673  -11.15170388025095
4.022573547266728  1.761081539777384  -11.99497850004222
5.372208815602465  2.062064733832511  -11.37870829685543
-3.945234354401558  8.363118402872015  2.261497670154407
-4.040872432998948  7.416612208901711  2.367380731585643
-4.056708168171449  8.512042958055604  1.322547774948616
1.459612696464798  0.6800185942841791  -8.571243182566953
0.7143497827283296  0.6030546776466664  -7.975515405016801
1.530852011161941  -0.1829497678609672  -8.979216718446432
10.86673999761693  -1.509784379007165  1.251539029094038
11.21330402877496  -2.240427332391614  0.7394002910775277
9.971956725793232  -1.395383494055574  0.931371613533406
-3.452761673414912  5.685625963019278  2.008038638313
-3.260487212484404  5.143790837680048  2.773334050962588
-4.043653143009246  5.150938589916847  1.477766515525588
5.866758672801651  9.701065447460806  2.16720423085809
5.356837891428584  9.564208765836863  1.368778977362959
6.705517989418462  9.274269172706935  1.992391220344804
-10.91521673475515  -4.84001367884355  -5.097675130360617
-10.49148277590575  -5.698256462259278  -5.087640349214984
-11.54771367742616  -4.876243861017393  -4.380132914591075
10.03316656641969  2.557490318348826  -7.527325954423016
10.98641142540912  2.644338716961744  -7.523660648352366
9.877909463378447  1.614383255136378  -7.475594539653706
5.564000661168054  -2.174236327817413  7.48864977533312
5.764624080613993  -1.383311476162756  7.989069561717389
5.998719089698381  -2.041917141445443  6.646187099118926
-6.569712744251916  -3.412050945820476  10.17898735679102
-6.081258097585595  -4.234358679226026  10.14085745079182
-6.945745620812855  -3.315491158583971  9.304054603241273
1.883314306296476  -4.218409166197004  1.553893294881998
1.248851736131175  -3.784196195086218  0.9836756322492233
1.40213499102701  -4.954713899167957  1.931456066830426
-4.689923566604611  5.628252799165114  8.034748863696379
-4.2129056110874  6.16288645790393  8.669455536938223
-4.402077925234262  5.954126435214101  7.181998548497198
-6.129702071874844  3.616878241512235  10.84277308579938
-6.014577312113096  3.629371598892673  9.892603603174745
-5.765423512314138  2.77545206320226  11.11760932340106
-10.93313891574768  -7.746179702574245  -1.579327624297368
-10.09733938380008  -7.645513728463405  -2.034890291833339
-10.98897608772114  -8.681620933577884  -1.38422828148862
-2.674722156059316  -1.52973261342274  -0.945620817142786
-2.46255723594572  -2.452112862903852  -1.088563330204341
-2.053852867938525  -1.05256105098074  -1.496130096869334
2.247607966756527  -6.986024281853647  -11.36391971386343
1.881739147758301  -7.571192831893558  -10.70063273575438
2.615337350495659  -7.57261656417131  -12.02491626049601
-2.197061588511458  -4.511375616572727  10.27050660716417
-1.655932073341389  -3.865939436712543  10.72528438315954
-1.579673997593662  -5.003715632322219  9.729520737226224
-6.157713597950562  0.2384387066678331  8.602628627272885
-5.282292985450662  0.6088048033183823  8.715320888152389
-6.659521954958054  0.5789660548899113  9.343210383698388
-9.525624254683509  -6.377664647583561  9.526931150060495
-9.139233136532592  -5.901450039565918  8.791979865331578
-9.341418131296578  -5.830833296446412  10.29065585014573
1.220692344039116  -5.892609449907761  -4.894667682842196
1.333438867578737  -5.23981394030652  -4.203742155687361
1.350080600307757  -5.405532898923579  -5.708453252031718
0.3377559351933016  -11.02037370966192  -8.603820411615621
-0.2829719030040241  -11.33113476031249  -7.944763236337608
1.195017051590602  -11.11116053017761  -8.187775977048942
-6.582122953251923  -7.327834984126291  -0.8199077893763126
-7.028553923833484  -8.1133859533857  -0.5039316776190966
-7.022858591411647  -7.115914296929222  -1.642752586159924
4.061057342630403  4.600195080543188  -10.05840763340161
3.467803431791563  4.624269752166089  -9.307606696094878
4.067556044798473  3.68229785855975  -10.32980088450638
3.026129240809157  9.872197199908891  -4.812519622061993
3.82830898395263  10.24741660278231  -5.175768709325248
2.918593957450772  10.30822250023163  -3.967209063562041
-7.15773876224792  8.53068252403517  9.80759841790468
-7.573717413910001  9.389455388322167  9.732081738120007
-6.225381871248458  8.72350036578443  9.906410095903663
-5.201900734366945  11.82603253506357  6.290574842211864
-6.074017478800539  11.53933223642817  6.561586212528541
-4.79378704653602  11.04086006354299  5.925637521879596
-0.485590918221195  3.992337499914815  0.7803074821824453
-0.7340566846859744  3.305240042493947  0.1619275933593629
0.3343762791983363  3.683400576661181  1.165591290052095
1.02099217959046  4.0726813524069  11.11611870200474
0.1827091932530632  4.522032340569607  11.00842857128491
0.9536367233468692  3.639769818919284  11.96716669517999
-3.018985949672979  2.947461439864262  3.890924647068047
-2.457599415044019  3.638513189286555  4.242385140378001
-2.733030387508585  2.844367264902606  2.9832722645139
-4.678808312749358  -2.547795698254891  2.845720841397125
-4.961559069340481  -3.279152820198063  3.394720486051061
-4.385124114962824  -2.957906725391538  2.032215846088918
-0.3680261194913474  -2.988411624424986  -10.30935014883002
-0.9971247836485824  -3.063259131178763  -9.591809514797124
-0.2668894098706486  -3.883122600413192  -10.63415081910847
-5.190437497122017  3.956595355155175  0.7847881362789676
-5.976966468957693  4.430393670929153  0.5143825660093151
-5.484708627754634  3.390492087926347  1.498345024346799
-9.230003232388439  -1.439657628251289  9.524155327657347
-10.1408514861981  -1.187369453054048  9.675608208737676
-9.197758323234694  -1.677507402391985  8.597538043782885
-9.625944282351258  3.209603257615621  9.247014546696194
-9.167966158772572  3.064002658356633  10.0748359911024
-10.25515897212113  3.904675684829151  9.439874690596632
10.43538669375559  8.069710232700563  -2.219824058458767
10.74956454800581  8.51664305657131  -1.433837311213215
9.501030071631639  8.274565973240437  -2.255089739523946
-5.325084808626279  9.463871280604382  -11.12483044869988
-6.146151114513309  9.523833504228962  -10.63647965974278
-4.992184079712974  8.588275378071845  -10.92800372247292
-0.5218627063019465  4.767516841416385  7.316465842173073
-1.186077416300142  4.083416334035045  7.400472715835924
0.2907440837671323  4.349266151084056  7.601015319013494
8.903072191569393  -4.979968496983848  -11.62663927485696
8.124887141799885  -4.65941936597852  -11.17066984284758
8.711993837186046  -5.89983055652186  -11.80987326162972
-10.67273682458308  7.47295198024258  -8.298444115102729
-10.43117452576337  7.648929967371085  -7.389097512406522
-11.5533196759106  7.837429487042798  -8.387673196598646
10.25615363670836  -9.741666701454541  -2.207376931490165
9.477166400173997  -9.215585481973651  -2.026685825383505
10.43268670081669  -9.597607000146144  -3.137062211429276
-5.179318955780702  5.510528104850186  -2.63521839896173
-4.272585931011252  5.248313728094792  -2.476125085415174
-5.638058948304653  4.690227854860112  -2.816593587797871
0.6820561315840903  0.6783431386375876  8.081796925434498
1.482258164653028  0.4563257774328425  7.605754030732748
-0.0244867924599536  0.4926517026246481  7.463292578582557
9.283470621297761  6.05143670549538  11.49025091506613
10.2038559527949  6.176180042112408  11.72168509908949
9.239604283015185  5.156033349469332  11.15475067008415
0.3558522747068215  -3.688358159246031  -0.7432062717586039
0.5586863399625283  -3.457875690130152  -1.649830787973609
0.09080015667651123  -2.86212293970599  -0.3390842892839228
9.967566582371481  7.066998844768823  -5.402257872026208
9.4930430373193  6.767841559028731  -6.177863547340496
9.339846826644452  6.972967631852951  -4.685767900520975
-11.57102433866135  -8.14664475044113  6.037316095552596
-11.50105916666159  -8.856042861437574  6.676136128755783
-11.8525779340633  -7.3889314809969  6.54998559359629
5.991116614082555  -9.613573193633158  -0.1768153466528111
6.603864960901686  -10.32428099863842  0.01203835168276105
5.218598594078588  -10.05137688333306  -0.5342725861295022
-6.868029177100733  -8.33642736671446  7.931752725915272
-7.156416981949318  -7.88102820314457  7.140755939680044
-7.675188941337756  -8.511907228538664  8.415417664784105
-4.775392110470767  -6.890480470417488  -3.564290156301981
-4.249941001499607  -6.75135804577262  -4.352184770474405
-5.232704134466657  -6.060202836287374  -3.43111131799769
5.865013181334977  -7.898880965282766  3.919635774131745
5.483160512279908  -8.283515819118042  3.130664032970735
6.790258842730887  -8.141088956989284  3.881066423326469
-6.072984783641176  5.702533179864281  3.586125235112484
-6.475924341707905  5.962801028765915  2.75779426299258
-5.829496312381536  4.78587216886108  3.456982696535009
-2.959412845776576  1.500889049997275  1.407156332871908
-3.300463774551565  1.895611108366804  0.6045913195438661
-3.679995731204278  0.962795050248917  1.734947413689402
-3.090236598701153  9.544489487457232  -3.926444246194049
-3.770967879406132  10.15058367568495  -4.218825159501231
-3.518330308533045  8.688388948174504  -3.918731773037655
-1.990919437389602  11.76462709395834  -2.403632196405893
-2.291011333598688  12.52885424027486  -2.895702885090511
-2.354502116753198  11.01639962131009  -2.877124671996793
5.699879621604303  2.512739363643183  5.559229609983151
5.101676834530519  3.089859336079358  6.033906134526366
5.139338474038384  2.039259381071436  4.944540934319331
9.475313600635275  -2.698762469429909  -4.520292972616256
8.542149657394223  -2.763727846427165  -4.72331118565739
9.915625192361553  -2.956054960875135  -5.330328845919026
4.559502885030117  1.363077933759071  -4.007283371219434
4.278440187149648  1.164043106408044  -3.114187218858727
5.512177580007243  1.272874537271804  -3.984786420039311
-7.279911265890676  -6.643523369972174  5.827350553198631
-7.710494259604122  -5.948789916816944  6.325522766987976
-7.994383030806132  -7.214510757671014  5.544976085111573
-9.672929289963895  7.626131059428496  8.052621110575252
-9.372260981796449  8.370349780603414  8.574127489746683
-8.876123884666454  7.272683377304774  7.657136948957942
7.326534746838975  11.56749809667957  3.481122697818114
6.618282662944675  11.09966288195498  3.038696390369092
8.061241703965326  10.95400789954324  3.472918725136178
9.497496941729038  10.13315150498468  2.595699543858721
8.875825538122115  9.731048030730319  1.989012390599342
9.819863634499363  10.90590429582516  2.131841074451752
2.809536852704774  9.056060956658222  -8.657529593631994
3.670058792626424  8.956302436281501  -8.250366151601982
2.952011896658831  9.678971074687762  -9.370211631224295
7.799175217898138  -9.807077609455723  -4.38314685052694
7.456191151625598  -9.435515711859136  -5.195880217959075
7.752201416670137  -9.088734064281644  -3.752268214730062
11.86923509978613  -0.4673281882379651  9.254591325673976
11.67293638204778  0.1265350406563563  9.979177496382119
12.24245447202889  0.09619364519909843  8.576813867047289
4.253057913741872  0.8670358537965653  -7.263925093506893
3.453815497091161  1.264759475818346  -7.609264520610443
3.949994151232014  0.2868769306112396  -6.565498418972041
5.653922225245119  -6.728503839315144  -3.965562605084203
5.486850649765621  -6.191372177738334  -3.19108955403689
4.810492371975148  -7.136757872501441  -4.160976440316297
-10.11705072613371  9.592305827003333  -1.49212912588547
-10.08404417829051  8.649543261130122  -1.329829550446603
-10.95591802147562  9.869956081587665  -1.124102174515051
3.155421068653994  -8.317153476280327  -7.40362605174431
2.926340825398895  -8.276708989617743  -6.47512277999521
3.25350717292894  -7.402053674340135  -7.666691269204144
-2.093127298141416  2.034198210847978  -4.552015999584753
-1.22945303604584  1.814333202875569  -4.901240837279548
-2.407358197484564  1.220038487411235  -4.158779777154262
-1.969550148104764  -2.376395283818132  3.282907566173538
-2.033328075714123  -3.270274082639116  3.619277762487378
-2.852138147241211  -2.019288213100857  3.381623339097883
2.725182305198007  1.030410768692334  10.80407483430494
2.864507710972833  0.1341892597805637  11.11002789977347
1.782430923380396  1.17041506650098  10.89267770489103
10.67664598858865  -11.40535919948634  -7.405131418188594
11.24917866531775  -10.90472925248837  -7.986343797828109
9.820893491983764  -10.98517294516333  -7.49093943781672
0.1135743960763417  -8.312196666147058  0.9488663190894723
1.031637791159223  -8.185181626317339  1.188154058570519
0.05406976736610366  -9.236648902465296  0.7078702570298123
1.335365781440706  10.56846530003302  3.047020777636794
0.6289844503611915  11.0574221858058  3.469132633615418
0.8890794095220119  9.977443836109233  2.440593582154075
1.802792869633022  -3.758876937294822  5.139729180529024
2.712962337194377  -3.837865785617415  4.854099801508326
1.505888915556646  -2.92820466454057  4.768160267228813
8.626213102613361  11.17564206009498  9.657099111870822
8.624798570336107  11.03194031851744  10.60344981249191
8.665434790418006  10.29634286202988  9.280899139133162
0.1368619339715673  3.665656862337005  -7.801123781938379
-0.770770530196293  3.962561791692698  -7.866565457595937
0.3052526510786441  3.223338129808186  -8.633127715370346
-11.20939952165443  10.56062414141221  -6.854342479375172
-11.95497999217183  11.16052311613587  -6.875855780111205
-11.31209522591311  10.07951153435165  -6.033235853135804
-6.859557780603516  2.248024839270713  -9.657736856668695
-6.356445136997285  2.262737037782425  -8.84355440840633
-7.762782219644786  2.408775533031119  -9.384649568106722
2.654656809767445  -10.98304504631625  -7.318093752823943
3.580492503206285  -11.20376295254257  -7.419797806950076
2.603037079439589  -10.05445399749267  -7.544557673759728
4.554113169178175  3.120851843258205  2.081276940047073
4.975196341919201  2.277055938679905  2.245378350922304
3.7443360371718  2.8995432234854  1.621368980457563
-8.306043202562007  11.1065020903832  0.3174150028414484
-7.707692840634408  11.59926177307373  -0.2441867951398587
-8.927288432443897  10.70345708121222  -0.2890839047679276
6.784565827470689  -3.424367012690436  -4.571919148374448
6.282505183831261  -3.32991667271779  -5.381391867734042
7.155042355964071  -4.305613521288896  -4.620740997156696
10.03800326969955  1.456573188973587  -10.1673349856471
9.951034407284503  2.162746131366094  -9.527031907095273
9.176149932195303  1.040453953309254  -10.1842301430282
11.90910485753816  3.126682091038817  6.175089054432945
11.96654112597115  3.847025753348  5.547364653728715
11.25475262254397  3.414627242127791  6.811597171052412
5.49379100514628  -1.835748598361725  -7.016593076105432
5.494119167580584  -1.483783809162995  -7.906734929673565
6.075733175391361  -1.253547918036021  -6.528108154824609
-2.135273959591644  -9.117504524366369  -6.753542491032343
-2.385991082111963  -9.121774020745521  -7.677314397877209
-1.868095235467757  -10.01879853569034  -6.573219240931092
9.164264487256796  -2.288344767470239  10.99061538214221
9.896349641742827  -1.794551022953108  11.36000799773829
9.192386997109923  -3.13235885713987  11.4412606760028
11.32133840969027  -1.3876372668712  -11.5100034366675
12.03039209198789  -1.002548255025381  -10.99504599320658
11.76031285198579  -1.991972356713105  -12.1085954331034
-9.212976226911598  -10.98572450738903  -7.102879338445915
-9.118238818181501  -11.93794583216974  -7.125927375671975
-9.876608139362189  -10.79446623372196  -7.76563479676449
-5.707135524361373  3.019778782124996  3.394008654332052
-6.334261942708897  2.336390942304039  3.630494078397578
-4.865834158802506  2.694878935002908  3.71476392186297
-7.427619767327943  0.1258071456375998  -6.589348381939046
-7.515028814839375  -0.02321107434965981  -5.647868128017079
-8.238015783536136  -0.2200687125188736  -6.963327027931587
1.861469947559212  -0.9001470305670483  -0.6370943293046357
1.846426834280668  -0.8258198991499454  0.3170969629833382
2.565816176567455  -0.3133658838768836  -0.9124415929025202
-6.897526604490341  5.578869274387647  -9.594294822097616
-7.238654933452604  6.453699828181684  -9.780130247482106
-7.274344806003083  5.024243162281111  -10.27739785881923
-4.185323983638717  -8.890315402441237  7.246048023152199
-4.421709738687084  -9.183371842152773  6.366007377526208
-5.014172875893629  -8.615719637457257  7.638270561592649
-2.69335493095697  -9.545719124952807  -3.071369361314506
-3.081118703511575  -9.019025151957925  -2.372466967911045
-1.793711211210784  -9.226423000152758  -3.141533470436753
9.443827127028623  -3.004508165871199  5.251917552728101
9.693281730311178  -2.96541086908068  6.175213627822552
8.97855632179955  -3.836394152718817  5.164050478758071
-11.21715891137201  2.906497590096944  -6.922101255727531
-10.8186701667063  2.150845229080942  -6.490328086498957
-11.46795916748763  3.488246485421563  -6.204536419408941
-5.477214813966587  -1.187374703557616  -0.2640491485600356
-4.550222648256983  -1.422759776276045  -0.3029237193532726
-5.934576739305358  -1.956520444644615  -0.6038531188401702
7.260296662788181  -5.705102996217901  -1.559015641696349
8.044159122266892  -5.303558053106723  -1.933919820496513
6.583725979993898  -5.032968234226654  -1.640984006973727
10.12894229259703  -10.69924997385667  8.777873974849948
9.519538124270468  -11.35925885284553  9.108398829107665
10.95753053566843  -10.89783319877382  9.214036864405394
-4.894062118556427  -2.802344130912015  -5.601362661356096
-4.974348440293705  -3.22372508058341  -6.457063568096256
-4.385451998252563  -2.009414766472435  -5.771099541655969
-6.144933423402343  3.36204095652925  8.072775901729319
-5.740130743541616  4.223798254353201  7.974079447767006
-6.974009444084369  3.430701888313265  7.599330584531431
-7.959641284710684  -0.4070309641762227  0.5878511699651202
-8.301041678935096  -1.115981685513285  1.132889228763838
-7.030982185379979  -0.6127172891785446  0.4805327049307948
-6.921468526540004  7.267178525824864  -5.961001072206424
-7.87130335024418  7.26686820017611  -5.842487143164945
-6.728004400174666  6.414712983501799  -6.351008727210193
8.010963059566686  -1.51120822918913  3.338862018205974
8.640146692766798  -2.097317822294956  3.759379961440776
8.375044095326281  -1.353412580443214  2.467783736627862
-7.581851969649416  10.84479436284774  7.085066421774735
-8.13709865532997  10.8830948348234  7.863825711855568
-7.719203122627569  9.96437281743229  6.735460353257844
10.51707288114349  -6.898962521282947  1.197369543834015
11.09648711132429  -6.601244490025421  0.4960315627377845
10.90782390178872  -6.546972416456857  1.9971497923831
-1.381529567717016  7.396140717102562  -10.16287776841918
-1.928360233546296  7.42536154606286  -9.377795475876811
-1.012167523031733  8.276575765266804  -10.23097803207459
-2.607515456943679  4.703125702824357  -7.64696994899204
-3.00346685729717  5.572158763666916  -7.58188640482977
-3.211781892764493  4.128292986349599  -7.177223993596295
-0.5915897618958876  -7.821102242672927  11.13301597567248
-0.300904437592612  -6.918747010764458  11.26526164736768
-0.3662349837834712  -8.014923340745513  10.22313661777725
-6.802635483623531  -9.175212226516804  3.184202787447385
-6.900053096713609  -10.12423674648675  3.262267562830653
-6.13309816181894  -8.948787471325927  3.829713008084896
-8.312369102207276  -8.884586431020779  0.9854548747005956
-7.596664846576758  -9.057749651078842  1.597021516769542
-9.047995292032738  -9.393128777402136  1.326732812428511
-10.7318108438208  -10.56285088770877  7.335089882646296
-10.21318420914184  -10.00443914837201  7.914257028790198
-10.11922495526094  -10.8340866883849  6.651422193217511
5.447322566178483  -2.594698757430285  -11.68287266352453
5.858255471565775  -2.748618962145159  -10.83218202771707
5.897131936205501  -1.824768960289954  -12.03088340777152
-9.979160875352443  -10.75177107516463  -3.282029615689881
-10.56427375858336  -10.67515612616828  -2.528368615327325
-10.44894509751096  -10.31985316076953  -3.995459037451773
-0.5429639738000107  10.11229649656689  -9.591068691331255
0.02266179872811193  10.64767126598011  -10.14755155874742
-0.06575958979341331  10.03807454839883  -8.764631205313698
3.061347083833457  10.81847197299194  -10.70679959821936
3.756914539172249  10.54856537471518  -11.30643964297971
2.279749990576314  10.87624002308395  -11.25634548001683
-10.99856295963593  -10.54513358747977  -0.7286571744131581
-11.90819166200723  -10.7047286150707  -0.4769889583218904
-10.48555857665998  -10.84864034368337  0.02030343335351713
11.77773170016595  9.80805692085093  9.480776048355541
11.1355598081076  9.098527116589107  9.460415353024079
11.88339910433402  10.06248416020908  8.564079250297986
-11.46162528542824  -3.873393080877748  8.453878184612414
-10.88631907314284  -3.251572746656575  8.008239234278285
-12.3359941026735  -3.492621572572919  8.371877758440435
-11.48922837805966  -0.5218555325165233  4.984549986694334
-12.37780001398961  -0.1807821374525486  5.086241810359342
-10.99758658128846  0.2014589353701418  4.5955302388493
10.54404792835417  -9.534673879925974  -4.936818152231866
11.28226395086529  -9.409748796708257  -5.533192755724427
10.21541026057547  -10.41001080233946  -5.141792286152875
10.04477274802707  -0.3816192689162816  -6.824797473949404
10.16939777592872  -0.7679752696833121  -7.6916477972993
10.83538110021008  -0.619125861458949  -6.340276172088242
5.444761547726935  4.096841014428539  9.600364189025679
4.706129122191921  4.599151530658509  9.944367278013328
5.80835249739124  4.648499330870009  8.907755668125763
-4.296063127534038  -4.681179541691067  7.178220927356159
-3.543057476463232  -5.244590752226909  7.356496380792603
-3.945792065896874  -3.791448389078038  7.222044430747197
-1.944485272983148  10.88560092006647  1.470181822406661
-2.862473150967668  10.75578878315924  1.232108503899401
-1.851998188543212  10.44856905333811  2.31675203607811
-1.882847297982571  -8.270931464196927  2.81921697952567
-2.477153407007669  -7.563802068330324  2.568218759857124
-1.239595721468437  -8.306458619312789  2.111264247656193
-4.320545431192937  4.336248951840838  -9.793099423390041
-3.744826802832758  4.307226961276626  -9.028941308192168
-5.147930740181691  4.681038076740501  -9.45726337734896
5.56988463586051  -5.843263439312629  6.073595563001747
5.387847093378146  -4.997450047517387  5.664091131539998
5.910231753370387  -6.385959732930559  5.362345668452664
-6.319596502936772  -2.00154160004523  -7.924106065988484
-6.724296921025443  -1.304369397188788  -7.407966229158239
-5.741575358521511  -1.543670886930238  -8.534415665028547
-0.8086080789430364  -7.180365343864154  5.069431721072911
-0.5885773028601496  -7.970279136210671  5.563247980664581
-1.202954867935742  -7.505381673244516  4.260057372796875
4.403380109179834  -5.015113257639044  -6.025639639838743
4.486991776778564  -5.886997295713337  -5.639557843851642
5.105115441679152  -4.971985488084832  -6.675208234072909
3.71538711761744  -3.176400922089227  -4.217450490173107
3.991003500825367  -3.745005714560267  -4.9364470404335
4.197219399007372  -3.500856696035383  -3.45666277775684
10.02879728446726  1.140868184283219  5.004626153087214
9.672727320290306  1.58215881871968  4.233452633981632
10.33270076264073  1.851765827340535  5.568983360048925
7.758348802962765  10.66391005963833  -11.66201041473944
7.59934533187517  11.581006612043  -11.43866393558747
6.944635148185885  10.37252427841027  -12.07334513796101
1.485776094867001  -9.468567890710046  3.931624896780584
1.639633698079687  -8.549376495286912  3.713343297662109
1.642860226449639  -9.939164389632126  3.113031376889784
-9.414772067576015  -0.1140462856644953  -1.785125668626958
-8.874466944780126  -0.1911560569006322  -0.9987693260821611
-9.709194088322148  0.7967485573193729  -1.785643059925262
-9.397239584891061  6.662156737217732  -1.493312226951099
-8.475611951636067  6.919178685591556  -1.521134226787966
-9.575386946463814  6.312682434586503  -2.366446277005891
1.452578227323452  -8.118387132419533  9.047021885331937
2.211601511676397  -7.542020980246762  8.958041255756607
1.721818337591197  -8.771850879301436  9.69256563639307
-8.5320204564925  -2.363579335388072  2.204135483524964
-8.137322650946089  -3.207891615073807  2.422269058814793
-9.458434051953452  -2.468596119355457  2.420840733185095
7.638252027923066  0.4823000307643284  6.332872003635657
8.455416537348292  0.5911952315054839  5.846440261464803
7.082721872040574  1.201786277185563  6.032942633423508
-0.3963674587348338  0.9482673643329343  1.167607097868357
-0.4639536040059928  0.0214182391927608  0.938228257967461
-1.303705198409794  1.242311746201865  1.248279073503342
6.579198312955509  -10.49590924333603  10.08110696725613
7.345002174352913  -11.04910673870489  9.927000455432514
5.831331962920844  -11.07476457049092  9.933275060313726
-0.2761663659747118  -5.511268809950184  8.266710388007134
-0.9958614078269898  -5.887589170723767  7.760100209664368
0.3361169956775985  -6.236753604227341  8.389236868069105
-4.553948300189983  -0.952622250869  5.432114033853674
-4.816401065412734  -0.1076909553267835  5.797410477636369
-4.655774766072459  -0.8471736894959147  4.486205046820444
11.56868009585375  -6.044708888252741  11.76812302592871
10.72257812670778  -5.673858578034297  12.01874893284616
12.06933405554224  -5.298706707108654  11.43788341840638
2.914313441737369  -7.217070705260892  1.252499040933618
3.326947549616466  -8.080654816042633  1.266189059930379
2.757086068297662  -7.011584452803442  2.174066614740468
-8.65587566195409  7.097814826498286  11.54793706049795
-7.96761213300739  7.450563075024528  10.98393898613643
-9.38101708313922  7.71597565148434  11.45694830441144
6.318187363972939  0.3474136706776879  -0.02106424463176679
7.204678618020909  -0.01279854880351511  -0.04580800006386981
5.990532790262261  0.1190163585726931  0.8488259715160456
-7.114471514506881  -9.494764532448857  -7.912243943175921
-7.211748534272906  -9.735436490304869  -8.83357234832101
-7.857022481826587  -9.912034848758299  -7.475511320099073
3.597812091189896  6.800724036088393  6.798928971178312
3.749425643245247  6.996555886229633  5.874323618985596
2.964707817878872  7.459970582635341  7.08319083985092
10.25821124004962  4.480332731210518  -9.983666374458267
10.6359062746476  4.027696659003934  -10.7377876425428
10.995172131212  4.947889753154429  -9.5905876086516
2.08548906432733  8.382120389720262  8.865866032612631
1.4794207059352  7.976632588520054  9.485940728140267
2.015345520653489  9.320625995000359  9.040562775967265
-10.62168494801523  9.050284242156232  11.82616725078934
-10.79030892886365  9.556658158040912  12.62076353217659
-11.14920389219577  9.478733093842882  11.15208477436747
3.007587573464505  -3.462738428300042  -8.398010241456115
2.251194154122158  -3.55934375805233  -7.819418636402047
3.732674963385876  -3.247826480733273  -7.811245406304868
9.799348639076337  3.49797197175766  -3.169322738916851
8.900162446108517  3.69800735379614  -3.429480145708896
10.34238780993126  3.960582153231929  -3.807548497495691
6.525512270442742  0.9524693979388378  2.949926217175243
6.839861296819574  0.06221647334843648  3.107616609635201
7.268584579428293  1.512614334526846  3.174231887263406
-6.842940893022028  7.685058619561046  -1.78577208852937
-6.262106245034325  7.025266606536983  -2.164635456046809
-6.668567540588491  8.477930470380123  -2.29290126550484
-8.983292284950007  -8.604763520864029  5.263533242905696
-8.75860720830517  -9.517224498884149  5.081424978613079
-9.822698263055431  -8.651052284576796  5.721230516520935
4.930886179291204  10.21889907105739  11.4926877940422
4.874737027888234  10.80314687664757  10.7365571079437
4.750767675562676  9.348537966012827  11.13735596118704
7.647061302746892  4.333758332715399  6.026254560178522
7.063308700602462  4.832353739256203  6.597977710021185
7.088764692465904  3.655720000824541  5.645727615750903
-11.81996408667769  8.019115005248329  6.535636582454232
-11.92471385315967  8.964889255662086  6.639417089661827
-11.05586417565825  7.802240847481452  7.069817044164503
-1.069842660291204  6.52840756981722  0.8821911892021939
-1.849213991219273  6.52030098088798  1.437840765593054
-0.822038880038509  5.607245393324368  0.8029108568906572
4.01007740590988  0.7031008185921479  -1.392151395329544
3.75518159876567  1.517353548940432  -0.9582706990308196
4.882155488523145  0.5104689906021078  -1.047761156398781
-11.38207075602812  -3.516041173328665  11.06803931681833
-11.48969196605997  -3.626724109192174  10.12337069615819
-10.47380829442757  -3.766474488802571  11.23707864759098
10.56834355143879  8.095743005642809  -8.534847209524054
10.45124234477308  8.294464269688737  -9.463840754503471
9.828106333080406  7.52999293547802  -8.315285011808751
9.705771855907077  -1.958515177169771  -9.409250649366534
9.084173906431209  -1.273437813565603  -9.655252346687016
10.37498859990883  -1.932192510496388  -10.09312776315738
-5.218814790836263  0.08166988332131196  2.43463725725994
-6.092176585791665  0.2769201996262962  2.774266951331413
-5.164010980021968  -0.8738591013461462  2.448520404619509
-10.15996408887745  -10.31239396112315  2.546703135967084
-10.15915309967124  -11.26475672247558  2.642809083159151
-10.8185113092399  -10.0087025737088  3.171458239798362
1.137796346812595  -3.67488207453309  -3.501296194612322
2.023168781969341  -3.354030452930624  -3.672765515424183
0.5933547768305196  -3.238769622334547  -4.156751109852743
5.880916379785806  -7.478633236719122  -9.605877332557334
5.813929201528003  -8.431898985920467  -9.550841259399292
4.982784316878377  -7.16794408027898  -9.491584350934845
-9.381233969200235  -0.7488260186224439  -8.385853807964331
-9.618136435964061  -1.601397431040023  -8.020845523168616
-10.13343305416241  -0.5004199305884116  -8.92318312226767
8.465128147527832  -5.579818345459173  5.263478087418096
8.353356138808183  -6.390110003453931  5.760636298705891
8.398316981403294  -5.849174231504581  4.347391020194803
-4.564793981842194  9.6539688885606  10.24556767992073
-4.352365779226962  10.56060925358838  10.02396139112019
-4.885904855589022  9.696002519149614  11.1463189334092
0.7039217786459736  9.873888359873691  -7.198211317618131
1.570707082769425  9.777895332436184  -7.592800236924031
0.8791759997655754  10.04824601097715  -6.273485840797337
-0.762421049444718  -3.038822440968488  6.675020580432414
0.07061616093231611  -3.235773942086989  6.246662141348487
-0.9629018259394539  -3.825020135033444  7.182891119155634
-3.035925274334325  -1.49605377637734  10.10697522517909
-2.165824621014708  -1.580005493830754  10.49698650992531
-3.052493908021844  -2.155176142153872  9.413062386768623
9.479611623280208  -4.356759047436454  -2.107281409217084
10.13162849618303  -4.169467794323063  -1.431983087023672
9.616076905700444  -3.677387379402083  -2.767632227620577
-11.66993402858946  -8.436031663041684  10.92279979957119
-10.79667416806334  -8.410257124075242  11.31393242303152
-11.98102080174121  -7.532048962428453  10.97046673320496
-9.778405333572067  -10.72674865087437  -11.02288434515436
-8.865524666261885  -10.97340564789847  -10.87442205004085
-9.826451072581936  -9.81002479901073  -10.75170022617376
8.592047669969988  3.039142172868185  2.903623337294448
8.814703002821432  3.964766403674226  3.00300254084095
8.168248012540563  2.984874918156414  2.047071671935755
1.312689940522333  -11.04295704514389  -4.847870062001549
1.900898329012139  -11.05884689423606  -5.602847044701059
0.9021455930837008  -10.17892900940374  -4.881644789849577
-9.344136264698617  2.087122568685756  0.8102396412666895
-10.25575220919489  1.799288833504254  0.7618666050622808
-8.838076959172721  1.275641586705647  0.8506677895701495
2.810292965581663  10.78395987495682  -2.049298326118147
2.662914984656716  9.988500110488019  -1.537678023696792
2.000525644379239  11.28508196634861  -1.952420180843922
-3.492076400140568  4.314665776700045  11.5634926998074
-4.304527385594962  3.996341840175951  11.17001448227816
-3.656205238279297  4.289944614629865  12.50619224294781
-6.267486906122702  11.6915611519127  -1.542361597517327
-6.379597117853665  10.98127340499273  -2.174148315485494
-6.546246933221417  12.47728152843631  -2.012646805882976
-10.04803776260494  7.514389601528029  4.515952483520655
-10.74879372607803  7.456102267431275  5.165394941588176
-9.750303150834283  6.611775519671713  4.402489889735492
8.136130330580805  6.475494762050952  -3.373708034230249
8.512447121709755  6.22934620725463  -2.52870602140064
7.656630446627561  5.697589721681283  -3.658621090189939
9.913579428347491  -6.95315322933294  -5.063345365623837
10.45902660553562  -6.667456022198342  -4.330476808014086
9.932902071627316  -7.909107357848318  -5.018510338791176
6.948815399847741  10.60790290468942  -8.947227179392474
7.735301417763766  10.4920018083058  -8.414086935666989
7.230123773843808  10.40012998378231  -9.838253470843751
7.290286269237119  -3.972238701848475  1.23106063151244
7.865301544175676  -4.487540526851798  1.796793167907141
6.449855099761166  -4.429285542219036  1.262927151256015
4.693758720486137  -4.703764127913824  -1.870505585568544
3.857979078272884  -5.162969531133588  -1.787833780727591
4.549016295593891  -3.862211578065828  -1.437988792506529
-9.569080527471634  7.924623633040213  -5.643205141343668
-10.31332464938671  8.247522863428504  -5.135200600016025
-9.093909404483261  8.714456442834345  -5.901291127888217
1.948343358571855  -1.612675564385347  -9.796333353785808
1.187805526262652  -2.158541628563836  -9.995943688199397
2.566097665326061  -2.20785096872181  -9.371624401019847
0.07471885512083666  10.45207450682511  -4.512537187338627
0.6028160279511082  11.24683852446427  -4.437069496803341
-0.250793077720237  10.29516480309092  -3.62616640349469
4.962036167055648  -1.77960646525873  1.612467910318136
4.136761201886311  -1.471928018883229  1.987283925852036
4.950569043487032  -2.726560047200268  1.751677316340691
11.47130325322441  -9.874281078939092  4.035948327821081
11.09507081285132  -10.48981066952429  4.665078134717026
11.46302395594295  -9.031759244249574  4.490173218495226
5.987543961653371  -8.830313072776919  -6.545640242999656
6.462353361778421  -9.205006477763728  -7.287524820149147
5.114799902703745  -8.640992571862395  -6.890179639152849
7.324117355867544  0.873416247480362  -3.456661440600869
7.185735668913211  0.08791872489472463  -2.92743937877096
7.638593451295147  0.5433890590809437  -4.298337554270363
8.229243512919359  -10.21639560086599  -8.143196299992148
7.729754019203368  -10.69268343113274  -8.806439836264559
8.68852693998941  -9.534028033699281  -8.632752299748844
0.607523342186246  8.845654076094283  0.8030800131687374
0.06542660875381426  8.056784112195263  0.8099467197916874
0.001228573724048145  9.551530821774659  0.5786328843320074
10.25720140126999  -3.562679140318593  -7.114023323199752
9.963201383598058  -3.00007328375761  -7.830452300679156
10.15296399988813  -4.452986909655254  -7.449759052623858
-1.373780855886116  -0.1169468373535635  -7.58809000935045
-1.879724148977985  0.4046111869580803  -8.21117142574119
-1.498841300684643  -1.02151750203666  -7.875045820829459
5.300912321870947  8.542587348129272  -8.008798155490725
5.432790176436888  7.761985320496721  -8.546850704904847
5.916351744432857  9.184696736088325  -8.362580137863359
-0.2110654753419821  0.7238058278969832  10.73654168346603
-0.398845276540444  -0.1960374342513446  10.92324722527503
0.147193596826268  0.7202382001558375  9.84892152301369
-1.295802395775638  0.6446595732961633  6.023234013084295
-1.739705060153818  -0.188817787446546  5.866716430406437
-0.945532237458902  0.8943009710318938  5.168118916311165
-7.599844964088303  -4.911475031065041  2.868946466269013
-8.158490327495466  -5.688525277043972  2.887388623620109
-7.235018450267211  -4.857171308726701  3.752227033559696
10.16940857718263  -2.531601801587148  7.988692687950351
10.59075385289959  -1.682526281175895  8.121999699278934
9.677161275274885  -2.684509487883363  8.795255564133033
4.559868757080397  -3.807851531240798  4.491819253978662
5.085905221647304  -3.019999224799655  4.354683477533119
4.501779502678875  -4.211383157292382  3.62578247340913
-9.19573787575159  -9.058930162751082  9.021684446811228
-9.354393119628718  -8.133248551803117  9.206546310761231
-9.423319269968838  -9.508608046487376  9.835458586167221
7.822233165526764  -0.05425574151600164  -10.03230765762894
7.017325878005363  -0.2290763261492226  -9.544666537866217
7.54195081229123  0.002104474488461025  -10.94581582317355
-3.45850065907495  -0.3812137337311887  -3.598235535357416
-3.501247277316378  -0.4324322880842077  -4.553107896628234
-3.140994753275566  -1.242111974756593  -3.325699192126137
2.798238633464432  5.365789361563074  0.4333019400597681
2.915902426333262  4.831064732873459  -0.3518455895934013
2.596442410010579  6.240157196674124  0.1001488024143612
-0.9244550712679233  -7.07474317529394  -1.268137176909305
-1.856095298976596  -7.253560308288182  -1.140454918695201
-0.5072594981205416  -7.391702240159359  -0.4670649923055284
-3.210005636645385  -6.224584374319015  -11.84557048644445
-2.839366346033047  -5.620301005055788  -12.48876560916093
-3.679786494416927  -6.873801276375145  -12.36907330377792
-5.574572267366795  0.4737126694031705  -2.30729253381496
-5.650720670824205  -0.1473248388480733  -1.582899219381444
-4.82808365782684  0.1580566713256784  -2.816554634019566
-7.602129224969148  -5.243658053026691  -6.91970173973408
-7.721310807021882  -4.721185048456351  -7.712828179839722
-7.366452684925588  -4.606262691638962  -6.245598215225787
3.037838922548002  -0.01809180311324425  6.745310158545439
3.253571285562995  -0.9503366035112998  6.770028970789503
3.629050086647692  0.3820402812991246  7.382958583986686
-10.65755852928439  1.974279342837257  4.063132277090361
-10.94961165994909  2.389795395578835  4.874478823753996
-11.25347939481407  2.310056928299409  3.393532713823208
-7.289317857727877  6.444518142566197  7.340826956263888
-6.414209893065188  6.322283201495109  7.708898293595762
-7.166275023211853  7.079220051654522  6.634961680539193
-8.052721067220414  0.6577216546607002  10.75012151077635
-7.781444907932658  0.383230344547774  11.62607562263072
-8.288242111430556  -0.1566391814622329  10.30562392211774
6.708309468652719  2.600150803554297  11.62112876886912
6.59078017898287  3.098189750756073  10.81219372009212
6.893805244750314  3.26303208262871  12.2862690299439
9.188833560162001  8.709127923068911  9.053763892937949
9.664197101502687  7.957432965882893  8.699905114743665
8.265678692312393  8.470427939680484  8.969863667098354
1.397466425227976  3.473318542584046  8.577271391511642
1.101701463369192  2.566710385985753  8.494708822958351
1.341980271722041  3.659442637374335  9.514560540124604
7.150122500190807  7.667330346213845  11.90732627885362
6.97632501727885  7.963473715208063  11.01383571934321
7.949991484752859  7.146389834370866  11.83617551879834
-0.8255097420588005  7.218016163026018  8.720916724806457
-0.4943457653473245  6.435275542478549  8.280599360313976
-1.693582884748959  6.966743980909966  9.036421319756624
-1.222486495736282  6.231942953088624  -5.174359244539806
-1.408418282055371  7.102955309231971  -5.525070929947933
-1.342173255858981  5.642756545747852  -5.919185598031818
10.48824778090279  6.61486801064824  8.29897636430786
9.926082237255176  5.950718096762774  7.900094635694837
11.03634325003346  6.928775074810707  7.579750703067019
-7.669218575697101  -0.4918207424370037  -3.810185632128519
-6.916987418782756  -0.1893400765421897  -3.301377639534912
-8.422400617965248  -0.3372125415283941  -3.24005849243371
-9.876630585404794  -4.061217941564387  5.069711691263751
-10.75690231747966  -4.23593065095642  5.402621569289039
-10.0160854346284  -3.743923155468682  4.177462732875734
-2.307854639503038  -4.844407056770402  4.269333222239626
-2.776792047207993  -5.665853442833582  4.416150736449273
-1.473486104059526  -4.959806232282284  4.724024345259449
-10.29466075054645  2.389295915293079  -2.336173979854816
-10.90296052641413  3.007149434568216  -1.93063698844879
-9.427393425696494  2.70380834600583  -2.080907142653499
-7.353084281818683  -4.131674279544844  -9.303444275173218
-6.916955102691872  -3.406348809250982  -8.85631326388328
-6.762842657921992  -4.360733671239584  -10.02134291738967
-0.06063062203056886  -8.948873495030186  -3.098231114163612
-0.1429945817398842  -8.243021140850466  -2.456966369896515
0.03192145127175233  -8.500045831966139  -3.938599891901044
-7.479710538376472  -0.2176326263938424  -10.35536294574153
-7.321428028669285  0.493543190534249  -9.734551022098419
-8.022860383259713  -0.8409017071089662  -9.872915291557328
-2.712113850282297  -10.88693643881289  3.311407488992076
-2.632401098251594  -11.40797827422614  2.512412418348404
-2.398295888589852  -10.01738117400816  3.063166137945235
-4.600807099521731  -10.61094334123817  -11.43580946419105
-3.997316217803793  -11.21559778658539  -11.00404147394033
-4.063649847204974  -10.16013279653961  -12.08731831222928
10.8384176687333  11.6259617039972  11.51596908511218
10.63233770972415  10.8918428594481  12.09461613865405
11.1627976893119  11.21585258789079  10.71420855032898
-1.190711791558915  5.691896510123278  11.43192424736889
-1.303616136510228  6.10228774221051  12.28928268204895
-1.972219837621609  5.150612822151476  11.32017012854137
11.82532568457695  1.039239578768349  0.9600113092275958
11.44170046403487  1.231034892903936  0.1042788232019277
11.58426416289281  0.1290980791780159  1.132532709311137
7.223893543315739  3.72221585994507  -4.053469463283056
7.614191984875976  3.513441395156493  -4.90218154011942
7.237768438507695  2.894554287649606  -3.572828590043155
0.3903380739845335  2.055491286438836  -5.717911683225346
1.238202052845733  2.361293347663912  -5.395663932728697
0.2328261194871609  2.573102090666743  -6.507532402011877
10.65345261981104  -6.311136639654097  -7.596458276666771
10.36344424142349  -6.446411588191894  -6.694334300284856
10.27908721227004  -7.046406993511487  -8.081700369209335
3.150809325786588  5.47496608970244  -5.603879989243849
2.608626826385493  6.201281930546542  -5.296089026605067
2.839883808675711  5.30326322775495  -6.492741783905075
10.00432544850904  11.50048668574286  -2.264210569168212
10.09942103611454  12.44946022737392  -2.182737343491538
9.54881694278477  11.37554252044273  -3.09675654193506
8.226158867187321  9.326881347002796  -1.267599653291244
8.818089161549398  10.0393152012063  -1.509029498176182
7.679080847435939  9.196504324724502  -2.042157147843295
9.704554057533752  -9.301452660067111  1.632858487561609
9.678857053080691  -9.217314790285949  2.586007123835525
10.16777286053025  -8.518462948226274  1.335222314185627
6.026314143210502  5.912748007913194  7.650036147957239
5.155834467245025  6.061902734816846  7.280915786593446
6.225283165936299  6.71762405277701  8.12838510050122
5.610972316328726  6.615845295282318  -5.543609574239182
5.481473739450065  7.424778889279124  -6.038673609581898
4.906582541811408  6.038666864218893  -5.838451810478505
5.53192466468052  10.33266419271867  7.521326931843608
6.288918661064039  10.63416135885301  7.019040770126733
4.802367404244711  10.37228341709545  6.902935178336836
-4.020710194436401  10.51473696182361  -7.898191718693744
-4.637573991931125  9.812332063263952  -8.103954333907936
-3.497541221137351  10.61528255491691  -8.693438000726383
-4.631947635920622  7.405961465182651  -4.541407760319842
-4.863645816138413  6.655877006857501  -3.993757234288113
-5.329528369601683  7.45023229400304  -5.195359634476151
-7.515102981464377  -1.574163110301173  4.705402732893762
-7.470499287743364  -0.6961593275728797  5.084020888852044
-7.764968255063654  -1.429555254701771  3.792775890669569
-8.241628895388711  10.31555041333034  -6.573125944586446
-8.866184664554583  10.54497178962266  -5.884992408634473
-7.410679436925184  10.19660648364681  -6.113118141315008
2.703870343419992  -10.42179591092949  -10.31509876388798
1.80208122446839  -10.38489892239969  -10.63391977508067
2.967613141984516  -11.33258662885164  -10.44598743548416
-3.114689617179919  -9.001058171243031  10.90842322757781
-2.691863915195984  -9.528743189435897  10.23092873511563
-2.418185141291544  -8.435177271731407  11.24142797624572
-10.12053195934582  1.114961108378813  7.641323912450288
-9.929639517477723  1.761024460690098  8.321319545111219
-10.6251027366518  1.597613967088167  6.986582445405067
7.243977035354215  -3.39688618717134  -9.78299815318821
7.066668967903824  -4.035669821912697  -9.092527909655855
8.009747054850671  -2.913921052662522  -9.472236514485367
6.024507961514702  11.35051687341541  -0.8276879943907376
6.868326495030394  11.32321329912904  -0.3766263164279391
5.766604228064289  10.43240433329184  -0.9100704436149383
-4.391978020752654  -10.2566012042843  -5.121045609825828
-4.092645350212889  -9.865629770868539  -5.941882457561331
-3.829837154064751  -9.867722123133648  -4.450969087148903
-10.79501391829836  -6.887685919129925  -8.628101662669581
-11.51167301236594  -6.732470923366551  -8.012845709443271
-10.60597954961585  -6.025643778087253  -8.998751355133194
-4.654532775212219  -11.74465648948904  9.039942195237074
-4.923734232686921  -12.15768869350984  8.219474759115926
-3.850407249874666  -11.27456106478885  8.819433077111409
-9.626571093568764  -8.052105637762805  -10.90355504930963
-8.822631108465352  -7.533753371697449  -10.93853030651864
-10.20995917338238  -7.551953793268106  -10.33282015395108
-6.558897933003878  -2.499010525523039  7.385842578579341
-6.424131519761554  -1.713174761905775  7.915495301107857
-7.126665203500153  -2.211940369779843  6.670676239721879
-7.15053343383458  -10.92180100153534  -10.30513523866648
-6.351688232890884  -10.84765733851054  -10.82722804857914
-7.091252889331146  -11.78565284407881  -9.897118509625098
3.468111782352313  -9.045746501591243  11.05791151581803
3.378683326671298  -9.723112051895889  11.72829223046829
4.26955254263521  -8.578685401508702  11.29408618962294
-2.59479418498656  4.906228122459962  -2.976894752342664
-2.131916683675675  4.077104916224552  -2.85635028891897
-2.172424364352799  5.308761968952136  -3.735710986384885
-11.81918121604222  -6.121388652617128  3.278875768388616
-10.93648037582053  -6.490915452833627  3.256050111910109
-12.01526181654405  -6.025694090917077  4.210877264614817
3.267045500003883  -7.746999876971056  -4.80475427295447
2.512358153546883  -7.173918851518845  -4.669635853172653
3.117813707370202  -8.48400797209902  -4.212486782893444
-5.404524089174583  1.788458538105983  -7.47357278824037
-6.247130079345788  1.429020377230656  -7.195991820171293
-5.297037805103785  2.581325946256787  -6.948177877883523
6.007825462451677  6.655913421205184  -9.693776111190664
5.147887198997801  6.34631072417805  -9.978177575746415
6.464703787055306  6.874894549380351  -10.50589759348904
0.7268570293279439  -1.57788985896829  4.031308924768691
0.640217206108321  -0.6420054184124988  3.850075111814138
-0.1689912230113743  -1.875636488850194  4.189532479192672
1.968915515887485  3.225275036937204  4.551311022861825
2.443940551641465  3.566041547919122  5.309243236453608
1.939737015545715  3.958603543943597  3.936811424872062
9.460792956757359  -8.382315456162052  -9.504127121180986
10.03927461245419  -8.984494693326232  -9.972070472827982
8.945765600955879  -7.960929112670006  -10.19217669228363
3.134688290939406  -0.6440846294389626  -5.338030047482999
3.49357110790786  -1.477189068210011  -5.032461793594013
3.6000717486039  0.01909398546304293  -4.828280891457315
6.915785685865905  -0.5550499926987565  11.1811748192624
6.531580785774588  -0.3913724613927687  10.31988038616104
7.711230583372324  -1.055011906217165  10.99804279021775
-10.4460480723618  -3.183137275048725  -7.154522714158593
-10.7227436049801  -3.870969384161251  -6.549082038367072
-10.66900540313056  -3.522466188505766  -8.021343201427172
-11.5230270326951  -1.297499248244834  -5.451467798605671
-11.70863958352525  -1.827689462312731  -4.676433503957387
-11.18292936605172  -1.921152935583486  -6.093045148122183
-7.561237810372154  10.55844926869547  -9.44889411729346
-8.222941869213646  10.08672993205626  -9.954720615169331
-7.916015162011703  10.59039971230011  -8.560443758569296
-8.176038900747862  -2.985361760018152  -5.115962909276731
-8.975607367515723  -2.90899690009085  -5.636626442778721
-8.166704605939781  -2.196807882260427  -4.573443330999883
8.090315836606941  4.085035088070473  -6.617239124710219
8.805521950195141  3.562710488249761  -6.980404469296122
7.301892036959067  3.575695805959441  -6.804837759693068
6.87212204919521  -4.576758340918247  8.409940026239619
6.448225281044867  -5.117475926689087  7.743480828396382
6.630477535843355  -3.679475235134901  8.180325572768719
-9.302185433077469  10.54365037677832  -3.876485417314086
-9.599894021533123  10.05877086114529  -3.10674955893199
-9.560732776059126  11.44909190740388  -3.70455302927866
9.421409883608717  -4.9406605899961  9.382559701068233
9.365969971276146  -4.864173103081981  10.33508682428632
8.524644120342332  -4.801693613256746  9.078041745589116
1.944586275763977  5.351099990040969  2.949124207056438
2.753682161010908  5.578988439504561  3.407013432827874
2.163669267750261  5.430634718394256  2.020733820630498
-1.746547022740789  5.325953600649621  4.792402605185426
-1.125559302080605  5.886125464117002  4.326770159828842
-1.355413368619054  5.201006497628318  5.657061223404178
-3.628267419208413  1.25079688786646  9.480801849234712
-3.361742868096917  0.3503502410991819  9.666253567965979
-3.733545976428434  1.652381501639085  10.34328550900501
-6.697877653989193  9.944060047473709  -3.582290313312005
-7.592797874825979  10.22614286728426  -3.771443481684002
-6.156265515213041  10.43206026798019  -4.202567602849475
0.8345211608437229  -4.128950772348131  -7.171650500929178
0.3224835444924789  -3.484642382213654  -6.682860139072835
0.2187397435925509  -4.83985090193101  -7.349600190243835
6.348405861104679  6.067928783436233  -0.4049344113059697
5.97042587648846  5.748271997694951  -1.22419170334497
7.248339259727721  5.741901177815609  -0.4125316750281668
-7.048611746298876  -11.64276065252252  10.48595766841366
-6.323608482914064  -11.43666771802358  9.89593410072251
-6.869119401680488  -11.13090092631429  11.27463628414342
-0.07217846863132946  -10.93742888772492  0.6923035806680925
0.1488917850319762  -11.19552552901235  -0.2025404877043733
-0.5823629078677011  -11.67140916246095  1.034672729773983
-0.3118917171499894  -0.06650607570181689  -2.05458649818355
0.4135008963619304  -0.2753424128683082  -1.4660078878508
0.01645602387014078  -0.2844781727532242  -2.92688677095319
-10.69092571678926  -9.264003968164197  -5.422772668038001
-10.14634089191792  -8.477512396449681  -5.38975424678738
-10.26997722047805  -9.820029739751101  -6.078417041753288
-9.383934857044625  -7.097292231391941  2.971694974034474
-9.274588163309556  -7.630573507911621  3.759023508181909
-9.178236549416873  -7.690754310544934  2.249391155100581
-11.80023155502192  5.109168254132199  4.144586992290028
-11.62701911968519  6.017756129678446  3.898218640720518
-11.82545195013345  4.635681230270974  3.313078838448194
11.89979227843321  8.75472713481742  -4.397008355135535
11.082060028291  8.369828471526723  -4.712284148805778
11.79516550968301  8.795179052267137  -3.446403957062638
2.839251185962662  -3.644362580499315  7.743925155092489
3.698018084345899  -3.260302710769546  7.567150522567379
2.449774014610257  -3.769896349773571  6.878604032175033
5.857314719645387  -7.574832913389136  11.5801420539785
5.819811100395444  -7.54673213517853  12.53619417850264
5.935350046558125  -6.658120035013142  11.31598333961681
-7.536216986602065  5.652304645079362  0.606549296574602
-8.162286629527031  5.300339336908941  1.239312335991654
-7.411209371781927  6.562923294101671  0.8737170571479269
3.103669723867964  -7.121850857101046  5.997712859217222
3.426269170858281  -7.850551237596752  6.52795543791772
3.799003601412565  -6.465601459230177  6.043312930849956
-9.076051535607483  -7.251433157888133  -5.474434386382422
-8.31176442050764  -7.821880483449133  -5.392660952721722
-8.842424932233392  -6.635243641145035  -6.168668446085482
-2.416829642826063  7.227515211981968  -1.2669210409027
-1.960100079661682  6.916747558344531  -0.4852219865445951
-2.119174915162212  6.645463350912955  -1.966098510595092
9.811383646217861  3.907750058721649  7.966816431767757
9.629526648380073  3.814162239218887  8.901910647543978
8.951718886556202  3.857164638002144  7.548905608497419
5.224431392592932  -0.4239738415440643  -9.385617184647842
4.789192765796325  -0.03265841651689359  -8.628206189295907
4.842015684300524  0.02403492652898814  -10.14012245950076
-3.562113505972035  9.344695041449583  5.784702571394929
-2.993816348369222  9.396389890977515  5.016198945383413
-4.035502211038548  8.519612986337638  5.678050912956347
-11.07256281148808  -2.375613483843585  3.07912988517254
-11.18326795746018  -1.75433163544602  3.798841685483609
-11.82439835309405  -2.217825268939658  2.508097453855824
-3.280619944576247  7.307162303902494  -8.043039095282975
-4.125509250901771  7.681905840993046  -8.291959125544977
-2.879842671324643  7.970728038377451  -7.481532253583143
-1.820029881538546  8.576776155919614  -6.233920403404715
-1.049652558074996  9.049085757102564  -6.54963270934723
-2.001948105291292  8.960540525375524  -5.376096115684466
-7.720773110065984  8.636068373198993  5.628906661996495
-7.168745186052285  8.885503290313967  4.887772913451084
-8.582834855270109  8.478690823415507  5.243791491846364
0.7077191442722967  7.497422448970063  11.30846965014162
0.08646492465125734  6.784375155578655  11.1606907883574
1.192057218812943  7.235336166235657  12.09138679132115
-2.939422758719138  -3.143976845413466  -3.844223142661669
-3.666160678322783  -3.401094449093901  -4.41165100070866
-2.870274603298099  -3.854132743738193  -3.206156553130084
5.68527546843449  -1.400711267593614  4.623084182777116
6.577889790459525  -1.458786225906549  4.282351426305509
5.299119152439954  -0.6578885128587221  4.159048090791165
9.266599854767584  3.42477591757093  10.73365418783134
10.01231540898058  2.84818133882014  10.90002378829972
8.528562538338523  2.99272544882024  11.1636136650039
-7.838433650127344  0.6240369833356479  6.511384302627056
-8.659054825289008  0.7449494686873699  6.989079705328777
-7.155855231314517  0.7633806329954153  7.167815479118908
-6.279764780059875  -4.474664438421811  -3.881835554299543
-7.095401469370804  -4.117625520896008  -4.233249615517799
-5.591275190749914  -3.96143839262204  -4.304698358675306
-8.189657356315807  -4.675935999397141  7.361829288467244
-7.502277294399894  -4.012149443042346  7.305901673793296
-8.783529389222521  -4.467794802274269  6.640562978016309
-11.18121817288404  5.559633669941663  9.273200321216699
-12.00728026637144  5.845579230333103  8.883215200736903
-10.58118130988338  6.291049862933219  9.127536476457399
2.158774487849327  -6.019736471699018  -1.215519290633063
2.401974529488658  -6.384330833617391  -0.3645454185288943
1.395440716263669  -5.471926572231872  -1.032604810061929
-4.229583284557349  8.99612827574227  -0.4081575555221331
-3.569773977798345  8.492447844354329  -0.8848015964489674
-4.716238443227861  9.459672471804781  -1.089718539467178
-4.084378615784304  3.454311377731575  -5.756309232872526
-4.711509324118378  3.84516112267151  -5.147888825962311
-3.381214900454159  3.124190382496004  -5.197012569242406
11.40185505161288  1.633723074009932  11.06443131686155
11.02194845941649  1.148881129451631  11.79711891058937
12.27678519455642  1.877983903550968  11.36620230970332
10.3787088561076  -1.217253745735348  -2.09307873713888
9.864915912315945  -1.382207910595792  -2.883672674887643
11.19284929160438  -1.701507619893689  -2.230575561290399
-0.2000320679848054  -11.53371153158513  4.414485932389202
-1.031771815148661  -11.33163049677374  3.985995455998695
0.2852445268221001  -10.70881446126238  4.397654714205105
-8.850059138929149  -4.534344881338579  11.45190732816942
-8.238993711876986  -3.90962368960503  11.06132530546411
-8.325520989156132  -5.014559779433823  12.09259853388405
-2.293448983501667  -2.62379885319609  -8.368257492927391
-3.051005567959328  -2.310525909955173  -8.862423380436853
-2.633528985894641  -3.345785950982024  -7.839757670218773
2.586761246169166  -10.56363706362095  6.274267373270288
3.506929545686481  -10.32665174438983  6.389853267878324
2.291857914116586  -10.0285299047458  5.537433475254693
3.489577591372921  -6.120676233497096  9.122386669709268
3.099601805346381  -5.330108766994286  8.749353417544915
4.082173180366567  -5.798467792147168  9.801536158576134
6.54796896731029  2.029375241515292  -7.716231879265813
6.559977768845036  1.909402230904454  -8.665807629488338
5.653020187417073  1.809113722949266  -7.457807064655007
0.4505668864451118  -0.4282477196383714  -4.556302938568772
1.295692695100038  -0.6635245613457716  -4.939237678833414
0.1901441683722635  0.3675513604689684  -5.020108578909488
-8.035378342961913  11.63568025002356  2.933990386012682
-8.282141516816719  11.42863493951356  2.032618090329639
-7.497005232873466  10.89455376742566  3.211691252280238
-6.965779253905681  -3.031031686025671  -1.604742096064962
-6.630705668410392  -3.384659479221323  -2.428698961551806
-6.742266442833436  -3.69333046183037  -0.9508046412161202
-2.975709512245881  1.409143126628593  -9.218938716090893
-3.696163479545254  2.012661921436634  -9.037436690438165
-2.502025440836224  1.812711416542903  -9.946254243127413
-1.284579305620205  2.387426705912505  -1.452328516185763
-2.234819173603238  2.280114634960365  -1.494282690275472
-0.9366577322095696  1.510498564606566  -1.614129176694858
-4.628768507337672  -8.908152045117843  1.267494560817757
-4.429424257389861  -9.739443686108846  0.8368579185876408
-5.483954544397196  -9.04759878346276  1.674241766319394
8.175736711797802  2.761089644628511  0.1650966329069991
8.93389357808999  2.343361078742336  -0.2434775358025371
7.470392012141841  2.120534377555995  0.07339251907944007
-11.25178335138137  -9.794836458829819  -8.582430517870826
-11.6074029755157  -9.730361858459247  -9.468776696763483
-11.09919953727156  -8.887489663695131  -8.318476330500159
-5.147411230106026  -4.37743364517177  -11.19665039318929
-4.398649281927451  -4.864162764343991  -11.54115315008633
-5.258910747954215  -3.646628983903778  -11.80469993441813
8.311274740021764  -1.494408861019183  0.468811709947852
7.901709889429003  -2.357388013985728  0.5300934748055417
8.496434725780889  -1.382307361248085  -0.4635942496120122
-3.379964306526761  -6.815949717384591  -9.290799731409312
-4.265302770136866  -7.030109343322796  -8.996617305913654
-3.460573586338801  -6.712545826320977  -10.23897778395065
2.47706345954819  -0.7103125565010212  1.927646407056714
2.686097721557421  -0.112768569552362  2.645614164666871
1.980684185134963  -1.417044070887365  2.340405443912581
0.01924128307467702  7.402626021994235  3.959387817505129
0.6686526932208623  6.8570186002438  3.515755986249993
0.5110661739319938  7.848173799336248  4.649190176763765
11.79337068015902  6.507069571744725  11.60981392981689
12.24965066602628  6.177941190193234  10.83540129888021
12.14523296721091  7.38775987536718  11.73946484595711
-4.591392335190462  -10.65700405372034  -7.869680045318209
-5.451150035118109  -10.24490690593504  -7.784683114771588
-4.774638781175125  -11.59649923480725  -7.870856798674946
-1.64629222045381  -11.82567806020015  -6.525819279244905
-1.107078444020092  -12.37111937847978  -5.953129038698175
-2.381970251027961  -12.38753621508306  -6.769386701372979
-6.600298283923172  -4.845649419276846  0.3292811490340808
-6.835271106344838  -5.06651627695724  1.230523316213127
-6.61335394610269  -5.683038060889276  -0.1342289938792585
-0.8539119276955474  -2.528744342917504  -5.520590379658314
-0.4536552892144857  -1.71686690911072  -5.209332454735668
-1.505876311005942  -2.745751689117803  -4.85419553079632
8.235763033640701  -6.349409563650167  2.69154793117757
7.442340020837794  -6.621764799111189  2.230533410287253
8.945378604882833  -6.529361712724331  2.074867458733133
-0.1273618425756609  -8.994338075669127  6.915051159394829
0.2121862656734705  -9.886364202081735  6.842744092093267
0.4151362455478533  -8.58495319257448  7.589092465158737
11.86751061293676  4.31585938975313  -1.083376212784094
12.08384855759277  5.199207356321213  -0.7848362595750661
11.02352793545713  4.411650165414219  -1.524680198051116
-11.15366388658409  -2.351440037099641  -2.339408349745322
-10.56820771149777  -1.612429459093931  -2.174071503733999
-10.57058212678581  -3.106332792996622  -2.419310968505979
-1.002549730167833  9.682965437289367  10.92905399624609
-0.3877024930875183  8.963269558544372  10.78681280259188
-1.592188461608612  9.647272034655312  10.17587142382868
6.226735090042503  8.03017701016314  9.198085312655939
5.957990855656795  8.778996094746013  8.665846310844811
5.433902425988951  7.773633751079299  9.669077630033186
0.7733650963033482  11.58044120152661  11.89299060724252
0.2717151916697956  12.34295308500032  12.1813564178764
0.110917636969174  10.95174387715104  11.60639877563407
-3.203721828235935  -2.231465709756265  7.485612251743107
-3.645444644950325  -1.574002683412523  6.948159777393204
-2.374952485175108  -2.39270052625959  7.034639359043705
3.242269472678118  10.80284461136115  6.281992059865961
2.954717681619422  11.7091181134312  6.17147442821998
3.386921631868633  10.48651998832037  5.390226212964641
0.300830896945942  1.140630455296817  3.732391175103611
0.7632689929966314  1.948039462492553  3.957054350591293
0.1530319039612439  1.203341016021656  2.788752111029701
-6.003891701649658  -7.149175725972291  -8.613784954563114
-6.497741525971584  -6.641597180033706  -7.969806530452434
-6.277824644461699  -8.054517149780816  -8.46698751187869
2.437286578592336  -11.27060555323945  1.897526013740711
2.26325426732134  -11.21348667687776  0.9580144232870044
1.917842660994725  -12.01842283686858  2.192787197739571
2.205413885476282  2.379196305953724  0.7057331496172075
1.394802976765985  1.876142128225626  0.6277697675062794
2.394864265458841  2.668870831911094  -0.186695594056951
4.397394957680453  -2.285067771066119  -0.9896120529954348
4.71913770324826  -2.254018359028089  -0.08864069957370559
3.50342846839054  -1.947005315704386  -0.9369857069179802
7.268171782243777  -10.57670680414353  -11.18314702191755
7.029354372620723  -10.53159442306433  -12.10897797729456
6.436447720969809  -10.49482857815461  -10.71649631527838
7.418976587832075  4.11637589537951  -10.21978791461655
8.309628943149104  4.455603825920432  -10.13093616669253
6.856207726731236  4.864189186846508  -10.01904347489141
0.569264418945682  -11.63843596887152  -1.823381767544473
0.5758404378897704  -10.79491992124948  -2.275785650572611
-0.3499314716350779  -11.90545434999157  -1.826837036488124
-5.091333072502029  1.282187770272133  -11.68595518488343
-5.449220382185147  0.414275061004902  -11.87270647044847
-5.598305827955925  1.59467067265162  -10.93657884355154
-4.161488909153793  6.770697201028118  5.431989932146274
-3.279811533350355  6.454584516975118  5.234633361500217
-4.718229150721051  6.356011013808764  4.772969818986512
-9.610467525557729  5.597559689122278  -4.13146608859562
-9.130767631500326  4.893678402881568  -4.568124978945332
-9.406716841588933  6.380315746548477  -4.643335655326091
5.137106169862747  -9.672693021598203  6.063120996527498
5.293801984255451  -8.963024983313984  5.440184774118144
5.215683783031975  -9.259134811853391  6.922787795852268
-5.668558426313584  -7.955548000791817  11.33968157818952
-4.914877914194411  -8.513353415578948  11.14719613747792
-5.610603250923414  -7.245003953027167  10.70093264955502
-3.82732044713054  -0.4799184477026761  -6.352057142948701
-4.360448834881157  0.06901020905105394  -6.92710782938336
-2.974007661519334  -0.5218496475359053  -6.783717778625606
11.34188386717324  -6.186876245183057  -3.043628584264468
10.70971304424461  -5.662862707426769  -2.551691898413661
11.80838356246429  -6.689444288814392  -2.375769889768446
-11.2801583063232  6.333233244112566  0.4999173665534383
-10.62301401482088  6.538170569578463  -0.1652096234092339
-10.88395667346131  5.635394045978817  1.021718631083928
4.249418861996022  7.452598365425004  -3.342688121690836
4.769133772359647  7.195143219553532  -4.104163728529315
3.657514828203586  8.128239150528632  -3.673431200658178
-1.547961740934619  9.60358025781272  7.776104257704951
-1.293646316610259  8.758512709738524  8.146801363362101
-2.121263856159441  9.381111915414012  7.042575552534447
0.9069264240232733  -8.413565073583666  -9.069818030127191
1.837266077543373  -8.46709674191306  -8.851107423219405
0.5617735849206693  -9.282468809873935  -8.864616532276365
3.127540363062675  -1.464973018810172  11.74884781933036
2.652326166117542  -1.637342775798795  12.56167742871814
3.96198067405773  -1.92123285581274  11.85732900905866
5.622533538012815  5.647101804152324  2.215531660292589
5.288110604193123  4.750292649782947  2.226778080821417
5.719381689047386  5.855481969953883  1.28632232858003
5.319222678855155  11.91195020763399  -7.467685251037569
5.536466408387326  11.81104165280443  -6.540941238086225
5.870746061505931  11.26993325440222  -7.914751275414779
-4.341231132205935  -1.093082367690111  -9.692430270882845
-4.158988260181134  -0.1552187614253575  -9.751006986736703
-4.825248654770282  -1.293992931115864  -10.49342579106671
-3.866550618502173  -6.528450533846261  2.341620453039211
-4.24721794164437  -6.603001681105863  3.216701223902125
-4.182708940187237  -7.30248929594635  1.875637888562979
-4.809815501357784  -9.870679946514926  4.857551230910625
-3.987153356065654  -10.01188684908648  4.389022207936063
-4.972461271961004  -10.69756246226435  5.311471376368824
5.097953702833837  8.82167790759506  -0.3650336654378674
5.490092472804113  7.978500517070461  -0.1380735077133668
4.224004738326979  8.600973951698101  -0.6871125552906862
-5.493725295860654  -1.376164692584481  11.58798483716315
-6.061847420282192  -1.863040726703037  10.99097493846485
-4.645922843773477  -1.349706601784806  11.14440529337623
-2.567843772015622  -9.378484824013288  -9.347401413371342
-3.362735160967131  -9.872510726159067  -9.146608167021297
-2.82968119442473  -8.460998973221999  -9.270637373457204
8.075234875226718  -8.212603855656916  -1.837977191668317
7.747755852291758  -7.32468715356741  -1.694473673634577
7.515569481529639  -8.765805710558505  -1.293023803908101
-10.11746887377932  2.083678705651343  -11.7539684808841
-9.523274399237826  1.614726517229977  -12.33984270919524
-9.624948759087342  2.858179071860861  -11.48229779905565
1.637987804961284  7.109620713221534  -10.07443601622278
2.126655809586854  7.828342757345661  -9.673344948576919
0.7269556616217787  7.403088457149731  -10.0630800893156
10.79044865039152  7.87486670705443  3.083730037131118
10.96297206632271  7.981349906279524  4.019213248759326
10.43201156897821  8.718583807700938  2.808237473266756
-4.072840156248523  -11.13761166721595  -0.1996067192399985
-4.75123970362952  -11.44882998229406  -0.7988971784275294
-3.270619893117112  -11.14270795347204  -0.7217642790701383
6.432253868874036  -5.242578894280422  -8.012079971378054
6.9452584595631  -5.510312359021287  -7.249599203233835
6.185741942014305  -6.064558423625352  -8.436124029529788
-9.030415198731225  3.172191444589304  -8.4571422663918
-9.797927208098155  2.941861945799016  -7.933591430785022
-9.377875074032556  3.709978316965911  -9.168681973614785
-8.333247530089311  3.408669788449018  -5.044737419037193
-8.938285303704612  2.667492068173948  -5.016159114915167
-7.558998101054616  3.104835846204609  -4.570971023880604
4.227852680975172  1.819688439088396  8.600819421988774
3.683695823323551  1.576345436577374  9.349758229502202
4.721248909346726  2.583162842146706  8.900650770755847
-1.964809548575405  9.29319331076881  3.657796206668053
-1.233030611836175  8.708442137689557  3.85476699974977
-2.534982005710651  8.779734942409069  3.085523795061735
-9.082106301403382  10.92161397451653  9.337740990972085
-8.423185729145395  11.39900525806742  9.841876966523172
-9.882255191277025  11.43693324689959  9.439915555050321
-3.929342336251788  2.217501450538766  -0.9873347213099934
-4.499717513667389  1.550682681590876  -1.369769979055592
-4.525292392847673  2.805924576389408  -0.5238332703872145
-6.681724492964127  4.651362363184522  -7.075917958733288
-7.479155838325862  4.182762916559242  -6.829443521809178
-6.772256611520491  4.800615703096532  -8.017065777109769
-1.575598715620542  -5.982764739049129  -3.759871766267855
-0.7634724052604613  -5.90468379406806  -4.26045748525291
-1.297712675709472  -6.295459006190246  -2.89892258999807
-7.590611760888285  8.260270629890375  1.308602432600555
-8.51466436696659  8.466537004087357  1.449360395343435
-7.307010322641726  8.877386341022914  0.6340875971092499
1.622195515266079  11.36725099936975  9.265810491452543
1.124151369379288  11.60532707592891  10.04779748016661
0.9967427739900517  11.45603391942442  8.546673299022007
-11.14976974809401  10.94065951323859  3.306835245136043
-10.71890954673527  10.79557751867306  4.149178727177661
-10.87514934801627  10.20010128111421  2.766105200942121
-2.92845252129007  11.37378768733231  -10.41040528809974
-3.562356456930515  10.76348870943551  -10.78714498332401
-2.08522565120283  10.92979134783435  -10.50022475188843
4.359819710401626  11.74532358511397  9.401121464264534
3.432648266351519  11.81002561130404  9.172214056903092
4.732878133957653  11.17197307443116  8.731548134065624
6.861592575719098  -1.58698390596041  -2.484292840467486
6.791705031792176  -2.192993840974455  -3.221923866027105
6.102037714707632  -1.786469682669446  -1.937014412238631
2.470504135664806  3.143704559981018  -4.504855816686808
3.315961153649974  2.699696647013489  -4.570363403742413
2.648040882707106  4.040828348597566  -4.787488885077485
8.599874685227762  10.72303295489342  -4.512896161559695
7.953505709414945  11.37336495738111  -4.787682030277584
8.866494166076549  10.29175520906298  -5.324773860713536
1.694137845332564  -6.78669799898959  3.672956206747212
0.8942226385412281  -6.532726516458189  4.133245233343303
2.357031800549683  -6.849579644751922  4.360596623507909
-6.471403099210831  -8.511547771841792  -4.90848038721391
-5.957246633468661  -7.80621752576425  -4.515562822445273
-5.838048109571641  -9.212134108658473  -5.064275386379234
5.132134441347352  4.818960192981169  -2.648445360946556
5.770534764236687  4.598307523800901  -3.326670446975093
4.689475347696638  5.599995953901545  -2.980511479320379
9.525558603496574  -8.127814200509711  9.271976112975711
10.1621482663538  -7.642285726300488  8.74733572006321
9.753842146165191  -9.047368909667661  9.13582325398222
-7.94270338577046  3.315257759143388  -1.217838137616967
-8.255499409731575  2.926599408893959  -0.400932283692839
-7.778953389526559  4.232797177619791  -0.9998032911540472
11.26533565297762  3.095907049331766  2.468277545443295
11.419898279902  2.347078420857784  1.892432149928136
10.31421999797346  3.203601049580205  2.471862669777726
11.11291823414354  -6.503733932752362  7.996305263710159
10.48128493942114  -5.832627567450632  8.254931378883438
11.95549880370394  -6.172951082462315  8.307548785334751
10.98260772487845  -11.65609030406887  1.48200884243402
11.54136365565694  -11.9095257708852  2.216715664220405
10.67758253324118  -10.77654938647672  1.704717725839736
3.470422522898299  5.210536696070852  11.45664266955394
2.644233583530168  4.834194908792918  11.15331028484335
3.491299129642707  5.019328533408512  12.39431822422204
-0.6645182417261831  -10.21468450444316  -11.30016231824041
-1.277200561997483  -10.0991270718166  -10.57387126487975
-0.5799176250145005  -9.341883242941408  -11.68394941230813
-6.082089122980298  -3.860844666489305  4.744714325818546
-6.385968782760314  -2.957819367039915  4.652875875666547
-5.664683144883238  -3.887203055870498  5.605707545744269
11.38635409042399  9.979946192513871  -0.4098027424604893
11.03275770497553  10.4517722860516  -1.163846225062591
11.16424782820948  10.52870577258517  0.3423698252160172
5.431264028504738  -11.16401277917727  -3.133697468571716
5.732616198366756  -11.64728172064368  -2.364366694500257
6.225783473134599  -10.77471918819581  -3.498966126036075
6.20556515509583  -6.845468314502039  0.6117866662872671
6.442508365795675  -6.267867891682521  -0.1137941400065346
6.015082402032538  -7.686625892393854  0.1965733597319463
-0.5810979460064536  -1.900126984029744  11.15545510255565
0.2910104096806434  -2.040951746719882  10.78690762643621
-0.482488980740934  -2.096428927491607  12.08710614182001
11.60673994299404  -3.756874151067667  -0.1945838044216817
12.22997017744428  -3.390852857721296  -0.8221539819191095
12.14053258907611  -4.301553905331315  0.3838807288765961
3.619681706686591  4.061943536258142  6.753209078719906
3.401641146876223  4.983898896936442  6.889914847413574
3.128511915531569  3.596259742188898  7.430056683574948
-9.143854135388956  -11.60455304892203  5.324809843688207
-8.921445824547225  -11.66588397542802  4.395829272996632
-8.473444659400013  -12.12539081054896  5.766976102653858
-8.364980023703744  4.164332030580893  -11.71048368060887
-7.545115720289101  3.861363046547256  -12.100694083725
-8.457616120367042  5.066438465559288  -12.01684029236315
0.3655479761420367  6.646889202165384  -2.149950031367426
0.573100691177842  6.829265034277312  -3.066406667735317
0.1854899027473031  5.70705474708017  -2.127099927646464
7.680064018039454  -8.005555153281096  7.24672085946703
6.756873414393589  -7.884373611996224  7.468680277811479
8.130304981445329  -8.018143036971164  8.091325181061203
-9.964283761240473  -4.396674799263785  -9.660540820653363
-9.029993325575953  -4.193629636189703  -9.614650913505697
-10.16174162790416  -4.407779443501896  -10.59708709167737
2.487854479672571  8.056023492272283  -0.8920933442830632
1.887199214642741  8.447523813383141  -0.2579225540679653
1.917063477542671  7.639888360621311  -1.538050791870264
-2.345131846140948  -4.375932968756906  -1.169132821682573
-1.436244184288711  -4.473784421901823  -0.8852663896230534
-2.841468936182849  -4.280407060606844  -0.3562637461723503
-4.703729055260903  -6.438289464545791  5.066074927434832
-4.773212341490461  -5.770343108926191  5.748168453975904
-5.605846622857433  -6.718870621788411  4.912159533681927
0.664807594120856  2.565070960352408  -10.44323699920532
-0.1710589890913835  2.245449115972924  -10.78294389001643
0.9132268299638564  1.92512685895195  -9.776160339183445
-11.31292031563479  0.3600402619879343  -10.02872333343444
-12.22717355823635  0.61080236165785  -9.896468965787546
-10.91531488286824  1.118832228085219  -10.45577896449524
5.677370914889361  10.91336319756913  -5.019435832975818
5.497560334032777  11.58425170755473  -4.360794350694812
6.168444534821686  10.24015017250694  -4.548412730895691
4.479647282640043  -9.241668925566676  2.137042771738134
3.985326145555444  -10.05886723300768  2.200803102249726
5.224310237288196  -9.454888883568067  1.574685079975529
-3.090977728288418  -6.877375919113717  -5.540467397822151
-2.493187441229057  -6.602072823563549  -4.845422925663727
-2.758484443566505  -7.730678696382951  -5.818953350644631
9.113091152614407  10.23835671696047  -7.260747406053075
9.739179129648663  9.572483929213393  -7.545104779003186
9.574131126564618  11.06845471497568  -7.381624600391484
-3.992766607920968  -4.186196076514765  0.777220591461268
-3.772860930790916  -4.803529227614324  1.474911865392269
-4.825913481691812  -4.504078437808227  0.4292997224344685
-5.449361858602774  -5.967044281228208  9.220410070606508
-6.140017739163658  -6.53928073550078  8.886087269935921
-5.161250129870375  -5.467131899166862  8.456662021817788
7.989551706504647  -11.29034218949337  0.8240988005573385
8.557037577645751  -10.52301841960733  0.897623342195452
7.857812968860841  -11.57882351216979  1.727235153203425
-2.502530165094338  -6.79510264661017  7.398218156171238
-3.150780173292835  -7.499065657878284  7.419190653327704
-1.993273911257613  -6.961369956089919  6.604968454169056
8.375666022995693  -9.194666782789106  4.887710716603206
9.053324604923962  -9.783498142432798  5.219807564283408
8.000120322964996  -8.79444259211644  5.671941463506734
-10.49970106672747  10.75988263215686  -9.763836007693198
-10.84027653252329  10.73318757378024  -8.869672954354366
-10.64353655080797  11.6623580513211  -10.04858381071134
-0.7724464486402975  -6.00612430733233  -8.416509455476469
-1.657321639466149  -6.12185098477117  -8.76268148321684
-0.3676250759704374  -6.869568999027329  -8.499061018837914
-5.025288663319994  11.00574008170568  -5.25817706713083
-4.84209187798463  11.93681739346472  -5.132615061052791
-4.618716986068138  10.79228451003882  -6.098038978507331
-0.6174220299148084  9.324863358306894  -2.071950796001866
-0.3423257823448705  8.413390042364504  -1.973106024274034
-1.50588181154822  9.347290165590259  -1.716467892425639
0.3142667391288929  4.10265887994911  -2.897017147024314
0.7358689248821627  3.570757504442888  -3.571972229754012
-0.2479390564293472  3.488962832844262  -2.424223698245029
3.681945426675494  9.550879899967464  3.796611958925947
4.347241497822022  9.893945550567832  3.200022538054993
2.849161551427517  9.764597017983041  3.375865181642892
5.149591136314447  -8.192314897239719  8.246724267830293
4.595012942501555  -7.494756572282069  8.596134127779193
5.1747689968004  -8.849829436768731  8.941902335413918
8.593302526249369  6.575827962944145  -7.810582711421126
8.609432411606386  5.650487807920748  -7.56621155048014
7.684600596054179  6.844152671790527  -7.67458825314418
-10.25354081965475  1.270365761174414  -5.055638367934363
-10.62440647717145  0.4039885028916772  -5.223212084265989
-10.77920382276686  1.621507933410308  -4.336882900451427
3.617227638356169  -6.117959014160912  -9.046177722199277
3.172287924720329  -6.109416035467738  -9.893637165916028
3.662315438955223  -5.196918214354096  -8.789501320229091
11.57921955580147  -5.035768959788511  5.804348908214942
11.2261016671643  -5.388095138732484  6.621298025574871
10.97694023213818  -4.330707425812658  5.566904831440402
-10.91593539302689  5.258648785962757  -9.90285929205783
-10.59510887286364  5.944416491677859  -9.317176069011287
-11.28605907595528  5.732770369952041  -10.64747262992589
-8.665512955248362  5.014424452746598  4.248154601253243
-7.837621071785685  5.494864636348669  4.246129934112328
-8.706781055379068  4.611055414264048  5.115231416019539
-10.39501330724319  8.732251940072484  1.838047437986779
-10.88664303913857  8.217047616443109  1.198440877959389
-10.32279250510171  8.160443516793443  2.602279812860534
6.231059655393245  0.1073562660536902  8.735533848108579
6.63650082681625  0.2312986894848991  7.87734530694228
5.478563496133547  0.6989436558022496  8.733139983056033
10.95595100176995  -10.05844640032484  -10.87134132491485
11.27439841982877  -9.498276399712012  -11.57917792494701
10.97655478241334  -10.94268303584279  -11.23730976157449
6.624155314279395  8.637011940477224  -3.42857428041282
5.762881637547772  8.321768561004697  -3.154601461564067
7.196804070307433  7.874678340432244  -3.344000499239211
1.478788807516768  8.610190330482645  6.044158897670434
1.140045647272442  8.307451063575041  6.886675275944431
2.011222759679282  9.375625868148953  6.260617587175143
-11.94182426629779  10.54861099360497  6.852265998554059
-11.29887520926393  11.25373821187376  6.927392266368851
-12.7537754928001  10.98978512247026  6.602601355880446
