-93.687
27.3956
-29.1439
655.81
-302.837
-428.198
276.36
-42.0386
150.328
-327.035
-250.22
459.956
-93.0254
-74.3686
412.868
-165.804
-36.2369
-7.36884
210.646
-87.694
145.466
-50.7736
-154.49
-223.368
-79.3437
-177.545
122.377
-119.295
252.259
-125.432
239.522
55.5124
-187.95
58.3514
62.5507
-92.9233
2.24772
-347.145
-209.264
-152.667
15.1511
-277.312
-109.187
-203.658
-105.173
319.139
100.336
-2.70488
3.30006
55.8113
113.805
58.7696
54.056
55.5151
-26.6611
0.456735
-227.997
-18.8546
53.5276
387.794
391.043
-18.1772
-83.3969
27.5806
-18.6745
-0.0341281
-33.6456
7.4926
-22.9234
14.3591
27.6383
32.9205
-84.5565
59.2869
-150.502
164.034
-126.013
-167.006
97.5608
-159.591
-52.4582
70.4948
23.2754
-33.2954
56.2211
-49.6413
29.3059
-34.5836
-48.0509
4.65344
94.163
-39.1766
19.0091
64.8674
10.097
-267.126
15.3178
69.454
-11.7838
-43.8482
-20.7804
-21.67
6.66852
-27.7879
-11.1948
-17.5391
-6.78637
12.697
-27.722
61.8334
-125.683
14.0717
-292.523
-26.9288
-184.108
-228.739
-357.671
-194.832
-59.3753
-7.62872
9.16605
-7.22087
2.7169
-8.67643
6.05514
11.2961
8.9516
1.92444
-2.53759
72.9642
7.55921
-24.6859
8.9393
420.603
395.546
178.931
-41.1962
-11.0374
1.10354
-117.594
55.7888
-3.40957
14.7247
-15.8038
12.5261
3.10419
5.78816
-12.5237
-11.7803
-34.0502
3.02911
27.131
-61.5091
-51.7327
-131.594
-171.365
63.4616
-9.8013
106.792
-61.9241
-30.0483
48.4251
-45.0286
-5.36177
-8.75053
3.20917
-3.20917
8.75053
5.36177
45.0286
-48.4251
30.0483
61.9241
-106.792
9.8013
-63.4616
171.365
131.594
51.7327
61.5091
-27.131
-3.02911
34.0502
11.7803
12.5237
-5.78816
-3.10419
-12.5261
15.8038
-14.7247
3.40957
-55.7888
117.594
-1.10354
11.0374
41.1962
-178.931
-395.546
-420.603
-8.9393
24.6859
-7.55921
-72.9642
2.53759
-1.92444
-8.9516
-11.2961
-6.05514
8.67643
-2.7169
7.22087
-9.16605
7.62872
59.3753
194.832
357.671
228.739
184.108
26.9288
292.523
-14.0717
125.683
-61.8334
27.722
-12.697
6.78637
17.5391
11.1948
27.7879
-6.66852
21.67
20.7804
43.8482
11.7838
-69.454
-15.3178
267.126
-10.097
-64.8674
-19.0091
39.1766
-94.163
-4.65344
48.0509
34.5836
-29.3059
49.6413
-56.2211
33.2954
-23.2754
-70.4948
52.4582
159.591
-97.5608
167.006
126.013
-164.034
150.502
-59.2869
84.5565
-32.9205
-27.6383
-14.3591
22.9234
-7.4926
33.6456
0.0341281
18.6745
-27.5806
83.3969
18.1772
-391.043
-387.794
-53.5276
18.8546
227.997
-0.456735
26.6611
-55.5151
-54.056
-58.7696
-113.805
-55.8113
-3.30006
2.70488
-100.336
-319.139
105.173
203.658
109.187
277.312
-15.1511
152.667
209.264
347.145
-2.24772
92.9233
-62.5507
-58.3514
187.95
-55.5124
-239.522
125.432
-252.259
119.295
-122.377
177.545
79.3437
223.368
154.49
50.7736
-145.466
87.694
-210.646
7.36884
36.2369
165.804
-412.868
74.3686
93.0254
-459.956
250.22
327.035
-150.328
42.0386
-276.36
428.198
302.837
-655.81
29.1439
-27.3956
93.687
-376.726
-118.722
-99.4276
-460.955
-216.174
401.021
68.7216
-400.97
-76.9026
205.425
121.189
-252.44
252.257
170.013
177.577
-38.9443
33.446
-233.797
37.2956
7.31581
-149.847
128.626
135.53
-9.42986
-105.169
92.876
220.86
453.916
12.2789
-154.617
50.2537
168.238
47.1972
-22.7429
186.679
56.0413
46.0565
68.5982
-220.216
-107.716
-76.298
598.489
315.369
327.3
94.44
5.53511
-174.64
-45.3489
-9.29122
88.6071
26.5906
110.093
-6.76402
51.3505
19.0683
-145.559
-211.778
-51.5573
-338.47
-90.2162
252.82
-79.1665
-18.666
26.3498
-40.138
-37.0578
-7.17258
-44.4634
6.90852
-71.4996
-47.0111
-37.2496
144.484
209.563
47.6286
-165.521
149.36
182.96
-78.3805
136.316
104.533
32.7765
-13.3009
-48.7173
-9.9187
-11.1447
3.72528
-1.00549
-14.2177
63.4464
84.6068
-117.483
-147.655
-169.311
159.356
-255.459
-84.715
-20.6646
-20.4353
-3.97115
6.28973
-6.29653
-3.6466
11.5248
17.0127
24.113
17.8543
11.1907
-40.0009
-27.0982
-80.6506
-99.6496
-133.988
-90.983
186.784
48.2149
134.926
-3.05608
20.738
45.9978
32.9023
24.3609
18.2599
3.93356
2.83811
16.3286
3.06459
10.6764
46.5928
-41.0726
1.21541
23.4071
142.057
-32.1121
-146.071
116.106
235.733
-127.554
120.297
-3.56639
-7.87108
39.1398
-24.4045
-12.8676
0.988773
-3.35132
-5.02722
-7.67337
21.2201
-8.30364
42.0796
-108.082
-38.4514
-156.343
-426.292
293.429
-12.015
-13.4137
-69.7628
107.834
36.8498
-25.9268
12.8247
-7.39772
-9.02968
-17.1106
6.46917
13.2936
-14.2643
-24.0157
-12.6814
-50.2434
-13.5725
51.8844
96.7689
-298.78
-286.507
72.4227
145.677
234.157
16.7239
8.35454
-7.7526
-9.44742
15.5661
-3.22596
17.304
-9.74406
3.78138
4.70423
1.89801
-7.00322
-26.6084
-71.2258
103.423
143.724
266.003
14.8666
137.995
187.618
122.23
89.3475
137.232
-24.4613
11.7882
24.3843
12.7767
-3.38927
6.42233
14.4735
2.03943
-17.005
28.4995
75.0656
-41.9155
74.1847
236.772
174.308
-507.789
314.211
-274.741
-14.3952
-90.392
49.0757
-7.42131
-43.824
-28.1454
-36.4208
19.7785
-7.68121
-5.74759
-12.8155
19.7798
46.0951
-22.4525
256.617
157.712
-80.9488
134.418
-183.101
96.4924
-13.8657
-8.90061
3.75674
18.1151
15.8009
0.298913
44.0864
-16.0766
-54.6221
-47.3342
-3.26444
-121.748
-114.379
-76.867
182.552
-62.4053
-119.077
-74.1331
106.954
182.89
-36.718
-12.0639
-18.6158
56.3282
43.4176
-0.739526
5.46383
-53.5455
23.4597
-16.4512
320.225
74.6609
250.444
120.563
-44.3113
124.205
-278.11
-25.7782
48.9242
-9.93413
120.545
50.2521
-13.5944
-48.6367
-8.56725
-146.386
8.27677
150.695
-68.3341
218.746
-253.588
413.197
61.0479
243.523
-139.309
3.40395
50.1666
98.6138
-130.927
-165.005
-224.216
-63.1966
-129.196
-307.496
25.186
-315.61
3.84696
-111.219
-132.287
-227.521
115.291
-100.233
-240.385
117.046
-235.287
-62.1431
-107.457
-89.9144
-70.027
-197.571
-6.63992
24.3937
-174.132
-247.024
-130.163
-35.6217
645.606
-102.976
79.8387
-325.708
240.917
-87.6906
-204.463
454.686
181.003
204.965
327.028
-59.6851
-281.5
225.25
227.805
-289.767
179.242
67.0867
-314.681
-112.617
113.176
98.8688
-43.9036
176.628
-165.868
-161.177
202.1
-290.514
-67.5268
-334.622
-508.396
-262.846
125.758
108.196
-41.1206
128.976
-163.17
190.068
-126.502
-86.8377
310.113
-101.766
-43.2905
-46.806
18.7163
131.607
424.936
22.4047
102.425
-100.313
-8.66374
58.8136
8.73807
-43.9687
28.3125
24.4775
-10.3195
-0.724058
333.367
-23.733
-30.0737
-80.6862
-93.9974
-118.765
-156.033
195.04
-50.6264
114.878
-98.4568
-16.3713
-16.396
27.2032
-16.4717
42.6956
2.9312
2.9321
75.0703
-65.0452
-168.716
208.16
-8.64366
75.4734
-2.38987
80.9072
-150.672
-16.2264
-5.612
55.1378
-34.5061
-15.0807
-16.8987
10.3224
-21.2015
-13.4786
-82.4138
-239.327
-21.2246
-38.5452
260.519
555.526
-179.896
-63.7151
81.8583
19.8877
-36.1325
-34.2506
-29.3194
-2.36974
20.5887
-7.4505
5.13764
-56.6285
14.1158
-14.8077
21.1427
-166.492
108.205
138.136
-225.307
87.4044
-30.3983
-9.37408
14.3759
12.0235
-17.8473
-10.3624
-24.1823
18.2799
0.470067
-7.15936
-0.0210023
-15.7428
84.9609
28.819
-38.7169
-209.819
-511.028
493.599
-241.838
-112.986
47.163
61.4986
23.6624
-43.56
8.13884
16.9032
-19.9714
-16.1346
-5.23377
13.9637
-17.5418
-26.999
-36.9957
52.7756
130.141
-75.437
-251.453
173.995
210
70.6621
9.01415
-178.801
42.549
-51.6673
28.7786
-1.23551
4.18231
-4.63919
2.24509
-2.19398
9.9588
13.645
-11.7674
27.6463
-33.623
-169.039
78.1955
-159.76
176.793
55.4753
-0.195344
290.139
-92.3308
-38.5864
-69.5097
4.32069
-8.15264
0.0161133
-14.5106
-12.1115
4.51791
20.295
-11.2866
-11.2391
0.218663
-22.3216
-34.5112
183.03
75.4447
154.124
0.373516
-146.617
-131.556
48.953
81.5977
39.2417
6.3491
-2.75542
14.0171
-5.92681
-4.74668
-8.29412
-13.0846
10.3493
-46.2287
71.9903
-25.9248
-122.336
94.4567
-400.743
-276.854
68.4703
-153.968
-44.0723
-14.1308
2.19111
-17.6564
-8.66363
-9.61
-3.27889
43.1586
-44.2745
-12.7962
42.6494
114.48
-106.292
-52.1669
-11.3709
-269.028
145.797
207.971
-108.466
81.0619
5.73071
25.3797
-49.9781
-50.8461
-1.25653
29.6468
20.6035
77.7048
-41.6655
-39.0225
63.9348
140.774
307.757
-23.3465
-449.092
-20.0952
167.546
-57.5757
58.0053
2.14892
-9.24249
-38.7912
-11.8133
64.3871
-20.0249
-42.9441
92.3744
-166.152
-101.369
-93.1516
442.178
-197.742
6.0982
113.618
218.844
261.765
16.664
44.0181
-10.8956
37.6381
-42.1565
33.5384
136.866
-42.1867
-85.6489
93.7122
-92.6627
-350.876
302.053
143.115
46.2988
11.333
136.421
-221.851
-48.1422
212.254
99.0661
2.97597
163.279
-11.9957
-42.6854
47.2514
141.649
-88.1533
-354.905
-19.1114
115.357
20.2713
27.1024
-177.47
112.269
-87.451
253.376
462.255
172.283
20.8393
-20.169
64.8904
3.12152
-491.272
173.975
-99.1308
184.436
-379.948
260.401
297.856
-83.4008
-140.578
219.339
-370.265
-197.939
-173.096
16.7835
-205.54
83.4189
-231.548
-11.0727
213.075
84.1233
52.1158
137.811
125.134
-91.4377
43.9371
-44.6061
147.396
2.14479
367.262
-547.206
-245.553
-15.1584
99.0143
-19.5761
95.505
-114.531
-223.139
211.074
139.724
186.396
84.9464
-14.5927
205.81
-158.93
-48.4978
-51.1499
56.4028
44.7617
-37.8965
-14.6888
-172.995
-114.874
-171.649
102.066
-384.02
-102.676
331.652
-141.932
39.2716
-94.3289
21.0362
23.2977
75.8244
-58.2281
-32.5503
1.92698
-11.3642
100.363
95.738
143.533
-240.242
-25.993
332.539
-6.35448
-35.6042
136.93
35.3808
48.5906
-2.35782
-25.0606
-3.64329
-29.6437
-10.1895
-48.1454
56.3792
-85.3092
-142.919
-7.13735
357.84
234.455
-97.4792
-223.249
29.4486
10.5615
2.02165
-14.9659
-33.0876
-1.24487
47.8673
-16.9175
4.95232
-16.5895
77.3285
-41.1898
-108.677
-388.689
66.8356
276.186
170.009
-10.683
48.8716
104.288
-9.05479
49.6381
-4.56039
6.19352
-25.3623
-18.1153
13.9235
-32.1041
21.7868
-38.1431
-0.191244
-205.839
12.8963
-141.594
-239.769
212.51
-7.97552
7.36128
5.81791
58.6491
-52.7641
37.6569
3.18158
11.1498
23.1479
21.3625
26.3322
17.1805
-36.9433
3.68514
-77.6727
-4.35064
281.685
374.839
70.1304
5.22254
-126.086
-14.3154
104.165
4.9999
-4.91752
11.3506
4.2416
15.9796
7.81141
-11.0561
25.176
-37.7949
39.4375
91.1389
114.17
151.965
68.6261
143.815
-66.4553
41.2771
105.729
-14.8613
7.96801
0.816463
-20.2568
-14.6047
5.2504
4.42111
-3.71868
-1.71532
-11.5602
-31.642
-44.6927
55.2801
-491.309
-97.3379
-289.831
-204.198
58.9585
-15.3702
35.0608
35.4678
-11.9677
-16.5163
-27.0163
-38.1884
-57.2449
-33.3551
25.9933
-21.3844
-62.4086
105.575
160.627
-255.133
-122.121
286.823
-9.81979
-349.854
-141.251
46.4337
56.5393
5.56803
-26.3812
-42.0251
25.9572
17.3386
3.45458
-11.7225
-29.3997
-24.4167
112.735
152.384
92.2463
-380.375
74.622
-109.528
112.369
190.992
21.8607
20.6772
-15.6979
-7.08584
10.4325
-50.8359
37.5939
59.127
-31.7264
-6.1002
-92.741
256.28
-248.54
134.434
277.376
-214.159
-301.839
-42.3962
-44.9377
-3.64301
-58.0498
6.57501
1.6848
18.9711
-87.079
-1.42241
-37.9892
-140.78
20.7037
-10.8392
-86.2532
-50.4238
122.336
-95.7361
78.3848
-21.1825
156.907
4.02916
13.9685
39.7147
-79.0624
126.696
-177.86
379.164
205.627
558.857
176.014
-93.241
-86.4225
-92.987
-128.747
-95.2673
-147.04
317.049
110.044
21.0111
255.007
-218.948
0.4837
-141.413
116.316
-219.995
-257.26
-129.54
170.708
407.959
251.35
261.115
-17.0085
14.0528
328.85
117.555
-31.6742
-143.428
-105.863
-412.845
-369.362
-67.7022
60.7128
87.393
85.7758
-370.823
-114.055
-189.023
-34.1175
147.1
-81.1361
-62.022
398.73
-591.41
-182.756
382.892
-22.6024
-320.136
-63.8759
-173.601
-57.9136
15.3078
-57.001
144.878
303.08
-15.9523
-136.719
-372.762
287.846
507.727
393.137
98.2649
119.314
-4.82311
-37.8734
118.895
-51.6489
-25.69
-13.5659
138.458
-107.077
-63.3632
52.7341
-52.4762
127.221
-26.2425
-239.72
-65.308
-100.298
54.4538
-39.8004
-141.626
-36.0093
-112.312
46.2571
1.64478
39.5478
-44.2052
10.3124
-562.212
-13.6548
16.4356
-148.118
-164.58
20.5007
30.2766
71.1088
40.8214
13.2732
-3.37137
-65.4571
2.59353
-3.68724
-92.6272
44.4124
-227.918
222.609
-44.9576
106.75
145.819
61.8072
116.228
-41.6026
13.2139
-1.78033
1.86838
5.93703
-36.0528
-41.4362
43.4236
32.6289
-71.9033
-37.4042
-77.8139
-154.994
-733.986
-93.026
-344.832
-1.80183
-94.9997
10.7217
3.04455
-30.5263
-14.362
16.1666
35.8483
18.6401
19.0758
54.1878
-172.699
147.517
-155.829
-33.1491
-776.813
18.7647
187.402
-227.877
5.33268
9.43485
-9.43759
-29.5531
-1.33312
-26.4099
-14.8814
35.3238
8.15808
40.4259
48.1644
9.1657
45.4319
78.7523
-90.5998
-7.67123
301.345
227.736
-169.762
75.1157
-55.1395
-4.31097
9.26919
-20.4367
-19.212
5.62615
-5.29334
10.3106
79.9859
69.1134
-53.3366
-153.49
-86.5159
59.4742
368.632
208.868
378.579
-216.512
109.126
-64.4283
47.0943
-22.367
-19.7136
-10.6385
35.5651
9.76046
15.5688
-14.9021
-0.0461945
-129.67
-164.326
274.255
238.049
401.563
-331.824
144.626
6.96993
61.1707
96.5523
-40.0757
-27.022
4.64971
5.00679
-23.0902
-1.60129
-19.3183
23.5141
-55.0535
18.9612
-19.8984
167.039
528.57
377.217
517.406
-115.038
-253.12
43.8822
61.1068
64.1553
8.10781
-4.99231
-12.5281
-8.06563
-17.272
65.247
55.8672
77.3198
55.1905
-181.355
73.0783
119.263
-178.276
-114.229
-56.3777
23.3151
-0.856396
69.4387
-41.0964
29.2948
4.43391
74.7066
-17.3207
-152.206
115.78
222.794
-497.618
-162.25
341.957
316.333
-68.3736
14.8414
-46.2982
-74.1466
27.3588
-112.594
-20.9674
-62.0305
-168.14
-43.7302
-62.4456
18.1413
-13.2332
299.689
51.1281
-180.237
172.983
57.059
-89.7387
178.86
-91.5324
133.001
62.3945
19.6405
-156.821
177.819
153.312
247.693
219.558
-444.937
-315.029
-48.5312
-139.951
98.0817
-98.7635
5.10539
564.54
82.8099
-26.2869
131.415
-322.803
-100.907
-614.561
-293.558
58.5635
91.2901
-59.4311
-115.157
-268.721
201.606
-186.423
10.2118
-2.81314
54.943
-162.33
4.04352
8.18164
378.602
189.895
357.002
-262.392
-39.8172
234.127
191.227
-177.782
112.398
-157.739
-110.609
106.771
678.632
-126.227
14.6832
281.556
162.422
58.8666
-114.391
83.5952
40.2324
-176.349
-433.905
-6.94346
45.5303
249.273
89.1622
179.432
202.059
-119.089
-158.888
11.3849
-74.4151
230.172
359.015
89.6808
-100.249
-288.834
-312.935
-210.414
-28.9876
-106.217
-57.6853
-133.48
-44.9941
-23.2616
17.456
-113.293
-201.063
291.88
-249.103
-18.3567
161.033
49.8623
128.703
-127.271
-97.7853
-43.2933
22.052
-45.6233
-86.8107
46.9472
-36.2576
-33.9139
-85.4593
79.0718
-286.997
251.948
20.8653
122.095
-45.7825
-66.7139
-13.6845
-3.28032
37.024
14.776
0.408077
-68.9951
161.727
-15.9048
80.6551
-135.223
408.241
178.099
75.079
-33.2686
164.22
-25.4462
-27.48
49.0125
-8.60861
35.154
-8.977
-27.456
7.26325
52.7447
21.9347
69.6208
214.518
-230.64
62.7001
-379.58
336.666
-42.0658
-250.712
38.063
-12.3534
-5.17718
25.7656
30.8854
-10.857
8.3341
-30.0642
46.8625
61.1269
76.7964
318.269
300.588
220.885
156.768
-3.9194
112.024
-53.3121
14.4475
-15.9197
-11.9163
39.0915
-0.0316324
28.5004
70.0054
31.3185
50.4446
-126.273
-41.3388
248.987
-66.0952
-39.5628
-15.3046
-99.7694
-11.3549
-71.1398
34.7481
1.58445
-18.7449
-4.70591
-10.0043
23.8572
-135.524
-85.2678
1.17643
-11.0972
-213.683
-210.422
-25.1714
72.6563
-20.1485
-16.9186
22.0528
-40.7542
38.1416
47.9122
-33.142
41.9928
-35.4082
-42.403
-209.003
77.5021
-86.5471
200.417
-509.007
-5.02571
67.391
22.7343
107.936
-12.9521
47.3528
10.2165
12.5204
52.3978
-17.7563
-34.2306
77.7165
-64.3569
92.5596
-22.4653
453.083
-71.7109
65.764
-570.738
202.143
-7.5945
-35.8342
71.0985
-45.4913
34.8204
37.9748
-15.5539
-72.1107
10.8387
15.2276
-10.7167
140.749
-415.65
-319.408
-121.535
-27.0769
288.914
-81.8669
-3.50966
-119.791
137.793
-65.1144
-70.3398
-72.1756
-9.03167
83.3166
553.185
-174.666
111.494
-203.053
42.4579
276.33
-35.7084
-170.547
223.352
136.407
211.351
142.658
84.0076
63.0133
47.74
313.985
33.4874
67.5772
-168.573
-311.903
284.815
-228.413
-91.9477
153.18
491.04
-81.8551
55.7404
-480.953
-428.148
-388.142
210.246
-66.9625
167.501
-52.3752
343.998
-359.968
488.741
-113.493
354.978
374.914
-148.504
-165.391
-408.165
529.965
-85.6961
164.065
482.702
-10.5996
64.0729
-101.71
95.6804
-118.719
43.4082
52.51
23.1923
201.526
106.813
-199.978
63.7359
59.9999
-114.667
-426.609
-42.374
349.861
238.114
64.7703
33.6733
-15.9551
-19.7359
183.31
-16.6897
443.652
634.951
-421.437
-269.319
34.9973
130.666
102.183
100.875
104.705
-22.9312
84.626
37.1637
-3.82764
-133.566
-59.4529
397.919
349.467
195.996
-58.251
-90.6964
-201.98
79.5545
63.5293
47.8008
69.2829
4.94693
84.4167
-118.764
23.2868
-52.9597
-194.867
101.209
55.9671
178.947
-53.3884
54.2414
-30.8387
-38.0475
129.944
63.3959
36.9725
-18.6143
-33.293
59.2648
-146.328
43.8809
-157.213
58.1051
247.805
-257.389
-572.615
-173.555
-91.4864
-17.482
116.428
-27.5825
42.9379
-34.7218
-13.6431
6.42962
19.2997
112.947
134.848
-263.852
-84.1948
-56.2196
270.058
-70.4931
-348.469
256.487
16.5753
37.433
-104.719
17.9963
-4.73981
-34.1096
15.7981
-8.96097
-85.4032
196.43
32.395
-106.544
-64.669
-64.4714
239.011
260.941
-314.531
102.001
-138.524
5.64917
63.5809
-12.2787
47.2434
-99.601
54.9323
-115.458
-43.2101
256.889
-100.238
-90.4717
-220.65
-448.276
-117.81
76.478
85.9488
53.966
-148.259
38.5355
-30.7103
8.6537
-82.8781
-33.4886
62.616
287.504
96.1351
-4.98908
-435.958
-123.214
-7.87495
45.1611
-241.543
145.619
-0.3482
53.3939
48.7361
-18.5867
118.558
25.4183
-51.4918
529.149
-22.2957
-44.3609
-310.954
432.613
-211.11
-270.095
-192.481
85.3285
-5.89377
-77.2255
-135.415
-22.0218
103.685
159.629
-19.7852
32.2802
-195.843
40.759
-101.126
-422.16
-190.283
-126.864
126.032
259.55
49.2281
-65.1006
-10.256
-41.8932
241.931
301.563
-215.899
30.827
37.1018
131.145
-100.531
-49.0291
114.433
-61.4927
-88.2473
-91.982
-58.9979
835.718
67.5869
54.3754
-59.4332
-235
2.71837
-211.576
16.1659
64.9655
258.133
-435.92
190.935
166.981
-131.957
-353.185
-254.956
247.323
96.7248
-111.411
26.0082
140.419
-275.339
203.753
83.2667
42.3085
135.615
10.9893
-31.1132
-24.0555
-183.6
-199.192
188.436
-160.86
122.638
-155.023
53.2101
-78.5826
-393.345
257.537
400.278
-603.64
72.1372
-360.415
47.8897
-113.814
35.9657
-247.179
95.0073
180.641
-141.507
-258.292
329.153
-230.679
-21.1866
67.9136
-97.4636
51.3904
-9.72008
-58.9358
-10.8824
-188.307
62.2262
-189.267
286.336
196.048
-278.855
-220.051
355.26
107.322
104.309
-124.376
60.4534
-136.126
-159.227
-191.126
-303.669
167.858
-101.807
181.285
310.77
140.816
338.658
-236.521
293.614
-22.5256
-146.245
149.636
163.084
63.6146
-28.2157
-66.7698
-51.1043
212.195
-129.354
111.202
-296.127
19.3476
100.404
88.8974
281.751
82.869
-0.725119
-38.6481
-97.7762
-151.285
64.3177
67.2048
204.769
50.4855
-76.8796
434.212
302.081
38.634
74.8837
-58.8465
-68.9047
-46.9984
-207.152
53.9358
93.5976
-118.293
-197.64
-192.357
54.499
-159.612
219.6
387.053
-404.354
23.2665
155.266
11.8271
-41.3337
99.4302
135.473
-149.94
120.794
-20.124
-108.132
205.242
640.924
-431.363
-22.871
-61.9063
2.70324
-131.442
105.823
-23.0388
231.25
41.4081
-225.382
-0.330616
-33.9418
-412.024
59.9447
64.4194
-369.198
-89.9095
-124.404
270.725
-19.3957
185.899
124.453
-69.1465
-105.782
93.4542
-59.5788
294.567
50.8479
-151.008
123.682
123.488
-10.4707
80.6121
11.3283
117.579
2.89264
-102.167
-66.4829
108.034
-79.8237
-71.8328
-153.511
-208.471
-150.754
-292.444
-64.3142
-189.968
-86.4687
-98.0502
151.57
820.45
-618.248
-158.405
135.031
273.355
-153.487
-430.971
279.036
-285.113
-188.007
17.9369
-264.675
-18.0766
-30.514
249.867
-74.5327
-13.0637
201.445
6.62794
-8.24453
-36.6131
-8.60294
-455.49
-242.469
-317.617
76.242
205.048
300.212
201.374
-292.824
-85.2082
135.552
-256.447
-90.9151
94.7636
530.193
49.1629
-337.745
-33.3023
-146.881
-128.437
-3.25604
301.257
-296.613
209.251
89.6147
-169.415
-146.039
123.998
-101.443
242.013
111.163
409.346
138.725
42.3577
80.3416
105.459
6.0567
86.5645
157.016
-359.751
283.616
78.6667
169.66
124.096
-24.3992
102.258
26.571
-274.653
-75.9234
-89.307
66.4064
26.7701
-138.898
8.54807
-536.31
-38.5489
81.0912
-23.8065
64.7982
66.6045
-92.827
69.698
-5.86093
32.6799
448.397
-301.209
-575.16
120.377
-227.944
248.61
3.9284
-46.8955
-141.462
-174.217
262.14
-52.4016
21.8596
-92.536
209.633
187.186
241.214
-154.087
111.134
-266.859
-32.5233
72.9976
120.771
42.7279
14.7325
386.607
-298.743
24.5956
137.545
-59.6044
-78.5798
-73.8329
-338.185
-25.5104
115.46
8.76252
-94.4346
344.826
24.1135
23.9164
489.528
3.31215
-90.7445
53.7515
134.94
161.589
-110.425
-630.315
-20.7129
-7.00377
-502.093
-331.175
-61.6603
-70.5088
8.88018
-246.991
-187.814
289.6
-173.543
-427.468
493.42
-56.789
-18.0971
1.9295
64.3672
-286.073
68.1472
-7.91124
146.836
66.0873
673.01
280.102
305.431
204.702
-116.344
-68.356
-57.7762
-205.179
231.206
279.924
-96.8384
163.201
24.4722
322.891
-140.899
-10.3085
-204.425
163.997
-391.185
46.9964
338.694
6.10698
54.5411
-277.298
-66.334
-183.228
-147.724
-233.515
-340.247
18.1016
-79.0137
-374.784
-5.4436
170.285
-31.0248
-5.6845
-221.76
75.7407
219.713
200.645
165.878
456.459
-218.815
-204.006
479.658
-146.109
140.109
-13.5021
256.476
-379.959
143.071
-11.9384
42.4624
-48.0144
408.136
-359.482
-522.046
-247.048
-204.563
228.414
341.093
101.814
-490.769
-22.3092
43.4072
-4.08035
71.049
185.597
-464.243
68.2228
-167.305
-502.306
113.548
