-313.013     -313.013    -313.013
-346.932     -346.932    -346.932
246.637     246.637    246.637
324.195     324.195    324.195
86.8886     86.8886    86.8886
-217.67     -217.67    -217.67
256.6     256.6    256.6
-161.703     -161.703    -161.703
64.7916     64.7916    64.7916
-110.588     -110.588    -110.588
235.392     235.392    235.392
-170.424     -170.424    -170.424
-600.925     -600.925    -600.925
175.591     175.591    175.591
-340.859     -340.859    -340.859
27.4506     27.4506    27.4506
341.644     341.644    341.644
-145.965     -145.965    -145.965
5.3184     5.3184    5.3184
-391.781     -391.781    -391.781
222.779     222.779    222.779
-170.262     -170.262    -170.262
137.843     137.843    137.843
-354.009     -354.009    -354.009
275.685     275.685    275.685
-208.459     -208.459    -208.459
158.575     158.575    158.575
357.808     357.808    357.808
-405.688     -405.688    -405.688
190.652     190.652    190.652
-80.5506     -80.5506    -80.5506
-47.6407     -47.6407    -47.6407
55.264     55.264    55.264
-58.5747     -58.5747    -58.5747
-11.7489     -11.7489    -11.7489
-151.401     -151.401    -151.401
74.903     74.903    74.903
-71.3114     -71.3114    -71.3114
-46.4284     -46.4284    -46.4284
-67.0482     -67.0482    -67.0482
-105.625     -105.625    -105.625
-107.599     -107.599    -107.599
-218.249     -218.249    -218.249
136.615     136.615    136.615
52.2961     52.2961    52.2961
-165.278     -165.278    -165.278
-123.741     -123.741    -123.741
57.4193     57.4193    57.4193
49.1145     49.1145    49.1145
-89.6171     -89.6171    -89.6171
28.927     28.927    28.927
-22.0994     -22.0994    -22.0994
-39.1639     -39.1639    -39.1639
-17.6504     -17.6504    -17.6504
-3.10792     -3.10792    -3.10792
-201.031     -201.031    -201.031
122.023     122.023    122.023
-90.3412     -90.3412    -90.3412
199.219     199.219    199.219
-36.7554     -36.7554    -36.7554
268.244     268.244    268.244
-110.776     -110.776    -110.776
-40.0751     -40.0751    -40.0751
-22.9584     -22.9584    -22.9584
5.97419     5.97419    5.97419
46.8446     46.8446    46.8446
-1.75074     -1.75074    -1.75074
-5.09593     -5.09593    -5.09593
20.9767     20.9767    20.9767
-23.3628     -23.3628    -23.3628
19.012     19.012    19.012
16.855     16.855    16.855
-36.2481     -36.2481    -36.2481
243.629     243.629    243.629
44.1941     44.1941    44.1941
-252.008     -252.008    -252.008
-306.942     -306.942    -306.942
228.329     228.329    228.329
-269.481     -269.481    -269.481
29.4396     29.4396    29.4396
42.6024     42.6024    42.6024
-3.74041     -3.74041    -3.74041
6.98488     6.98488    6.98488
31.1519     31.1519    31.1519
12.2498     12.2498    12.2498
-8.78126     -8.78126    -8.78126
-0.0797528     -0.0797528    -0.0797528
33.3605     33.3605    33.3605
25.4132     25.4132    25.4132
-14.2773     -14.2773    -14.2773
65.2633     65.2633    65.2633
119.74     119.74    119.74
82.0557     82.0557    82.0557
252.568     252.568    252.568
-89.9419     -89.9419    -89.9419
134.943     134.943    134.943
-97.5701     -97.5701    -97.5701
-169.592     -169.592    -169.592
6.65482     6.65482    6.65482
-35.2091     -35.2091    -35.2091
-30.5951     -30.5951    -30.5951
-25.0288     -25.0288    -25.0288
-18.9647     -18.9647    -18.9647
22.0008     22.0008    22.0008
16.7716     16.7716    16.7716
0.427548     0.427548    0.427548
-13.6626     -13.6626    -13.6626
-1.86512     -1.86512    -1.86512
0.68478     0.68478    0.68478
44.9494     44.9494    44.9494
53.464     53.464    53.464
2.42417     2.42417    2.42417
-18.3892     -18.3892    -18.3892
301.717     301.717    301.717
140.183     140.183    140.183
-38.0012     -38.0012    -38.0012
75.0366     75.0366    75.0366
-29.83     -29.83    -29.83
19.0517     19.0517    19.0517
24.972     24.972    24.972
-4.27164     -4.27164    -4.27164
-1.07519     -1.07519    -1.07519
-6.4883     -6.4883    -6.4883
17.4852     17.4852    17.4852
0.107584     0.107584    0.107584
14.1744     14.1744    14.1744
3.0958     3.0958    3.0958
-17.8139     -17.8139    -17.8139
50.2774     50.2774    50.2774
-38.9073     -38.9073    -38.9073
-43.0865     -43.0865    -43.0865
-56.1237     -56.1237    -56.1237
-40.1493     -40.1493    -40.1493
457.816     457.816    457.816
-24.568     -24.568    -24.568
320.776     320.776    320.776
381.956     381.956    381.956
-163.352     -163.352    -163.352
71.5895     71.5895    71.5895
-0.726361     -0.726361    -0.726361
19.526     19.526    19.526
7.43602     7.43602    7.43602
-14.4115     -14.4115    -14.4115
-5.25527     -5.25527    -5.25527
-8.34702     -8.34702    -8.34702
-4.21231     -4.21231    -4.21231
7.76585     7.76585    7.76585
3.25119     3.25119    3.25119
-7.23868     -7.23868    -7.23868
-2.37852     -2.37852    -2.37852
44.8949     44.8949    44.8949
9.37663     9.37663    9.37663
127.725     127.725    127.725
-223.61     -223.61    -223.61
-53.8831     -53.8831    -53.8831
122.221     122.221    122.221
-366.462     -366.462    -366.462
-281.225     -281.225    -281.225
-107.669     -107.669    -107.669
-90.263     -90.263    -90.263
39.8249     39.8249    39.8249
67.452     67.452    67.452
-16.4998     -16.4998    -16.4998
9.10763     9.10763    9.10763
3.01777     3.01777    3.01777
1.87377     1.87377    1.87377
1.87377     1.87377    1.87377
3.01777     3.01777    3.01777
9.10763     9.10763    9.10763
-16.4998     -16.4998    -16.4998
67.452     67.452    67.452
39.8249     39.8249    39.8249
-90.263     -90.263    -90.263
-107.669     -107.669    -107.669
-281.225     -281.225    -281.225
-366.462     -366.462    -366.462
122.221     122.221    122.221
-53.8831     -53.8831    -53.8831
-223.61     -223.61    -223.61
127.725     127.725    127.725
9.37663     9.37663    9.37663
44.8949     44.8949    44.8949
-2.37852     -2.37852    -2.37852
-7.23868     -7.23868    -7.23868
3.25119     3.25119    3.25119
7.76585     7.76585    7.76585
-4.21231     -4.21231    -4.21231
-8.34702     -8.34702    -8.34702
-5.25527     -5.25527    -5.25527
-14.4115     -14.4115    -14.4115
7.43602     7.43602    7.43602
19.526     19.526    19.526
-0.726361     -0.726361    -0.726361
71.5895     71.5895    71.5895
-163.352     -163.352    -163.352
381.956     381.956    381.956
320.776     320.776    320.776
-24.568     -24.568    -24.568
457.816     457.816    457.816
-40.1493     -40.1493    -40.1493
-56.1237     -56.1237    -56.1237
-43.0865     -43.0865    -43.0865
-38.9073     -38.9073    -38.9073
50.2774     50.2774    50.2774
-17.8139     -17.8139    -17.8139
3.0958     3.0958    3.0958
14.1744     14.1744    14.1744
0.107584     0.107584    0.107584
17.4852     17.4852    17.4852
-6.4883     -6.4883    -6.4883
-1.07519     -1.07519    -1.07519
-4.27164     -4.27164    -4.27164
24.972     24.972    24.972
19.0517     19.0517    19.0517
-29.83     -29.83    -29.83
75.0366     75.0366    75.0366
-38.0012     -38.0012    -38.0012
140.183     140.183    140.183
301.717     301.717    301.717
-18.3892     -18.3892    -18.3892
2.42417     2.42417    2.42417
53.464     53.464    53.464
44.9494     44.9494    44.9494
0.68478     0.68478    0.68478
-1.86512     -1.86512    -1.86512
-13.6626     -13.6626    -13.6626
0.427548     0.427548    0.427548
16.7716     16.7716    16.7716
22.0008     22.0008    22.0008
-18.9647     -18.9647    -18.9647
-25.0288     -25.0288    -25.0288
-30.5951     -30.5951    -30.5951
-35.2091     -35.2091    -35.2091
6.65482     6.65482    6.65482
-169.592     -169.592    -169.592
-97.5701     -97.5701    -97.5701
134.943     134.943    134.943
-89.9419     -89.9419    -89.9419
252.568     252.568    252.568
82.0557     82.0557    82.0557
119.74     119.74    119.74
65.2633     65.2633    65.2633
-14.2773     -14.2773    -14.2773
25.4132     25.4132    25.4132
33.3605     33.3605    33.3605
-0.0797528     -0.0797528    -0.0797528
-8.78126     -8.78126    -8.78126
12.2498     12.2498    12.2498
31.1519     31.1519    31.1519
6.98488     6.98488    6.98488
-3.74041     -3.74041    -3.74041
42.6024     42.6024    42.6024
29.4396     29.4396    29.4396
-269.481     -269.481    -269.481
228.329     228.329    228.329
-306.942     -306.942    -306.942
-252.008     -252.008    -252.008
44.1941     44.1941    44.1941
243.629     243.629    243.629
-36.2481     -36.2481    -36.2481
16.855     16.855    16.855
19.012     19.012    19.012
-23.3628     -23.3628    -23.3628
20.9767     20.9767    20.9767
-5.09593     -5.09593    -5.09593
-1.75074     -1.75074    -1.75074
46.8446     46.8446    46.8446
5.97419     5.97419    5.97419
-22.9584     -22.9584    -22.9584
-40.0751     -40.0751    -40.0751
-110.776     -110.776    -110.776
268.244     268.244    268.244
-36.7554     -36.7554    -36.7554
199.219     199.219    199.219
-90.3412     -90.3412    -90.3412
122.023     122.023    122.023
-201.031     -201.031    -201.031
-3.10792     -3.10792    -3.10792
-17.6504     -17.6504    -17.6504
-39.1639     -39.1639    -39.1639
-22.0994     -22.0994    -22.0994
28.927     28.927    28.927
-89.6171     -89.6171    -89.6171
49.1145     49.1145    49.1145
57.4193     57.4193    57.4193
-123.741     -123.741    -123.741
-165.278     -165.278    -165.278
52.2961     52.2961    52.2961
136.615     136.615    136.615
-218.249     -218.249    -218.249
-107.599     -107.599    -107.599
-105.625     -105.625    -105.625
-67.0482     -67.0482    -67.0482
-46.4284     -46.4284    -46.4284
-71.3114     -71.3114    -71.3114
74.903     74.903    74.903
-151.401     -151.401    -151.401
-11.7489     -11.7489    -11.7489
-58.5747     -58.5747    -58.5747
55.264     55.264    55.264
-47.6407     -47.6407    -47.6407
-80.5506     -80.5506    -80.5506
190.652     190.652    190.652
-405.688     -405.688    -405.688
357.808     357.808    357.808
158.575     158.575    158.575
-208.459     -208.459    -208.459
275.685     275.685    275.685
-354.009     -354.009    -354.009
137.843     137.843    137.843
-170.262     -170.262    -170.262
222.779     222.779    222.779
-391.781     -391.781    -391.781
5.3184     5.3184    5.3184
-145.965     -145.965    -145.965
341.644     341.644    341.644
27.4506     27.4506    27.4506
-340.859     -340.859    -340.859
175.591     175.591    175.591
-600.925     -600.925    -600.925
-170.424     -170.424    -170.424
235.392     235.392    235.392
-110.588     -110.588    -110.588
64.7916     64.7916    64.7916
-161.703     -161.703    -161.703
256.6     256.6    256.6
-217.67     -217.67    -217.67
86.8886     86.8886    86.8886
324.195     324.195    324.195
246.637     246.637    246.637
-346.932     -346.932    -346.932
-313.013     -313.013    -313.013
164.956     164.956    164.956
-166.449     -166.449    -166.449
-153.354     -153.354    -153.354
-189.962     -189.962    -189.962
318.318     318.318    318.318
-287.969     -287.969    -287.969
77.791     77.791    77.791
-104.139     -104.139    -104.139
-90.587     -90.587    -90.587
259.402     259.402    259.402
-130.165     -130.165    -130.165
-115.966     -115.966    -115.966
-29.8595     -29.8595    -29.8595
307.906     307.906    307.906
-69.2027     -69.2027    -69.2027
-16.6652     -16.6652    -16.6652
-70.5941     -70.5941    -70.5941
-304.09     -304.09    -304.09
106.835     106.835    106.835
221.447     221.447    221.447
-20.1797     -20.1797    -20.1797
-229.876     -229.876    -229.876
-38.7032     -38.7032    -38.7032
-33.5681     -33.5681    -33.5681
-227.388     -227.388    -227.388
-72.0582     -72.0582    -72.0582
272.858     272.858    272.858
-182.27     -182.27    -182.27
-122.037     -122.037    -122.037
103.634     103.634    103.634
208.808     208.808    208.808
-167.445     -167.445    -167.445
78.4358     78.4358    78.4358
-31.5786     -31.5786    -31.5786
25.3985     25.3985    25.3985
51.0616     51.0616    51.0616
-16.4979     -16.4979    -16.4979
-108.852     -108.852    -108.852
125.846     125.846    125.846
202.201     202.201    202.201
49.4584     49.4584    49.4584
-177.839     -177.839    -177.839
-77.7844     -77.7844    -77.7844
-70.1974     -70.1974    -70.1974
-99.4106     -99.4106    -99.4106
245.681     245.681    245.681
-273.631     -273.631    -273.631
14.9745     14.9745    14.9745
-72.0094     -72.0094    -72.0094
-1.74207     -1.74207    -1.74207
4.90214     4.90214    4.90214
96.6825     96.6825    96.6825
-45.4171     -45.4171    -45.4171
92.7421     92.7421    92.7421
-24.2199     -24.2199    -24.2199
-73.5406     -73.5406    -73.5406
-196.492     -196.492    -196.492
100.619     100.619    100.619
-156.663     -156.663    -156.663
-317.642     -317.642    -317.642
177.684     177.684    177.684
40.2856     40.2856    40.2856
-64.4886     -64.4886    -64.4886
-76.6679     -76.6679    -76.6679
-6.29854     -6.29854    -6.29854
-13.1067     -13.1067    -13.1067
13.3199     13.3199    13.3199
50.0155     50.0155    50.0155
-20.537     -20.537    -20.537
-16.6615     -16.6615    -16.6615
-12.662     -12.662    -12.662
-41.5335     -41.5335    -41.5335
-3.60922     -3.60922    -3.60922
352.204     352.204    352.204
-115.616     -115.616    -115.616
173.987     173.987    173.987
187.289     187.289    187.289
-113.114     -113.114    -113.114
-12.2098     -12.2098    -12.2098
-178.108     -178.108    -178.108
-140.208     -140.208    -140.208
-6.81384     -6.81384    -6.81384
-21.3542     -21.3542    -21.3542
-9.46444     -9.46444    -9.46444
-9.70336     -9.70336    -9.70336
24.8972     24.8972    24.8972
1.60226     1.60226    1.60226
-31.1262     -31.1262    -31.1262
10.5178     10.5178    10.5178
-21.5124     -21.5124    -21.5124
36.8817     36.8817    36.8817
129.837     129.837    129.837
-195.58     -195.58    -195.58
-134.328     -134.328    -134.328
-222.981     -222.981    -222.981
-41.4208     -41.4208    -41.4208
108.605     108.605    108.605
-75.4061     -75.4061    -75.4061
44.0454     44.0454    44.0454
16.2753     16.2753    16.2753
-28.742     -28.742    -28.742
-11.9759     -11.9759    -11.9759
3.87536     3.87536    3.87536
5.28584     5.28584    5.28584
22.1797     22.1797    22.1797
22.4865     22.4865    22.4865
11.3477     11.3477    11.3477
15.8448     15.8448    15.8448
26.026     26.026    26.026
39.57     39.57    39.57
-50.9596     -50.9596    -50.9596
-88.2493     -88.2493    -88.2493
-106.995     -106.995    -106.995
-117.349     -117.349    -117.349
-75.7871     -75.7871    -75.7871
223.426     223.426    223.426
70.3011     70.3011    70.3011
-7.56541     -7.56541    -7.56541
15.7355     15.7355    15.7355
16.2775     16.2775    16.2775
-12.4394     -12.4394    -12.4394
8.08282     8.08282    8.08282
28.4721     28.4721    28.4721
-13.3693     -13.3693    -13.3693
5.78245     5.78245    5.78245
-4.10562     -4.10562    -4.10562
2.16102     2.16102    2.16102
10.5974     10.5974    10.5974
-22.9596     -22.9596    -22.9596
-51.2242     -51.2242    -51.2242
40.5304     40.5304    40.5304
-167.93     -167.93    -167.93
35.9493     35.9493    35.9493
-160.148     -160.148    -160.148
322.493     322.493    322.493
191.223     191.223    191.223
32.4689     32.4689    32.4689
-18.4231     -18.4231    -18.4231
195.095     195.095    195.095
-41.2202     -41.2202    -41.2202
-11.008     -11.008    -11.008
24.2005     24.2005    24.2005
-11.2383     -11.2383    -11.2383
-7.45481     -7.45481    -7.45481
-6.6211     -6.6211    -6.6211
-1.07384     -1.07384    -1.07384
-8.35189     -8.35189    -8.35189
2.51892     2.51892    2.51892
-3.0295     -3.0295    -3.0295
-44.0574     -44.0574    -44.0574
31.8845     31.8845    31.8845
-35.188     -35.188    -35.188
-1.84622     -1.84622    -1.84622
-52.5622     -52.5622    -52.5622
-130.527     -130.527    -130.527
-238.653     -238.653    -238.653
200.866     200.866    200.866
302.395     302.395    302.395
-45.4936     -45.4936    -45.4936
79.0177     79.0177    79.0177
-2.34748     -2.34748    -2.34748
20.4926     20.4926    20.4926
22.7238     22.7238    22.7238
33.9379     33.9379    33.9379
3.68625     3.68625    3.68625
-0.611556     -0.611556    -0.611556
2.23737     2.23737    2.23737
-3.23722     -3.23722    -3.23722
-13.0477     -13.0477    -13.0477
3.36981     3.36981    3.36981
22.8488     22.8488    22.8488
-5.51196     -5.51196    -5.51196
65.9681     65.9681    65.9681
-19.9591     -19.9591    -19.9591
-27.6074     -27.6074    -27.6074
168.297     168.297    168.297
-164.579     -164.579    -164.579
35.1938     35.1938    35.1938
-307.626     -307.626    -307.626
88.8838     88.8838    88.8838
-122.592     -122.592    -122.592
-87.064     -87.064    -87.064
-18.9696     -18.9696    -18.9696
-14.0118     -14.0118    -14.0118
-16.4317     -16.4317    -16.4317
10.2894     10.2894    10.2894
2.0486     2.0486    2.0486
-11.9302     -11.9302    -11.9302
-4.98376     -4.98376    -4.98376
-4.30495     -4.30495    -4.30495
-9.84833     -9.84833    -9.84833
-11.9481     -11.9481    -11.9481
9.70524     9.70524    9.70524
-28.2894     -28.2894    -28.2894
-208.791     -208.791    -208.791
-110.21     -110.21    -110.21
-210.334     -210.334    -210.334
-133.44     -133.44    -133.44
-14.4294     -14.4294    -14.4294
-155.377     -155.377    -155.377
93.2942     93.2942    93.2942
114.541     114.541    114.541
121.117     121.117    121.117
-40.5952     -40.5952    -40.5952
16.3893     16.3893    16.3893
-6.7488     -6.7488    -6.7488
15.6733     15.6733    15.6733
10.9582     10.9582    10.9582
12.108     12.108    12.108
-8.8883     -8.8883    -8.8883
-15.243     -15.243    -15.243
-39.1242     -39.1242    -39.1242
-47.1714     -47.1714    -47.1714
6.88514     6.88514    6.88514
-111.725     -111.725    -111.725
-99.8824     -99.8824    -99.8824
139.521     139.521    139.521
60.0659     60.0659    60.0659
-591.987     -591.987    -591.987
367.282     367.282    367.282
-355.172     -355.172    -355.172
-56.3661     -56.3661    -56.3661
10.3332     10.3332    10.3332
32.3431     32.3431    32.3431
-6.62874     -6.62874    -6.62874
8.02134     8.02134    8.02134
-17.0166     -17.0166    -17.0166
-20.1113     -20.1113    -20.1113
-10.9199     -10.9199    -10.9199
0.752698     0.752698    0.752698
10.782     10.782    10.782
2.09124     2.09124    2.09124
-1.62325     -1.62325    -1.62325
17.078     17.078    17.078
-130.989     -130.989    -130.989
-20.0189     -20.0189    -20.0189
53.9665     53.9665    53.9665
-397.644     -397.644    -397.644
-12.3501     -12.3501    -12.3501
161.913     161.913    161.913
271.047     271.047    271.047
-108.342     -108.342    -108.342
68.2881     68.2881    68.2881
47.1262     47.1262    47.1262
2.35789     2.35789    2.35789
-7.34242     -7.34242    -7.34242
4.1323     4.1323    4.1323
-19.1495     -19.1495    -19.1495
-1.39863     -1.39863    -1.39863
-0.883052     -0.883052    -0.883052
-5.46621     -5.46621    -5.46621
35.52     35.52    35.52
-53.9154     -53.9154    -53.9154
31.995     31.995    31.995
-140.193     -140.193    -140.193
-276.535     -276.535    -276.535
-407.451     -407.451    -407.451
-53.3801     -53.3801    -53.3801
-247.429     -247.429    -247.429
-20.5572     -20.5572    -20.5572
18.8519     18.8519    18.8519
63.6837     63.6837    63.6837
-51.6909     -51.6909    -51.6909
-40.5913     -40.5913    -40.5913
10.1621     10.1621    10.1621
8.07661     8.07661    8.07661
1.09205     1.09205    1.09205
13.3338     13.3338    13.3338
76.7221     76.7221    76.7221
-30.5449     -30.5449    -30.5449
-88.9277     -88.9277    -88.9277
30.664     30.664    30.664
-38.8548     -38.8548    -38.8548
93.4607     93.4607    93.4607
268.83     268.83    268.83
214.668     214.668    214.668
117.014     117.014    117.014
145.847     145.847    145.847
45.8667     45.8667    45.8667
-62.0091     -62.0091    -62.0091
-29.7128     -29.7128    -29.7128
-6.38153     -6.38153    -6.38153
-42.278     -42.278    -42.278
-14.7647     -14.7647    -14.7647
96.3134     96.3134    96.3134
45.9877     45.9877    45.9877
55.054     55.054    55.054
-145     -145    -145
-281.846     -281.846    -281.846
183.177     183.177    183.177
-674.17     -674.17    -674.17
-502.091     -502.091    -502.091
-325.69     -325.69    -325.69
39.458     39.458    39.458
-12.8473     -12.8473    -12.8473
-270.776     -270.776    -270.776
-17.9442     -17.9442    -17.9442
26.6739     26.6739    26.6739
-30.4855     -30.4855    -30.4855
-67.6949     -67.6949    -67.6949
-33.7233     -33.7233    -33.7233
-141.087     -141.087    -141.087
134.473     134.473    134.473
-88.2564     -88.2564    -88.2564
-193.828     -193.828    -193.828
408.318     408.318    408.318
160.708     160.708    160.708
282.513     282.513    282.513
132.697     132.697    132.697
169.714     169.714    169.714
62.7797     62.7797    62.7797
112.045     112.045    112.045
164.456     164.456    164.456
21.1346     21.1346    21.1346
-72.278     -72.278    -72.278
101.496     101.496    101.496
124.309     124.309    124.309
243.67     243.67    243.67
352.014     352.014    352.014
222.419     222.419    222.419
-12.2152     -12.2152    -12.2152
235.834     235.834    235.834
-5.65005     -5.65005    -5.65005
-232.699     -232.699    -232.699
-14.6886     -14.6886    -14.6886
43.0705     43.0705    43.0705
251.512     251.512    251.512
-528.306     -528.306    -528.306
0.119606     0.119606    0.119606
18.6143     18.6143    18.6143
-35.8827     -35.8827    -35.8827
9.34499     9.34499    9.34499
9.72127     9.72127    9.72127
-231.788     -231.788    -231.788
-373.111     -373.111    -373.111
-8.79972     -8.79972    -8.79972
-92.7683     -92.7683    -92.7683
91.5226     91.5226    91.5226
169.734     169.734    169.734
42.5439     42.5439    42.5439
-130.602     -130.602    -130.602
-46.525     -46.525    -46.525
-72.7467     -72.7467    -72.7467
-180.78     -180.78    -180.78
28.8165     28.8165    28.8165
250.54     250.54    250.54
348.188     348.188    348.188
144.35     144.35    144.35
-26.8354     -26.8354    -26.8354
-76.2885     -76.2885    -76.2885
237.081     237.081    237.081
6.39251     6.39251    6.39251
188.13     188.13    188.13
-106.064     -106.064    -106.064
13.6692     13.6692    13.6692
-54.2365     -54.2365    -54.2365
-402.971     -402.971    -402.971
257.919     257.919    257.919
-335.612     -335.612    -335.612
204.515     204.515    204.515
-28.4949     -28.4949    -28.4949
-259.328     -259.328    -259.328
313.306     313.306    313.306
-8.13175     -8.13175    -8.13175
94.7595     94.7595    94.7595
-159.975     -159.975    -159.975
-155.201     -155.201    -155.201
-134.644     -134.644    -134.644
-43.2029     -43.2029    -43.2029
14.0265     14.0265    14.0265
-138.121     -138.121    -138.121
-418.762     -418.762    -418.762
161.738     161.738    161.738
6.96802     6.96802    6.96802
-96.3757     -96.3757    -96.3757
-451.548     -451.548    -451.548
-79.5788     -79.5788    -79.5788
20.011     20.011    20.011
-30.4473     -30.4473    -30.4473
39.3299     39.3299    39.3299
36.8674     36.8674    36.8674
-74.7135     -74.7135    -74.7135
18.3231     18.3231    18.3231
14.0789     14.0789    14.0789
27.8158     27.8158    27.8158
-194.357     -194.357    -194.357
161.307     161.307    161.307
-124.15     -124.15    -124.15
26.1166     26.1166    26.1166
276.011     276.011    276.011
5.22822     5.22822    5.22822
112.616     112.616    112.616
379.041     379.041    379.041
66.1817     66.1817    66.1817
-80.1325     -80.1325    -80.1325
100.246     100.246    100.246
-22.6468     -22.6468    -22.6468
-59.3712     -59.3712    -59.3712
-7.81696     -7.81696    -7.81696
62.1491     62.1491    62.1491
11.194     11.194    11.194
10.751     10.751    10.751
-47.3401     -47.3401    -47.3401
-140.891     -140.891    -140.891
-20.4529     -20.4529    -20.4529
-73.3272     -73.3272    -73.3272
196.796     196.796    196.796
-236.282     -236.282    -236.282
169.22     169.22    169.22
-151.282     -151.282    -151.282
-1.45353     -1.45353    -1.45353
26.25     26.25    26.25
32.2154     32.2154    32.2154
-6.94452     -6.94452    -6.94452
-0.568809     -0.568809    -0.568809
41.446     41.446    41.446
13.3369     13.3369    13.3369
-3.92972     -3.92972    -3.92972
37.5196     37.5196    37.5196
-25.2192     -25.2192    -25.2192
45.8883     45.8883    45.8883
-11.0292     -11.0292    -11.0292
29.598     29.598    29.598
-33.8176     -33.8176    -33.8176
-20.3151     -20.3151    -20.3151
70.5556     70.5556    70.5556
-348.372     -348.372    -348.372
-44.6181     -44.6181    -44.6181
161.37     161.37    161.37
-73.1129     -73.1129    -73.1129
-42.8889     -42.8889    -42.8889
-35.0428     -35.0428    -35.0428
3.53617     3.53617    3.53617
-7.63876     -7.63876    -7.63876
4.58243     4.58243    4.58243
11.94     11.94    11.94
20.1158     20.1158    20.1158
-9.77862     -9.77862    -9.77862
4.11205     4.11205    4.11205
14.0015     14.0015    14.0015
35.6279     35.6279    35.6279
211.394     211.394    211.394
11.7049     11.7049    11.7049
-42.0475     -42.0475    -42.0475
-333.948     -333.948    -333.948
-51.3079     -51.3079    -51.3079
263.578     263.578    263.578
-5.61585     -5.61585    -5.61585
61.3988     61.3988    61.3988
28.1675     28.1675    28.1675
19.6211     19.6211    19.6211
-29.5108     -29.5108    -29.5108
13.8271     13.8271    13.8271
-7.85129     -7.85129    -7.85129
1.36772     1.36772    1.36772
-14.9916     -14.9916    -14.9916
-19.6421     -19.6421    -19.6421
-32.8782     -32.8782    -32.8782
-0.411263     -0.411263    -0.411263
38.2189     38.2189    38.2189
-21.2462     -21.2462    -21.2462
-311.246     -311.246    -311.246
191.541     191.541    191.541
63.4455     63.4455    63.4455
-310.08     -310.08    -310.08
-299.714     -299.714    -299.714
37.8727     37.8727    37.8727
248.651     248.651    248.651
-82.5954     -82.5954    -82.5954
26.9866     26.9866    26.9866
8.20676     8.20676    8.20676
2.86002     2.86002    2.86002
2.69809     2.69809    2.69809
12.1325     12.1325    12.1325
-19.9855     -19.9855    -19.9855
-6.40669     -6.40669    -6.40669
-13.862     -13.862    -13.862
0.930016     0.930016    0.930016
-5.30929     -5.30929    -5.30929
-20.5881     -20.5881    -20.5881
-76.0366     -76.0366    -76.0366
-120.794     -120.794    -120.794
392.985     392.985    392.985
93.7479     93.7479    93.7479
-30.6375     -30.6375    -30.6375
257.371     257.371    257.371
202.077     202.077    202.077
-95.783     -95.783    -95.783
-130.197     -130.197    -130.197
-50.9376     -50.9376    -50.9376
15.405     15.405    15.405
11.9212     11.9212    11.9212
9.91345     9.91345    9.91345
9.7799     9.7799    9.7799
16.5829     16.5829    16.5829
12.4505     12.4505    12.4505
12.3944     12.3944    12.3944
16.102     16.102    16.102
-17.2349     -17.2349    -17.2349
1.58831     1.58831    1.58831
-0.430047     -0.430047    -0.430047
77.2286     77.2286    77.2286
49.7348     49.7348    49.7348
-170.826     -170.826    -170.826
-71.961     -71.961    -71.961
-30.0109     -30.0109    -30.0109
-85.2125     -85.2125    -85.2125
-220.117     -220.117    -220.117
-33.6412     -33.6412    -33.6412
-29.0967     -29.0967    -29.0967
-54.872     -54.872    -54.872
19.1234     19.1234    19.1234
4.37008     4.37008    4.37008
-3.78307     -3.78307    -3.78307
19.4895     19.4895    19.4895
-5.86844     -5.86844    -5.86844
-4.69476     -4.69476    -4.69476
10.1144     10.1144    10.1144
-16.4131     -16.4131    -16.4131
-9.54924     -9.54924    -9.54924
-57.3257     -57.3257    -57.3257
10.1876     10.1876    10.1876
-13.6094     -13.6094    -13.6094
133.434     133.434    133.434
-41.7757     -41.7757    -41.7757
-27.3459     -27.3459    -27.3459
73.235     73.235    73.235
226.593     226.593    226.593
44.7814     44.7814    44.7814
92.3513     92.3513    92.3513
65.5605     65.5605    65.5605
-23.4362     -23.4362    -23.4362
31.1586     31.1586    31.1586
-44.6696     -44.6696    -44.6696
38.4146     38.4146    38.4146
-4.07035     -4.07035    -4.07035
11.3004     11.3004    11.3004
-16.3176     -16.3176    -16.3176
12.8031     12.8031    12.8031
-23.2901     -23.2901    -23.2901
-55.3584     -55.3584    -55.3584
-33.2796     -33.2796    -33.2796
-8.89425     -8.89425    -8.89425
-0.0229025     -0.0229025    -0.0229025
31.5979     31.5979    31.5979
138.31     138.31    138.31
-143.245     -143.245    -143.245
-330.582     -330.582    -330.582
-185.274     -185.274    -185.274
-72.1445     -72.1445    -72.1445
-10.7738     -10.7738    -10.7738
-5.20605     -5.20605    -5.20605
-0.904739     -0.904739    -0.904739
8.48763     8.48763    8.48763
14.3249     14.3249    14.3249
6.94289     6.94289    6.94289
-20.5855     -20.5855    -20.5855
20.0578     20.0578    20.0578
-25.8485     -25.8485    -25.8485
19.5991     19.5991    19.5991
-26.189     -26.189    -26.189
46.0557     46.0557    46.0557
256.481     256.481    256.481
-229.682     -229.682    -229.682
683.351     683.351    683.351
251.301     251.301    251.301
-218.059     -218.059    -218.059
-299.146     -299.146    -299.146
48.5621     48.5621    48.5621
91.9641     91.9641    91.9641
41.4114     41.4114    41.4114
-13.5416     -13.5416    -13.5416
36.9262     36.9262    36.9262
-8.6736     -8.6736    -8.6736
24.9111     24.9111    24.9111
8.44647     8.44647    8.44647
37.9209     37.9209    37.9209
-10.0937     -10.0937    -10.0937
40.8855     40.8855    40.8855
38.0803     38.0803    38.0803
53.4499     53.4499    53.4499
46.0094     46.0094    46.0094
81.1166     81.1166    81.1166
314.458     314.458    314.458
206.198     206.198    206.198
-137.321     -137.321    -137.321
13.119     13.119    13.119
35.6831     35.6831    35.6831
49.9486     49.9486    49.9486
-29.3346     -29.3346    -29.3346
82.1278     82.1278    82.1278
-21.7622     -21.7622    -21.7622
32.2888     32.2888    32.2888
57.2522     57.2522    57.2522
-55.4951     -55.4951    -55.4951
19.1266     19.1266    19.1266
9.0551     9.0551    9.0551
105.45     105.45    105.45
-216.252     -216.252    -216.252
-175.745     -175.745    -175.745
-196.415     -196.415    -196.415
17.1305     17.1305    17.1305
138.752     138.752    138.752
21.0114     21.0114    21.0114
-48.1707     -48.1707    -48.1707
-262.462     -262.462    -262.462
45.7774     45.7774    45.7774
50.7816     50.7816    50.7816
-12.6923     -12.6923    -12.6923
20.4228     20.4228    20.4228
-34.9976     -34.9976    -34.9976
3.1879     3.1879    3.1879
149.825     149.825    149.825
10.3591     10.3591    10.3591
-86.2762     -86.2762    -86.2762
-156.425     -156.425    -156.425
126.58     126.58    126.58
-218.975     -218.975    -218.975
-217.904     -217.904    -217.904
36.0653     36.0653    36.0653
-281.339     -281.339    -281.339
226.304     226.304    226.304
-13.7713     -13.7713    -13.7713
5.8426     5.8426    5.8426
-141.491     -141.491    -141.491
-48.0612     -48.0612    -48.0612
23.3893     23.3893    23.3893
21.6744     21.6744    21.6744
-32.9553     -32.9553    -32.9553
6.9827     6.9827    6.9827
168.414     168.414    168.414
-170.503     -170.503    -170.503
-35.047     -35.047    -35.047
-488.945     -488.945    -488.945
-218.72     -218.72    -218.72
-276.707     -276.707    -276.707
-161.3     -161.3    -161.3
-162.342     -162.342    -162.342
-200.05     -200.05    -200.05
21.5443     21.5443    21.5443
-195.413     -195.413    -195.413
7.79309     7.79309    7.79309
112.181     112.181    112.181
-104.431     -104.431    -104.431
123.671     123.671    123.671
-31.2011     -31.2011    -31.2011
356.059     356.059    356.059
178.718     178.718    178.718
-423.395     -423.395    -423.395
260.303     260.303    260.303
201.943     201.943    201.943
-376.255     -376.255    -376.255
7.07847     7.07847    7.07847
253.061     253.061    253.061
34.3361     34.3361    34.3361
177.165     177.165    177.165
264.601     264.601    264.601
202.412     202.412    202.412
134.668     134.668    134.668
-206.264     -206.264    -206.264
139.644     139.644    139.644
3.46782     3.46782    3.46782
26.106     26.106    26.106
165.989     165.989    165.989
43.79     43.79    43.79
512.259     512.259    512.259
101.334     101.334    101.334
606.35     606.35    606.35
-184.951     -184.951    -184.951
-198.278     -198.278    -198.278
-17.6223     -17.6223    -17.6223
-84.8705     -84.8705    -84.8705
244.928     244.928    244.928
-44.7268     -44.7268    -44.7268
292.204     292.204    292.204
-111.177     -111.177    -111.177
294.664     294.664    294.664
-262.707     -262.707    -262.707
190.05     190.05    190.05
-5.40547     -5.40547    -5.40547
96.5918     96.5918    96.5918
50.2289     50.2289    50.2289
-277.551     -277.551    -277.551
-228.478     -228.478    -228.478
-57.4939     -57.4939    -57.4939
-138.728     -138.728    -138.728
3.58124     3.58124    3.58124
-20.7938     -20.7938    -20.7938
240.349     240.349    240.349
-319.704     -319.704    -319.704
7.64917     7.64917    7.64917
40.0021     40.0021    40.0021
-22.1821     -22.1821    -22.1821
42.4681     42.4681    42.4681
-20.6666     -20.6666    -20.6666
-12.4951     -12.4951    -12.4951
-98.243     -98.243    -98.243
45.9883     45.9883    45.9883
-55.1851     -55.1851    -55.1851
56.7661     56.7661    56.7661
187.714     187.714    187.714
231.395     231.395    231.395
-90.7849     -90.7849    -90.7849
253.578     253.578    253.578
-6.95656     -6.95656    -6.95656
-80.7466     -80.7466    -80.7466
73.0259     73.0259    73.0259
80.7072     80.7072    80.7072
-177.263     -177.263    -177.263
-27.2875     -27.2875    -27.2875
-72.0577     -72.0577    -72.0577
-34.6338     -34.6338    -34.6338
-50.5539     -50.5539    -50.5539
-58.7851     -58.7851    -58.7851
16.0829     16.0829    16.0829
115.845     115.845    115.845
-1.63665     -1.63665    -1.63665
7.45261     7.45261    7.45261
129.314     129.314    129.314
-55.1616     -55.1616    -55.1616
212.726     212.726    212.726
-46.6353     -46.6353    -46.6353
276.834     276.834    276.834
74.6245     74.6245    74.6245
64.8326     64.8326    64.8326
-6.42622     -6.42622    -6.42622
30.984     30.984    30.984
44.7056     44.7056    44.7056
-6.78177     -6.78177    -6.78177
-6.92075     -6.92075    -6.92075
-25.101     -25.101    -25.101
-6.55557     -6.55557    -6.55557
34.02     34.02    34.02
3.67737     3.67737    3.67737
-7.12261     -7.12261    -7.12261
44.7601     44.7601    44.7601
56.3844     56.3844    56.3844
-45.5998     -45.5998    -45.5998
-313.575     -313.575    -313.575
61.1706     61.1706    61.1706
-31.8478     -31.8478    -31.8478
80.4154     80.4154    80.4154
83.3566     83.3566    83.3566
43.9946     43.9946    43.9946
-21.0916     -21.0916    -21.0916
-26.4842     -26.4842    -26.4842
4.581     4.581    4.581
17.8331     17.8331    17.8331
-8.22644     -8.22644    -8.22644
-16.0421     -16.0421    -16.0421
-14.2741     -14.2741    -14.2741
-86.4927     -86.4927    -86.4927
-126.502     -126.502    -126.502
72.5804     72.5804    72.5804
32.969     32.969    32.969
-199.719     -199.719    -199.719
93.5863     93.5863    93.5863
448.35     448.35    448.35
31.9644     31.9644    31.9644
173.922     173.922    173.922
10.1534     10.1534    10.1534
-55.1167     -55.1167    -55.1167
1.27427     1.27427    1.27427
-31.3689     -31.3689    -31.3689
-3.69233     -3.69233    -3.69233
26.6539     26.6539    26.6539
-5.75889     -5.75889    -5.75889
-19.9249     -19.9249    -19.9249
27.4137     27.4137    27.4137
14.6473     14.6473    14.6473
-14.0038     -14.0038    -14.0038
53.2389     53.2389    53.2389
-4.76155     -4.76155    -4.76155
56.3133     56.3133    56.3133
32.9923     32.9923    32.9923
-462.923     -462.923    -462.923
-331.578     -331.578    -331.578
88.9773     88.9773    88.9773
165.447     165.447    165.447
8.45462     8.45462    8.45462
-34.1846     -34.1846    -34.1846
-24.7299     -24.7299    -24.7299
34.0229     34.0229    34.0229
12.0541     12.0541    12.0541
27.6874     27.6874    27.6874
-12.5655     -12.5655    -12.5655
10.5089     10.5089    10.5089
7.63354     7.63354    7.63354
0.284402     0.284402    0.284402
-15.749     -15.749    -15.749
-13.9137     -13.9137    -13.9137
76.0482     76.0482    76.0482
73.251     73.251    73.251
85.5553     85.5553    85.5553
-299.873     -299.873    -299.873
246.921     246.921    246.921
-533.447     -533.447    -533.447
-161.85     -161.85    -161.85
-45.5805     -45.5805    -45.5805
66.4419     66.4419    66.4419
32.5901     32.5901    32.5901
8.20893     8.20893    8.20893
23.004     23.004    23.004
-6.47084     -6.47084    -6.47084
7.14753     7.14753    7.14753
-14.9647     -14.9647    -14.9647
27.7295     27.7295    27.7295
6.06974     6.06974    6.06974
54.8624     54.8624    54.8624
22.0509     22.0509    22.0509
154.877     154.877    154.877
87.2966     87.2966    87.2966
411.913     411.913    411.913
27.1218     27.1218    27.1218
-193.196     -193.196    -193.196
-119.622     -119.622    -119.622
25.5403     25.5403    25.5403
109.022     109.022    109.022
60.6154     60.6154    60.6154
13.8448     13.8448    13.8448
11.363     11.363    11.363
-37.9727     -37.9727    -37.9727
1.67914     1.67914    1.67914
-24.3167     -24.3167    -24.3167
-25.3608     -25.3608    -25.3608
8.74019     8.74019    8.74019
-32.7859     -32.7859    -32.7859
31.3529     31.3529    31.3529
69.9101     69.9101    69.9101
-9.00248     -9.00248    -9.00248
-64.958     -64.958    -64.958
39.9028     39.9028    39.9028
-496.788     -496.788    -496.788
51.8022     51.8022    51.8022
17.66     17.66    17.66
-174.382     -174.382    -174.382
51.0095     51.0095    51.0095
43.8088     43.8088    43.8088
2.49757     2.49757    2.49757
-9.33081     -9.33081    -9.33081
29.2018     29.2018    29.2018
-13.7219     -13.7219    -13.7219
3.75073     3.75073    3.75073
3.08124     3.08124    3.08124
-17.4136     -17.4136    -17.4136
28.8204     28.8204    28.8204
-9.97069     -9.97069    -9.97069
-19.2819     -19.2819    -19.2819
-36.2565     -36.2565    -36.2565
102.789     102.789    102.789
-40.539     -40.539    -40.539
-380.961     -380.961    -380.961
-175.595     -175.595    -175.595
-149.321     -149.321    -149.321
-320.91     -320.91    -320.91
88.6055     88.6055    88.6055
47.2049     47.2049    47.2049
-49.4476     -49.4476    -49.4476
7.09945     7.09945    7.09945
13.7498     13.7498    13.7498
28.8418     28.8418    28.8418
-55.5401     -55.5401    -55.5401
3.39193     3.39193    3.39193
-33.3745     -33.3745    -33.3745
28.3978     28.3978    28.3978
2.91434     2.91434    2.91434
92.9484     92.9484    92.9484
60.3839     60.3839    60.3839
84.3609     84.3609    84.3609
8.96117     8.96117    8.96117
251.497     251.497    251.497
-94.9551     -94.9551    -94.9551
172.254     172.254    172.254
-226.074     -226.074    -226.074
-85.3275     -85.3275    -85.3275
-0.213237     -0.213237    -0.213237
-50.3836     -50.3836    -50.3836
24.8262     24.8262    24.8262
-19.7355     -19.7355    -19.7355
8.25775     8.25775    8.25775
-4.69016     -4.69016    -4.69016
16.7798     16.7798    16.7798
-26.8199     -26.8199    -26.8199
5.17754     5.17754    5.17754
62.8065     62.8065    62.8065
-8.08593     -8.08593    -8.08593
-109.408     -109.408    -109.408
-160.399     -160.399    -160.399
103.075     103.075    103.075
167.679     167.679    167.679
-243.761     -243.761    -243.761
-15.8197     -15.8197    -15.8197
-19.4248     -19.4248    -19.4248
-33.8598     -33.8598    -33.8598
-72.9455     -72.9455    -72.9455
59.9457     59.9457    59.9457
-22.0164     -22.0164    -22.0164
14.9338     14.9338    14.9338
-37.3992     -37.3992    -37.3992
-8.83501     -8.83501    -8.83501
-4.22856     -4.22856    -4.22856
16.1302     16.1302    16.1302
-59.556     -59.556    -59.556
191.087     191.087    191.087
-315.504     -315.504    -315.504
398.953     398.953    398.953
244.585     244.585    244.585
-4.69847     -4.69847    -4.69847
-57.1849     -57.1849    -57.1849
42.9938     42.9938    42.9938
121.487     121.487    121.487
2.67858     2.67858    2.67858
80.3488     80.3488    80.3488
56.2699     56.2699    56.2699
116.046     116.046    116.046
4.02661     4.02661    4.02661
5.29524     5.29524    5.29524
-33.1853     -33.1853    -33.1853
-120.901     -120.901    -120.901
-45.5242     -45.5242    -45.5242
-5.63515     -5.63515    -5.63515
20.7289     20.7289    20.7289
54.9045     54.9045    54.9045
-111.315     -111.315    -111.315
-56.6129     -56.6129    -56.6129
8.85481     8.85481    8.85481
78.8894     78.8894    78.8894
-144.234     -144.234    -144.234
-11.1924     -11.1924    -11.1924
-114.98     -114.98    -114.98
192.349     192.349    192.349
169.23     169.23    169.23
-177.278     -177.278    -177.278
-368.806     -368.806    -368.806
-175.128     -175.128    -175.128
-56.958     -56.958    -56.958
-191.551     -191.551    -191.551
-225.057     -225.057    -225.057
103.929     103.929    103.929
177.713     177.713    177.713
-127.265     -127.265    -127.265
182.635     182.635    182.635
-330.102     -330.102    -330.102
200.871     200.871    200.871
-505.879     -505.879    -505.879
241.949     241.949    241.949
255.445     255.445    255.445
37.5804     37.5804    37.5804
-111.304     -111.304    -111.304
162.978     162.978    162.978
11.524     11.524    11.524
443.916     443.916    443.916
-692.909     -692.909    -692.909
-44.6614     -44.6614    -44.6614
382.406     382.406    382.406
-15.57     -15.57    -15.57
-471.697     -471.697    -471.697
104.746     104.746    104.746
-109.752     -109.752    -109.752
-102.776     -102.776    -102.776
-220.029     -220.029    -220.029
-74.2248     -74.2248    -74.2248
135.571     135.571    135.571
184.712     184.712    184.712
-41.4484     -41.4484    -41.4484
-219.921     -219.921    -219.921
-788.223     -788.223    -788.223
-144.444     -144.444    -144.444
-155.675     -155.675    -155.675
-151.341     -151.341    -151.341
168.785     168.785    168.785
278.739     278.739    278.739
127.184     127.184    127.184
15.7695     15.7695    15.7695
-0.155667     -0.155667    -0.155667
-87.69     -87.69    -87.69
-52.9347     -52.9347    -52.9347
63.4729     63.4729    63.4729
248.727     248.727    248.727
-178.629     -178.629    -178.629
75.0946     75.0946    75.0946
-3.20142     -3.20142    -3.20142
-8.82463     -8.82463    -8.82463
196.179     196.179    196.179
447.434     447.434    447.434
-14.2901     -14.2901    -14.2901
41.3004     41.3004    41.3004
-123.583     -123.583    -123.583
-92.0277     -92.0277    -92.0277
-175.133     -175.133    -175.133
4.24973     4.24973    4.24973
-146.857     -146.857    -146.857
274.464     274.464    274.464
120.391     120.391    120.391
58.3969     58.3969    58.3969
63.25     63.25    63.25
-14.2018     -14.2018    -14.2018
346.406     346.406    346.406
43.6151     43.6151    43.6151
-51.0401     -51.0401    -51.0401
-31.509     -31.509    -31.509
98.4902     98.4902    98.4902
24.9295     24.9295    24.9295
78.6764     78.6764    78.6764
109.171     109.171    109.171
86.6072     86.6072    86.6072
33.5463     33.5463    33.5463
53.472     53.472    53.472
15.0594     15.0594    15.0594
-207.846     -207.846    -207.846
205.691     205.691    205.691
1.76412     1.76412    1.76412
-170.633     -170.633    -170.633
32.4497     32.4497    32.4497
-149.312     -149.312    -149.312
202.134     202.134    202.134
-18.7103     -18.7103    -18.7103
-45.6245     -45.6245    -45.6245
-10.4914     -10.4914    -10.4914
-64.9716     -64.9716    -64.9716
11.9079     11.9079    11.9079
14.2303     14.2303    14.2303
-44.349     -44.349    -44.349
-40.2202     -40.2202    -40.2202
97.8552     97.8552    97.8552
-180.986     -180.986    -180.986
-8.11886     -8.11886    -8.11886
-11.1057     -11.1057    -11.1057
-386.195     -386.195    -386.195
-95.0221     -95.0221    -95.0221
-15.9703     -15.9703    -15.9703
32.8053     32.8053    32.8053
41.18     41.18    41.18
14.6641     14.6641    14.6641
-20.497     -20.497    -20.497
64.6996     64.6996    64.6996
11.1873     11.1873    11.1873
23.091     23.091    23.091
-22.1183     -22.1183    -22.1183
37.8422     37.8422    37.8422
30.6874     30.6874    30.6874
23.2391     23.2391    23.2391
-73.1818     -73.1818    -73.1818
60.6696     60.6696    60.6696
49.5784     49.5784    49.5784
-220.702     -220.702    -220.702
-572.581     -572.581    -572.581
-243.858     -243.858    -243.858
180.9     180.9    180.9
52.8022     52.8022    52.8022
8.80468     8.80468    8.80468
-44.3559     -44.3559    -44.3559
10.42     10.42    10.42
-29.4556     -29.4556    -29.4556
21.4948     21.4948    21.4948
-4.99413     -4.99413    -4.99413
-17.8454     -17.8454    -17.8454
-14.335     -14.335    -14.335
-8.41262     -8.41262    -8.41262
-33.6641     -33.6641    -33.6641
54.7364     54.7364    54.7364
181.598     181.598    181.598
-31.0238     -31.0238    -31.0238
-345.394     -345.394    -345.394
-142.577     -142.577    -142.577
33.2533     33.2533    33.2533
35.8474     35.8474    35.8474
5.28677     5.28677    5.28677
159.178     159.178    159.178
6.78437     6.78437    6.78437
-13.2626     -13.2626    -13.2626
21.0686     21.0686    21.0686
31.4074     31.4074    31.4074
3.17666     3.17666    3.17666
-10.7524     -10.7524    -10.7524
17.0763     17.0763    17.0763
-2.41812     -2.41812    -2.41812
10.2394     10.2394    10.2394
15.3867     15.3867    15.3867
3.33265     3.33265    3.33265
76.8232     76.8232    76.8232
-40.3919     -40.3919    -40.3919
-61.2967     -61.2967    -61.2967
149.521     149.521    149.521
-242.688     -242.688    -242.688
-134.891     -134.891    -134.891
-21.3681     -21.3681    -21.3681
93.6467     93.6467    93.6467
131.791     131.791    131.791
-40.7049     -40.7049    -40.7049
-13.0217     -13.0217    -13.0217
-16.152     -16.152    -16.152
7.12158     7.12158    7.12158
-28.2534     -28.2534    -28.2534
15.7937     15.7937    15.7937
29.9058     29.9058    29.9058
5.24452     5.24452    5.24452
-7.63054     -7.63054    -7.63054
-38.2756     -38.2756    -38.2756
-59.474     -59.474    -59.474
-7.8057     -7.8057    -7.8057
-175.267     -175.267    -175.267
283.021     283.021    283.021
2.14784     2.14784    2.14784
13.0354     13.0354    13.0354
53.2899     53.2899    53.2899
-77.8886     -77.8886    -77.8886
-135.759     -135.759    -135.759
16.8157     16.8157    16.8157
10.3407     10.3407    10.3407
25.407     25.407    25.407
9.95898     9.95898    9.95898
-13.1533     -13.1533    -13.1533
18.8692     18.8692    18.8692
-24.5296     -24.5296    -24.5296
-29.0339     -29.0339    -29.0339
-21.3254     -21.3254    -21.3254
-26.1255     -26.1255    -26.1255
-73.462     -73.462    -73.462
-61.4797     -61.4797    -61.4797
42.8465     42.8465    42.8465
90.4982     90.4982    90.4982
455.156     455.156    455.156
-206.592     -206.592    -206.592
200.036     200.036    200.036
2.5842     2.5842    2.5842
-46.5064     -46.5064    -46.5064
-22.5996     -22.5996    -22.5996
48.6577     48.6577    48.6577
-3.97464     -3.97464    -3.97464
-37.8598     -37.8598    -37.8598
-8.27439     -8.27439    -8.27439
-4.17433     -4.17433    -4.17433
-35.5731     -35.5731    -35.5731
0.419237     0.419237    0.419237
3.42164     3.42164    3.42164
88.524     88.524    88.524
178.452     178.452    178.452
-6.13382     -6.13382    -6.13382
136.988     136.988    136.988
276.857     276.857    276.857
84.6923     84.6923    84.6923
58.0387     58.0387    58.0387
75.7504     75.7504    75.7504
-68.5351     -68.5351    -68.5351
-14.5666     -14.5666    -14.5666
18.7738     18.7738    18.7738
-64.6114     -64.6114    -64.6114
-3.14596     -3.14596    -3.14596
16.5585     16.5585    16.5585
-69.7732     -69.7732    -69.7732
-64.4619     -64.4619    -64.4619
10.3502     10.3502    10.3502
68.9498     68.9498    68.9498
28.5473     28.5473    28.5473
-308.257     -308.257    -308.257
100.374     100.374    100.374
200.874     200.874    200.874
83.5894     83.5894    83.5894
-368.887     -368.887    -368.887
248.875     248.875    248.875
-11.5288     -11.5288    -11.5288
85.2454     85.2454    85.2454
-35.8192     -35.8192    -35.8192
-3.0494     -3.0494    -3.0494
-48.5573     -48.5573    -48.5573
8.56926     8.56926    8.56926
-53.0744     -53.0744    -53.0744
-47.8214     -47.8214    -47.8214
-104.193     -104.193    -104.193
7.51032     7.51032    7.51032
84.6558     84.6558    84.6558
-161.44     -161.44    -161.44
208.11     208.11    208.11
-430.294     -430.294    -430.294
-204.778     -204.778    -204.778
-126.606     -126.606    -126.606
205.794     205.794    205.794
-363.513     -363.513    -363.513
84.0623     84.0623    84.0623
-20.5087     -20.5087    -20.5087
-81.6634     -81.6634    -81.6634
74.0646     74.0646    74.0646
-15.5439     -15.5439    -15.5439
35.4298     35.4298    35.4298
-88.3711     -88.3711    -88.3711
-116.473     -116.473    -116.473
12.9717     12.9717    12.9717
-260.47     -260.47    -260.47
-173.909     -173.909    -173.909
-181.162     -181.162    -181.162
59.8943     59.8943    59.8943
275.182     275.182    275.182
499.387     499.387    499.387
-3.65086     -3.65086    -3.65086
-325.407     -325.407    -325.407
30.3984     30.3984    30.3984
233.596     233.596    233.596
-125.746     -125.746    -125.746
-39.2802     -39.2802    -39.2802
80.9339     80.9339    80.9339
23.8053     23.8053    23.8053
187.914     187.914    187.914
-174.657     -174.657    -174.657
-143.686     -143.686    -143.686
238.604     238.604    238.604
-194.208     -194.208    -194.208
193.256     193.256    193.256
235.034     235.034    235.034
-81.1562     -81.1562    -81.1562
97.1253     97.1253    97.1253
173.111     173.111    173.111
237.638     237.638    237.638
13.8021     13.8021    13.8021
13.8557     13.8557    13.8557
99.1955     99.1955    99.1955
231.246     231.246    231.246
-14.3117     -14.3117    -14.3117
226.54     226.54    226.54
285.401     285.401    285.401
449.443     449.443    449.443
423.108     423.108    423.108
-485.407     -485.407    -485.407
300.159     300.159    300.159
44.6087     44.6087    44.6087
221.915     221.915    221.915
173.054     173.054    173.054
-57.1226     -57.1226    -57.1226
130.206     130.206    130.206
-20.6999     -20.6999    -20.6999
292.752     292.752    292.752
391.475     391.475    391.475
232.016     232.016    232.016
58.8509     58.8509    58.8509
-363.03     -363.03    -363.03
126.236     126.236    126.236
83.2141     83.2141    83.2141
-17.0695     -17.0695    -17.0695
21.789     21.789    21.789
-150.279     -150.279    -150.279
58.2197     58.2197    58.2197
-252.879     -252.879    -252.879
-272.316     -272.316    -272.316
-394.06     -394.06    -394.06
-11.7128     -11.7128    -11.7128
435.299     435.299    435.299
-256.896     -256.896    -256.896
-169.915     -169.915    -169.915
-117.506     -117.506    -117.506
-144.891     -144.891    -144.891
-154.406     -154.406    -154.406
-98.2841     -98.2841    -98.2841
144.428     144.428    144.428
-395.389     -395.389    -395.389
174.778     174.778    174.778
14.2977     14.2977    14.2977
19.3643     19.3643    19.3643
132.755     132.755    132.755
83.1373     83.1373    83.1373
41.1927     41.1927    41.1927
47.5404     47.5404    47.5404
98.9592     98.9592    98.9592
33.336     33.336    33.336
282.154     282.154    282.154
37.0763     37.0763    37.0763
60.6954     60.6954    60.6954
394.953     394.953    394.953
-237.776     -237.776    -237.776
-40.3735     -40.3735    -40.3735
237.429     237.429    237.429
-227.099     -227.099    -227.099
193.387     193.387    193.387
-67.5982     -67.5982    -67.5982
5.6683     5.6683    5.6683
-195.747     -195.747    -195.747
-58.497     -58.497    -58.497
-16.178     -16.178    -16.178
46.5662     46.5662    46.5662
35.6443     35.6443    35.6443
113.089     113.089    113.089
216.608     216.608    216.608
53.3479     53.3479    53.3479
-371.26     -371.26    -371.26
-95.3775     -95.3775    -95.3775
-151.562     -151.562    -151.562
267.197     267.197    267.197
131.558     131.558    131.558
-78.0751     -78.0751    -78.0751
-45.7746     -45.7746    -45.7746
124.447     124.447    124.447
48.1198     48.1198    48.1198
-6.19613     -6.19613    -6.19613
-7.45961     -7.45961    -7.45961
3.03409     3.03409    3.03409
17.0581     17.0581    17.0581
25.7504     25.7504    25.7504
-126.912     -126.912    -126.912
-78.8574     -78.8574    -78.8574
-307.342     -307.342    -307.342
-48.0229     -48.0229    -48.0229
443.506     443.506    443.506
-485.615     -485.615    -485.615
131.781     131.781    131.781
189.89     189.89    189.89
13.6913     13.6913    13.6913
55.595     55.595    55.595
87.7127     87.7127    87.7127
-46.8536     -46.8536    -46.8536
-25.5394     -25.5394    -25.5394
65.6929     65.6929    65.6929
31.6572     31.6572    31.6572
89.8117     89.8117    89.8117
-22.6501     -22.6501    -22.6501
130.248     130.248    130.248
47.3979     47.3979    47.3979
3.94208     3.94208    3.94208
-122.934     -122.934    -122.934
-377.343     -377.343    -377.343
-96.5503     -96.5503    -96.5503
-329.681     -329.681    -329.681
185.932     185.932    185.932
-41.1869     -41.1869    -41.1869
0.371762     0.371762    0.371762
9.71328     9.71328    9.71328
49.3867     49.3867    49.3867
7.55881     7.55881    7.55881
-12.8675     -12.8675    -12.8675
8.93997     8.93997    8.93997
-8.77177     -8.77177    -8.77177
107.679     107.679    107.679
-66.2945     -66.2945    -66.2945
-0.739337     -0.739337    -0.739337
-142.148     -142.148    -142.148
-199.205     -199.205    -199.205
-218.422     -218.422    -218.422
189.939     189.939    189.939
273.174     273.174    273.174
76.7746     76.7746    76.7746
125.576     125.576    125.576
27.4098     27.4098    27.4098
13.7865     13.7865    13.7865
-3.22885     -3.22885    -3.22885
-58.1283     -58.1283    -58.1283
-5.83973     -5.83973    -5.83973
4.46794     4.46794    4.46794
64.8956     64.8956    64.8956
40.1072     40.1072    40.1072
-13.1621     -13.1621    -13.1621
-42.0507     -42.0507    -42.0507
-81.9155     -81.9155    -81.9155
192.447     192.447    192.447
-82.6749     -82.6749    -82.6749
560.056     560.056    560.056
22.7251     22.7251    22.7251
154.391     154.391    154.391
19.5084     19.5084    19.5084
29.3599     29.3599    29.3599
-4.53099     -4.53099    -4.53099
-20.4829     -20.4829    -20.4829
-25.1011     -25.1011    -25.1011
-19.8948     -19.8948    -19.8948
10.79     10.79    10.79
-12.9297     -12.9297    -12.9297
-17.9827     -17.9827    -17.9827
112.423     112.423    112.423
14.4234     14.4234    14.4234
-17.5201     -17.5201    -17.5201
-123.718     -123.718    -123.718
-109.509     -109.509    -109.509
337.986     337.986    337.986
201.855     201.855    201.855
62.2994     62.2994    62.2994
-7.8616     -7.8616    -7.8616
14.3239     14.3239    14.3239
26.5189     26.5189    26.5189
-30.1236     -30.1236    -30.1236
23.3896     23.3896    23.3896
-14.6138     -14.6138    -14.6138
-26.1276     -26.1276    -26.1276
39.638     39.638    39.638
-6.44321     -6.44321    -6.44321
68.9283     68.9283    68.9283
-131.487     -131.487    -131.487
126.068     126.068    126.068
36.2767     36.2767    36.2767
103.732     103.732    103.732
-166.399     -166.399    -166.399
-185.427     -185.427    -185.427
-206.04     -206.04    -206.04
198.11     198.11    198.11
115.846     115.846    115.846
-5.74997     -5.74997    -5.74997
-18.2496     -18.2496    -18.2496
24.178     24.178    24.178
18.2991     18.2991    18.2991
41.7267     41.7267    41.7267
-2.84858     -2.84858    -2.84858
43.8135     43.8135    43.8135
-15.2871     -15.2871    -15.2871
44.788     44.788    44.788
-102.788     -102.788    -102.788
349.087     349.087    349.087
832.196     832.196    832.196
301.676     301.676    301.676
-169.581     -169.581    -169.581
123.236     123.236    123.236
-22.6354     -22.6354    -22.6354
21.2158     21.2158    21.2158
27.3842     27.3842    27.3842
5.49873     5.49873    5.49873
-13.5563     -13.5563    -13.5563
-44.0865     -44.0865    -44.0865
80.6633     80.6633    80.6633
29.3034     29.3034    29.3034
15.6652     15.6652    15.6652
24.2678     24.2678    24.2678
17.8962     17.8962    17.8962
-274.669     -274.669    -274.669
-331.991     -331.991    -331.991
-82.5182     -82.5182    -82.5182
-75.7269     -75.7269    -75.7269
-36.4722     -36.4722    -36.4722
-50.323     -50.323    -50.323
83.9533     83.9533    83.9533
88.458     88.458    88.458
-113.616     -113.616    -113.616
-4.91223     -4.91223    -4.91223
-79.9125     -79.9125    -79.9125
2.77823     2.77823    2.77823
-19.5726     -19.5726    -19.5726
122.353     122.353    122.353
-149.112     -149.112    -149.112
188.551     188.551    188.551
184.098     184.098    184.098
-6.76297     -6.76297    -6.76297
-197.568     -197.568    -197.568
-10.6244     -10.6244    -10.6244
-174.207     -174.207    -174.207
410.906     410.906    410.906
51.2034     51.2034    51.2034
-27.7529     -27.7529    -27.7529
231.042     231.042    231.042
-53.9539     -53.9539    -53.9539
-8.12175     -8.12175    -8.12175
-174.251     -174.251    -174.251
-88.0425     -88.0425    -88.0425
-86.6687     -86.6687    -86.6687
-93.4298     -93.4298    -93.4298
116.784     116.784    116.784
-93.9238     -93.9238    -93.9238
204.379     204.379    204.379
-308.497     -308.497    -308.497
210.864     210.864    210.864
156.198     156.198    156.198
-220.64     -220.64    -220.64
-38.1427     -38.1427    -38.1427
175.137     175.137    175.137
107.756     107.756    107.756
254.843     254.843    254.843
118.415     118.415    118.415
-22.5559     -22.5559    -22.5559
240.815     240.815    240.815
7.78866     7.78866    7.78866
-114.531     -114.531    -114.531
-44.657     -44.657    -44.657
-251.817     -251.817    -251.817
-60.6892     -60.6892    -60.6892
-295.201     -295.201    -295.201
-163.498     -163.498    -163.498
64.2511     64.2511    64.2511
-43.5446     -43.5446    -43.5446
217.835     217.835    217.835
-207.004     -207.004    -207.004
56.3608     56.3608    56.3608
-108.047     -108.047    -108.047
325.098     325.098    325.098
-37.1985     -37.1985    -37.1985
-96.3277     -96.3277    -96.3277
182.737     182.737    182.737
24.9256     24.9256    24.9256
86.6258     86.6258    86.6258
34.3458     34.3458    34.3458
57.2445     57.2445    57.2445
159.145     159.145    159.145
147.857     147.857    147.857
-304.448     -304.448    -304.448
-0.457853     -0.457853    -0.457853
-58.1808     -58.1808    -58.1808
-288.507     -288.507    -288.507
-309.219     -309.219    -309.219
-149.921     -149.921    -149.921
-363.915     -363.915    -363.915
129.004     129.004    129.004
42.4454     42.4454    42.4454
14.7385     14.7385    14.7385
-14.5151     -14.5151    -14.5151
-192.74     -192.74    -192.74
-0.341964     -0.341964    -0.341964
313.066     313.066    313.066
381.491     381.491    381.491
-253.235     -253.235    -253.235
-290.235     -290.235    -290.235
-270.39     -270.39    -270.39
-189.011     -189.011    -189.011
347.67     347.67    347.67
-47.3463     -47.3463    -47.3463
-276.842     -276.842    -276.842
260.413     260.413    260.413
-25.9416     -25.9416    -25.9416
349.891     349.891    349.891
-253.82     -253.82    -253.82
43.3744     43.3744    43.3744
55.9384     55.9384    55.9384
-54.979     -54.979    -54.979
-250.798     -250.798    -250.798
4.46405     4.46405    4.46405
113.256     113.256    113.256
314.577     314.577    314.577
415.101     415.101    415.101
64.9946     64.9946    64.9946
62.5172     62.5172    62.5172
182.698     182.698    182.698
-104.493     -104.493    -104.493
-372.665     -372.665    -372.665
576.043     576.043    576.043
-32.31     -32.31    -32.31
40.4086     40.4086    40.4086
187.002     187.002    187.002
-25.6889     -25.6889    -25.6889
146.986     146.986    146.986
6.22286     6.22286    6.22286
139.059     139.059    139.059
15.1361     15.1361    15.1361
78.5287     78.5287    78.5287
24.8895     24.8895    24.8895
169.68     169.68    169.68
-311.073     -311.073    -311.073
-393.955     -393.955    -393.955
164.324     164.324    164.324
103.836     103.836    103.836
-14.3278     -14.3278    -14.3278
-21.6579     -21.6579    -21.6579
-102.627     -102.627    -102.627
-55.5345     -55.5345    -55.5345
60.3419     60.3419    60.3419
70.9722     70.9722    70.9722
-10.7886     -10.7886    -10.7886
43.031     43.031    43.031
-102.769     -102.769    -102.769
131.445     131.445    131.445
114.177     114.177    114.177
-72.0376     -72.0376    -72.0376
-324.751     -324.751    -324.751
-109.104     -109.104    -109.104
-339.201     -339.201    -339.201
95.998     95.998    95.998
97.7228     97.7228    97.7228
133.358     133.358    133.358
52.8372     52.8372    52.8372
16.8662     16.8662    16.8662
-14.5089     -14.5089    -14.5089
34.2154     34.2154    34.2154
1.23513     1.23513    1.23513
-39.2861     -39.2861    -39.2861
23.8828     23.8828    23.8828
214.253     214.253    214.253
-78.582     -78.582    -78.582
52.2152     52.2152    52.2152
-182.36     -182.36    -182.36
128.471     128.471    128.471
-394.71     -394.71    -394.71
-51.2807     -51.2807    -51.2807
-252.264     -252.264    -252.264
-184.946     -184.946    -184.946
15.5649     15.5649    15.5649
2.38192     2.38192    2.38192
-19.5816     -19.5816    -19.5816
54.7136     54.7136    54.7136
-3.20117     -3.20117    -3.20117
-37.4318     -37.4318    -37.4318
46.8767     46.8767    46.8767
58.4288     58.4288    58.4288
40.9216     40.9216    40.9216
42.6431     42.6431    42.6431
-208.302     -208.302    -208.302
295.867     295.867    295.867
341.042     341.042    341.042
237.838     237.838    237.838
-14.4184     -14.4184    -14.4184
30.6697     30.6697    30.6697
-95.283     -95.283    -95.283
182.067     182.067    182.067
24.7176     24.7176    24.7176
42.8649     42.8649    42.8649
-50.7855     -50.7855    -50.7855
-7.8172     -7.8172    -7.8172
57.5667     57.5667    57.5667
119.894     119.894    119.894
-145.242     -145.242    -145.242
127.037     127.037    127.037
298.099     298.099    298.099
46.3868     46.3868    46.3868
-333.47     -333.47    -333.47
322.751     322.751    322.751
-188.742     -188.742    -188.742
-138.442     -138.442    -138.442
57.1857     57.1857    57.1857
72.4807     72.4807    72.4807
94.2192     94.2192    94.2192
75.0159     75.0159    75.0159
-22.029     -22.029    -22.029
-48.0291     -48.0291    -48.0291
-34.3808     -34.3808    -34.3808
-17.7324     -17.7324    -17.7324
-37.332     -37.332    -37.332
-117.86     -117.86    -117.86
-19.6566     -19.6566    -19.6566
124.042     124.042    124.042
-17.3978     -17.3978    -17.3978
138.159     138.159    138.159
-549.772     -549.772    -549.772
-342.99     -342.99    -342.99
91.8986     91.8986    91.8986
180.803     180.803    180.803
44.7812     44.7812    44.7812
-2.17243     -2.17243    -2.17243
57.4399     57.4399    57.4399
22.8558     22.8558    22.8558
69.8005     69.8005    69.8005
-32.2529     -32.2529    -32.2529
17.1688     17.1688    17.1688
65.189     65.189    65.189
65.5259     65.5259    65.5259
73.8429     73.8429    73.8429
29.2733     29.2733    29.2733
246.835     246.835    246.835
-142.767     -142.767    -142.767
280.565     280.565    280.565
-394.977     -394.977    -394.977
480.707     480.707    480.707
145.054     145.054    145.054
20.1904     20.1904    20.1904
74.6548     74.6548    74.6548
-55.7094     -55.7094    -55.7094
-122.114     -122.114    -122.114
11.5922     11.5922    11.5922
132.383     132.383    132.383
-76.6169     -76.6169    -76.6169
91.8421     91.8421    91.8421
88.3496     88.3496    88.3496
38.066     38.066    38.066
-143.816     -143.816    -143.816
8.919     8.919    8.919
-69.6386     -69.6386    -69.6386
82.6219     82.6219    82.6219
-49.9194     -49.9194    -49.9194
-5.32523     -5.32523    -5.32523
62.6455     62.6455    62.6455
-159.591     -159.591    -159.591
4.44312     4.44312    4.44312
62.0361     62.0361    62.0361
43.7735     43.7735    43.7735
166.654     166.654    166.654
-135.72     -135.72    -135.72
-169.856     -169.856    -169.856
-131.578     -131.578    -131.578
-235.234     -235.234    -235.234
-223.438     -223.438    -223.438
-176.907     -176.907    -176.907
-159.055     -159.055    -159.055
-82.8088     -82.8088    -82.8088
-174.469     -174.469    -174.469
-58.3134     -58.3134    -58.3134
-109.303     -109.303    -109.303
-26.5552     -26.5552    -26.5552
136.528     136.528    136.528
30.4223     30.4223    30.4223
-51.8267     -51.8267    -51.8267
-97.4012     -97.4012    -97.4012
615.259     615.259    615.259
-93.3646     -93.3646    -93.3646
272.203     272.203    272.203
24.3371     24.3371    24.3371
-224.867     -224.867    -224.867
-270.021     -270.021    -270.021
-203.78     -203.78    -203.78
-264.592     -264.592    -264.592
-44.9684     -44.9684    -44.9684
-53.08     -53.08    -53.08
42.0285     42.0285    42.0285
82.9554     82.9554    82.9554
61.7272     61.7272    61.7272
-586.679     -586.679    -586.679
420.486     420.486    420.486
-385.048     -385.048    -385.048
-92.7302     -92.7302    -92.7302
13.3545     13.3545    13.3545
-70.7793     -70.7793    -70.7793
222.986     222.986    222.986
-20.8205     -20.8205    -20.8205
-297.865     -297.865    -297.865
-385.359     -385.359    -385.359
4.48184     4.48184    4.48184
345.755     345.755    345.755
48.1803     48.1803    48.1803
106.911     106.911    106.911
364.403     364.403    364.403
299.857     299.857    299.857
-246.624     -246.624    -246.624
-52.8283     -52.8283    -52.8283
-196.535     -196.535    -196.535
-358.018     -358.018    -358.018
-193.583     -193.583    -193.583
365.792     365.792    365.792
-210.707     -210.707    -210.707
-134.226     -134.226    -134.226
-139.874     -139.874    -139.874
-89.7804     -89.7804    -89.7804
-234.634     -234.634    -234.634
-223.351     -223.351    -223.351
125.914     125.914    125.914
144.669     144.669    144.669
261.045     261.045    261.045
85.3436     85.3436    85.3436
73.1636     73.1636    73.1636
127.457     127.457    127.457
123.419     123.419    123.419
-83.8601     -83.8601    -83.8601
9.65447     9.65447    9.65447
-288.755     -288.755    -288.755
-38.0928     -38.0928    -38.0928
53.0288     53.0288    53.0288
-266.407     -266.407    -266.407
-23.3337     -23.3337    -23.3337
358.556     358.556    358.556
118.596     118.596    118.596
-88.3993     -88.3993    -88.3993
-99.1774     -99.1774    -99.1774
347.639     347.639    347.639
-152.189     -152.189    -152.189
-4.818     -4.818    -4.818
-151.788     -151.788    -151.788
163.778     163.778    163.778
313.815     313.815    313.815
294.145     294.145    294.145
-116.123     -116.123    -116.123
-248.364     -248.364    -248.364
174.621     174.621    174.621
66.15     66.15    66.15
-99.6054     -99.6054    -99.6054
-0.0644646     -0.0644646    -0.0644646
139.285     139.285    139.285
-6.27319     -6.27319    -6.27319
105.088     105.088    105.088
424.843     424.843    424.843
-194.491     -194.491    -194.491
-220.761     -220.761    -220.761
566.465     566.465    566.465
-171.368     -171.368    -171.368
109.578     109.578    109.578
48.9432     48.9432    48.9432
-6.41876     -6.41876    -6.41876
-81.2673     -81.2673    -81.2673
37.7139     37.7139    37.7139
35.1374     35.1374    35.1374
-12.5557     -12.5557    -12.5557
-52.3275     -52.3275    -52.3275
-319.36     -319.36    -319.36
73.7057     73.7057    73.7057
338.62     338.62    338.62
21.0875     21.0875    21.0875
-405.698     -405.698    -405.698
281.308     281.308    281.308
-439.764     -439.764    -439.764
-214.796     -214.796    -214.796
92.3987     92.3987    92.3987
207.177     207.177    207.177
-9.88501     -9.88501    -9.88501
168.906     168.906    168.906
-143.64     -143.64    -143.64
67.7308     67.7308    67.7308
-118.925     -118.925    -118.925
-61.0893     -61.0893    -61.0893
82.8771     82.8771    82.8771
-203.03     -203.03    -203.03
180.957     180.957    180.957
191.74     191.74    191.74
78.2838     78.2838    78.2838
604.816     604.816    604.816
-184.465     -184.465    -184.465
-1.53473     -1.53473    -1.53473
-135.71     -135.71    -135.71
-69.2816     -69.2816    -69.2816
-46.4681     -46.4681    -46.4681
2.29085     2.29085    2.29085
58.7291     58.7291    58.7291
-144.852     -144.852    -144.852
27.9835     27.9835    27.9835
49.3373     49.3373    49.3373
-81.4616     -81.4616    -81.4616
289.579     289.579    289.579
-643.895     -643.895    -643.895
-104.714     -104.714    -104.714
-440.013     -440.013    -440.013
-252.169     -252.169    -252.169
266.176     266.176    266.176
-82.66     -82.66    -82.66
-84.5713     -84.5713    -84.5713
77.7821     77.7821    77.7821
110.818     110.818    110.818
-151.484     -151.484    -151.484
-13.5997     -13.5997    -13.5997
184.028     184.028    184.028
141.834     141.834    141.834
195.384     195.384    195.384
28.6498     28.6498    28.6498
193.026     193.026    193.026
-274.676     -274.676    -274.676
103.307     103.307    103.307
153.522     153.522    153.522
73.7415     73.7415    73.7415
-169.963     -169.963    -169.963
24.4528     24.4528    24.4528
-56.3144     -56.3144    -56.3144
-12.84     -12.84    -12.84
5.37998     5.37998    5.37998
36.3308     36.3308    36.3308
94.2006     94.2006    94.2006
-76.5924     -76.5924    -76.5924
271.957     271.957    271.957
540.956     540.956    540.956
-227.16     -227.16    -227.16
688.721     688.721    688.721
-128.174     -128.174    -128.174
90.011     90.011    90.011
194.442     194.442    194.442
25.8104     25.8104    25.8104
-174.729     -174.729    -174.729
-72.2057     -72.2057    -72.2057
12.565     12.565    12.565
150.824     150.824    150.824
-221.855     -221.855    -221.855
-369.708     -369.708    -369.708
41.3059     41.3059    41.3059
-128.568     -128.568    -128.568
-205.659     -205.659    -205.659
173.081     173.081    173.081
-244.669     -244.669    -244.669
-171.884     -171.884    -171.884
63.752     63.752    63.752
-31.2325     -31.2325    -31.2325
-104.127     -104.127    -104.127
7.44776     7.44776    7.44776
-85.9892     -85.9892    -85.9892
22.1237     22.1237    22.1237
133.977     133.977    133.977
-148.448     -148.448    -148.448
11.6929     11.6929    11.6929
-472.257     -472.257    -472.257
143.096     143.096    143.096
-356.351     -356.351    -356.351
91.8772     91.8772    91.8772
-208.467     -208.467    -208.467
-31.2797     -31.2797    -31.2797
180.53     180.53    180.53
-50.5677     -50.5677    -50.5677
-58.5639     -58.5639    -58.5639
-220.598     -220.598    -220.598
64.4061     64.4061    64.4061
98.9573     98.9573    98.9573
114.333     114.333    114.333
118.979     118.979    118.979
-454.082     -454.082    -454.082
126.231     126.231    126.231
-325.389     -325.389    -325.389
283.148     283.148    283.148
-354.634     -354.634    -354.634
-146.97     -146.97    -146.97
-311.343     -311.343    -311.343
272.212     272.212    272.212
141.716     141.716    141.716
210.145     210.145    210.145
190.349     190.349    190.349
421.293     421.293    421.293
-10.8785     -10.8785    -10.8785
-629.95     -629.95    -629.95
-237.484     -237.484    -237.484
-35.2212     -35.2212    -35.2212
41.0791     41.0791    41.0791
74.1462     74.1462    74.1462
-171.568     -171.568    -171.568
-271.158     -271.158    -271.158
322.874     322.874    322.874
514.666     514.666    514.666
-156.207     -156.207    -156.207
238.949     238.949    238.949
304.811     304.811    304.811
559.433     559.433    559.433
-154.223     -154.223    -154.223
-1.36193     -1.36193    -1.36193
-198.577     -198.577    -198.577
-62.3995     -62.3995    -62.3995
502.952     502.952    502.952
48.8608     48.8608    48.8608
170.377     170.377    170.377
151.847     151.847    151.847
420.608     420.608    420.608
-93.6824     -93.6824    -93.6824
-246.397     -246.397    -246.397
0.445727     0.445727    0.445727
178.157     178.157    178.157
38.5403     38.5403    38.5403
-119.866     -119.866    -119.866
-111.616     -111.616    -111.616
-30.8989     -30.8989    -30.8989
36.8766     36.8766    36.8766
242.633     242.633    242.633
-163.523     -163.523    -163.523
159.938     159.938    159.938
118.55     118.55    118.55
212.528     212.528    212.528
-9.63951     -9.63951    -9.63951
239.921     239.921    239.921
195.618     195.618    195.618
-4.53718     -4.53718    -4.53718
-371.096     -371.096    -371.096
255.585     255.585    255.585
149.074     149.074    149.074
-268.762     -268.762    -268.762
-490.072     -490.072    -490.072
236.164     236.164    236.164
-139.188     -139.188    -139.188
59.6942     59.6942    59.6942
87.9644     87.9644    87.9644
6.69408     6.69408    6.69408
-3.1711     -3.1711    -3.1711
-42.994     -42.994    -42.994
-87.4227     -87.4227    -87.4227
-85.7913     -85.7913    -85.7913
-73.5972     -73.5972    -73.5972
89.8272     89.8272    89.8272
-19.502     -19.502    -19.502
150.627     150.627    150.627
3.52397     3.52397    3.52397
-67.6173     -67.6173    -67.6173
-27.1875     -27.1875    -27.1875
-103.126     -103.126    -103.126
-17.2838     -17.2838    -17.2838
-443.231     -443.231    -443.231
-92.7467     -92.7467    -92.7467
-8.0763     -8.0763    -8.0763
-14.0458     -14.0458    -14.0458
26.3795     26.3795    26.3795
-53.3145     -53.3145    -53.3145
267.152     267.152    267.152
-66.4923     -66.4923    -66.4923
124.696     124.696    124.696
171.252     171.252    171.252
1.73721     1.73721    1.73721
528.202     528.202    528.202
56.4137     56.4137    56.4137
-14.5456     -14.5456    -14.5456
8.89663     8.89663    8.89663
34.7918     34.7918    34.7918
-38.7062     -38.7062    -38.7062
151.14     151.14    151.14
194.774     194.774    194.774
-12.1828     -12.1828    -12.1828
-44.6053     -44.6053    -44.6053
-191.479     -191.479    -191.479
149.281     149.281    149.281
251.41     251.41    251.41
417.672     417.672    417.672
-367.454     -367.454    -367.454
-376.182     -376.182    -376.182
421.499     421.499    421.499
349.435     349.435    349.435
118.884     118.884    118.884
345.333     345.333    345.333
176.114     176.114    176.114
-81.1748     -81.1748    -81.1748
-30.2834     -30.2834    -30.2834
455.825     455.825    455.825
110.99     110.99    110.99
132.195     132.195    132.195
-38.3528     -38.3528    -38.3528
-384.463     -384.463    -384.463
338.627     338.627    338.627
-247.456     -247.456    -247.456
-141.647     -141.647    -141.647
-121.819     -121.819    -121.819
-117.127     -117.127    -117.127
-130.842     -130.842    -130.842
7.42191     7.42191    7.42191
-152.302     -152.302    -152.302
180.595     180.595    180.595
-178.159     -178.159    -178.159
234.977     234.977    234.977
178.561     178.561    178.561
22.8637     22.8637    22.8637
143.713     143.713    143.713
23.8573     23.8573    23.8573
175.066     175.066    175.066
-163.368     -163.368    -163.368
262.696     262.696    262.696
550.657     550.657    550.657
-93.298     -93.298    -93.298
-147.539     -147.539    -147.539
89.3001     89.3001    89.3001
-336.489     -336.489    -336.489
-201.932     -201.932    -201.932
397.307     397.307    397.307
39.4627     39.4627    39.4627
-260.846     -260.846    -260.846
149.461     149.461    149.461
76.2045     76.2045    76.2045
-410.156     -410.156    -410.156
-72.4474     -72.4474    -72.4474
233.114     233.114    233.114
602.178     602.178    602.178
-15.404     -15.404    -15.404
257.049     257.049    257.049
157.818     157.818    157.818
-197.256     -197.256    -197.256
-146.826     -146.826    -146.826
-123.611     -123.611    -123.611
-311.247     -311.247    -311.247
-86.571     -86.571    -86.571
-276.394     -276.394    -276.394
204.577     204.577    204.577
-97.6068     -97.6068    -97.6068
163.119     163.119    163.119
-363.61     -363.61    -363.61
-10.7485     -10.7485    -10.7485
177.593     177.593    177.593
-414.596     -414.596    -414.596
110.139     110.139    110.139
11.3927     11.3927    11.3927
147.607     147.607    147.607
145.624     145.624    145.624
26.4408     26.4408    26.4408
385.871     385.871    385.871
51.0396     51.0396    51.0396
-64.9358     -64.9358    -64.9358
115.79     115.79    115.79
-61.9933     -61.9933    -61.9933
-203.748     -203.748    -203.748
-134.231     -134.231    -134.231
-59.1763     -59.1763    -59.1763
113.044     113.044    113.044
165.173     165.173    165.173
245.583     245.583    245.583
268.57     268.57    268.57
35.4754     35.4754    35.4754
18.3427     18.3427    18.3427
-137.432     -137.432    -137.432
217.717     217.717    217.717
-44.8008     -44.8008    -44.8008
208.388     208.388    208.388
243.155     243.155    243.155
98.2974     98.2974    98.2974
-484.14     -484.14    -484.14
-369.461     -369.461    -369.461
138.948     138.948    138.948
-510.579     -510.579    -510.579
-621.826     -621.826    -621.826
-281.018     -281.018    -281.018
-263.475     -263.475    -263.475
-272.016     -272.016    -272.016
-263.356     -263.356    -263.356
139.808     139.808    139.808
324.799     324.799    324.799
58.5089     58.5089    58.5089
-162.222     -162.222    -162.222
280.17     280.17    280.17
-8.26606     -8.26606    -8.26606
22.7994     22.7994    22.7994
-81.4177     -81.4177    -81.4177
35.4839     35.4839    35.4839
151.347     151.347    151.347
315.595     315.595    315.595
-305.615     -305.615    -305.615
151.084     151.084    151.084
-171.249     -171.249    -171.249
216.756     216.756    216.756
-130.272     -130.272    -130.272
-187.607     -187.607    -187.607
-88.3048     -88.3048    -88.3048
186.524     186.524    186.524
-644.789     -644.789    -644.789
65.2498     65.2498    65.2498
74.8361     74.8361    74.8361
38.463     38.463    38.463
334.779     334.779    334.779
211.141     211.141    211.141
-409.065     -409.065    -409.065
680.092     680.092    680.092
-3.15384     -3.15384    -3.15384
-503.377     -503.377    -503.377
140.822     140.822    140.822
-307.354     -307.354    -307.354
105.726     105.726    105.726
-379.764     -379.764    -379.764
155.826     155.826    155.826
35.2155     35.2155    35.2155
445.536     445.536    445.536
-256.085     -256.085    -256.085
-637.042     -637.042    -637.042
90.08     90.08    90.08
119.215     119.215    119.215
