-298.865
-335.396
255.278
318.473
93.8654
-216.997
257.184
-167.11
65.4238
-107.793
238.895
-170.835
-607.632
183.7
-337.344
23.2765
345.426
-141.349
7.75417
-390.881
224.532
-170.413
135.077
-353.029
279.305
-215.469
165.405
352.397
-401.167
190.543
-79.6176
-44.9163
57.2096
-63.0136
-15.1802
-147.643
77.1441
-65.8023
-46.8675
-63.6504
-107.458
-115.448
-210.763
143.793
48.6226
-163.285
-124.279
57.5945
45.5043
-83.7677
23.3963
-16.3552
-40.1189
-16.9155
-6.90935
-203.921
125.811
-92.3823
197.271
-50.2983
262.241
-111.466
-49.2585
-17.0575
1.94935
48.2951
-1.01157
-2.58485
19.1464
-25.5897
17.0807
21.4804
-34.9549
247.711
41.9845
-248.64
-304.423
226.257
-272.961
37.0324
43.5452
-7.58097
9.0241
28.4919
12.653
-10.2193
-1.23572
36.3967
25.4512
-14.8741
62.1122
111.152
76.3197
247.205
-90.1647
135.004
-92.9046
-162.662
-0.619147
-39.2841
-29.1251
-21.9696
-18.2632
20.1584
17.5598
0.377832
-14.1248
-5.75406
-1.96169
46.5332
55.596
1.69914
-20.9502
311.771
133.222
-45.3934
74.3364
-32.231
20.5223
23.1108
-3.98942
-0.932731
-5.77116
17.4691
-0.39234
14.57
2.77807
-19.5978
47.8713
-35.2585
-43.2928
-57.3521
-44.5098
456.844
-15.3522
321.604
373.179
-162.584
69.9277
-0.592744
22.37
6.90088
-13.9326
-4.59545
-9.06289
-4.27571
7.40565
3.20697
-6.55045
-2.08207
43.593
2.58664
128.774
-220.3
-59.8806
124.385
-371.376
-284.051
-110.402
-92.9734
42.1476
68.1394
-16.0824
8.006
3.06221
2.71067
2.71067
3.06221
8.006
-16.0824
68.1394
42.1476
-92.9734
-110.402
-284.051
-371.376
124.385
-59.8806
-220.3
128.774
2.58664
43.593
-2.08207
-6.55045
3.20697
7.40565
-4.27571
-9.06289
-4.59545
-13.9326
6.90088
22.37
-0.592744
69.9277
-162.584
373.179
321.604
-15.3522
456.844
-44.5098
-57.3521
-43.2928
-35.2585
47.8713
-19.5978
2.77807
14.57
-0.39234
17.4691
-5.77116
-0.932731
-3.98942
23.1108
20.5223
-32.231
74.3364
-45.3934
133.222
311.771
-20.9502
1.69914
55.596
46.5332
-1.96169
-5.75406
-14.1248
0.377832
17.5598
20.1584
-18.2632
-21.9696
-29.1251
-39.2841
-0.619147
-162.662
-92.9046
135.004
-90.1647
247.205
76.3197
111.152
62.1122
-14.8741
25.4512
36.3967
-1.23572
-10.2193
12.653
28.4919
9.0241
-7.58097
43.5452
37.0324
-272.961
226.257
-304.423
-248.64
41.9845
247.711
-34.9549
21.4804
17.0807
-25.5897
19.1464
-2.58485
-1.01157
48.2951
1.94935
-17.0575
-49.2585
-111.466
262.241
-50.2983
197.271
-92.3823
125.811
-203.921
-6.90935
-16.9155
-40.1189
-16.3552
23.3963
-83.7677
45.5043
57.5945
-124.279
-163.285
48.6226
143.793
-210.763
-115.448
-107.458
-63.6504
-46.8675
-65.8023
77.1441
-147.643
-15.1802
-63.0136
57.2096
-44.9163
-79.6176
190.543
-401.167
352.397
165.405
-215.469
279.305
-353.029
135.077
-170.413
224.532
-390.881
7.75417
-141.349
345.426
23.2765
-337.344
183.7
-607.632
-170.835
238.895
-107.793
65.4238
-167.11
257.184
-216.997
93.8654
318.473
255.278
-335.396
-298.865
176.532
-170.864
-149.357
-181.339
326.834
-294.644
79.3178
-99.8462
-89.5616
266.974
-129.617
-120.295
-30.4099
299.441
-75.8466
-18.3923
-68.2681
-299.523
107.321
219.781
-22.9555
-231.986
-37.0208
-37.0933
-220.588
-68.873
268.13
-173.58
-118.431
103.434
213.275
-164.328
74.553
-34.5528
30.8094
49.4607
-19.8391
-111.715
130.232
208.73
45.5475
-188.295
-75.0391
-74.7251
-103.023
241.192
-262.396
14.4933
-77.0743
1.07709
6.99924
95.9677
-42.7574
96.9653
-28.4546
-75.1801
-189.308
101.947
-156.344
-312.264
176.753
39.9613
-64.3252
-76.8569
-7.0857
-13.3012
10.7639
48.6911
-24.6592
-11.6064
-8.13126
-38.6068
3.68806
350.947
-121.64
176.189
187.111
-114.099
-15.2699
-177.891
-139.919
-8.39269
-21.5929
-8.44298
-7.53599
24.3184
0.302057
-32.3185
7.77714
-22.5217
37.7911
125.175
-189.095
-130.652
-229.796
-34.5297
114.578
-72.7739
47.4507
22.6326
-28.7258
-11.8167
7.3685
5.47593
21.6329
22.1538
9.82756
15.0784
22.2659
39.9526
-49.7697
-87.4663
-105.821
-116.281
-75.225
219.191
73.464
-6.97127
22.0322
17.7651
-13.2168
9.32723
27.1186
-11.8953
6.59869
-1.02221
0.537404
12.2096
-24.1374
-50.7746
39.9278
-170.728
35.9894
-161.804
322.654
189.1
38.3855
-26.6539
196.49
-41.947
-8.8239
25.0877
-8.31241
-8.81469
-5.47472
-1.54109
-8.94647
2.15832
-2.70734
-41.4205
32.8995
-30.9142
-1.85369
-57.8365
-138.029
-230.193
201.064
307.171
-43.7226
71.3929
-2.08988
24.6843
21.2038
33.8029
2.08262
-0.956841
2.02382
-3.39932
-15.0413
2.67246
22.4326
-1.90888
68.6522
-22.0807
-27.9159
159.469
-174.976
34.8025
-311.795
89.5421
-124.497
-90.0096
-15.7956
-14.4091
-18.6453
9.62568
1.19485
-11.8789
-4.95387
-3.32254
-11.0181
-12.5319
6.36456
-30.3249
-205.471
-110.719
-216.676
-138.625
-17.4342
-158.265
88.4666
114.548
117.745
-41.8478
16.7649
-6.5326
15.9987
11.4621
14.0641
-8.78034
-15.2041
-37.5357
-50.1506
11.4992
-107.893
-104.471
141.557
48.2682
-592.953
360.821
-348.436
-53.2972
11.3008
30.2425
-9.10571
6.20677
-15.5734
-21.1332
-10.0063
0.649551
10.6957
2.34466
3.41043
19.3664
-132.468
-28.3608
53.1244
-391.672
-12.1997
159.33
263.893
-105.586
68.5761
48.6886
3.88282
-7.1668
1.8764
-17.3349
-4.42803
0.209144
-5.46437
35.4187
-50.3535
30.3654
-136.991
-283.074
-404.787
-49.8694
-244.039
-19.7098
23.9266
65.6376
-50.4475
-38.8564
13.6137
3.32478
0.680453
13.8797
76.2532
-35.8065
-88.9338
38.6561
-44.1554
90.362
259.91
209.455
107.873
144.382
47.1277
-58.4602
-27.3285
-11.5674
-44.045
-16.3368
97.0593
45.2735
48.912
-148.213
-286.234
176.486
-665.072
-504.763
-329.718
34.9418
-20.187
-277.181
-18.0292
23.719
-29.3183
-68.8599
-37.2809
-140.699
133.507
-84.0516
-196.411
400.378
158.557
285.669
136.776
167.717
58.2108
116.658
164.299
15.0188
-70.3447
104.545
128.758
248.9
362.637
222.555
-7.63277
236.081
2.3023
-232.131
-28.0773
46.8059
252.997
-529.744
2.56284
6.07725
-34.7145
13.4422
2.00541
-230.967
-375.973
-4.55553
-92.3817
92.5308
174.871
43.3151
-127.687
-38.1014
-70.6904
-177.756
23.1315
255.91
342.742
149.797
-32.5741
-78.226
238.887
1.12948
180.771
-117.38
13.36
-60.0476
-405.402
261.697
-337.281
202.869
-27.5981
-258.219
313.536
-11.1973
94.2318
-162.281
-154.509
-138.217
-35.8826
10.9242
-141.504
-416.054
164.395
-4.49324
-94.5492
-449.902
-78.2934
27.7324
-32.1243
37.5159
34.5484
-71.9321
19.3737
11.8605
29.4741
-194.993
152.633
-121.939
23.5347
272.696
0.749829
120.964
384.626
69.3351
-80.6353
103.693
-23.9761
-58.7771
-9.32827
57.4949
10.3611
7.40716
-49.144
-144.237
-20.0589
-63.7283
199.095
-232.021
163.506
-151.98
-0.29183
29.2201
32.6564
-10.3783
0.0185631
41.8098
14.3373
-7.14666
38.4894
-24.5198
44.7777
-4.79927
31.0928
-39.099
-29.0701
84.2426
-347.013
-47.1664
155.885
-75.8409
-44.9053
-38.7847
3.12369
-6.42936
1.83947
12.3245
19.4182
-8.81279
4.99142
11.1249
36.9639
214.952
12.6303
-38.4842
-340.756
-56.2196
267.349
-6.66216
64.3067
30.6271
19.619
-32.8261
14.7824
-7.71055
0.273873
-16.7961
-19.0848
-32.8226
0.955962
41.8882
-16.9929
-312.44
190.204
57.1893
-310.031
-304.949
40.123
252.426
-79.2013
27.688
7.78244
5.06983
0.984626
12.8407
-19.8217
-6.2346
-14.8801
-0.265552
-4.15569
-24.9172
-74.6182
-119.213
395.856
103.538
-37.3777
259.45
201.78
-103.47
-133.835
-48.4951
17.5256
13.0154
11.1544
9.32969
16.349
12.5334
10.9576
16.2693
-17.9161
3.88623
-0.351188
73.6145
46.4127
-175.601
-71.4758
-33.4741
-95.1365
-210.391
-34.1372
-32.3985
-53.9651
17.2999
3.14549
-5.26875
18.6537
-2.3522
-4.17683
10.6516
-19.0316
-11.1352
-55.1975
6.91403
-12.9117
134.637
-43.6766
-32.2153
73.6085
228.46
44.2254
83.5646
65.9379
-24.7884
33.7083
-45.9947
37.2735
-3.3998
12.4458
-14.7855
11.8802
-23.1693
-56.3129
-30.3318
-7.02955
5.8996
36.2929
141.643
-138.363
-329.559
-181.794
-68.7147
-11.7302
-1.01488
-0.437152
11.0684
14.7023
7.95899
-19.8927
21.6426
-28.0533
17.5057
-24.9804
47.3098
258.18
-225.902
678.282
252.15
-213.057
-303.093
52.1828
91.4982
44.018
-12.9568
36.4996
-5.53212
25.0589
7.56058
36.64
-6.76314
38.8668
38.6668
49.4355
49.4548
80.1955
321.198
205.211
-151.727
10.1708
37.4299
55.8571
-27.9845
82.9183
-19.6499
27.7646
52.8108
-53.1311
19.9587
7.11597
106.428
-217.885
-176.454
-195.377
13.3601
146.195
27.4839
-47.3623
-267.119
44.1345
52.154
-9.92126
21.4253
-37.0291
3.25274
152.052
13.5264
-87.972
-151.146
125.02
-217.887
-210.951
38.2238
-284.964
233.331
-7.07836
9.22971
-142.844
-47.5932
24.9596
22.0242
-39.8398
11.5058
164.883
-166.316
-33.4443
-498.62
-214.252
-279.907
-159.093
-163.083
-204.712
24.8526
-203.169
3.3405
110.275
-101.708
125.748
-24.8368
364.117
181.185
-433.409
260.72
208.105
-372.823
2.61122
255.163
33.8252
174.236
258.771
193.221
136.068
-212.504
133.045
1.72866
28.5062
164.437
49.6607
508.744
99.9937
607.236
-185.511
-204.823
-16.8881
-88.0122
237.62
-48.6761
284.797
-107.997
281.338
-255.982
186.437
-8.1665
98.7442
48.3258
-273.922
-225.747
-55.3586
-141.285
7.41737
-23.7897
249.321
-311.291
4.67805
41.0244
-27.525
48.5498
-20.9745
-17.3032
-99.7943
50.0892
-57.1858
58.1798
189.65
231.709
-95.1594
249.97
-1.12019
-78.1664
80.7633
81.7011
-182.532
-26.6046
-67.8441
-34.2677
-46.4235
-61.4315
14.5017
116.703
-1.30624
5.40715
130.554
-55.0796
202.364
-50.5018
282.099
76.9644
68.8259
-12.0836
27.9176
46.4685
-6.13442
-8.38414
-25.7388
-5.83314
34.7196
-2.43093
-9.703
47.5795
53.2996
-45.4358
-318.327
57.8412
-42.0961
75.4742
82.8522
43.4399
-16.1658
-25.2362
7.49637
16.7737
-7.21376
-17.868
-16.0739
-84.0566
-126.366
70.709
26.8269
-205.817
96.1072
448.001
37.3929
177.583
8.14873
-51.4211
2.32762
-30.9739
-0.248332
25.2967
-6.35893
-18.1458
25.5507
18.8029
-10.0089
57.2279
-8.71898
56.1699
32.3819
-465.611
-332.34
85.3737
164.989
11.5512
-34.1225
-26.4685
35.2948
9.28448
28.7671
-12.3352
13.6672
7.33973
1.36945
-16.4999
-13.048
78.8399
66.1227
90.5042
-299.213
256.366
-525.488
-163.487
-44.9936
66.6943
32.2669
5.02515
20.9242
-6.43883
8.06762
-16.1723
27.0352
4.82651
53.126
21.3303
159.962
87.4483
411.244
22.4222
-195.055
-113.662
32.8419
107.48
61.7042
16.9004
10.8262
-38.0045
1.67973
-26.5358
-25.7533
10.4688
-31.0243
30.3486
69.821
-9.02365
-61.4851
35.5411
-495.684
56.9135
18.5794
-176.352
51.3354
41.1693
-0.642038
-9.03025
29.3719
-14.395
5.34695
3.00214
-15.5186
28.8023
-12.7089
-21.5323
-41.8823
108.097
-46.8166
-382.735
-177.519
-140.455
-323.432
84.5322
45.0868
-49.625
7.78261
11.7071
32.0923
-61.1268
8.81653
-35.7162
26.6466
7.90783
91.7429
52.4927
88.4339
6.43536
255.345
-93.4616
166.518
-221.767
-84.1228
-1.61498
-41.545
24.7523
-23.0229
7.27137
-5.18887
18.5855
-30.5249
1.07269
64.4509
-12.6616
-112.848
-162.921
102.714
174.878
-236.934
-15.5268
-19.0418
-35.9427
-71.6376
64.0419
-24.894
12.0495
-34.8282
-8.27303
-6.78392
12.7105
-51.6482
190.907
-325.693
403.045
245.016
-3.15418
-62.8099
45.1824
120.727
8.74711
82.1266
57.7242
114.823
7.94712
-0.899606
-30.0853
-117.761
-41.6048
-15.0524
24.483
62.135
-106.713
-55.0369
8.75484
84.7309
-144.386
-12.1723
-117.059
192.47
166.703
-174.031
-368.282
-174.16
-45.389
-186.368
-222.769
105.811
180.236
-123.513
177.422
-333.674
202.962
-502.992
243.276
254.805
33.5926
-114.742
164.552
5.41851
446.175
-689.461
-43.0809
387.64
-16.3106
-474.743
100.179
-109.2
-104.892
-223.654
-80.1914
131.947
185.191
-42.4485
-215.002
-789.949
-125.606
-157.586
-154.087
166.477
273.248
123.089
12.4042
0.0805723
-86.8748
-55.3997
66.9284
244.456
-174.938
75.3125
-5.5498
-5.73246
191.978
443.516
-14.2984
42.2991
-125.178
-97.3746
-170.913
3.36759
-145.914
280.76
122.009
67.8814
72.0062
-18.7381
344.51
44.3438
-51.4917
-33.0416
101.894
18.5581
79.8723
115.193
85.7299
31.5769
54.6848
11.3262
-207.751
211.92
-0.524579
-161.388
23.1053
-152.927
201.236
-18.8314
-46.6628
-10.3179
-60.5481
9.90418
11.576
-42.8899
-39.2372
89.2757
-176.52
-12.9094
-16.0707
-387.063
-94.7926
-12.8138
35.1922
40.8754
15.3305
-21.6703
68.8622
13.5738
24.9943
-19.2212
43.4526
26.309
18.7379
-69.5443
63.5708
54.698
-227.421
-569.699
-243.351
177.868
53.5123
7.37151
-46.5091
5.34334
-29.4955
24.2292
-3.58268
-12.9429
-11.9391
-6.50363
-34.0039
58.4561
184.739
-29.1255
-347.246
-145.366
35.9857
32.6297
-1.13719
152.729
9.63667
-14.068
24.9733
30.6531
4.69853
-12.8052
16.6039
0.898184
12.069
16.9544
2.79891
81.7528
-41.5195
-64.3581
155.677
-239.395
-137.207
-19.175
88.5131
134.438
-39.7931
-11.8163
-14.1197
5.75687
-27.8866
13.1572
32.6191
2.17692
-7.12688
-41.4133
-61.5317
-0.479199
-176.134
287.942
2.81732
13.5814
55.4666
-81.3952
-137.618
15.7284
11.1301
23.9653
11.4983
-8.91118
20.5946
-28.7616
-27.0912
-18.7858
-28.0665
-77.1323
-61.6256
39.7925
88.8697
458.248
-195.903
202.154
1.25063
-46.4098
-25.996
48.6999
-9.27433
-34.9503
-6.4556
-5.45291
-29.3929
-0.88159
4.33805
88.1567
181.227
-9.33511
135.263
276.164
84.072
60.1635
77.3707
-67.3455
-18.6093
19.2514
-65.7227
-7.51381
13.7353
-67.1932
-65.9903
12.7252
67.068
31.0416
-304.222
98.4642
198.019
79.4198
-376.047
245.447
-17.5465
85.398
-36.7243
-5.11166
-48.9877
9.11805
-52.2689
-50.3184
-101.933
7.61313
80.05
-159.335
198.019
-430.587
-201.162
-121.939
208.635
-362.958
81.0331
-22.1004
-85.4555
71.7226
-11.6774
32.162
-88.2264
-113.522
8.99956
-270.388
-170.992
-186.41
53.2379
276.897
496.289
-0.267224
-334.797
27.0234
230.327
-126.714
-34.618
80.0928
18.1748
186.441
-177.716
-143.217
239.116
-192.768
193.148
226.897
-81.4637
99.5254
166.996
240.712
19.9165
14.9089
92.6992
237.739
-18.2573
229.189
281.919
451.884
425.539
-475.339
298.939
41.3084
229.473
166.503
-56.9142
123.514
-18.6692
295.408
384.122
233.05
56.6089
-356.959
125.827
79.9139
-15.6666
17.5877
-158.285
53.3163
-259.637
-278.465
-397.384
-5.07507
432.646
-259.511
-173.553
-111.166
-143.36
-155.856
-96.477
151.996
-401.775
175.936
19.4742
19.1
128.37
81.085
43.7262
39.0605
95.8005
37.0463
286.491
32.9301
62.8539
392.051
-249.592
-41.5914
241.371
-226.867
191.818
-62.7414
0.663697
-198.468
-60.2365
-19.6901
39.6577
38.7804
115.591
223.553
45.7141
-368.299
-90.3875
-146.591
266.962
131.919
-75.1283
-49.5163
124.293
51.161
-8.56825
-3.08907
-0.819948
17.2906
33.4964
-131.771
-78.0079
-309.097
-42.7179
432.766
-491.608
131.087
188.241
14.9735
53.0979
85.5484
-46.8425
-22.4637
65.6169
32.0531
86.6718
-22.6563
129.715
43.8233
4.7239
-123.507
-373.726
-93.2556
-327.468
191.223
-39.5793
-0.338013
10.5216
54.5203
7.68484
-14.6984
4.11581
-10.9116
108.216
-64.416
-5.20084
-138.851
-196.349
-229.786
183.393
271.577
76.3926
129.474
27.0562
12.3139
-6.10523
-57.3962
-7.66695
3.96102
63.877
41.1147
-11.2816
-46.9811
-82.7733
198.52
-80.2044
558.817
17.5981
151.672
16.4621
32.3747
-1.36564
-25.6944
-24.5068
-13.9143
9.25092
-14.8742
-19.4258
113.314
17.2619
-12.846
-126.216
-106.177
346.117
205.327
69.1517
-7.84349
14.6731
24.3505
-29.1821
21.2243
-15.1667
-25.189
37.8332
-5.34566
68.1067
-130.456
130.077
39.4433
101.643
-175.966
-181.122
-207.211
203.219
115.551
-1.94502
-21.9777
24.0916
20.8399
42.7001
-2.90166
50.2028
-17.8907
42.8557
-100.26
359.726
841.154
297.75
-165.156
123.455
-21.8523
21.3657
26.3062
13.6781
-12.5442
-45.8093
80.9281
36.9063
15.6294
24.266
15.0981
-270.364
-328.787
-85.4228
-73.9189
-30.6139
-56.3606
83.0608
84.9233
-108.286
-3.7941
-82.1483
0.325591
-15.6973
127.127
-143.755
186.758
183.874
-7.93056
-186.64
-13.658
-180.537
404.759
52.8146
-33.6767
237.412
-45.3689
-10.1617
-175.456
-87.1308
-93.5832
-94.3231
109.201
-100.193
201.391
-310.755
207.716
150.327
-220.284
-37.7107
167.247
111.948
258.158
119.859
-22.4072
247.73
8.24671
-112.924
-41.4299
-255.642
-65.6079
-289.599
-165.359
65.4057
-45.4723
220.314
-198.125
62.0425
-108.146
329.63
-30.9776
-101.767
188.515
19.1998
88.5392
34.0594
57.3362
154.299
153.504
-295.736
3.15751
-65.0121
-290.745
-306.471
-153.695
-352.116
135.923
45.9852
14.7271
-19.4851
-187.657
2.35205
309.218
384.624
-254.659
-295.071
-264.343
-189.752
344.323
-53.9291
-272.097
265.069
-28.141
349.594
-256.714
41.881
54.3177
-54.3734
-250.554
9.51884
114.243
315.202
410.019
68.7344
69.5026
181.709
-101.597
-385.731
574.576
-32.4172
32.318
177.607
-20.5275
152.729
9.07543
131.567
21.0514
78.7213
22.6197
169.736
-315.157
-396.173
154.254
103.017
-9.27886
-18.4296
-96.4775
-53.3397
59.2227
76.0009
-3.99221
33.5543
-99.6824
132.36
116.636
-72.5965
-326.487
-107.433
-342.984
93.9957
101.641
134.433
56.2212
13.7492
-18.2338
27.9888
2.30333
-34.6337
24.0126
215.524
-76.5843
57.8505
-180.96
139.045
-395.66
-51.3401
-248.888
-188.604
19.0679
1.87343
-11.691
55.3423
-7.73093
-37.8108
49.9529
64.4871
37.1601
36.8108
-210.6
292.037
341.966
242.359
-11.93
36.7798
-96.0627
180.886
23.5885
43.8509
-51.7214
-9.53549
53.5923
120.365
-154.014
129.227
291.437
42.2829
-330.605
326.017
-189.692
-141.68
60.0451
74.9063
93.3302
70.1399
-22.5172
-49.1356
-35.58
-17.897
-37.7772
-119.078
-24.6723
124.56
-18.5454
138.555
-540.193
-344.696
89.3052
173.978
41.2319
-2.31094
56.9384
24.2434
71.9862
-31.7214
19.5491
59.4478
62.0778
69.985
24.5491
247.033
-149.974
276.298
-391.072
486.617
148.785
16.4325
74.4408
-50.5442
-126.721
12.1106
130.377
-70.7885
90.3188
93.9218
35.5038
-141.416
10.376
-74.4088
79.5315
-53.2431
-13.8999
66.7617
-164.28
7.79232
55.448
40.5864
170.214
-133.127
-171.736
-138.077
-232.503
-229.374
-189.724
-160.194
-84.0371
-178.933
-58.1977
-110.247
-33.4556
135.449
29.7727
-52.8728
-95.5983
611.765
-99.5852
261.331
16.6164
-225.242
-261.905
-201.64
-268.908
-44.9634
-53.2191
44.899
83.2018
71.1239
-586.291
424.3
-378.268
-88.1515
17.0054
-61.1967
215.039
-19.5495
-299.384
-391.991
7.70616
340.149
55.0747
116.637
357.22
298.802
-246.162
-49.2587
-192.818
-350.673
-191.187
367.951
-211.644
-129.912
-141.075
-84.054
-233.669
-230.931
119.854
145.245
266.586
84.6093
70.2521
132.088
122.506
-83.5129
12.2787
-287.158
-34.1496
57.3989
-263.219
-27.9898
357.065
121.056
-88.5905
-93.4955
349.856
-151.666
-10.9992
-144.981
168.037
304.692
294.705
-120.051
-255.621
176.446
68.9886
-96.826
-2.84743
143.791
-11.1103
107.286
419.293
-189.401
-217.6
572.675
-179.868
118.326
52.1769
-16.6635
-82.2505
35.7996
39.79
-10.5081
-49.1865
-321.19
84.3451
335.336
32.6702
-410.772
272.586
-438.237
-213.371
90.0851
210.611
-10.4889
170.681
-142.069
69.5328
-124.667
-61.1939
84.7584
-203.283
185.648
201.96
74.5526
607.242
-186.497
-3.10077
-127.072
-74.2644
-43.0192
2.11712
62.5325
-147.783
24.9622
47.2231
-90.6157
293.805
-652.199
-95.9857
-433.553
-256.02
262.529
-90.7232
-84.2306
77.4817
113.238
-155.587
-10.8507
184.011
145.318
197.287
30.991
190.451
-281.708
104.726
151.79
75.9017
-169.742
22.5975
-51.3759
-8.34496
0.597393
32.2443
92.1171
-79.9926
268.73
547.197
-233.492
688.588
-123.441
79.298
197.118
26.023
-171.025
-70.6464
13.9445
147.775
-215.888
-366.955
43.0273
-129.478
-202.432
177.116
-240.093
-178.621
72.4741
-30.703
-99.4005
8.73613
-88.2192
25.5148
137.674
-149.028
5.00543
-455.278
137.747
-354.887
84.4426
-207.187
-31.4058
182.967
-54.342
-65.2043
-222.77
70.3282
99.3725
118.292
114.284
-440.636
124.423
-331.811
280.583
-361.455
-146.57
-312.195
271.659
148.762
202.159
186.789
417.38
-9.91529
-626.253
-249.239
-32.4593
40.7607
77.1342
-168.579
-269.176
323.777
514.513
-162.165
248.953
304.412
566.539
-153.963
-1.6896
-190.66
-64.3686
501.84
53.1487
172.981
143.822
427.148
-90.6318
-248.121
-3.71236
183.417
31.0987
-121.068
-111.92
-21.3477
30.6436
244.71
-163.5
155.884
121.432
221.199
-14.7339
242.126
195.824
-8.80344
-367.797
261.544
142.2
-270.559
-491.794
235.128
-136.2
63.524
98.4899
6.1652
-7.03976
-36.5507
-89.6885
-86.4427
-79.2462
90.4517
-17.6213
149.927
6.01817
-70.2907
-16.1037
-110.113
-12.3578
-442.455
-89.6752
-7.52644
-17.43
26.3328
-51.1896
272.206
-66.6569
124.828
173.074
-5.84474
520.326
56.3017
-17.3542
8.30399
37.9238
-33.9508
151.258
193.323
-2.24357
-34.2431
-194.365
156.471
250.454
420.414
-363.526
-381.839
425.665
354.963
124.197
336.654
176.48
-75.6747
-30.1874
459.023
114.823
138.941
-43.1819
-383.434
340.319
-243.823
-144.829
-123.005
-113.447
-135.27
10.5015
-155.039
175.306
-186.944
231.172
182.872
19.9131
145.455
25.4994
181.118
-163.295
267.256
545.767
-97.9014
-158.835
86.8409
-339.603
-208.26
394.799
39.0069
-254.451
145.914
83.1954
-405.516
-81.371
231.271
601.21
-12.8131
264.256
156.993
-198.11
-149.535
-110.996
-323.749
-90.1005
-274.787
199.175
-96.1612
152.785
-376.417
-18.1095
173.339
-409.369
107.287
13.8785
152.691
150.865
30.3818
377.062
43.0924
-62.5052
109.978
-57.8039
-208.346
-133.749
-61.3497
109.537
167.28
250.699
268.206
38.1583
11.5109
-143.471
215.831
-46.4693
204.559
244.137
103.848
-484.311
-374.933
143.396
-504.799
-621.23
-280.391
-263.909
-259.505
-258.166
127.068
320.283
66.5759
-156.053
282.452
-13.1226
23.2838
-79.4472
27.4751
151.037
320.682
-308.603
147.315
-178.273
215.624
-131.176
-177.981
-93.3147
174.111
-644.141
60.2927
87.0157
39.1213
338.618
218.694
-399.902
676.975
-1.22342
-509.278
132.972
-305.895
104.16
-382.3
155.22
45.1564
452.462
-257.558
-624.955
87.7814
116.288
