1.532217219832263  -4.910332837023369  5.654321764825714
1.113104956634263  -5.478730929673369  6.300464441878714
2.299378116636263  -5.403080331194369  5.362952745532714
1.569345906882756  -5.023532368939042  5.692167855402933
4.253187966464158  5.324328287931337  5.954604847930385
4.625899646877158  5.785647754069337  6.705938457883385
3.465099733397159  4.903501025735337  6.298193544329385
4.208876957764497  5.328647863481951  6.071407569538579
1.81691732741959  5.212491621548667  11.70018033021904
1.91486225783759  4.955806502901667  12.61710528923703
1.31462514701259  6.026721036355667  11.73124261545503
1.773782888565339  5.271968618985656  11.80130850117357
-4.035409336775368  1.842713269528612  -6.504226920013395
-3.504759122265368  1.724949631173612  -5.716334849155396
-4.735181573807368  1.194889464826612  -6.421311454985395
-4.053450719620376  1.761042911312993  -6.411332027290639
-8.688876585747773  -5.635770519498428  1.837052744670378
-8.064536163442773  -5.806378894292428  2.542264528127378
-9.492736749150772  -5.374434925321428  2.286212387681378
-8.708027163118389  -5.626092037211254  1.960197303490445
-0.4044502209519463  7.840316390365257  5.622151483886049
-1.355260938383946  7.750518894846257  5.557907967371049
-0.1176021300359463  8.003968235700256  4.723726146834049
-0.4752795769466196  7.84819493024983  5.519457126988179
-4.455929432004469  5.74643906650677  7.390768683132727
-3.769062246532469  5.46460369895077  6.786604686259727
-3.990671894502469  6.225802002665771  8.076318418188725
-4.333024544146605  5.767510659871524  7.399450646834357
-0.5981952620095601  1.57757612348231  -9.334539838552612
-0.6149281248805601  1.15568217804231  -8.475495398431612
-1.51534142570556  1.60292774721831  -9.607362215917611
-0.6978184145591694  1.535274288786743  -9.27200359100396
10.36458944904463  5.79630576314194  -2.812139217483467
10.93500677987264  6.43088154403094  -2.378354147430467
10.89570789262564  5.00281262930394  -2.879323184626467
10.48209767374072  5.779352980987898  -2.773031413837511
5.755106011528697  1.699886780519298  6.481644351706965
6.628880113798697  1.429725920587298  6.764069152249965
5.411160498237697  2.206719802158298  7.217207817400965
5.811626388197928  1.725134190729038  6.590240002167143
-9.371086862995284  2.083650647257584  -10.83658737560817
-8.427124185323285  2.050070237084584  -10.99163143132917
-9.656712533386285  2.888783126601584  -11.26834136472617
-9.300857629615304  2.165957292230207  -10.89918506703694
-4.052787430890572  2.51290500201476  9.65280837310641
-4.578600789212572  3.268315346999759  9.91569116618941
-3.502629986645572  2.32695898336076  10.41371750348241
-4.050190483623745  2.573653589186963  9.762023138689981
-10.97636542777986  2.088074676586921  3.000824076401673
-10.94049949704086  1.13836170006292  3.114800991759673
-11.61554457142886  2.383622694127921  3.649155189069673
-11.04072490318844  2.018290503640084  3.08214459737429
-0.4658166834935853  -3.951705707036213  8.392866318850084
0.3535267686024147  -3.690802966702213  8.813387314275083
-0.9116707644865852  -4.488311453244213  9.048229005916083
-0.4259740619820584  -3.981116799727251  8.507638062488526
7.351059354744644  -5.474782800118193  -6.718869212914005
6.536331752239644  -5.898744102995193  -6.988512657816005
7.471377689336644  -5.743450242427194  -5.808060152900005
7.276982050874212  -5.548670163662091  -6.650471767348987
-7.501617480705475  -6.341170656226082  4.247173345928763
-7.163244126480475  -7.230452225242082  4.351641542797763
-8.383188620934474  -6.374663205777082  4.618579341895764
-7.559564039478356  -6.439609173601118  4.297938044523218
-6.354461323329438  3.158672615768323  -7.893490024510925
-6.170592406836438  2.334889138180323  -8.344937522676924
-6.981508178111437  2.922888846971323  -7.209786802140925
-6.401738092693376  3.04564145603523  -7.868713745373387
10.05888919298614  -11.60529859732464  7.098922546161251
9.801793501582141  -12.48868979626664  7.363031680979251
9.433540052368141  -11.36797660630964  6.414197371432252
9.964752871667981  -11.67421914209323  7.05405260614029
-4.604241710158266  -1.211781702220474  -5.122901169746166
-4.981423135280266  -1.750073794941474  -5.818751466474166
-5.203555675202266  -0.4698316691954744  -5.041877964451166
-4.708411036646059  -1.190056140902922  -5.188488907963892
8.819697235496097  -5.020964107547523  10.70781991721361
7.942150962997096  -5.004132877627523  10.32590226990961
9.124926585489096  -4.115717515062523  10.64785750650761
8.758644342717085  -4.922599868764059  10.66068160146236
8.918367468211786  -11.87829351165703  -7.888334677230238
8.127593646558786  -12.08434986362403  -7.389887706327237
9.476559462357786  -12.64859437408103  -7.782079705483238
8.893556401443121  -11.98244809800619  -7.823827056686329
-8.951249211619729  -10.14807798420133  4.094728081454511
-9.372113779170729  -10.94400686166633  3.76976334829651
-9.661859558189729  -9.647249739374328  4.49527251660651
-9.071951245575956  -10.17955835211461  4.102790676252353
1.27545220234694  -11.25788751633606  10.43816732431068
1.14744276690494  -11.07375713857106  11.36872706361968
0.5511232849209404  -10.80846138386206  10.00274154322968
1.184527541511819  -11.19030178513022  10.49098659152815
3.093418249680467  5.477187604368045  1.175448318001951
2.370225987532467  5.194298686383045  0.6158067791119513
3.630298456138467  4.692849399620045  1.288607782857951
3.073543090459827  5.363339314141474  1.127819074270388
-9.762495927462869  8.868444353322845  3.214184731992054
-9.265410497467869  8.264158973777844  2.662843553270054
-9.418835231654869  8.726526925996845  4.096221358203053
-9.672807887402369  8.788841884537179  3.249462238045251
5.597416891694275  -1.54934032338253  11.78964839275383
6.144620354323275  -0.8933942539575298  11.35775145540283
6.162099559972275  -1.92637492393553  12.46434108882583
5.716029258484862  -1.519586962378773  11.81554904821495
0.2888411986508336  -6.321980910126712  3.383407160492981
0.6872942224758337  -7.185270736947712  3.493850370843981
0.2665029268428336  -5.953228217622711  4.266444132189982
0.3289638871901595  -6.374736510126243  3.489388368888931
11.45730116538456  -0.977330293709514  9.423368791465077
12.22158772671356  -1.458444839301514  9.106151695155077
11.75280685979556  -0.5659471189215141  10.23557080332708
11.57035632837783  -0.9847690077115199  9.476172159298585
3.311548333775388  -3.547212432235769  0.349892859016747
4.248628171530387  -3.705867586939769  0.463654713597747
2.889189905927388  -4.30807109356177  0.748564774142747
3.366457126114666  -3.645303151226089  0.4045576134002086
11.44004044524681  -10.46059546709327  -2.871111896658838
11.81029808214281  -9.599792284559268  -3.066455192571838
10.52732948645381  -10.28325380229127  -2.643646559464838
11.3821733034639  -10.34984957865091  -2.867685222616796
9.952976466378068  -6.297078576394287  5.306013267948205
10.70716668343207  -6.017206413649287  4.787264264073205
9.199677736925068  -5.902715525897287  4.866410437421205
9.953071567352332  -6.22515337452953  5.203779436500301
0.9434638306504479  3.118111426330616  -7.359181394327362
1.134084318294448  4.054404470387615  -7.416198982322362
0.01806492355744801  3.046912378819616  -7.593274107549361
0.8650800780565894  3.210396817410206  -7.39023608676815
-8.137133782541268  -6.314329257887149  -4.716859613011091
-8.182298001059268  -6.959439363676149  -4.011150760314091
-7.200480308025268  -6.165709783143149  -4.846568365232091
-8.042032631728208  -6.367293250512527  -4.655413810882626
0.09872082281962706  -0.993418058206138  -10.87392729090289
0.09449756039662706  -0.234494911942138  -10.29061805720289
-0.6380121948923729  -0.844636775743138  -11.46665018619389
0.01967803630388625  -0.8965871259327944  -10.87493150945588
9.286187112029639  -0.989970235649411  7.717291020583809
10.07534023357564  -0.960969956232411  8.258242196336809
9.239487040307639  -1.895058776732411  7.409288299652809
9.365389569028213  -1.083428458883871  7.742141197952328
11.76836291461412  8.20603923644042  4.525225483085463
12.63769591933312  7.992164649972419  4.186478338197463
11.45062901688113  8.90122340844442  3.949034562272463
11.82720569876307  8.25738376490651  4.427622890137349
8.303277769143225  9.84245694046939  -5.583516715029943
9.024194046881226  9.217835747253389  -5.503767574107943
7.686022332114226  9.421422130339389  -6.181812005095943
8.31433596774669  9.730909786531429  -5.638833518010476
-7.923666267489031  -10.46829464007114  7.748712496888058
-7.02988849786003  -10.71611453575114  7.985310125413059
-8.262332787962029  -11.22283135115214  7.266829544771059
-7.864448819529037  -10.57522275635139  7.722546262809315
-6.361169616836476  -10.57297945484468  11.99878294877714
-6.896588454368476  -10.28408390917668  12.73776730051214
-6.925642954939476  -10.45861799958669  11.23424181311314
-6.478502507804489  -10.52996132018578  11.99605663486323
-7.104805267497326  -11.93541584432791  2.560437546894686
-8.050700997696326  -12.07738089404291  2.523572492291686
-6.872331475889326  -12.10338788101291  3.473658862407686
-7.180910780736852  -11.96847891648269  2.653924359409801
-11.60149256216009  -3.25871851911795  -11.8016874739508
-12.52541348962409  -3.37157013153595  -12.0249954974758
-11.45840779666009  -3.85268460554595  -11.0648273257178
-11.68478960371116  -3.334119513715488  -11.74690341712274
5.168420642172299  -5.382443331423728  -2.989878826085584
4.922277564376299  -4.519511089961727  -3.323035503790584
4.346421007447298  -5.872064946293728  -2.961258645021585
5.05447467982912  -5.342619777790557  -3.022365781032344
-10.57121902661736  -4.868517921399217  -9.726647199001988
-10.15714161125236  -5.731313391583217  -9.745507493636987
-9.877258017533357  -4.275520349098217  -9.438543333849987
-10.45301712053574  -4.897299076531488  -9.697925177695591
11.42038257528225  -6.753429905165098  7.730282155880009
10.87495950950325  -6.630370609027098  6.953363930485009
10.79983568016725  -6.770604422521099  8.45888247630101
11.29600072283889  -6.742134464139874  7.725127760202233
6.116114706979364  9.294849877497416  10.12804398653826
5.810822384271365  9.882309243444416  10.81936151926626
6.049514473040364  9.813043311184416  9.326001709521261
6.076442428398373  9.412797292945607  10.11623223386204
7.240539893360799  3.925803932837761  -5.266442051145864
7.957987592393799  3.619912167360761  -5.821357240130864
7.491125609168799  4.815910214842761  -5.019157911401864
7.343806524065926  3.988126021937114  -5.299259122817527
-6.470887852488462  7.324168535353396  -2.331651645326119
-6.297955043000463  7.656925781696396  -1.450970830042119
-7.425608838107463  7.304980839379396  -2.397769055608119
-6.554286451789388  7.357619106854254  -2.244756692072725
3.049189109212399  1.286304675219664  -6.412316870751055
2.335746014642399  1.751738981515664  -6.848896413712056
3.790698993895399  1.890164841698664  -6.454123930665055
3.052183182356204  1.400373503570342  -6.463349585010763
-8.121930249424901  -11.92317154112016  -3.948722774236845
-7.606940776630902  -11.63991157368416  -3.193221964335845
-7.773404074766901  -11.41470347292116  -4.680994287542845
-8.029813231451653  -11.83871259019818  -3.946244749040357
-11.47643388796397  -10.82000827946887  7.300858235841449
-12.40083332875597  -11.02179054295887  7.445776944106449
-11.25679015497096  -10.19293847629087  7.98989519602545
-11.5516149161174  -10.77463999916867  7.389821892175909
6.169239596560503  -5.245291232326784  -0.3285468143108805
6.957537472229504  -4.703069841319784  -0.3000115317608805
5.886974873524504  -5.210483676489783  -1.242519954060881
6.223221554100873  -5.183735676241137  -0.4230024217415491
3.266465015463189  10.11270995482871  6.789104922564781
3.345550736727189  9.478414490711707  6.076611727585782
3.080919968412189  9.581736355763708  7.563618907338781
3.255108283647285  9.988402871855016  6.79572109706622
7.820978261133727  2.29812808879842  2.289351885281202
7.451843219740727  3.09244312362742  2.675402123798202
8.015092745554728  2.53934255171442  1.383610757906202
7.802307641973725  2.408594980321563  2.233912965221409
-11.08920867884142  5.843561745056062  1.151964182721739
-11.30458609482142  6.750580532618063  0.9347975929897391
-10.88321583403242  5.862974707857062  2.086534632052739
-11.09020979412379  5.942390446598438  1.228494474238494
-6.657949624084506  -8.926300165444978  4.463818029958693
-7.557541768607506  -9.245231335828977  4.391369965323693
-6.116338184420506  -9.706119606172978  4.342283967703692
-6.696137831931001  -9.043511278052668  4.44312465269106
2.401256997190901  -0.1343761543872806  0.593389646255268
1.920439717424901  -0.8479840731672806  0.174092231843268
2.992357705561901  -0.5710900857222806  1.206669953082268
2.413021671756937  -0.257088717679772  0.6140831051865718
-2.666308762434608  -11.24592554696022  -0.8902147330447578
-3.318525623201608  -10.66759360110422  -0.4947692033787578
-2.002405371292608  -10.65333613694222  -1.242779504916758
-2.665062081692022  -11.12101549593491  -0.8856403544008097
10.13723891148614  10.79744017162048  10.05814900217372
9.490620275430143  10.12269794912348  10.26512511839372
10.69276681771614  10.39984839052448  9.387670545395718
10.12752165109678  10.68304709608816  10.00870409221544
0.2098573166049125  11.04369758675153  -7.083323586007884
1.023744454650913  11.18113090442453  -6.598626103326884
-0.2454364214810875  10.35585866148753  -6.597713593366884
0.2481108847558045  10.98498212120486  -6.979814365986851
-4.71542330097731  -10.81572252321832  5.104858591749899
-4.71159577483031  -10.57319316147632  6.030815771502898
-5.25666108090531  -11.60423222365232  5.065539920588899
-4.772752464788785  -10.87396591558849  5.199442280734267
10.70735118891879  7.621447008698255  11.43998352721821
10.63068616684378  8.132073205757255  12.24597062467521
9.946606414366785  7.879170091642256  10.91933197338421
10.61801905751555  7.703411990623807  11.47042218745315
-9.859575282962867  10.15409511123694  -3.452111118411596
-9.890873621758868  10.18663883610994  -2.495976629984597
-9.278043444529867  10.87359500058594  -3.697819217822597
-9.800878177328354  10.23432065819995  -3.376325160578916
5.301391123912341  2.767394907658146  -3.790785752409195
5.975383014321341  3.000210979888146  -4.429349334344194
4.514102950947342  3.216743789100146  -4.098185745019195
5.289305047965358  2.840166028231979  -3.891698044914282
-8.948450797210693  -2.906299512624896  -8.63169233276364
-9.378077529951694  -2.782417476869896  -7.785343733349641
-9.432910966212694  -2.339576474857896  -9.23198824572264
-9.045962590778606  -2.832628027738917  -8.60544423893068
2.571341855122081  -5.266483361830953  8.996620513496589
2.248080570113081  -4.434038956953953  9.341251177254589
1.875721019295082  -5.571386005711952  8.41405903990159
2.462650851184092  -5.210206936472911  8.971238834831206
-3.834824685648928  -2.617857680286809  0.951605481878282
-3.072596080252928  -2.039271954987809  0.929743377789282
-4.583952654676928  -2.032116497995808  0.842305923838282
-3.833427152715583  -2.493651103382571  0.9376135858154884
-9.581571460995196  10.31478920790537  -0.6914177869894325
-8.798120976255197  10.47481854862437  -0.1652735215364324
-9.872470645389196  11.18628835828337  -0.9599298638324325
-9.529027703252535  10.4248292851578  -0.6639344298334845
-1.883853082087042  -11.91176186001314  -9.485674824311044
-2.240123958281042  -12.10496149221314  -8.618508862748044
-2.559524098426042  -11.38329315482814  -9.910435162994045
-1.993937259649384  -11.87599645458799  -9.43848044302262
9.499806382607993  -6.472529312119473  -2.420641220352659
9.764384024242993  -7.256357739926473  -2.902142525966658
10.10873882995299  -5.794325186978473  -2.712997645306658
9.592989574833712  -6.483796966406702  -2.503193825723343
8.556935515463231  8.149621270446985  9.617250174715849
7.650838618054229  8.384303586799986  9.817611006459849
8.485883181553231  7.390169477471986  9.038962720248849
8.452696439345051  8.093640583296201  9.576934201750356
-7.979742873390628  -6.000948979413069  11.45426807581794
-7.552850958736628  -6.284270022935068  12.26280027647594
-8.262937084453627  -6.813480653472069  11.03495297059194
-7.964413673527865  -6.117850954240473  11.49578847939281
5.001085207079692  -9.078592827966066  -3.210198194373918
4.340379423854691  -8.388064963259065  -3.156616704311918
5.462676795451691  -8.905930128738065  -4.030778865507918
4.979844357628804  -8.986510488836471  -3.292019152172192
5.182257766848368  -4.431752855274196  -9.949705398993347
4.647382219746368  -4.768443273184196  -10.66857920683535
5.163516190145368  -5.126040449305195  -9.291036035749347
5.12319970728185  -4.541734209215171  -9.956127811744601
-10.77628451977357  5.514340455763476  -9.510203423418723
-9.976678278543567  5.208929413693475  -9.081734294580723
-11.48141992394057  5.248155699765475  -8.920151241434723
-10.76620668062686  5.453364490175043  -9.401550909509972
-1.721568111776033  1.646803343157778  -0.7885526562549772
-1.288935153586033  1.398717212383778  -1.605567855136977
-1.497490043838033  0.9462291182917784  -0.1760033807489771
-1.651512332734147  1.545603366887607  -0.8103644105574433
3.369019599381073  7.941180246499644  0.2585620863715569
3.263137924871073  7.977361097697644  -0.6920755191374431
3.129116727169072  7.044626138873644  0.4928038076835569
3.332132437695839  7.849398448497474  0.1821393223656912
-11.81843593250211  -11.69490322432813  -10.51480196361245
-11.81696351326211  -12.29659985453213  -11.25924191228645
-11.55991137581711  -10.85183252207013  -10.88713069549545
-11.79070030758905  -11.6691542297392  -10.63393518479085
3.001297430253727  8.535735794967017  -2.400765848617064
3.633425728583727  9.222192870676016  -2.613891017610065
2.166816088983727  8.866273073969017  -2.733358449651065
2.979711071108467  8.644225418204378  -2.458981231022983
-1.529869940279761  5.561077591675598  -5.918904844982558
-2.258946878728761  6.046251621578598  -5.532530908842558
-0.7907629510487606  6.168136695050599  -5.881063815955558
-1.528799967348887  5.677593441117582  -5.873650983415392
9.972217952031986  5.398176765468683  -11.3406950525085
10.16707125630699  6.092898670619683  -11.9696827346735
10.74964178555198  4.839847918531683  -11.3513215173235
10.07593728918764  5.412726729713107  -11.40892699254012
6.803513392031935  -8.661916537802766  -1.315534206623406
6.029705461695935  -8.815946536793765  -1.857500890434406
7.009404194221935  -7.736643083588767  -1.448612576389406
6.742929854889189  -8.579642814754234  -1.387545799599864
1.400324572653615  5.894434280857704  -6.941445497965932
1.659377765628615  6.289552194158704  -7.773914787367932
1.965467269910615  6.311988813275704  -6.291450279372932
1.48824708784838  5.981127512774916  -6.960911233543476
-9.104823271068422  -9.361867840523312  -0.542141134560819
-8.915479693345423  -9.479680896297312  -1.473001453547819
-9.257045198291422  -8.421823996085312  -0.445301600243819
-9.100863255107628  -9.274154955920661  -0.6311117372803261
11.18215161891191  5.301281184177194  8.253183196233669
10.42622608083591  4.726344845075193  8.133782078720669
10.88420137046191  6.156780588163193  7.94402585890067
11.06972760545538  5.331210732028273  8.207465985429028
-10.37041417109672  8.844654363848653  -7.326326272049229
-10.44824441501272  7.994089286817652  -6.894222878327229
-10.59155881721172  9.480602783416652  -6.645961301505229
-10.40230783208576  8.821759762516026  -7.207651794512834
8.269201895657167  10.57061491551822  7.860293976001739
8.270339795206167  9.62180654981022  7.986758320173738
7.346064424582167  10.81844931977122  7.911549781197738
8.170846004420856  10.49583731166506  7.879252578827127
6.788897407022243  2.308756287624402  9.787120730795442
5.938916532234242  2.639312289104402  9.496436912222441
6.767617580110243  1.374978873163402  9.577743680453441
6.695954172056332  2.244406605131243  9.733775876900232
3.97527642090645  0.8479826476951596  -11.12918251336422
3.16851237238545  1.34555304652916  -10.99581344566222
3.93431715623845  0.5647275053181596  -12.04259408705622
3.884844077372451  0.8708450965566734  -11.2123948902982
9.41915191590124  -7.55579880877506  0.12609994625556
9.444847460129239  -7.15497572743006  -0.74275702498244
9.31668660676824  -6.81833628158406  0.72766600365356
9.410962369094042  -7.434370232269699  0.09758622796112229
-0.2851640775778439  -4.3718171840372  -8.766172358338347
0.1419661697131561  -3.5626489383302  -8.485034772824347
0.4002702880821561  -5.0374833551802  -8.708725696385347
-0.1664793325475494  -4.356508853237632  -8.730053300969349
3.342658321641931  11.03043416159026  10.20676918582212
2.649182052443931  11.68337678831226  10.30157651817312
2.887317095780931  10.23514845473426  9.930333203175119
3.220106238014218  11.01524946851635  10.18739363693294
-3.270718528868484  -5.658799545914138  6.066194025893903
-2.917353255454484  -4.770356252487138  6.111286574168903
-3.690874540132484  -5.793362812307138  6.915660619430903
-3.277843545788715  -5.578378096453507  6.161622662060085
-0.7029124839419478  5.019384751358904  -9.77205164702759
-0.6449954897739478  4.850223779404904  -10.71240372330159
-0.8184171903749479  4.154176177212904  -9.37923537188559
-0.7090557522676673  4.909041599673976  -9.830460971030828
6.533804679582547  4.727721561915654  2.81723165967005
6.476911390736547  5.308318881044654  2.058349754032049
5.710774058202547  4.239087300281654  2.80779796329805
6.439937281935948  4.73753187936056  2.735270270402386
-1.530884727736496  -7.064949692344468  -5.418150448438202
-1.743573978920496  -7.206653875718469  -6.340601014509202
-2.001674068989496  -7.757303392242468  -4.954215549556202
-1.603795982986609  -7.153924252621159  -5.467063396431778
-8.233722329778953  10.84295703612569  7.104468042107687
-8.412239942036953  10.37025451892669  7.917435220009687
-9.078367975089954  10.87541001498469  6.655299501333688
-8.342870031346608  10.79599265886668  7.143276887892778
-3.128417795118801  -3.822024526049739  -3.810985939915724
-3.171030571111801  -3.02895830999574  -3.276699529573724
-2.321950957053801  -3.726945886118739  -4.317743407872724
-3.04693234830328  -3.727280144864498  -3.808049242604047
5.430592687699827  1.820339693308978  -1.120661087050955
6.202900921002827  1.352258555749978  -0.8033727616529548
5.643660029129827  2.049452377323978  -2.025283398315955
5.535709323160869  1.794847322215165  -1.183315950911358
-12.04880172725568  -0.7369265828367392  -5.928160006100655
-11.99698755657668  -1.584856503371739  -5.487068199808655
-11.97005484889367  -0.9454468085207391  -6.859046725647655
-12.03487390262782  -0.8496252205444851  -5.980409721506136
0.9716995490353415  -10.9885826881481  -3.732072782716821
0.2082811962123415  -10.5615954152991  -3.343349066694821
1.335225058811342  -10.33386745472911  -4.328251452974821
0.9290402917085648  -10.87319021146784  -3.754203397030986
-11.82971237820691  -3.651860066250471  -5.0229943099762
-11.92093594839191  -4.205768334536471  -5.7982979476342
-10.88725895527891  -3.623154099646471  -4.8581023662852
-11.73890596853051  -3.707886925759501  -5.08811102806946
-6.559239204789897  -3.821206632248207  -9.606931801970633
-6.614225014165896  -4.716159469727208  -9.941995705510633
-7.470537858016897  -3.548664386325207  -9.499752845009633
-6.6623192630048  -3.887603353394208  -9.631241820882027
-10.10075281353172  11.54704496868136  3.274566924738536
-9.928778627053724  10.62352925652736  3.090785944789536
-10.84317143483973  11.76933608992136  2.712754600067536
-10.16160595546497  11.47224062849932  3.195029475654579
-10.21514913028883  -1.233599265185598  -10.31466190061354
-10.71863691711583  -1.866135878056598  -10.82713562861654
-9.703386754121828  -0.7515197129145977  -10.96422361101554
-10.21426642422878  -1.249649531091494  -10.43862403109847
0.5729659399509348  -10.74088120043991  1.917430802306207
1.190432345410935  -10.59242013071591  1.201242008129207
0.7922658332879348  -10.07186278897191  2.565931967994207
0.6622294251155646  -10.65367516973972  1.910210108033334
-11.36158407484306  -7.513986066834922  -5.860392727180439
-11.34686795875606  -8.396896965148922  -6.229829625129439
-11.84856902534606  -6.994316698370922  -6.499940415366439
-11.41196416562249  -7.552735482242205  -5.968027894568477
0.3709768780603835  4.501790494991464  4.336500963816579
1.162552721706384  5.039947102800463  4.341696079480578
-0.3484633316626165  5.133167581397463  4.335726757187579
0.378672070968828  4.626552514820898  4.336972571897147
-6.245643004408906  0.6791879961227765  -8.932967654438279
-5.488489198238906  0.1013580422637765  -9.028164808940279
-6.542765608149906  0.8350968291717765  -9.829428715569279
-6.196568384085078  0.6341788343506467  -9.038754501430912
-11.58350446089318  3.872970050834544  5.119364532563894
-12.44091866842719  4.275317624797545  4.980839637884894
-11.70753747271018  3.297602320486544  5.874215264068894
-11.68820203228228  3.854512827850257  5.185112152026002
-5.21780615217248  0.9098192987242435  -3.444968877521882
-5.877668270860481  1.600574686939243  -3.384381601842882
-4.85134535986148  0.8499501864952436  -2.562725137334882
-5.249105243665478  0.9771201780951494  -3.344390756105662
3.100314732388338  -7.034992578926421  -2.56204857785305
3.144948749808338  -7.160812398911421  -1.61420417216805
2.163985060410338  -6.979547513217422  -2.75295282102405
3.005191563653639  -7.042499926967696  -2.48130068317302
2.566385982192556  -12.06244155779062  4.998581595201947
2.675627114028556  -12.64695629577562  5.748675413463947
1.966081327889556  -11.38423252142062  5.308256691079947
2.514000935715889  -12.05244655724397  5.111634268189851
-5.116511059746307  9.425138551724165  -3.518351782809362
-5.776802727826308  9.176031630955165  -2.871673736877362
-4.736776368493307  10.23367136852717  -3.174392354371362
-5.146439958143395  9.484816272066245  -3.412673825147845
-3.178385736635883  11.46239003837132  -6.951103814754187
-4.092296717924882  11.28499960419332  -6.728547772057188
-2.822887686640883  11.89784874872732  -6.176359542091188
-3.237955397220874  11.48991991591921  -6.844715087061881
2.900292746886044  8.527931298430438  8.965919918708311
2.145421438302044  7.965549754770438  8.792345304132311
3.644037183659044  8.052246293611438  8.596055309751312
2.899105768684056  8.417193762653348  8.90794760417141
3.119563844601036  -7.482468759651947  0.5610926634451016
2.474681580958036  -6.812847893653947  0.7890545064361015
3.332585899790036  -7.903832621530946  1.393742613847101
3.073494413547315  -7.455985516438115  0.674235252028108
-7.043782539690705  10.14691482961372  -8.504396247600114
-6.383238594015705  10.12492889089271  -9.196805197810114
-7.060629046862705  9.253842606937715  -8.160346774007113
-6.975115007507685  10.04929942525046  -8.54155809436385
-5.620188292519458  4.59632038394703  0.8446436304185196
-4.666519252049458  4.66619184313903  0.8014558956035196
-5.784645415046458  3.673693708863031  1.039440225037519
-5.53599775278301  4.505351253531282  0.8608167664869592
-11.84104795847739  -3.530342451321589  5.838549881164692
-11.54027223980639  -2.685078199789589  6.172157663058692
-11.43287919866439  -3.606975375799589  4.976136118288692
-11.76542008600134  -3.448347381541456  5.782138592963679
-3.215374627404859  5.54873051780956  11.38993838103788
-3.913271199861859  5.002940811972559  11.75227222041188
-2.408906424949859  5.07789910250256  11.60007799365188
-3.203792561901572  5.440280709905494  11.45100797186875
-8.973605665565374  1.195840960419273  8.581593210231709
-9.532584413616375  1.062221763166273  9.347047656526708
-8.081370361679374  1.119873518812273  8.919789825109708
-8.93805494887118  1.173482944978793  8.699327086784265
-11.60030501204409  -8.846020446860278  9.105597150281998
-11.9802592294001  -8.108148479353279  8.628720235050999
-12.35054866346809  -9.28370029138028  9.507844160462998
-11.72087081499034  -8.813996935450604  9.097635876707956
-11.91057840660509  4.172812702633572  -11.44531245462285
-11.46440804888109  4.610385121421571  -10.72026471122685
-11.33988439857409  4.316729469430571  -12.20018208140085
-11.80210265016329  4.234844062363856  -11.44849375536199
4.248013606866882  3.8968314516307  -7.666165686475979
3.844698967990881  4.0097674559917  -6.805459812795978
4.866141471003882  3.1754677618647  -7.548759508337978
4.270929177407662  3.831926381065694  -7.561823899823928
9.03848797846061  -0.4491000630741349  -11.92595203799695
8.32193094091661  0.1439757990978651  -11.70003419086195
9.808595474959612  0.1163468953798652  -11.98456962076795
9.044200565840578  -0.3255126471366747  -11.90810499433904
-7.416157349755117  -10.17865930312196  -6.093268563584047
-7.790309856659117  -9.308645055570965  -5.954283130407047
-7.624729498927117  -10.38690936221296  -7.003961383078047
-7.478320505426513  -10.10806446929082  -6.175591777280593
-4.296285896187037  11.74718112465666  -2.757697155330019
-4.067132413635036  12.31532110560066  -3.493181678272019
-3.724253783107037  12.03378080465566  -2.045747912034019
-4.21081804377404  11.83836194916385  -2.76020782179513
-8.982307771260652  -9.057136453116565  -3.420140889397367
-9.143443484119652  -9.869992091603564  -3.899236738910367
-9.852051086267652  -8.679716493127565  -3.288487633446367
-9.092278565905106  -9.103587303591327  -3.457204926083066
6.990851896519757  11.93302331451473  2.277405112264987
6.043278118684757  12.06539143068873  2.248866412579988
7.300935335414757  12.23315348157073  1.423003576834987
6.922846517366272  11.97916081329345  2.183215942969178
7.782139506095702  1.96759684980115  -9.187266789622001
7.936782721477702  2.91026164920415  -9.126435942978
7.323349734316702  1.85287669981215  -10.019482550406
7.749694148695631  2.055919270334  -9.269555603043997
-1.666464797398898  3.426308494539843  -7.577877566935046
-1.552155535180898  4.109362010198843  -6.917118059006046
-2.061732626645898  2.695845378387843  -7.102042701562046
-1.696436536121981  3.421250993805953  -7.456629405859334
7.609784547668465  -11.54568179416799  5.463765962034949
7.674414110308465  -12.44454906808099  5.141132294351949
6.680914426643465  -11.32849939005899  5.384620895153949
7.517590198573723  -11.61840170096889  5.420905523984626
-2.604936358674631  -8.947841276138142  -3.657532942830811
-3.406839318327631  -8.581842085655143  -3.284400156993811
-2.042856205745631  -9.115206616455144  -2.901036687357811
-2.630519869364398  -8.92665166828354  -3.53702782053406
-0.4121841685034332  6.36813539359758  9.700826204372103
0.2038190852985668  6.51022976193058  8.982090493700102
0.01989535950556677  6.74797199638558  10.4658512213861
-0.3003781337958953  6.423813278288387  9.70576419579919
-6.59810613529057  6.473327173924889  -5.00516823956756
-6.30597340200357  6.815392991361889  -4.16025328367856
-5.92979585395457  5.832835595811889  -5.24881500483656
-6.495649223593155  6.441492092254982  -4.941026920431621
-2.074526919151486  -10.42442799633498  5.123191513112474
-2.943028220739486  -10.76259164552998  4.905056977782474
-2.177719728781486  -9.47287258739598  5.111993845450474
-2.178184060943456  -10.35899337459573  5.098727105632213
8.026586767475187  7.66163533944483  6.492469840019147
7.649716513988187  6.78232640450383  6.460588043181147
7.417281623224187  8.202255105543829  5.989767791392147
7.921384809518537  7.625505089407549  6.435442188179616
9.272714057520307  -2.388065920554167  -1.963164025832153
9.909850498318306  -1.695689736930167  -1.787368075491153
8.729770135554308  -2.040559742887167  -2.670753733277153
9.282762206590684  -2.277134679820035  -2.01989404019356
6.278787909405847  -5.238917343722023  9.443872135833304
5.877640389210847  -6.053552027412023  9.746663878076305
6.586321365061846  -5.437133908896023  8.559358028007304
6.268801467942816  -5.34696499401205  9.381815901225414
-10.55544285843767  -5.417182650993968  10.94345103035597
-10.79669607710067  -4.561274158364968  11.29763936547197
-9.641833476361674  -5.535589600947969  11.20331547806797
-10.48371810744761  -5.338508404543049  11.00895616787047
8.023549148309522  -3.474220589047269  0.2218559960180377
8.487089145348524  -3.037157240533269  -0.4925235533329623
7.283898213866523  -2.898416972462269  0.4157594005930377
7.994094538820375  -3.366171262200803  0.1663333074315917
7.532361354910915  9.058555059832612  -2.154951097231492
8.012658192366915  8.571074489101612  -1.485690698664492
8.212275217056916  9.413157738929611  -2.727843687547492
7.656128828243252  9.044380082033399  -2.144670895418241
10.75816605674706  10.1821623328619  2.986673427789476
10.28455367084307  9.835445373050902  2.230558028066476
11.18741673296207  10.9725555901209  2.659176563913476
10.75343369501071  10.22949226554686  2.871077224458944
4.838032425588315  -6.263006382959841  -7.908304799917488
4.817339436416314  -7.180678136827842  -8.179749439489489
4.165833175514314  -6.198182247959842  -7.229940709091488
4.764116953362087  -6.353985370622109  -7.864895967066066
-10.62143309066736  -4.170363347294898  3.158456557348956
-10.37245498841336  -3.415977695312899  2.624467762819957
-9.999855982044361  -4.164773250566898  3.886359359138956
-10.52856511514925  -4.089291626232586  3.179142667837908
1.561044948111918  -2.590543305209297  9.724357220016726
0.8898623422469183  -1.950955143868297  9.486296863264727
1.891440426174918  -2.288122991795297  10.57029611976673
1.524690894691529  -2.490052929781739  9.789203709870348
-4.824372630680401  4.417111297089944  -5.138627782244531
-4.1837575355384  4.216229522802943  -4.456359028280531
-4.7756420683404  3.673920132513943  -5.739896495209531
-4.750835496168204  4.316400691400365  -5.129986963453861
5.185294315648852  -8.813794528000471  -8.795848663523943
5.154786167249852  -8.730407785598471  -9.748921454066943
6.097773070072852  -9.029141798573471  -8.602872199203944
5.279380048092517  -8.827871644473296  -8.876933247399977
7.500683164042846  -7.980873099223317  10.62539818750326
7.480522581882846  -8.691787791923318  9.984753441463258
8.431166373131845  -7.788402456315318  10.74110423411326
7.597793397115957  -8.036179010579726  10.56939944821814
0.5774214366202506  2.903298199572986  -2.291918345785666
0.4681081489102505  3.076903674102986  -3.226874806987666
1.383048378593251  2.389439239579985  -2.235828778111666
0.6517018941824211  2.867001073367603  -2.385672984356699
8.011573398469331  -9.553048923868003  3.189063527965167
8.455143896480331  -9.654341108076004  2.346913335474167
7.430243143186331  -10.311302426104  3.246844153086167
7.996877639250533  -9.644742439417662  3.105389554310706
8.033625839534288  11.89001901273129  -10.43108537561939
8.532314590528287  12.59022673324129  -10.85209667923239
8.230025201238288  11.98260466449829  -9.498837003237387
8.107775560340571  11.97459161027325  -10.37654828136827
3.506063555033885  11.57306065024738  -10.20638431725379
4.133702796508885  11.50938135410538  -10.92627720498279
3.227457816722885  10.67069154683338  -10.05036930584979
3.543297304739642  11.47000577446426  -10.26653696025619
6.726538982132968  1.358265046218711  -11.70204878442794
6.725168055035967  1.849558719319711  -12.52354771159094
5.801643166062967  1.190917223500711  -11.52095688607494
6.627727883017328  1.392822527383209  -11.77036530649343
2.78109780930174  -2.48292240314755  3.495779982659939
2.65430811412474  -2.29863248600955  4.42647512052094
3.46902433508174  -1.876037544628551  3.222504108076939
2.840958046533865  -2.398522472185955  3.565911314118793
-1.64919119825614  10.20774759490342  -3.972490795888624
-2.31569473959114  10.02512266948842  -3.310181951009624
-1.81754619950214  11.11137840020142  -4.239585912414625
-1.738251170242731  10.28466213813374  -3.930330691175532
-7.080432690673425  -8.565351848341246  1.266455288745818
-7.593170018273425  -9.126687331083247  0.6848757596178182
-7.492234720914426  -8.668786300636246  2.124331877753818
-7.179059517986326  -8.636267325361942  1.29592975317044
1.814629704970792  -3.987326081790063  -5.428583177163692
2.725743326983792  -3.954099956444063  -5.720130484435692
1.823790389410792  -3.574572162296063  -4.564996398777692
1.912801550585846  -3.93975039288685  -5.367559881989484
-0.6939566999936314  8.523444674986653  -6.211185932761843
-0.9648172521336315  8.071150311882652  -7.010120354600843
-1.451057400661631  8.456874337716654  -5.629293537859843
-0.8036162359616376  8.468093890005443  -6.234339264557621
5.016928452829108  7.054261184446196  7.777552373903117
5.742175343750107  6.578607717530196  8.182524677424116
5.415163879048107  7.516424014156196  7.039957699208117
5.136777862745461  7.05282204750219  7.742069309949192
-9.01607713456684  1.231894461856307  5.839768410575621
-9.669139948459842  1.885678868812307  5.59015520913962
-8.823829354044841  1.423057986997307  6.757771208795621
-9.06523537140556  1.322030736835361  5.911070021243324
10.40631657158483  3.644876017088412  -5.737796953635113
10.12644809349083  2.730069706657412  -5.705627257258113
11.14838947001883  3.690162764412412  -5.134880073853114
10.45562302366988  3.552118521078734  -5.670048000013676
3.444743169636605  -2.542409448201782  -8.593854398516608
3.885738446968605  -3.167052981079782  -9.169680294257608
3.975622372832605  -1.747913282553782  -8.650201132099609
3.548419552635165  -2.524290126251061  -8.661292501843898
1.245017678472123  -11.40398296922102  -10.92544087560486
2.100712134004123  -11.63126509961202  -10.56162543891186
0.663980463142123  -12.10387495149302  -10.62748314780686
1.2743172123101  -11.50289086353936  -10.85484508424029
3.483960633786745  7.075997761903042  -5.109551727300388
4.229806421701745  7.244082124878043  -4.533623305035388
2.719215712553745  7.326037833787042  -4.591018210639388
3.481944536210898  7.120601905666538  -4.992798116179832
-10.43213289598348  -1.442739778116588  -0.9950494898296125
-10.23814710947648  -2.308596132943588  -1.354067772705613
-9.801749225929482  -0.8604129940975881  -1.419011498910613
-10.34419186530191  -1.472985783093017  -1.078575260138113
4.945180104931031  -1.20197164969077  5.622620996741804
4.962498533337031  -0.3036381877377705  5.952664786522804
4.10417815752403  -1.550244258058771  5.918684764737804
4.857312247819294  -1.143292961371031  5.689412098122649
10.41965786886235  10.06340954120894  -7.743910711216296
10.79119328518035  9.813562459690935  -8.589942454283296
11.13490917653635  9.936043652336934  -7.120672925758296
10.53559271321931  10.02316969833438  -7.767677640116745
-0.30388409910083  9.556504539278309  -0.9262972994633687
-0.57701477812683  10.35940347616431  -0.4824676369553687
0.18306188882917  9.85964629733431  -1.692600450547369
-0.2810749830050275  9.674493334126208  -0.9606977138979164
-10.4498802034304  6.032553754724461  3.853027016388333
-9.874033855136396  6.55917593045846  4.407375198654333
-10.7676001496384  5.33730840053746  4.429151806050333
-10.42234412520125  6.014565586929129  3.97362216643644
1.319887788891219  -2.128518105802042  -0.6447539877394477
2.06079440603422  -2.710220074997042  -0.4747185687584476
1.18405980554522  -2.183122116659042  -1.590693204041448
1.38443559361159  -2.196397141432608  -0.7275248608026539
11.47646500679059  2.347568603052944  9.675999144272522
10.88864742835358  3.067836392891944  9.448146899601522
11.55482145196659  1.837546471652944  8.869792264506522
11.42211736351659  2.369996920541289  9.565689107352918
10.99298244527576  1.487814953178782  -11.997406906869
11.25417827082276  1.705074976702782  -12.89228492252
11.34608900829976  2.200357766140782  -11.464649612366
11.05851420991252  1.587003271135565  -12.03603675807887
2.675907860692434  -6.702486595592071  -6.344053798680858
2.318848518349435  -6.036768418597071  -5.756210473579857
2.696655604731435  -7.501492281549071  -5.817374308928858
2.640031242084567  -6.716705270024762  -6.225160159092179
-5.080857363480929  -8.150249466079442  -1.962570753212121
-4.569597183264928  -8.114216125304441  -1.154148545156121
-5.768148157931929  -7.495154834562441  -1.841268537155121
-5.099635732237972  -8.076522200067174  -1.863390800030135
2.501502895708502  -2.414639231240591  6.255327508009494
1.955716819856502  -3.196442556270591  6.170870652878494
1.877503555621502  -1.690385349669591  6.303420944155494
2.376714023031076  -2.420778417175558  6.251448377700632
5.144608094293946  10.61747597232784  -2.415925040278261
6.011940411088945  10.22524121432984  -2.315334847608261
5.206903660310945  11.13499996158884  -3.218745084244261
5.243777748766533  10.63084141672039  -2.49083661834185
-1.728313604469246  -8.657175240821161  11.88803887470815
-2.190717609350245  -9.330196311437161  11.38858215508515
-1.788896871931245  -8.949215409953162  12.79758494133515
-1.784104171911069  -8.76012480963273  11.93178586164476
7.296184402359317  5.607004845803146  8.763373463180844
7.139005175107317  5.260862883395145  9.641845017859843
8.083218744473317  5.152171699250145  8.463480827174845
7.363375280842499  5.521559447418085  8.825094365179085
2.384928954469701  -8.382883215446618  -10.42332806921755
3.221022004741701  -8.594581617141618  -10.83849555109255
1.745543636535701  -8.428945572140618  -11.13417018565855
2.405913090389779  -8.410380288005022  -10.54344708120318
5.69361907260756  11.08592988834969  -11.80612606695959
6.46054549051056  11.31643719931569  -11.28179593325259
5.50228610222556  11.87589861999369  -12.31166828821159
5.755021494332103  11.19479092663635  -11.80412183406073
-5.117066454526602  -6.611965955237359  1.416157443227995
-5.076934897356602  -6.198839916482359  2.278681746781995
-5.789121024298602  -7.287775424356359  1.504791842298995
-5.184477929560525  -6.639988162301625  1.517623934962943
-3.470996472380494  -5.904452299298324  -9.176834067650155
-2.669418310282494  -6.197711672798324  -8.743586759636155
-3.394267331814494  -4.950703422314324  -9.203434042094155
-3.377301529128135  -5.833993444681028  -9.133454263421044
9.330820768528845  9.827833600171365  0.5049472151365356
8.383626537766844  9.894146756127364  0.6260153552815356
9.572114378636845  10.63615387808936  0.0525894341385357
9.255517604825959  9.921136627147048  0.4696063224835289
-6.567159301781405  0.5089167238709509  -6.247148112971019
-6.844242759499406  0.2460776301719509  -7.124856611439019
-7.257278916039406  1.099032790954951  -5.944278858362019
-6.670337354232212  0.5438295583151912  -6.3084700787217
-5.404622461757789  -5.104300494869277  -5.091089428639229
-4.609598169209788  -4.755022232501276  -4.688382451179229
-5.720802139567788  -4.395852953722277  -5.651771453304229
-5.353540888294261  -4.991465774223869  -5.107941688706144
11.7929496418352  -1.332266189755589  -8.629663976945819
12.5190470500602  -1.242025909464589  -9.246811516503818
11.2976592848702  -0.5182946653755892  -8.721149821734818
11.81757138129294  -1.235807839164992  -8.705258662919217
-9.298480805994119  -3.812292940744329  -3.986568772063207
-9.053018928653119  -4.733458812119329  -4.072787935740206
-9.239744102079118  -3.635138734446329  -3.047740658506207
-9.26602989875267  -3.891661665707748  -3.895615244826007
10.31232590380296  1.524691344820888  4.243811934270833
10.66745999449696  0.8013359975428884  3.727218613377833
9.595729501385955  1.870470075933888  3.711685534668833
10.27376628955175  1.484412709407424  4.131937953032891
2.33525833267291  -9.459205264631604  -5.77997561920006
2.86727410505391  -9.898334627770605  -6.44356921498506
1.43427602880091  -9.697216008023606  -5.99863886288406
2.295898192861665  -9.531440350987971  -5.874091886089092
10.71134281514904  -2.356235563024244  2.184057769805919
10.42054845492704  -1.657967421806244  1.597464142988919
11.24903439176204  -2.924566264916244  1.632587170657919
10.73768100066655  -2.342374263036078  2.062652809667203
8.216145498929629  4.562727447977189  -9.171262705902027
7.575322476744629  5.240103213329189  -8.955068888340026
8.825590763813629  4.99183690404119  -9.771823596925026
8.212798222662217  4.680763663451719  -9.212265725035257
10.20360780480551  8.067684146701819  -5.07256904964879
10.16979993537251  7.217954992003818  -4.63319536857279
11.0732714085225  8.41017100942582  -4.86612340248879
10.29277415393336  8.013573202141142  -5.003675161226365
5.657314891668899  1.776099443540228  -7.647145555936834
5.2423589679049  0.9745681410042275  -7.965878974937834
6.439485928495899  1.873712584146228  -8.190203549092834
5.696488195904783  1.70100776203387  -7.739078638142266
1.877044801144025  -9.895659809185918  -0.4386541111680636
2.690445659510025  -10.34471640301692  -0.6687824648010636
2.149914345160025  -9.007231357275918  -0.2095931197560636
1.992924566004449  -9.848789059979426  -0.4387679738701303
1.072275681915403  -2.166066724456702  -7.403265719968106
1.086466811028403  -2.697793727036702  -6.607466218471106
1.955269571579403  -2.249317564202702  -7.763297563696105
1.167984438026322  -2.231670544285339  -7.356779455033263
-6.81671670782721  1.745668646514722  -11.40737828129102
-6.88308385558521  1.478340213511721  -12.32409129560202
-6.10623266363921  2.386993177305721  -11.39524942481002
-6.748004429247877  1.785565323967562  -11.5038763532959
0.3772059272143339  -6.863598775010852  -3.100998318069761
-0.3307156125326661  -6.363154050271852  -2.695247149195762
0.04417423579133391  -7.089577345126853  -3.969477113640762
0.2661604495927848  -6.834319625555882  -3.150360584093471
-1.781739021578172  -0.8205316175302702  0.5638367572512354
-1.243531655419172  -1.16036086994627  1.278735876159235
-1.525564147200172  -1.34082818186727  -0.1976734257907647
-1.696996928779859  -0.9122870194791288  0.5588644417578762
-6.695263118011288  -2.544123642970353  2.994499405558488
-6.548812190858288  -2.155644284799353  2.132021722246488
-5.901996339206288  -2.337359108109353  3.488673549731488
-6.59501711428809  -2.480624976148635  2.955209991597563
-10.30476003374343  -5.526187951992363  8.157911861797382
-10.29501503335543  -5.680622965461363  9.102521146942383
-11.21323023830843  -5.680496259556363  7.898870024185382
-10.40063309178303  -5.559123677171943  8.231045949260279
7.198028451087554  -0.4372836964070213  9.48120819092542
8.014515873160553  -0.5064354710880212  8.986437373622419
6.699737515602554  -1.215631806386021  9.231984991148419
7.231972608973432  -0.5276922053180924  9.401841348592519
4.500060172136213  -0.6231582331792571  2.508217829924503
4.339840533150213  0.2379513660377428  2.894290058165504
5.450868281148213  -0.7282417252582571  2.542177210510504
4.584397557935412  -0.5425078469298011  2.553025424753625
-6.156933486106943  6.207669223957589  3.303394791876247
-6.095983437158942  5.579712317352588  2.583542685552247
-6.286235284438942  5.667377862585589  4.082880603021247
-6.164225026619365  6.083044329184722  3.309756319979432
-8.831927440733601  -1.729112890183798  10.86884300814544
-8.046182101240602  -1.607396888588798  10.33590650496644
-9.479639372309601  -2.088796959439798  10.26276672250344
-8.817202489361247  -1.754498543391669  10.74733685843156
7.313268595139167  -1.953230495379534  -4.06775161599272
7.221190203503167  -1.068854468301534  -4.422198301015721
6.483721958745167  -2.119987959082533  -3.620229363643721
7.214952658975003  -1.87667729996794  -4.057822619646748
5.83928845004251  7.090501796035675  -11.97776856910002
6.37127517966751  6.320561289451675  -12.17879984980902
5.84421124680951  7.603290256939675  -12.78601085977502
5.896564197897982  7.063069658953173  -12.08543456448706
-6.716996596288874  7.4038106528763  6.640610344247198
-6.072861924893874  6.7165504067173  6.810891638452198
-6.702833142176874  7.9466416367353  7.428877912735198
-6.646771510689058  7.388403412729103  6.74286519402727
-3.465947685344492  0.9914853933332654  7.297246402681218
-3.909335887769492  1.598883536028265  6.705041844946217
-3.610890799178492  1.357967501688265  8.169550362323218
-3.528708941141044  1.095375745354662  7.327126488486148
-10.77667738431635  7.092876960232863  10.19815775078191
-10.17655435536735  7.188212270444863  10.93774910332191
-11.63141347052335  7.343233604023863  10.54884224408891
-10.80383867043879  7.129754244430381  10.31446480321809
-9.045605066167294  10.65393682813633  11.273163656219
-9.962774722058294  10.72819104224433  11.536826270178
-9.052301351260294  10.01810571488933  10.557687734058
-9.144160055577863  10.59402964583571  11.22496569390644
-1.945059174961805  2.642318728490897  3.030340658461357
-1.340405064674805  3.241473343192897  2.592574745450357
-1.380044102525805  1.982714281006897  3.432723288279357
-1.820282701662687  2.635870138532752  3.026566085825111
0.2168505163433439  10.09812041645915  6.872522840451928
-0.2287869502516561  9.373233729538148  6.434141294886928
1.126315650606344  10.03193938604415  6.581447110146928
0.2663301311310278  10.01373190612825  6.794706730008176
-1.322789956721512  11.39467366148754  0.9156359177833411
-1.924755037754512  11.87154742364554  0.3442680011283411
-0.7111359268485126  12.06082342866254  1.229253001874341
-1.321756371427407  11.51660766384879  0.888139904079396
-6.399426744605911  -1.298848386401157  0.3119165968586311
-6.352633269557911  -0.7708150158871572  -0.4850921674073689
-6.820723440321911  -2.112887356921157  0.03608786620763108
-6.43937752026482  -1.32935852605403  0.1974698105227372
-2.65571250387085  4.789379072214471  5.372979390663676
-3.18616257756685  4.028218827777471  5.137416996372676
-2.57358007540085  5.285917757103471  4.558770916989676
-2.703537560318692  4.761150111883634  5.260993276460169
0.03831360214832261  -2.373602370765523  2.691428794498177
-0.4923842492526774  -2.947948087820523  3.243442044175177
0.9424797705483227  -2.592088485736523  2.917214528075177
0.07815397767704582  -2.458179071067321  2.774401839782716
6.424930860401624  0.4695659350713199  -5.058436712232119
5.528580699896624  0.5583954701963199  -4.734557809783118
6.382401183623624  0.7674609683783199  -5.967106958099119
6.324774237761357  0.5108204440383591  -5.120820335332928
11.18188313883109  -4.373011614429614  -2.689545574654822
10.40751547182009  -3.814608482969614  -2.620462298368822
11.62552622623309  -4.071106542719614  -3.482177884541822
11.14660252505884  -4.281236756095758  -2.766731413185306
3.283925932514985  5.713185817000819  -2.648414142205587
2.927630747179985  6.592519471461819  -2.775133931656587
4.196922274086985  5.85770263852982  -2.399849445253587
3.343312986549435  5.822406828776353  -2.635416126978718
-1.840126081289746  -7.778875719053022  5.098968612779526
-1.563732745683746  -7.447858016816022  4.244412678484526
-2.315004566228747  -7.049200640282022  5.496833594856526
-1.861299826227057  -7.665724490976856  5.050250319396184
8.612808823237994  1.40266092564339  6.591232163183139
9.039806951523994  1.527791455540389  5.743737744954139
8.896073177328995  0.5340592710273894  6.876756787863139
8.688577296047855  1.323349863753051  6.53128306819507
4.0107618319315  -8.723441547661757  3.030977006654084
4.7280547722135  -8.235169221625759  2.626857205791084
4.4434769841155  -9.345873101237759  3.615415539078084
4.133440924586896  -8.737753214174177  3.050212817707587
-10.24801373350756  5.479649855336043  -2.184999461158018
-9.62762460998356  5.301244212405043  -1.478231746853018
-9.88459357913356  6.241263266597043  -2.636776666407018
-10.14306418545742  5.541864547838576  -2.157797909715366
6.440350847933373  9.325317510902085  1.011933067153692
5.642876679426373  8.862893424820085  0.7541914229126918
6.177829679491373  10.24417122636208  1.066908750009692
6.327274020902563  9.374007927221713  0.9903026592225947
-2.58091285965921  1.836052532912654  -4.267914986365787
-2.54102471084321  2.639427388061654  -3.749041574347787
-3.33749263492721  1.363481998951654  -3.920789686097788
-2.65736717247912  1.871341653255096  -4.17553308317749
9.361044158286065  7.389577598142747  -7.910657466135966
9.806335265360064  8.177833869223749  -7.599852509512965
8.843951592534063  7.685640990782748  -8.659786017173966
9.35338461409706  7.505249264599064  -7.957416390011898
3.859416331959753  11.07835579912605  2.413560153571484
3.509363956230754  11.53701613389605  3.177317884501484
3.095736672405753  10.66467271684405  2.011202694318484
3.740607050142716  11.08315382494996  2.452113149594012
-7.359020488557132  3.345336773653015  -2.749316175507407
-7.514457204435132  2.982705376684015  -1.877209681270407
-6.607853986990132  3.927817631547015  -2.636636198980407
-7.295469988299927  3.36878959330161  -2.644262383726294
9.120845137352696  3.329924585537609  8.585882395074078
8.972574357083694  2.900542219280609  7.743339577606078
8.448602044488695  2.966282812553609  9.162151190896079
9.033315407669521  3.245327370532635  8.557477155504719
9.754395163603434  11.87229912468447  -0.8720047503952784
8.852119325642434  12.19185758916247  -0.8684635624462783
9.855782921186435  11.44916259244647  -1.724593653500278
9.668959049142206  11.86124975602782  -0.9625783767887126
3.860695371299188  -11.07109353493456  -7.893087170826297
3.786469039771188  -11.74979425572656  -8.563972871451297
4.282654217289187  -10.33719023769056  -8.339818099445298
3.897790335795909  -11.06520470507698  -8.012310848390342
-0.7068094499290145  -9.56916445644719  -9.588069631685469
-1.125730696110014  -10.42982357908819  -9.586425212930468
0.1072892818659855  -9.699445069794191  -10.07438440287247
-0.664653211472451  -9.674874658387182  -9.639772675744783
-6.489362017002075  0.849006398761794  10.20570508448458
-6.268545484236076  -0.06983010805720606  10.05335229457059
-5.748544557063076  1.336728264804794  9.845776324264584
-6.386778055667864  0.8030165024234012  10.15105656838611
7.335904123347929  -6.594700232737251  -3.984260212863071
7.980015224306929  -6.600819545706251  -3.276223996536071
6.54434607093593  -6.233250500233251  -3.585484861901071
7.320174966016295  -6.556794748639378  -3.866189183880756
3.970497128820909  6.745164996569458  -10.29005296749692
3.62867011357491  7.625337486435458  -10.13294625302492
4.663097761435909  6.868999946142458  -10.93905305144592
4.007916508204539  6.852269218267046  -10.34252653933168
-9.527181445806507  -7.640987618181525  -9.375548136691153
-8.968584851934507  -8.329481004227526  -9.736350773440153
-9.166088213470507  -7.470226861176526  -8.505672121717152
-9.429071950627458  -7.696217637504852  -9.321241857852909
-0.1898987198842805  -0.5913286867038513  9.055742010797337
0.1049199909287195  -0.3327964107048513  8.182543963376338
0.2639561988697195  0.007036024757148658  9.649212502735338
-0.1100326718347054  -0.4999177256772189  9.025901592349694
9.934970804287875  4.621943931394578  5.182438524004204
9.093043863090875  4.618430865834578  5.637826846273204
9.789805643994875  5.173728258586578  4.413872994916204
9.82967105538064  4.680431711912481  5.149029806426856
10.68550550268515  1.119303939494245  -9.110601151957919
9.971466659125154  1.492276112089245  -8.59361746908492
10.34438552418915  1.089322761962245  -10.00445244230992
10.57294461920514  1.155893094247983  -9.15080415264949
-1.059152758818246  3.98558529416338  11.87690791059711
-0.406941696111246  3.67625518349838  11.24828445230211
-1.578004876949246  3.20891108698138  12.08619597860611
-1.044926463868478  3.869733914328796  11.8321745860792
-7.676075209652876  0.2640399855409493  3.299076444371713
-7.282447619633876  -0.6022438044860507  3.194953653817713
-7.776865510296877  0.3697123793079493  4.245071423476713
-7.64483628777787  0.1829004556821741  3.388884609114036
3.330291876944438  8.783019458290784  4.525170723073829
2.772106489295438  8.080651328981785  4.191494347004828
3.581272633616438  9.280399958705784  3.746805039356828
3.29752029417502  8.761152050154253  4.406541722301768
-0.8618264895170179  -10.3171776728519  9.04717540155648
-0.7412034944810179  -11.15527432590691  8.60077207136448
-0.4714711292780179  -9.672551069517906  8.456996551539479
-0.807316993973198  -10.33781642340613  8.936596213319639
9.284471360483694  3.224994659243721  0.1207259910148032
8.767483003981694  3.33235415518772  -0.6776654028971968
9.650001151423695  4.09358744039072  0.2885544524718032
9.268314257312218  3.329106048209312  0.05345960487163617
-4.954160772735904  -10.71678298106465  -5.089768468308444
-5.301596863359904  -11.58763038345965  -5.282498343196443
-5.722892313319904  -10.14644690749365  -5.089119087790444
-5.073229875940371  -10.74884054430641  -5.110258985653902
-4.995354012238677  -5.628529732757803  3.817620044816763
-5.915214923344677  -5.618133780976803  4.082156750029762
-4.514854250848677  -5.802846738800803  4.626919371833763
-5.042223619112105  -5.646016293361771  3.932173351839188
11.72368411358909  -3.921808828930376  0.1998234476941957
11.69356466380609  -4.058280941973377  -0.7471190115438043
11.40749795748809  -4.745436105609377  0.5711673096321956
11.68674136702093  -4.024229083850018  0.1384204766081252
5.044517416826034  -10.62890529634933  5.051509548128719
4.239303188582034  -11.12781206719233  5.189182786772718
4.964906955920034  -9.877742926171326  5.639428852237718
4.950127220152535  -10.60199549610845  5.128913381515278
4.806816153919933  -6.190901267440211  7.087230180785105
4.145763215402933  -5.822987396277211  7.673643205780105
4.345888732020933  -6.322996256994211  6.258780625606104
4.687126967822371  -6.165744882353619  7.061410517334971
-6.473362701436668  -2.126658557161659  -11.65952282539744
-7.307013593120668  -2.189156277150659  -12.12573314895544
-6.519950694528668  -2.810880170159659  -10.99176374967744
-6.567263699535416  -2.206316127259751  -11.63802226535529
9.814270523923524  -10.15961053401693  0.8868030829199798
9.834228244040522  -9.32507062209493  0.4184264558159798
9.995654642106523  -10.81647629556893  0.2145984913179798
9.835749011073327  -10.14065683821384  0.7651296182485098
-11.52480453011735  -7.944813077586555  -3.11247817383251
-11.50519223861135  -7.125048417909555  -2.61868358013451
-11.39268300776635  -7.679884945893555  -4.02274672122351
-11.50861806436022  -7.829101607096101  -3.156906249676846
-0.4566069908784388  9.507975398594546  -9.327966690342208
-0.1315438383414387  9.943396641857545  -8.539947573963209
-1.074603491550439  8.853309738366546  -9.002812821419209
-0.487856159986989  9.484587123051785  -9.209217046144168
4.504258540481054  3.277299747145921  8.675261687281777
4.259871157030053  2.558775718057921  9.258553952303778
4.511619495769054  4.051458574569922  9.238161115473778
4.47897333828739  3.283234685016909  8.797533658978045
4.807315939694633  -11.6031794969232  -4.46171625296271
4.696042881242633  -10.7154772777402  -4.121370962821711
5.424110643488633  -11.5064592892582  -5.187279024058711
4.861243331314303  -11.49816454015334  -4.502809990779117
