-93.8424
33.4077
-28.6208
661.434
-309.417
-425.34
285.054
-43.7149
147.508
-320.15
-248.551
461.68
-103.983
-69.4865
417.531
-165.901
-38.5251
-3.67497
209.79
-86.2232
147.96
-49.0127
-153.148
-223.104
-81.8681
-179.776
115.893
-118.098
259.543
-127.059
235.766
59.9917
-191.21
58.955
65.3294
-102.712
5.975
-346.721
-209.857
-150.864
14.0494
-278.607
-112.37
-207.211
-109.192
323.199
100.21
-8.31656
4.63997
51.6209
116.569
58.2682
58.3459
52.7229
-22.8423
-2.07969
-231.722
-17.286
55.7856
391.227
383.064
-20.9244
-83.9641
31.6457
-18.4668
-1.11416
-38.6312
8.91459
-20.4409
17.9833
22.8674
25.7669
-83.5692
63.7816
-152.778
171.565
-127.573
-167.75
97.4831
-169.268
-51.1322
69.2013
22.0669
-31.7471
57.1628
-49.5876
27.4757
-32.5697
-49.5628
3.50909
92.6597
-48.9558
19.5996
69.1458
10.482
-272.071
8.67407
63.0444
-7.58022
-41.6911
-20.7963
-22.2696
6.7573
-26.3903
-10.75
-18.0131
-6.92916
13.2531
-28.3824
62.9551
-129.047
14.8931
-293.362
-27.9466
-184.015
-222.924
-359.629
-195.194
-62.3462
-8.77461
8.55168
-4.71324
2.27743
-9.21694
6.10626
11.523
8.09476
1.86248
-0.70772
69.818
15.2513
-21.7833
6.18853
420.285
395.874
173.731
-43.7528
-16.4537
-2.64847
-118.632
53.2265
-8.25763
16.2242
-16.3635
11.9176
2.63259
5.70435
-13.3912
-10.6508
-31.9266
-0.225031
28.1488
-62.2546
-54.8491
-130.771
-174
57.7171
-5.55153
108.275
-64.7397
-22.9419
46.7502
-43.3479
-4.26299
-9.54945
3.69381
-3.69381
9.54945
4.26299
43.3479
-46.7502
22.9419
64.7397
-108.275
5.55153
-57.7171
174
130.771
54.8491
62.2546
-28.1488
0.225031
31.9266
10.6508
13.3912
-5.70435
-2.63259
-11.9176
16.3635
-16.2242
8.25763
-53.2265
118.632
2.64847
16.4537
43.7528
-173.731
-395.874
-420.285
-6.18853
21.7833
-15.2513
-69.818
0.70772
-1.86248
-8.09476
-11.523
-6.10626
9.21694
-2.27743
4.71324
-8.55168
8.77461
62.3462
195.194
359.629
222.924
184.015
27.9466
293.362
-14.8931
129.047
-62.9551
28.3824
-13.2531
6.92916
18.0131
10.75
26.3903
-6.7573
22.2696
20.7963
41.6911
7.58022
-63.0444
-8.67407
272.071
-10.482
-69.1458
-19.5996
48.9558
-92.6597
-3.50909
49.5628
32.5697
-27.4757
49.5876
-57.1628
31.7471
-22.0669
-69.2013
51.1322
169.268
-97.4831
167.75
127.573
-171.565
152.778
-63.7816
83.5692
-25.7669
-22.8674
-17.9833
20.4409
-8.91459
38.6312
1.11416
18.4668
-31.6457
83.9641
20.9244
-383.064
-391.227
-55.7856
17.286
231.722
2.07969
22.8423
-52.7229
-58.3459
-58.2682
-116.569
-51.6209
-4.63997
8.31656
-100.21
-323.199
109.192
207.211
112.37
278.607
-14.0494
150.864
209.857
346.721
-5.975
102.712
-65.3294
-58.955
191.21
-59.9917
-235.766
127.059
-259.543
118.098
-115.893
179.776
81.8681
223.104
153.148
49.0127
-147.96
86.2232
-209.79
3.67497
38.5251
165.901
-417.531
69.4865
103.983
-461.68
248.551
320.15
-147.508
43.7149
-285.054
425.34
309.417
-661.434
28.6208
-33.4077
93.8424
-371.761
-116.43
-99.1786
-463.737
-221.84
390.892
65.1909
-401.809
-73.7448
204.007
120.45
-265.234
256.55
178.228
179.125
-35.9366
32.6972
-235.33
41.7259
3.62602
-154.922
135.324
138.02
-11.8027
-109.826
101.724
226.502
452.54
3.06139
-151.308
49.4382
157.357
46.5757
-21.0456
177.58
59.2584
58.2131
62.1567
-220.508
-108.267
-79.1522
606.513
316.883
329.01
90.6207
1.83112
-170.293
-50.9953
-15.7539
90.8912
31.8188
106.043
-5.59227
54.944
23.6118
-146.508
-216.958
-52.4484
-336.931
-83.4249
254.939
-89.4427
-14.0104
31.4055
-39.1284
-35.6644
-9.27479
-45.9764
4.19646
-70.39
-49.1301
-32.1959
142.792
212.415
45.3332
-159.516
147.456
185.731
-76.038
143.939
104.74
33.4277
-13.5044
-50.0175
-10.0322
-12.3098
6.70966
-0.897809
-13.4703
62.8969
88.6652
-118.531
-153.183
-170.419
153.92
-245.81
-80.3736
-18.319
-18.7824
-1.19068
2.37216
-4.16557
-3.32825
13.1713
16.3486
24.4845
16.5168
6.99446
-40.1144
-26.5836
-81.3902
-99.3046
-124.117
-84.907
192.047
41.68
125.347
-3.29805
14.3833
46.6153
35.9849
20.9871
18.7823
2.42283
2.81788
15.6224
2.84998
7.82494
46.2337
-38.4358
8.4202
22.3572
144.756
-32.0944
-157.356
112.481
233.416
-130.122
115.237
-1.28141
-6.26243
40.0868
-24.4226
-12.5435
2.43198
-2.96217
-5.6773
-6.98778
23.1824
-9.26587
39.2147
-106.495
-42.6167
-159.595
-432.043
306.046
-5.30011
-11.6093
-70.8001
103.476
24.0994
-25.5922
12.352
-8.34912
-10.6628
-18.2197
6.98553
13.0548
-12.2029
-23.3953
-11.7917
-49.5982
-16.0473
50.4753
91.194
-295.24
-294.044
71.1922
148.392
223.972
16.3505
9.01865
-9.97425
-9.52375
16.942
-4.33922
16.5991
-9.91115
5.35008
3.3219
2.44426
-7.76592
-22.9174
-67.2207
111.76
144.641
261.993
7.35218
126.698
190.902
120.721
88.5986
140.41
-25.4632
16.0634
23.8212
14.2726
-4.28743
6.97811
14.2041
2.17313
-19.3677
27.5718
75.9654
-42.0448
74.794
240.499
168.637
-502.934
306.103
-266.254
-20.8371
-91.3395
47.1895
-6.12003
-44.3305
-25.2465
-38.2835
17.4918
-10.4932
-6.54105
-11.7776
15.3146
45.4063
-24.2465
262.259
159.312
-81.6591
126.063
-186.043
98.3245
-11.9418
-9.21162
3.41497
19.7929
18.5543
-1.47438
42.7683
-20.1657
-58.2969
-43.5109
-2.62036
-119.728
-114.867
-83.3326
191.859
-61.9928
-116.486
-72.5637
108.533
183.27
-31.2399
-12.9693
-19.5428
54.4698
43.7338
-0.242639
4.04608
-51.238
23.3233
-16.6636
316.564
69.5093
248.525
125.276
-44.5956
124.693
-276.631
-28.7755
46.8337
-7.38508
119.471
49.0102
-12.1309
-47.9469
-9.37127
-151.398
21.0632
151.49
-69.8272
221.543
-265.099
405.163
60.863
238.436
-139.697
2.78062
43.6679
97.4038
-131.904
-153.732
-224.82
-55.6415
-131.198
-309.165
19.8418
-306.702
-0.402121
-109.697
-127.341
-232.872
120.447
-97.7334
-241.355
112.101
-231.083
-63.1971
-108.011
-89.1072
-74.4088
-195.957
3.03452
25.4736
-175.708
-251.183
-125.025
-33.1554
639.247
-108.985
87.1294
-330.165
233.1
-83.3524
-201.907
445.007
182.796
210.488
332.415
-61.0034
-279.835
227.849
226.841
-290.859
174.685
72.4799
-319.117
-111.304
104.046
93.4637
-43.6963
165.298
-161.972
-160.117
202.412
-288.234
-64.6371
-336.587
-501.772
-258.154
130.438
113.003
-42.9686
131.637
-164.285
184.893
-123.573
-82.2193
310.958
-104.656
-45.1694
-30.6451
14.649
129.467
420.584
35.5113
100.994
-103.401
-7.36837
58.1398
8.67456
-38.5981
27.3349
20.2704
-9.36754
-1.70343
337.067
-31.126
-30.0269
-75.6542
-98.2304
-116.655
-155.285
196.095
-53.1229
118.533
-97.2565
-21.3182
-17.9121
28.2954
-21.0538
43.5889
8.21772
4.35324
77.0243
-70.566
-169.154
208.825
-3.04374
71.9361
3.12277
86.5713
-151.773
-20.4569
-6.98293
55.2679
-33.7191
-13.7861
-16.9382
14.0813
-18.0538
-13.5556
-74.4771
-239.768
-21.9082
-49.2603
256.976
548.922
-173.957
-64.2917
77.9878
23.1264
-33.833
-34.1623
-27.3738
-4.15749
23.4532
-8.04634
5.24399
-55.3998
16.916
-16.7576
25.8445
-160.014
106.429
133.933
-227.03
95.0403
-34.6325
-12.0859
12.1661
13.8348
-15.8132
-8.20314
-22.7002
16.0034
2.85985
-3.26176
-1.66433
-14.1461
83.9738
29.7075
-34.5357
-207.605
-511.697
491.522
-250.318
-112.652
49.7011
64.7625
23.3852
-45.9028
11.856
18.4066
-18.9165
-16.0571
-6.7898
14.3246
-14.7642
-28.0407
-36.3239
55.2597
139.871
-80.6454
-250.63
172.526
223.41
66.3602
5.18281
-175.218
45.5208
-54.3585
28.0627
-0.799365
4.12007
-5.8952
3.27976
-3.78315
12.6216
14.6211
-12.0095
28.8003
-33.6481
-172.789
82.4611
-159.285
177.051
44.1012
-4.869
290.615
-99.3451
-41.8795
-69.5166
5.4653
-7.20639
1.59011
-13.2414
-11.8905
4.44102
19.3303
-12.2909
-15.5142
2.40227
-22.1012
-36.2722
182.416
74.6113
164.105
-5.41755
-147.148
-134.897
46.4447
78.771
37.9944
8.1482
-6.14046
13.8883
-6.15483
-4.73266
-9.31952
-15.7792
16.1408
-43.3415
74.8245
-25.2804
-120.988
101.698
-403.933
-276.256
64.3971
-153.698
-42.589
-12.5184
0.356794
-17.9165
-9.29237
-11.6103
-3.18509
42.7329
-44.5008
-13.882
38.9016
114.223
-105.251
-50.4054
-18.8836
-283.42
147.607
211.188
-105.271
85.0037
5.27333
21.5566
-51.0885
-47.0297
0.0169744
34.5542
16.0532
80.7094
-46.8517
-39.1361
65.6781
139.654
301.255
-35.2443
-460.886
-26.3551
170.143
-53.7944
59.4209
3.05132
-11.8051
-42.1008
-12.0705
62.8419
-22.1382
-44.9002
94.9881
-162.58
-101.646
-88.7842
438.955
-203.401
9.17634
111.916
211.26
261.55
15.3122
42.9427
-12.726
40.9357
-44.8978
32.5354
144.867
-40.7185
-83.079
89.9282
-95.5902
-352.949
295.588
139.942
41.7097
16.5933
141.365
-217.123
-37.4746
208.303
105.401
2.68586
166.959
-10.4422
-47.7089
44.428
137.678
-91.4935
-358.765
-24.2495
117.125
18.5246
28.7448
-184.299
107.445
-85.0829
262.44
454.576
180.886
20.4122
-23.7493
66.6388
-4.11117
-491.363
170.131
-105.293
189.781
-378.975
262.079
303.595
-91.1276
-134.397
212.67
-364.185
-210.512
-172.087
16.1366
-207.975
84.2413
-222.956
-22.0401
217.293
78.7986
54.4019
139.992
122.693
-98.5556
42.3105
-48.9236
138.332
6.59993
370.026
-543.418
-246.881
-20.1746
102.553
-17.8997
90.81
-116.468
-222.451
216.002
147.199
185.396
74.4716
-21.6167
206.185
-154.645
-44.9753
-51.3091
54.1752
50.1591
-37.209
-18.1515
-165.694
-123.613
-173.783
92.9815
-386.968
-101.582
332.466
-148.145
42.5444
-95.5441
24.8174
17.9624
79.3302
-59.9029
-31.4227
2.31861
-7.90983
105.739
87.6421
145.853
-237.953
-25.4097
332.591
-5.5844
-33.4337
135.226
32.5663
41.9591
-2.86145
-28.4299
-3.50003
-27.7973
-15.0271
-49.3903
58.8572
-86.2973
-134.48
-13.7911
355.73
231.092
-101.048
-233.369
33.3042
8.34
5.51566
-10.2154
-38.7417
3.39143
47.2527
-16.4641
5.93631
-19.0711
76.4085
-37.6807
-107.735
-391.775
71.8999
270.99
174.43
-18.2677
53.5008
105.39
-11.7925
47.7077
-6.27344
7.14087
-26.9722
-18.2817
17.3857
-31.4227
21.9773
-38.4061
2.21187
-204.095
15.054
-145.221
-232.508
212.038
-6.82397
-2.72643
8.18233
60.1546
-52.4902
40.4808
0.941923
9.06974
19.5453
22.1444
26.053
17.2921
-41.3196
3.05638
-80.9333
-4.46827
279.502
379.25
73.08
6.44876
-122.406
-17.0335
102.427
5.79236
-1.51214
11.9751
3.41082
14.7376
7.425
-10.2144
25.4551
-39.3138
32.2423
88.2314
120.41
149.14
73.4118
134.997
-70.3113
47.2458
101.468
-12.1228
6.22796
0.309982
-18.08
-17.5129
6.99412
2.74833
-0.826444
-3.2763
-13.003
-31.0325
-44.0104
58.9795
-494.543
-105.331
-285.091
-201.744
59.7893
-13.4187
39.7519
38.597
-10.4597
-17.6681
-25.3455
-38.531
-53.962
-35.3307
23.2596
-21.2027
-63.9946
108.948
161.525
-250.843
-116.686
282.686
-4.17807
-351.758
-137.3
42.4679
55.577
7.25825
-27.9627
-36.4207
24.2206
16.5286
1.0544
-10.8791
-25.6399
-25.6328
116.593
144.528
97.2159
-381.673
77.0387
-112.2
112.625
191.297
27.7808
19.34
-13.3718
-8.0897
7.38496
-51.6093
38.2707
54.383
-26.4129
-1.7519
-91.706
253.617
-250.647
127.176
280.756
-209.334
-302.795
-46.3607
-44.3191
0.507345
-57.2393
6.50882
5.615
19.7793
-87.6444
-0.425121
-39.1732
-140.551
20.9117
-3.25818
-85.8342
-49.5292
111.724
-92.2431
72.2229
-13.5074
154.865
4.49973
16.8583
40.7394
-75.9283
124.018
-175.074
381.994
198.647
558.095
171.712
-96.2568
-87.9375
-94.3288
-130.639
-100.031
-149.129
311.736
111.904
15.0404
258.445
-212.138
3.30192
-133.912
118.855
-226.272
-250.467
-128.108
168.883
408.831
250.913
264.554
-17.0371
15.3539
336.626
115.905
-25.9119
-135.084
-106.365
-409.556
-370.627
-72.5517
56.9799
82.4893
82.7595
-375.466
-118.031
-185.472
-26.6095
153.487
-81.3032
-61.2378
390.861
-588.924
-188.259
385.082
-24.317
-321.786
-71.1228
-167.648
-62.479
13.7956
-55.4186
147.847
293.186
-12.4464
-134.381
-374.895
283.021
510.469
388.066
100.108
115.274
-0.792657
-37.2798
121.221
-53.0682
-25.3056
-16.8555
141.355
-109.881
-57.8116
55.441
-60.8123
123.563
-23.0893
-241.7
-74.4102
-100.172
55.9242
-37.518
-139.003
-28.804
-113.677
48.6557
-0.617934
43.9272
-48.8147
7.13453
-566.512
-20.5928
16.4489
-145.757
-163.8
23.8094
31.1716
71.2611
43.2527
10.9388
-0.889504
-64.2968
5.33999
-1.48319
-93.287
44.322
-232.856
223.342
-48.4314
102.375
148.189
64.5908
110.868
-44.6731
10.2512
-3.48791
4.51553
0.860055
-35.5564
-36.7672
41.5823
31.5585
-76.6423
-42.8335
-78.857
-155.319
-732.649
-85.351
-350.686
-0.334224
-90.0285
12.1399
5.67847
-31.115
-16.0506
14.327
34.3094
16.9716
22.5937
52.5733
-164.018
144.509
-150.142
-30.6696
-783.991
19.3778
181.939
-230.804
11.0856
8.88067
-9.51837
-29.9802
-0.176481
-27.9408
-14.9655
34.7946
9.82837
38.3679
48.6502
9.55059
52.3643
84.7264
-98.0033
-4.4878
296.761
230.225
-168.625
71.7395
-54.2979
-3.65701
7.60088
-22.3503
-18.682
5.9559
-6.7049
6.11049
81.8841
70.2895
-52.5581
-157.162
-81.9438
54.4969
378.461
198.34
375.509
-225.209
111.688
-66.5046
49.4353
-25.1598
-15.639
-13.6167
34.0495
9.53295
16.682
-15.8088
3.0525
-132.288
-156.86
268.953
233.182
398.391
-331.797
143.895
14.4178
60.5804
96.3217
-38.3081
-27.6819
3.31987
8.24681
-21.7742
-0.303399
-16.095
17.6271
-54.911
21.3097
-22.8936
168.576
531.322
374.829
512.9
-107.477
-252.655
41.6162
56.9095
66.8628
8.41852
-8.79249
-13.1166
-8.10445
-18.5264
62.363
48.9346
74.003
54.0463
-183.677
74.9827
122.107
-170.911
-111.237
-54.3013
19.6763
1.4037
65.424
-41.7473
31.3617
7.45678
72.8796
-20.9132
-150.885
119.274
217.593
-491.04
-161.935
338.376
313.047
-68.6652
14.7806
-50.1995
-77.9707
29.4153
-115.344
-24.6368
-57.7314
-165.791
-41.896
-66.4491
18.2067
-8.67523
298.295
46.3608
-182.756
164.879
58.2796
-88.606
172.451
-89.7213
135.879
61.7132
14.5225
-160.112
178.012
153.279
248.089
220.488
-439.009
-308.875
-48.1235
-148.37
104.188
-105.59
8.90528
570.311
79.7272
-30.7272
131.537
-325.912
-97.4676
-612.457
-296.616
63.2362
96.2137
-68.2016
-112.456
-265.122
201.993
-187.248
11.2502
-11.2703
46.0854
-163.944
5.72574
4.26
371.317
183.053
356.193
-271.184
-32.748
229.301
184.328
-170.074
110.245
-160.185
-113.132
106.057
683.41
-127.776
9.00463
287.736
162.544
57.2059
-117.543
78.7945
43.7123
-174.753
-437.383
-7.47029
49.8875
249.896
88.9136
183.95
198.455
-113.652
-157.14
8.37049
-71.0148
230.152
356.951
90.8527
-111.503
-288.617
-318.544
-207.771
-30.4577
-100.502
-52.8378
-138.636
-46.4741
-21.6491
22.7678
-113.78
-203.914
295.094
-261.485
-23.0807
163.024
58.7816
128.649
-128.151
-101.567
-45.8701
25.2221
-50.3076
-85.9708
42.2088
-32.868
-39.827
-87.506
85.2622
-285.121
245.503
21.6228
115.656
-51.8036
-65.4407
-10.3771
0.230149
36.4107
17.5955
5.15507
-65.932
161.783
-9.68776
83.8073
-136.036
402.039
176.076
80.3127
-36.6127
164.582
-23.5921
-25.6834
51.9023
-11.1956
33.7216
-6.94059
-22.017
8.42038
52.5766
20.0609
69.9793
215.458
-228.212
66.0851
-381.839
332.381
-38.3836
-250.384
35.4909
-15.0891
-2.1709
23.9212
29.7048
-10.6441
11.3699
-27.9427
43.5557
60.679
75.453
315.529
299.524
224.125
145.876
-9.14731
110.48
-55.1267
12.2162
-13.2645
-13.6725
36.4169
0.3506
30.8783
69.8624
26.0705
51.3567
-133.136
-46.2669
256.074
-80.689
-39.3454
-16.3108
-101.684
-11.5967
-72.146
33.1349
0.961395
-15.5249
-7.87413
-7.73958
24.0246
-128.947
-88.8846
4.24755
-8.70486
-205.31
-213.819
-27.9819
69.6368
-15.4064
-14.7758
18.1329
-41.1022
35.3689
47.4196
-36.3098
48.6417
-39.9029
-42.591
-202.613
72.8703
-85.969
200.298
-510.59
3.65649
67.7718
23.2955
105.171
-9.48581
46.9195
14.4211
15.1338
52.8192
-20.298
-39.0128
73.9263
-66.3561
95.7597
-22.1154
456.4
-73.6585
66.2552
-567.007
201.062
-7.88497
-34.8282
71.2202
-49.4413
35.8464
33.3599
-12.2873
-75.3584
18.287
25.4908
-7.39328
136.108
-417.739
-315.884
-124.301
-24.4926
285.1
-76.5646
4.2333
-126.341
140.002
-67.034
-64.8481
-72.4726
-9.68197
91.5668
556.119
-167.122
116.737
-206.549
39.6384
271.359
-33.0052
-171.416
220.722
137.069
214.838
147.615
83.0101
65.2017
46.8599
310.548
38.3763
69.8384
-164.354
-317.747
282.677
-223.67
-94.3599
153.843
485.222
-94.1905
59.7901
-485.444
-435.913
-384.312
206.464
-67.3546
167.271
-66.7881
335.433
-361.298
486.481
-119.505
364.748
377.397
-153.808
-166.077
-405.01
522.395
-96.8381
159.202
474.593
-12.8662
70.753
-99.5874
97.5765
-117.172
40.0481
58.611
27.4385
200.32
110.372
-205.432
62.6461
49.5336
-118.694
-431.286
-35.6311
350.003
236.277
63.2575
36.738
-15.8176
-20.4406
175.57
-17.019
443.564
629.275
-406.444
-273.106
30.7068
128.364
100.004
105.558
100.931
-22.357
82.3065
38.2142
3.75919
-136.028
-60.5304
390.81
354.461
191.356
-49.1377
-93.8223
-201.793
80.2287
63.313
49.7227
70.9675
6.33283
77.9537
-118.152
27.0535
-59.7896
-196.634
100.037
55.5878
172.358
-57.1151
60.1033
-33.7485
-37.6247
131.512
63.2791
36.6572
-20.0827
-33.6809
63.1684
-152.75
43.6306
-163.554
61.5211
243.698
-250.627
-582.14
-173.669
-97.7471
-19.7618
116.197
-25.4815
42.265
-33.5709
-13.7264
9.56926
20.7154
110.477
135.253
-267.218
-79.7448
-61.5855
267.093
-65.255
-348.837
245.248
19.3551
37.7149
-104.493
16.6906
-2.5931
-31.2252
15.6704
-8.07881
-89.3467
195.1
38.1082
-105.827
-69.3236
-66.1712
237.963
256.19
-310.315
103.599
-133.888
0.25956
67.17
-9.22974
43.71
-98.7651
54.838
-112.15
-43.6555
260.304
-98.8104
-87.5419
-212.686
-439.362
-115.469
74.7439
86.2836
53.8331
-145.388
40.7376
-32.466
5.28428
-80.5547
-38.0572
61.968
292.636
101.114
-3.84476
-439.936
-122.238
-4.59275
44.632
-234.046
144.758
-4.95306
58.6583
50.0407
-15.1908
118.862
21.7357
-53.8873
536.992
-19.4125
-43.6554
-309.162
428.678
-201.231
-266.904
-195.278
81.057
-0.305494
-75.2289
-140.022
-23.4635
101.592
156.173
-8.12095
42.715
-189.083
33.7982
-100.288
-421.648
-198.612
-127.45
130.142
266.849
53.3808
-62.2998
-14.2816
-37.2455
244.675
303.922
-209.333
31.5676
28.6078
131.718
-93.8916
-50.9561
119.421
-60.4763
-90.8975
-97.1619
-68.5555
838.028
72.18
53.8912
-52.5627
-235.131
-0.565886
-216.794
12.606
61.3325
258.154
-441.358
189.724
164.99
-134.377
-350.738
-263.33
252.498
87.9655
-108.553
29.1534
141.243
-267.164
196.061
83.4532
49.553
144.633
9.18413
-29.979
-27.1887
-182.584
-195
184.087
-170.211
122.618
-154.203
50.8268
-74.9196
-398.013
256.359
395.074
-603.581
75.5554
-357.704
42.7473
-120.569
39.2006
-245.339
99.3965
178.05
-143.784
-256.239
332.497
-243.742
-26.3928
68.0351
-98.4695
53.5921
-11.1491
-62.8877
-8.1294
-187.566
67.1954
-189.954
286.947
192.022
-278.793
-214.657
356.251
105.005
105.924
-124.452
59.6211
-133.15
-159.443
-195.268
-302.069
160.144
-97.7325
183.616
305.463
141.899
339.431
-240.202
291.787
-18.5608
-152.612
149.743
162.106
67.6013
-32.396
-65.1102
-52.7312
207.102
-129.884
111.395
-303.023
9.64838
101.308
91.7308
292.063
85.1169
5.56325
-39.6091
-98.2402
-154.197
62.8445
61.8257
205.725
48.7225
-79.1261
432.869
306.076
34.0334
77.8605
-60.6147
-65.915
-44.922
-205.296
56.1634
93.9986
-122.387
-192.889
-195.497
56.2572
-159.582
226.695
392.208
-400.14
23.4214
154.566
9.51577
-41.5578
92.6911
141.217
-148.028
119.031
-23.4568
-110.347
207.531
634.446
-433.389
-25.5906
-71.6808
2.56404
-138.371
96.3183
-24.9979
224.92
39.915
-231.308
-5.51796
-33.7406
-409.558
65.1281
67.4875
-369.64
-99.3382
-125.457
269.278
-17.2039
185.93
132.294
-71.6158
-108.005
86.4896
-60.868
291.033
50.252
-151.711
129.368
121.295
-6.187
87.7702
10.9357
124.724
6.66429
-102.226
-65.311
109.576
-79.2506
-67.7186
-143.273
-202.455
-149.865
-301.327
-70.1375
-183.309
-93.9478
-114.773
158.105
824.496
-619.714
-159.27
126.38
268.755
-145.006
-430.323
284.459
-282.374
-186.685
23.3548
-270.759
-21.4753
-21.9839
239.318
-69.8537
-13.4905
196.967
3.73926
-3.55188
-40.1599
-5.74683
-453.355
-237.737
-294.317
68.9704
205.18
299.431
198.955
-293.857
-77.0363
136.522
-251.815
-86.2589
97.8731
529.815
49.7039
-335.954
-35.1215
-153.353
-126.217
-4.67741
298.162
-296.359
213.23
83.1614
-173.02
-154.091
130.279
-99.8023
234.473
106.99
406.373
136.532
50.481
75.988
105.66
6.4878
82.6204
160.855
-358.819
290.655
71.3394
177.566
125.103
-19.4776
97.3171
27.1181
-274.637
-80.537
-87.5347
67.8148
34.0762
-137.013
12.2087
-538.831
-39.7711
85.04
-18.3564
65.0958
61.0667
-89.9158
73.9207
-8.40271
31.6857
447.732
-294.814
-588.865
119.205
-231.31
255.566
7.60167
-48.2152
-138.306
-178.562
261.65
-58.0668
25.1382
-90.219
215.666
195.228
243.679
-164.428
107.469
-262.624
-29.0559
75.3678
117.48
45.3371
18.3187
384.529
-302.099
21.1992
125.86
-58.8284
-73.4689
-78.8716
-331.463
-16.259
122.667
6.68985
-95.0009
344.911
9.14696
32.9162
494.589
2.17082
-91.1992
59.9298
131.827
159.566
-115.661
-625.883
-22.2619
-18.1296
-495.77
-333.695
-61.5646
-66.1415
7.94185
-240.838
-191.245
286.231
-176.329
-426.551
491.413
-46.4279
-14.6673
-0.237565
59.463
-282.574
68.9695
-10.9667
150.991
70.69
674.575
274.806
303.826
214.667
-112.372
-69.3719
-61.2641
-199.253
233.531
287.095
-98.5542
148.388
35.6349
331.772
-145.92
-2.28162
-212.329
170.549
-387.137
43.4935
341.13
11.5368
48.7579
-268.335
-59.1636
-177.508
-145.382
-229.503
-342.257
20.1352
-90.0911
-376.426
-5.85022
167.79
-24.763
-9.77547
-218.348
82.1575
217.317
205.545
163.593
456.739
-212.444
-208.096
482.167
-154.396
146.485
-6.00867
250.342
-376.435
141.057
-10.9664
42.9365
-54.1645
407.725
-362.245
-514.785
-251.804
-196.587
224.283
345.194
100.636
-492.626
-23.6318
56.6043
9.82314
81.0594
186.963
-462.32
73.0108
-163.172
-489.789
113.222
