-4170.828304361368  14501.19294399208  -6239.243233127177
-2008.110745309913  -9217.365333541135  6938.880768673908
5706.435084500645  -5399.551135291857  -2887.309119508385
-7.378212109777945  27.53264649950382  -4.268176885864014
7971.610164953491  -4874.783512895646  -16616.31096933382
-1893.576468641529  7763.010665207924  8412.052769020336
-7344.858997008163  -4240.794056014239  5283.892194563538
4.963217869386666  2.788200458986259  -29.93102608389555
1643.538457049431  -5960.684536757837  -10501.48787446745
160.4183923257888  -864.6304800717855  6516.057922218793
323.6703123212752  7077.577201378966  3865.713656995176
11.24015274896488  -7.105499050891041  -25.96093802174888
1881.258234390199  8163.84405152106  -15822.89704460442
5564.106834844198  -2394.777396146068  9417.343295354503
-7064.53727731793  -4250.075623940088  3188.636523140218
9.75176742076515  19.93641068713357  -27.05388270837571
4564.992368891202  -792.1360719698014  -18589.87720246789
2382.64034885751  -1941.503603921551  10206.45207521858
-6160.028700381756  4793.423304424819  8453.369682964889
2.575471361648825  0.6871614716955379  -52.74225329216534
7204.042524929488  -7863.694731463684  18985.9791320184
-8146.816535430566  1814.332655981516  -1946.305787613522
921.6726867434012  2641.258699515611  -13034.62743443922
18.38125957129672  8.296233787508351  37.35959214944308
-13359.85465879686  -1638.78669439603  2429.71180955865
7171.086921080619  -1204.284652071254  -4593.439189070408
8472.112851195932  5110.256283666012  969.9425206212815
-36.51212476800348  -4.76665717746396  12.66366139531817
16126.07834651721  2786.710849374439  -15840.8306243868
-5655.128534590207  -6149.936899827028  9804.917988596579
-11120.70462988887  -2853.102897106373  3528.716777846865
40.79238914251  8.398418092767162  -31.84025289336358
-17347.12592040543  -1062.674113140499  -6099.743523840291
8731.426203663499  6116.086932800162  5150.485568513523
7588.047384836329  -5009.694222208547  -3066.822222734751
-32.9337702334069  -12.01759416299499  -6.226867229913491
-8766.696365590631  -5096.09161991297  -8265.281966910266
7518.479576543028  877.8723949508905  1129.538076693652
-969.742479564028  3819.432272798501  4494.726995583907
-18.9463155017006  -14.26952763623876  -17.25308239865936
-16323.42465194249  -4620.6845835424  4878.959840274727
11887.67732834498  454.5461976908701  -3176.58348354231
593.2304922491581  3256.406295684506  -1846.694302003974
-23.23399056075881  -15.26385971699282  5.989801629071541
-4374.076549478227  -6531.008786106485  -13930.97489338908
-2607.801565904906  4214.64506266089  3177.309060384811
4469.604979348557  -268.3715928495946  10215.28331364797
-10.83867107810734  -21.86175219229866  -27.24532390245141
6068.423945434681  5667.368156019392  -11096.8075375857
-1987.818507741244  -8458.891182742269  4445.235771271939
-4808.998803980876  1389.283654689583  6741.311534957347
24.74882166711342  25.25638004174731  -34.33396075393214
-6267.243071760447  143.1031850246512  -11299.99426030772
4147.110631459956  3084.241798423568  6134.161241838661
309.6824982308279  -3235.253368999396  7737.494101064057
-16.51605070438377  6.665741864753363  -37.06348309154523
5834.427217523935  7086.824993140103  -6430.726323568507
-8231.39165060328  -3996.855988594132  -1208.274390256448
-795.7765297087384  -3769.840022788152  7516.830687995738
12.37359241051379  28.17810216919754  -19.61095022287284
8024.881838063246  13792.72135576568  -11426.75520612588
1584.266841705762  -10507.7395980085  2386.377042794388
-11116.50841880218  -2933.854653609215  7534.44405048838
23.53504636244757  29.41691950603666  -30.03248217232458
4681.401607619876  20325.43463248553  -2950.441880785702
-2018.767022413005  -13130.33313161149  -1650.29464698563
-5090.373233792307  -5474.691401703903  3790.977413946083
13.08237397426872  39.73685707009111  -14.95348832862408
10580.03918277611  9727.379622012371  4013.36180660354
-6583.816953772676  -7272.738845732551  346.4333783740367
-6141.36021900508  -2005.947214844823  -4578.526348346346
26.30328919999282  19.82982752883444  14.08027775737508
16357.34015906637  -5873.223800394301  8815.751396699192
-9348.860494023262  -3315.874112826715  -6196.004569550955
-6673.061782137936  7293.342877244043  -3067.801593535414
28.47948704332571  -11.37839367459998  28.34465339198938
2364.356288117997  -10527.63665606393  7494.377892430311
-9629.843424422688  1432.274764358655  -4368.706536543707
2937.582328573836  11599.12202166165  215.5072860575816
31.51181403508355  -39.5173340176265  17.35663020040914
-3684.928004749716  18648.21034842237  -5835.809554232846
-6099.056834942145  -5150.440705539612  4313.069621097851
5091.350234050975  -12329.08996725215  2249.35830567582
-12.440938888642  32.93634020495514  -25.39156059658713
14715.43764112829  2568.720233594953  -2654.47191547377
-6101.307926769028  -5549.882962690191  -836.3859953474017
-12285.46131765994  2316.807577135728  3242.855869811861
39.21207274021359  17.75527261806872  0.8586333743621447
12698.3815433607  -8920.741847977672  -5519.901415732255
-2397.22798549424  3064.196999181837  11075.32939185385
-9610.548007441515  5541.822990779532  -2054.287504928341
31.2184598245212  -22.53169099406712  -10.33783921025786
-4425.763641499272  13324.05246875504  4231.353543845589
-3802.132845178313  -6455.041391035704  -2099.429163352387
4560.366305573038  -10824.22056846018  -1152.792935806889
-6.133719014437563  42.24613130876005  5.665937255464979
-11284.86482057851  12946.27299442547  -4123.31744715825
6785.840623423038  -6687.025430143329  -4780.088067902663
4143.103472888563  -5130.89733729905  7504.939907593306
-23.66277723684251  32.16235292182792  -0.6541112892174756
-10850.17701075316  -1011.594084624433  -2290.078616786231
4914.863634424984  1503.189408714439  -1679.829238943742
6139.155200323059  235.8326410042732  4012.564277977945
-21.62562511814216  -0.5354330144994268  2.47618308661173
-8763.040176355697  9129.153471502264  -6732.438980725584
4982.291947793288  -9934.321167439964  2668.466123700058
3441.869252362708  2211.877331341132  4591.522259002896
-6.953551822865282  11.29775365672346  -26.98720273579114
-12883.14766528511  1788.915855065561  -2865.646359638522
8891.595558764579  -4817.574866745886  -1250.464949632202
4867.282031740745  2632.23730642814  2887.909799255036
-39.38915771674712  -9.834481716174066  -6.623437712689674
-1350.155874728678  6590.784222671526  -3641.5726683044
3870.686432443461  -3426.533736096094  300.8385739532696
-1505.328490410979  -6206.075842996115  3221.982250149935
-21.52511963412443  24.61924569505508  -14.3482318215595
17755.72933903701  -15007.53652518148  -3975.487478227845
1566.407214041466  10078.04375449655  964.4282122978012
-13582.48533786556  4272.860043319882  2448.294459351581
18.18385118200869  -26.60871961812585  -8.452667091043253
2759.366098172276  -5150.783022953449  16124.33377594338
5959.354009893719  1080.433962854002  -8053.552435386937
-9130.507095306752  3288.278329111425  -5751.550727588377
4.640962682855527  -24.71437663904117  22.57956957828284
17441.06273751417  -11901.8745496446  3578.542802358984
654.9288343625807  10842.0464994189  -3071.126097961752
-11200.46690327301  1405.58763442604  -4044.838674815322
14.43753148980499  -13.96374306621216  41.10890041048371
-7132.2631514495  2988.260109814661  -5678.036601004039
1809.457150803207  -4959.274677019574  5457.332601118835
7234.260069597209  1881.51924991161  1924.810298975012
-14.96078493769508  7.71310377117687  -21.76405958602752
10356.07386802879  -5589.783868091396  3869.195868276308
-3163.864965888229  3761.558281016164  1988.130078959511
-8284.034038469876  2550.874476402862  -4045.86070308534
25.51409695791605  -14.15570024010122  -3.197059961673828
-11680.92758402088  11045.61277342785  -3011.273983117246
10181.11554031753  -2271.285068351104  5660.654116768621
3220.782676139809  -8792.319933478115  -2836.413895318171
-29.74155507572105  33.99403369667701  -1.457216325236433
-7456.813378164631  -10474.39182279837  11797.79885510765
6115.756722686023  206.17268279758  -4539.321971638548
-203.2573272212474  9599.249276365554  -6363.788309058705
-27.65883008050029  -20.69466699412637  23.84228214781383
-6738.812297531511  15395.27548508303  5725.002212415186
5531.545542576101  -8971.928854898973  -1523.506725670756
-2949.037736994188  -3559.548484809165  -4209.514150485653
-2.118684118720425  29.43851380355347  15.48790792243991
-12242.04158700646  11708.38652370675  1356.468602452735
12827.69012837431  -5302.302897403887  701.7233861884678
898.6018795599662  -6443.250379447604  -2233.382510469701
-15.36089872152697  21.30295080312756  24.21660580764802
22347.23313811768  -9618.99547657843  -5365.088566821371
-12896.58000842272  6770.543215944465  7173.99468299561
-6333.088603874467  424.9091346974625  -2763.836415779019
28.92130566917875  -25.9377334686819  11.69186270417201
4395.111957864476  2562.664672330899  -9050.04442770579
-3171.987584829042  -886.1471755446651  2923.460492967501
-667.412109852092  -3523.373941790334  6365.361999274435
8.372812433600537  2.535107379429399  -22.79964489240665
13379.59878290597  9934.999455433695  -4467.661814134177
-9724.546284097036  -1061.938274826537  -507.1228603460585
-1487.45816777363  -8518.473281193146  7574.967432551826
34.03576026592025  14.46661834886792  -9.571745330747499
16037.95885686091  2095.664715803872  2864.298720200918
-3961.455336972405  4665.105997378554  -1666.171976137348
-11290.96599119549  -4376.627413566504  1054.847913872593
42.22698405002338  -12.93274723521026  9.245716592869373
-12120.42251661715  966.5954602029001  -2586.794065197728
4794.40475084367  -7150.823793072286  -1008.624992941354
7158.387944089142  3558.936286065877  4656.97617211118
-28.83602773380618  11.45093123190493  0.5952721577856088
13582.44926184662  -302.3184414610541  -1693.229249457522
-6784.37739788539  881.7048474121212  -5918.259777609934
-8835.544865456532  50.37787086960282  7486.645113502052
40.65632623290477  -5.508893777133039  10.57676875797225
10576.5405974446  -21641.00048301716  7871.448560991044
-5312.286693131722  9099.356918637755  5530.423483599498
-5129.45069397476  9049.122804325169  -6838.751042420567
36.21751430976995  -38.21313227151734  10.2600340524273
-5673.603279263694  -7545.672876239038  1611.276242542079
4106.579127439324  2205.884225813496  -1316.563410906533
3099.863660140813  5489.703370372896  -2741.128786904678
-21.98412270517109  -20.309749187848  13.85065129722672
7026.737953728796  -7135.584598377521  -9085.962360290421
-1106.419898575187  4799.819211249385  9885.738574356814
-8365.45057175193  1546.090840415638  611.0885124749173
24.42018456255099  -17.42010756219534  -26.61610707371633
1941.93709308736  -8685.759895132984  5828.01589333549
-3639.438644461811  5107.018775076842  -2564.600073596338
374.9990977189049  1937.945850260199  -2045.022033048007
8.324234588967277  -15.92908149776593  12.46326049329616
-13487.04219885338  -9256.320504167519  -3604.975561581535
8433.156157742787  5369.538426631096  6401.595183983568
4062.565256038939  4892.276402466742  -5418.78583204427
-30.8151085346025  -19.06708840564431  0.333811532405941
14891.78570377183  -4449.245405203878  -13877.7504852395
-11748.75942437395  -1126.513292402048  1554.438137247671
-2690.088673291275  6739.382147365322  9303.54173125212
27.11052253220947  -9.881102272653727  -35.33098812831599
-7956.134827039696  -11333.688292467  5716.62762865496
6946.929531473648  7407.693781375518  -379.9875087584129
-2374.180716532083  1410.848745635881  -7092.611191531606
-4.874064900127332  -16.54534137465981  19.37705404081237
-1678.754951002994  19361.42087947488  2504.145581391151
-45.68762150510853  -8233.623413090392  -8590.413972691742
-840.7472169400958  -7133.063907930152  8050.625020590857
-9.28818090847072  36.79560587201307  -9.770483970470542
1431.390869822959  -17008.52890128875  8003.736470263095
-2912.748027768233  9983.28185286322  -1017.094466186718
2300.094557440351  7461.527072063641  -5326.747523982628
6.603929952361623  -34.70267193082925  11.57981056122617
-1447.802282102583  -13936.19688550314  -10827.13316895078
1426.621283195297  9981.204028852057  840.2886492971716
3405.107324643719  5043.242535268499  12585.06530090346
-21.56396927969955  -41.11800933032196  -20.96077917254658
9564.483498317277  20565.37693700778  2612.298444444973
-10735.61930232249  -12509.84934164336  -1882.889690662019
3527.353185260605  -7158.782565045652  476.6885079736912
1.689297647436889  48.31742770130143  13.18041981777421
1715.158111195057  22017.04534916686  6914.054949750723
-4983.296617707254  -13067.65411814234  -5617.834281315872
4717.59087451081  -4578.819456421954  2834.810551692136
-5.841013223484041  38.61768666659142  0.9420851286290302
-7430.410628797209  -18452.57612102598  592.5236527651997
-5856.777298847086  5832.710669350654  5072.359806901205
8532.942696830933  9553.105815123638  -2495.277549315592
-4.024663993960755  -40.22343015756556  -1.430956455358194
-467.2523002003881  14386.29039698836  13558.03969063298
-2002.235577766478  -5238.065954876482  -1421.947342346038
5087.327312502592  -7374.139857393211  -12273.53585106918
18.32521555835286  30.33566190312236  27.29932728651121
-4556.814338460035  3182.396285639441  -14074.35078036077
9147.564132224601  -2072.671141074581  6654.686893371976
-2256.907017907185  -7491.654864453516  6581.802269859963
-9.485491471290063  20.21224344515815  -31.21740412540441
9333.647035636794  12635.31066411673  -8522.081630828076
-2047.503268676171  -1260.825482347228  5187.545239370318
-7365.362282546424  -10895.84478844847  3660.964280105532
19.4205481137515  22.56185243274643  -20.21466241518851
12474.3568184895  -7446.348331929431  -2963.149764891456
-4296.59401219449  4396.288010346588  6349.739260544538
-8120.477396689148  4071.245830172137  -3998.186150745299
23.28497236310666  -27.14084648893819  0.867101553910831
-12291.20863218481  -11066.53474424303  -11114.69976145733
3098.201537983526  586.8313536048618  8300.599491727316
8491.342656801364  9130.062151501004  212.8074957136248
-21.79481393933588  -28.14368252025734  -23.02891068830203
-1130.890863318317  -12477.56366716496  14489.03538404557
6202.902729965036  6083.558261497571  -6941.510156052906
-6397.154598091905  6206.380831273969  -4919.738660065686
1.809479675124064  -25.22723996457407  25.02050083918288
8370.286608900877  -14816.74442720969  -2403.285477018512
-1175.63485918401  4364.639938210158  5122.568247444024
-5672.832387578874  11297.46108160964  -4244.143670429587
14.44741241218324  -38.41373502661836  -22.78988757554202
9702.409555670698  -3000.847168100314  -969.3638384439315
-2667.599510203675  7097.362192212547  1065.581896241862
-7606.088209241971  -3087.826133892207  -4300.262432546069
30.91433808894777  -22.87118078244993  11.99915874739519
-4239.85757595166  -12540.36787511341  -51.56861981769701
4386.357570744697  7110.965931809159  -1111.506637404965
-3147.241405292991  5180.288757741213  -1329.369952171256
-5.384933005864212  -24.56198625632431  -6.920458822798254
-5224.903623230563  -10740.67866979914  -3986.179062811558
6139.700317942994  4015.924998808043  1360.999167490009
-3309.656434700226  9497.198659350495  3222.767738435241
-22.28641410489115  -24.70915420064741  -13.65143583621165
10979.3354913059  -2873.983869879954  -5077.614204269593
-5419.762342592419  -2298.549179839924  7897.695173611478
-12122.99367726617  3005.667542778728  -2480.421214237452
30.2537729484723  14.06641076554229  -18.69077119953485
-12365.06070999496  -7623.638080288404  8962.915754468464
5101.22171538825  -3008.297134205437  -3685.70164798245
8405.832993364214  6835.249468633326  -2627.909447266317
-36.71841589308853  -15.45934877126286  17.46202348603948
13640.68509256563  4110.723184663003  2419.483249221937
-9446.795899330942  -31.30062748816204  -1068.205733235928
-4680.71893937779  -4629.266266040219  -2977.065364998343
24.43316874900529  18.1457562319009  14.40663011109469
-4352.897992249843  20129.54802024775  -11968.8015052431
4084.547173705009  -6420.621546841053  11451.67979460511
-2220.865529802595  -13134.34595151054  -3711.041374382553
-11.46055588788727  39.59841601127914  -23.50428210302317
318.2732342584746  -8650.844376111565  3944.686652025757
-6820.170615523956  6150.719009059267  -484.1402015838016
4321.971841792546  2828.847737238545  -6190.623412028736
15.02541786391091  -19.10078938667557  19.08732864481185
5772.529482037206  15339.98196449157  -2849.109681248419
-4945.331791725616  -5279.234732761893  -2342.895905810391
-2185.876431582783  -8822.99436934183  5914.186764884621
7.706375127718267  37.78412943557856  1.635395746588935
-1485.500290027687  5773.229927988828  -11047.86259019206
6523.805200800519  -2398.30009602604  6204.967700954202
-4907.089740221813  -2089.513383125498  10180.31623700827
-8.592207748932296  6.549486303204656  -54.618362582574
-11513.01745940842  11792.28590959013  3536.437454246526
6793.308249639047  -4131.92664792947  -4415.753134391018
1840.520453792462  -8846.463643123647  3716.141626914506
-33.73289751219625  20.04860666220776  7.139203069467179
1869.451218744852  14306.79393520497  6633.654025578705
-534.9144004407308  1005.121151461047  -9398.840180047297
2200.60238626925  -10990.25878623763  3201.457340110015
-14.2237123228706  29.52332539975885  18.44132741314915
-6430.354930502314  -519.1407167949504  14410.81661504387
1327.869691928244  -5881.688791426051  -6654.091210431386
5574.461717780203  5258.849775086736  -6310.245314684905
-26.13236114790052  5.298291105130358  26.5873486400665
1120.674522749799  -12948.60699357496  4878.615944152652
4111.82423806654  7209.490481454774  -1356.497024906625
-4702.92675688076  6155.713199636844  -3468.136046350548
2.635671994388065  -39.05139051598394  17.89239152226532
840.338543019091  -11571.19798365608  -1763.870013303048
-4941.66298286651  6605.567534209552  3678.445113518157
3556.528235923989  4966.123581306512  -314.4600280643585
10.19639781874981  -41.41329491048764  -7.80638356197337
-24426.93278495688  2864.848475597074  12603.36042780032
8937.643445597903  7545.304431870454  -5895.736023284292
13132.713951613  -4641.877040880468  -3711.425958960559
-48.86150467835644  -0.1297191092502609  13.42993213924479
12740.43944728853  -3220.264147614255  9772.241816223041
-9458.576866604673  190.7342676400121  -9662.373942641942
-1698.552794748158  2627.377123229017  417.6737406444625
25.26572498618371  -28.53826907239863  7.234778292087415
-6695.824110435675  -5205.911551765128  -2256.140704656994
2009.757649382842  1572.922873804411  -1949.369176593055
5787.548584011984  1909.021935995637  3087.970718281185
-17.04736519506331  -20.22106177045393  -2.631572274541671
-183.2285876275958  -12532.76864073794  8947.640185952687
1886.362809985877  3492.328687765144  -8359.479844276577
-1705.991099713684  7846.354952127058  -2767.982851754545
1.612688597227366  -20.88406323819035  21.39869930322219
8163.315834157377  -6596.896490735769  5513.307601376672
-4500.130448388715  -2272.932835617236  -1152.614231711227
-3581.448974972167  7428.397311361013  -5171.075040887747
22.62330275627695  -8.349010280153447  5.798366291574899
2233.448469698892  1411.600734915276  -10479.2343676018
1044.8541243444  -4975.126392929086  5285.966311776336
-4139.846049431983  2792.309515080209  6114.431395668552
4.667189748808906  7.050404889794991  -32.99530354565043
8009.129779524847  2649.783999847667  -2860.520031411803
-610.3223994303394  -4221.446299500729  1060.958733777988
-8884.073006231099  156.6797490853329  174.2605573973237
18.3937358177315  15.45822668191239  -2.574489665000973
11070.89952472704  7156.637456961363  8116.735592772023
-6275.223443571826  2802.18995898165  -4487.513088896671
-460.266250139573  -10811.81386850427  -2304.91465522427
22.12884396864834  12.45646611595004  18.50322604148406
10744.48197231621  -4400.180602424223  9128.585467624695
-8051.676031147184  3146.25935814858  -1972.000816894739
-3146.511398824302  672.1644310051092  -8519.759787325429
32.29650077151125  -14.06570613251261  23.56576769184415
1340.973365618869  -14369.97027953451  4613.6466407793
419.6743239168999  6808.647908866952  -7603.569352421216
-3399.049788427901  9505.621871372825  3465.249521055207
21.11510584853659  -36.6116514410482  14.31798419827812
-13929.04409473894  1998.447132948304  -3393.316574549196
6072.578354567434  6663.438988389168  6382.14056769412
7531.728645985427  -6274.696900081978  2411.752325911098
-19.10586872163475  7.248130830211323  -36.88515557661415
9228.146191019583  227.3817632381692  1804.503535203128
-5652.158277878265  5068.36706448934  -778.1350394948242
-1367.40707263018  -4447.729625157941  -3297.687873809018
18.3607351378394  0.546668631198307  -0.493342926448856
5200.297240789632  -7544.61962854475  -17078.92600055376
2602.403246193505  5876.619723161487  3199.537220098436
-6692.465099184418  1706.706598571518  10691.28361449812
5.892478655699575  -25.86235905642606  -36.4367911579692
1694.117384521426  10610.92460788837  8154.83786497098
-588.2052198315654  -6461.673538471099  -7924.333242573751
-494.9741430898828  -5833.237044083758  686.1263786245154
-8.823278029294837  31.49688822233322  21.11092105226551
9669.142445749598  -5494.230486568807  19072.46338862404
-3004.369225000444  4257.203992423158  -11329.63500745332
-5920.028753078583  -624.925803413777  -4707.576718255619
22.01071773064236  -18.96297507278373  26.83676258915648
7471.67964300908  12313.16008677077  6409.266830559217
-463.5672606505656  -4954.169344724131  -8492.67092058571
-4863.629480746426  -6804.748797471897  3641.264827140879
16.96385225778065  29.6833194920748  13.59073394885528
16851.51643470287  6220.112599467578  685.1487107774941
-3262.575080970636  -4849.58468788948  4225.578787747182
-13216.31874990267  -2164.263758875486  -3163.955721836593
33.05590624702326  23.71808406415697  -12.28017115525646
-14192.15173752348  -14573.78528882873  -1551.62470761747
1617.868009671192  10638.40533211807  5300.523403648937
9600.592365259256  508.1144900426613  -4391.682765841389
-17.39010369661636  -31.06205385641514  4.080728180477809
-9447.830613677683  4718.145385792013  10891.58784202812
7598.65878217455  -4976.630238747675  -2336.229598153737
2543.076060549559  2601.999099163817  -7941.042177589386
-28.3331385589223  7.2569748229564  19.2858572612597
-2917.310457868066  11882.9189724584  9477.502872049419
-481.6606446997872  -8734.937226633798  -298.0387111945372
-8.134637868527303  -5446.869283159028  -9129.185991697061
-1.312187529044775  32.56212840664227  21.71729401201463
767.084456610442  -6606.008275404483  1629.197711178704
-3138.79983391564  4777.501747356461  1585.099869168067
3820.920711320763  4254.788444436527  -1845.070691217552
-0.6499585654950718  -36.41078560795411  5.383445689865623
-10721.03079589755  11515.3018473977  6130.68360627889
1301.362907866805  -6566.491573283998  -8939.127129787068
9291.455556083656  -3471.890352742292  2204.828414922353
-20.43627824514714  19.57575061510811  26.72306968404058
12958.87817598435  4708.97636160635  -548.8886982578276
-3230.456127651384  -8260.292372810061  -1186.104569752583
-9383.954651656966  1125.634484006132  5013.513531171237
19.44476176883915  25.17115445213788  -15.92402832329183
12890.10226006056  10026.88401489805  10888.64753430348
-137.6899227988459  -12472.75272597654  -2455.726100113407
-8968.945195280789  3635.007832172855  -5128.103969191451
19.12527413396525  23.21942524211865  25.22521124020456
1405.349648305669  3116.153819797657  10399.54892422483
-4086.496074873985  -5999.350406445838  -10900.92941101137
1268.34290077215  425.3650380212006  -2654.137826002789
-3.858408704262075  -11.27937115217232  40.70666319419309
-13067.12361351592  -10524.55326960277  -906.5999723064011
5233.755078318994  4507.533620352478  -5325.396304398344
4812.614586417683  6412.150462518845  4726.20119958593
-29.98757092498045  -18.49626172899545  -7.07454883665496
5341.258199458091  767.9564230761866  15587.21587971367
-3067.011351333587  -2304.420270793821  -7256.171460670553
-1285.609516112182  3125.331328236862  -4436.150215977476
7.557826611704895  -1.898415662994  34.91320201963231
-7961.189078618897  -12886.37786182674  426.0277951083009
7768.170715560281  8992.392736360065  -1726.916762954184
313.514304327172  2532.802824579006  802.7346199106065
-5.390093379439189  -32.92747296038529  1.927896652728329
-5509.192160123676  2999.099550298269  12592.85178941761
3477.759776659307  -5578.711396046461  -6377.239533056483
-390.4882888073251  338.1841519581776  -10554.96001100371
-5.951731572910769  22.19734813764236  36.80704983424227
16926.43401535182  4131.142736212775  -7154.597901494251
-12669.4170357222  166.3020544618877  3835.79502272085
-4794.960069447309  -5191.886687609216  6028.220607536139
30.44525197144847  10.22066754458526  -22.01618729020725
3861.079475765711  1029.017390708407  -23387.74852045457
-3131.872554124393  3370.699496201727  3558.531054204
-3391.688193231492  2629.001469797638  14682.04621333288
24.2791294548564  -9.890030876698107  -31.63144687893004
14071.1770720193  -1241.390086253048  -7575.96097725679
-2809.689166071966  -349.6495422917069  7830.997460278127
-12255.9976313447  253.9289079816418  966.4811786802435
42.94324959028663  3.737613992114651  -21.05509879946018
9082.030890357608  5322.291790009052  -11661.78109747523
949.6039466488468  -5762.34722655982  7019.991206179967
-5903.997140526119  -1018.342353841129  1523.941850137987
27.59784342536248  11.21813815323169  -16.12899414913149
-770.2904404614342  -13183.626584815  -16801.55745991041
-1929.770000501198  -2166.491248926928  4109.838860695852
2240.802528943914  11358.49097988024  7064.431017737658
4.001124276470867  -11.84155763940987  -35.11366233752865
7541.895339575458  -874.424530022763  -13925.2164725671
-7101.510187304205  -1803.668122143122  4692.649378709102
184.627599029069  3845.713099297834  7304.524421852863
14.84235964923357  5.083234620148794  -25.50590273852156
-3563.06366294691  13327.51459525361  8321.878555741117
-3537.982623334687  -7422.176554810179  -4973.108228604002
7094.954652559646  -8610.940018333446  -3677.221572174102
-5.505758951545459  40.89401010102802  6.651043169958122
3396.809752499169  -7906.280744838172  -12961.77313127368
-6968.316553105591  7229.278734776978  3771.526928469531
659.869123568637  -1189.869847166784  5404.199443323096
-3.553041825306485  -18.76073660912012  -27.44396047442905
-10064.34274155299  16602.45264198409  2273.155225235703
5521.904819890271  -4773.557148052907  -4192.446598176144
2295.836602032618  -11521.06946963862  2468.95627378295
-29.28615223328309  31.32546892179931  2.412677512134831
-12820.98894635371  12662.73967413689  -1414.895051483429
10646.96490127909  -5799.305483058416  1857.20839494571
2270.785162984291  -7814.366251612506  2439.053891529291
-23.056567564778  27.25755515909697  -10.35924135732521
-7264.614451873793  -6917.263405461519  2450.440043282149
2350.648948643739  6764.311680442158  425.0091329603471
2277.193861653252  1082.328561162626  -3609.638151642111
-21.86488923840482  -12.09222078618541  4.491361580735376
-5916.208979641137  9932.310254713519  -3155.963825968021
-4343.380239167042  -4324.710666690446  3102.215993356733
8089.927560886457  -7650.931955364144  -657.7432589388987
-2.522516949882736  26.66185970686086  11.42376427332649
1829.793239263462  5805.912230597796  -14780.12884688309
-3556.642669011281  -2015.083924559885  9943.122878358308
4380.533015097024  -1688.345406346971  6905.319697561346
4.421601846159634  12.53777923963972  -36.51612297681427
18473.50786930621  -3499.156735197191  3957.029219223788
-6845.276876446784  7081.187772444081  -5333.939062675273
-9256.698087002085  -3590.323975918552  3441.709521193564
39.08012778527302  -14.37221108669068  -4.591905166647227
-11543.22837398903  -14520.65787461718  207.8004274090423
7539.994564753536  6550.481788791072  7742.24761215151
6247.791544978899  450.0090726386663  -9165.958102608618
-38.93199190131998  -8.080028732519111  4.7268316302361
-10033.23391308153  14174.47216073714  -6101.811109389776
-1733.478016701631  1668.869839593382  7853.952138554905
7858.555037873816  -12133.28829291993  493.4095326390473
-2.994466850156167  19.84972488244147  -25.99172045253039
-2373.164819360295  -12427.95983523067  47.53637293108638
-3915.970786945597  5149.867332009803  -224.1402742564696
4968.199983295975  8865.270927805161  -558.9145745336662
5.257414925317575  -29.70528761752556  -5.885810487007618
2198.271853665883  -3474.840919559393  13130.80698323436
-2634.475952721367  4707.888675184259  -4322.948248180925
-3303.784902134422  -1259.135816897732  -7089.331066178968
12.64768975489642  -13.81410495269178  36.91282218738151
-8217.950946472642  -7174.544083042751  -417.1525669165382
2721.462547638197  7193.37685832133  -5359.839388834531
9311.91601419658  5697.080142525921  6886.205674922216
-34.27646235936266  -28.51065849039683  -0.9665527036136503
9795.722930875738  1260.738233051552  1975.159800613461
-1331.244337980914  -3767.918674686188  -850.626348104757
-8778.647153287364  2208.14766264175  663.1815268091086
15.81874921442119  4.30161674517994  11.03652716647857
3620.570038656961  -1569.279798423509  7549.719271840828
-5630.610209147096  1007.841568555712  -1009.090269049721
-1306.179697569889  5046.343603489616  -8546.723965305246
17.77677318202159  -15.39097726525512  24.12913189962837
3166.003761187585  -16310.25105601998  9889.665511703644
2040.781746691406  14418.88985835555  -2617.545187117243
-2977.366195824173  332.4618613872695  -9823.935607520652
-11.87344956464915  -23.88241799573937  32.34150709138481
-2039.970901175399  -2642.307760190436  -12615.66011888925
-2312.691462072912  9201.331980317938  8799.454750468331
-3019.119815663881  -3569.161456884792  5188.135208194833
19.21028860505588  -1.705775039114908  -32.05340931785054
10553.32295182786  5970.195127732236  5757.505453625126
99.31077684151745  -6726.089129736747  -2583.270875726396
-8822.615299440999  1794.194959941891  -1650.384886490935
21.1218210446929  10.60305815679288  7.596439113655867
918.2469046669563  -562.8341994440975  -13547.95034029316
-5900.819271880275  1780.707856914162  5595.576612881073
4463.590077329392  924.3805352680894  8543.226869554945
14.93107608284947  -11.79681755671922  -37.37777832324849
-20747.50293599057  -6216.265985764719  18091.7560351072
9808.086181188697  2134.582270455849  -11342.80537268756
3739.571433989602  4867.032448234696  1668.068279511246
-23.3121623154098  -7.588763982749316  4.08574450584328
-16366.36121742194  5900.932628859162  -7319.46335221902
3386.635288522786  2342.812531062395  6481.983883880835
10080.80059810897  -8355.939538391876  1042.629055492883
-36.99063124216269  6.605555698554483  -18.81840027374625
13046.83427437543  -11935.18563361923  -4485.764742300894
-11763.24769323189  -997.5750788578206  1996.519850198996
-1010.073105249601  12837.50708405472  1966.974630071647
31.66279382554583  -18.16919384919913  -10.18148621496371
15911.75553717958  6691.660790981095  9514.142125750132
-3452.783674747145  -7271.484178441479  -3135.670130913969
-7749.038431440035  696.1361623736753  -2539.277236695542
31.74588375706891  12.14773142988464  16.25165938337624
-1261.615618315873  -13603.91290675816  3365.345020205403
5316.051981961221  8764.174430777481  2421.261802654903
-4821.002704435181  3267.934444226746  -6516.20226759294
-0.8397722127538496  -33.60625005758728  16.59935721770552
701.3087994822469  12769.62215269717  9649.799858147178
-1588.660884285048  -4590.132422759621  841.3464678106909
4116.073716586712  -7051.889077053765  -8993.526217453891
11.38351051965293  33.54942210210827  8.539244127113419
-11141.93977109739  -9488.277561368453  -12036.44964476677
-1030.958311420265  9201.357518330698  5090.926539404691
11619.31986324751  1141.140388769121  5359.547200053111
-21.78220618254552  -31.31224213330766  -21.98696550704075
2257.771168868865  -9121.499745224557  8460.822733588082
4151.303557183658  6914.37598380114  -9695.142627704439
-5563.230426872156  7243.042540197882  -1461.245141646697
-3.097512796373484  -48.92184301091968  18.37946434589969
-17468.14078206647  5895.123705892215  -5499.751265651771
5905.214199192304  -5790.721199244449  3456.896258638169
9440.95009656255  1097.373847818466  614.2339743985297
-42.17067909512154  7.246517323089533  -20.74332152330669
1853.028355716799  -9171.445149394762  11648.47251490257
-4202.151970945451  716.2900313898067  -11539.19137049458
1278.003598539207  9318.290157006451  -4496.918075696253
-4.531508599040393  -29.0312285412459  33.25136941419434
12987.10271563342  16071.3657986983  -5423.691461414707
-1148.592904851692  -11799.68981286709  -1534.438919019813
-8461.002174866966  -4867.482054284431  5921.464337547707
26.96859933218154  32.89177866232929  -13.46013458563931
-18395.52849136486  -11924.29928735118  -1828.725909147339
6341.704275798789  8505.668461861655  -4672.723423235312
11228.31817862377  3511.915841310714  5945.331239728642
-27.72142760114007  -30.24292587162022  -2.370210641015206
6478.540024507368  -15494.49385890312  -13641.22238377879
-7161.53512335292  9965.900183494625  -966.3443462973577
1832.738476332783  2838.121277209078  12309.41416579897
8.736876510116485  -31.72884365373133  -25.82371948155982
-5611.23579216299  6047.390908481899  -1080.942389106147
5120.105297486376  -1100.075057771369  2155.42767794705
2113.069591183621  -5746.520461001573  -2703.764007882192
-19.14831883834357  22.58843122003662  0.2995564696605474
-13797.40523750743  -1582.298201434922  12512.16748762487
4289.222015213556  2253.250965732973  -11472.96090576421
11197.09028943391  -1103.499640146481  -517.2642833432006
-30.37630948611602  0.8261893587104128  25.86291681888298
-10244.63096035915  -268.5380093538624  3363.459520604997
2813.699660491834  -2282.633538860676  -1025.475573509602
6008.027440384342  503.8972453441525  -3150.868760845803
-19.27855860206495  -0.6103356061636899  6.674028343385982
-9154.739755182709  5404.927550819311  9551.801833990117
831.823581614047  2112.120913720081  -8908.590187911705
8354.603521143226  -6064.156498342932  363.5323069407592
-9.264096929802518  17.12960960264422  25.32044661521729
-1195.626706628937  9745.426750370752  7304.652056256641
2553.41489771639  -3458.300039504716  -7604.840417831855
-955.4533605883149  -7937.389843484822  -2087.748523309154
4.740853927636453  26.15483981256068  32.76423834068208
-12566.51883942939  -11876.72177393511  -11331.02933738838
7086.005854773328  8786.439996364246  70.57927389958896
5195.736433728244  2526.168679966205  8300.726517843459
-20.7039374950694  -25.74532230034831  -27.38550962110207
-4027.031307631255  13696.13367605456  10071.8302611126
7728.746196792423  -6282.761491278446  -5833.603231239798
-1517.639442850393  -10932.41170554453  -409.1670398675791
-22.13943290575425  38.47951334697739  21.81596040875633
12219.33783171855  -2976.847203286303  9825.896504720282
-2484.53652681692  3235.717686100604  -9189.996955418848
-9547.391754151451  174.8227724329746  7.662401357285201
28.97135256487696  -6.249486581965829  25.50718301678856
-9921.425254117381  -10225.68380401702  -8663.385308276906
1819.274351176738  563.7126247870707  8740.780227871222
7192.022398447941  10190.38392032847  -754.3537819978159
-11.49777662605705  -24.40902130208597  -19.64434302162119
6409.633225228182  -8607.874768186844  -397.5490974376265
-3058.666163748503  111.726226825803  2271.063759948972
-3316.67690646016  8862.476121187816  -1145.037408902044
29.90413964076416  -10.21030353973864  -0.5687010066730708
11169.8051210874  5018.080589129081  1197.297251870147
-8376.556199108953  -3270.171359743064  -3642.278959571218
-3498.82713247256  -3200.619227178058  3036.157992903851
36.46456021563868  10.73121787011648  -0.5661965046608282
-15473.72381650803  -9032.696353591533  -4751.081311707799
11746.15745893027  4401.706153218921  2040.927988200837
1558.904639733405  5102.735562078653  5839.980786431293
-32.34927425227055  -13.76659997957024  -21.32796551176316
13709.26846941623  3400.400665925779  3730.248842131675
-5359.207979137764  -5585.987849537457  -6225.040088028037
-9134.497556632836  821.5908691924009  3618.438797665179
33.35016049366175  6.995129350863151  7.1999539979387
-12292.05823452257  -1434.249140961884  11540.22911191867
9101.757851643211  -2754.788525822979  2667.228906617426
4947.404271112482  5039.634571741021  -9462.003689002029
-32.78662761074266  -14.72856499635702  0.5999759556352604
3822.516951561285  -3019.355727164491  -12187.60308836328
-1873.203660926242  1678.136389340103  1119.001616828638
-1888.060422597717  385.5215722870196  8824.444104765842
7.048829633948267  -11.75320362733307  -18.54651661596919
-8573.158214738012  7660.376894747837  -7559.747703283128
1413.112758427777  -9194.428133652109  1402.556148556348
5383.431908183796  -2560.689365122999  8446.690870348142
-8.715412656037847  26.94512990435195  -26.17647980720535
-10964.07432395362  -3754.661098734096  4589.277934768097
6542.546665321581  -3265.085341059789  -5169.879503521721
7575.129197369745  5421.268805209364  -1073.252327778443
-30.01379409461517  -9.550371982454283  24.42491620765771
-14232.47348679633  11676.01445095013  -9094.358573228556
9271.349526877128  -6587.869367846954  4102.049818523165
-464.0425677182345  -3926.905460921351  3704.378213962236
-19.66684717719604  19.95314858628827  -26.21149667275668
276.9686242101605  -1315.811859369734  -15970.22756745843
7005.283004837627  2095.881018787858  6146.226297451867
-7179.793899452573  1907.889825050405  6467.688726754428
-8.869231746236494  8.318974339327607  -37.73619808099488
-17614.70412347955  2282.136366410704  14421.51567159805
3341.167567372251  -8882.499785453345  -2708.317788430629
8159.680120800405  6677.149248370793  -7792.562208054583
-19.70869766446049  2.76611120744695  27.88881123173687
9028.88623257204  -2336.728880231647  -4372.040862535188
-36.09754888990198  3743.235991334748  3198.163836221433
-8045.461913859634  -2240.087523167195  4572.222646374284
18.96940668441284  -18.55351333309262  -9.792949657827711
-10180.50612042  2777.844104342742  5488.671428139325
5718.505976968898  -3890.046796813265  -8402.501366103403
7179.902034861586  -512.9442147434204  3781.285848500601
-31.85248296832945  8.790206934855508  6.369931617029238
-1146.785018162276  -14853.08330214956  9433.368745188556
-3673.773680484261  8056.327825144524  2709.93281303219
4110.953279958299  6721.766916491654  -7640.616580594663
-2.744895032229999  -27.79107458619137  23.27489666760223
-5976.213222222479  812.4414405567792  -17083.80436443357
5585.626573774963  3517.305811366235  8295.905409788415
-934.7889267082246  -7173.385108504437  6376.095413233733
-15.42672563158724  8.646294784176485  -33.2322657161981
-17742.6282700702  6500.203826150032  5097.725822625543
11705.19328993289  -7986.648576925249  1734.643725704158
311.6445728813914  -1528.693970866335  -9906.543269919239
-19.82484695406192  23.35190030686765  29.70324931133969
8356.607629468828  -1367.72753681829  8860.12414924834
-8255.276316317262  1922.969522849532  -5687.74641766917
-357.9507380439371  -1020.842186837536  -7370.368130332867
19.17114642428255  4.249396485174165  38.24407083400732
-9460.609396133617  -14004.77959565598  14208.47949993329
4285.397829264905  7034.651692606496  -10388.72665591464
4713.941408697593  7010.82889485206  -1605.75432164016
-26.22753130091449  -32.30681350611829  21.6811924402089
4680.447046188367  4983.578612950248  -5970.691995026859
-3200.497056786709  3369.031705736912  5504.002295926292
-1727.110888200454  -7925.484356910216  4365.640529707095
8.129658715127743  12.03475704095993  -41.19413600150349
8283.636818908524  -11215.5208264512  -6861.72568289112
448.3064394645717  2330.850805072364  3705.16001189434
-7694.011278195861  5805.471085226526  2391.735908902325
11.94315429032973  -21.17006538606282  -14.8443023606268
13820.38530810056  6717.789706814033  -1963.2336289236
-5446.74394868253  -8794.422098057057  -1355.269468119445
-9495.996818203037  4427.571379284499  2763.846840206208
33.98306452686879  16.23973716878863  -24.57976116255841
-11422.02866619687  -5163.801758525785  7171.06853836408
7954.100391316022  -2907.554956289817  252.215241136823
1576.804955623859  6621.014826579278  -7448.982699547887
-30.47201168381107  -2.689715584451744  22.11287541201144
5106.792543747059  6848.810228020478  629.1751262252197
-5561.821405592553  -4828.299399311862  -1659.77096321826
-264.2515940998002  -2693.66306746891  4222.244196704826
26.71603191023215  15.01427675013017  -4.351487137305415
-7343.449756861354  11995.74744045083  -5274.132019722628
3234.744193645471  -5435.014575872759  6505.403130574587
2739.524767065339  -7153.794483615339  1279.6103870686
-16.44163539482804  31.96606154549859  -14.28285888031331
2718.569537159893  -1548.084416761165  18593.57561288631
2337.679661230872  -530.2539109896391  -3918.43978582492
-3822.299541289752  1559.765776151922  -12402.21112392964
-6.525476132959615  13.33931822975607  34.0216602739549
-7151.822911857021  -12929.74986863593  -873.9481272236623
6584.916337638314  4610.861251495775  5061.399071118504
1558.13354661902  9908.26604766681  -7100.058765824661
-20.39328865623648  -23.42084538312088  -3.653269708821686
9501.983642941699  1673.774291788218  -22458.54180315222
-1878.681107253805  4681.920263698912  15510.94076362594
-7736.778557989549  -6189.306174618701  1446.813649307813
32.60489723333338  9.73390202590401  -32.01083191829474
-11609.946121391  -4450.534265477604  -6872.553968148019
6861.937291183954  -2928.265446752607  2744.400307956727
3550.134574664928  7585.281232689653  2940.021009469036
-30.08227742469796  -15.74399316226025  -7.33868893013315
2233.378913375601  -25315.46294056972  17902.28870766904
-6877.765613629504  1876.327719981498  -203.280940985852
1493.193489679465  11589.19030962669  -9274.879478306215
8.910794410389069  -27.59535866347665  24.0236781778723
13156.16004717072  -6012.054805107739  11895.21651464777
-3175.814917866599  1337.564726295554  -7118.904613522902
-8438.214679451241  3902.968393727161  -2121.947726548395
35.83662733332662  -5.013501818837199  15.40662324175273
-5361.749502442945  -14981.02699549439  2538.792923674072
9842.503659556254  5797.945406967694  970.9483253596936
-1511.747717745777  9898.398200581332  -5892.453273644183
-18.99751590076863  -24.23123903373615  21.5174277868018
-2160.784982985527  -13195.58488706776  10573.58669351363
6728.645357521279  4592.632957693414  -5898.618728924092
-3414.440940606941  11016.42064395676  -4351.991104650343
-7.073296443189323  -21.39760415985727  24.4173561538613
-3261.817557373862  12077.12753237285  -17912.21065597868
4415.495707268197  -8731.094365826855  607.2846735690375
-202.5122418839816  -4430.377516774122  10667.00960594401
-17.73113576267042  29.26995908468881  -37.47188524287694
2388.498447587379  3231.613777322892  13950.01326653569
-1936.812871816811  -2621.937437935063  -6446.325712072424
-2958.236186387781  288.7114567563059  -6211.606703300527
3.513276825750157  5.305229405981378  35.2924078423586
4224.919090005446  8054.570321549738  12075.13841661743
1002.981228388776  -5254.149406796564  -5732.867583084841
-6320.651828251774  -4030.429510354069  -8768.857633140073
0.6470862940677812  19.68859112734944  27.21039922793361
-2116.397136539062  1465.800961752501  16057.24005106487
-1211.461219048214  3238.833987634024  -3918.52017709004
2961.631009115509  -3544.758460306427  -10131.21757822263
-7.707842986975926  5.211112012937972  33.81883796095119
-519.6065611303583  -6995.209250178886  3591.385067339732
-4069.692009158671  5273.05837086885  980.0851348284914
4418.26149808782  3971.918424377747  -4778.857519135127
-6.272851015625518  -35.91601634846105  4.02437396652743
-5411.109311408105  3184.020157197951  -4665.58364082413
1767.810291273978  -5512.791646658868  4400.616765452452
6974.418279564249  383.593065690311  294.283411239979
-27.61956981908532  30.53989774307529  -8.529194178423257
-4886.273072711261  8601.727108665513  24293.92709072403
-258.1748158791748  -10081.79719991653  -9194.251606510627
10079.49036324117  -2386.332458102922  -9744.745341634927
-20.13475902810495  33.37794202445009  37.80487008376559
-12769.44098738997  -5460.705419812674  698.2016306378106
7295.602170832726  -1825.222095919582  -1787.836117069433
6137.806668656497  6517.658188702686  1864.341055469926
-33.74775798982501  -12.01785149283174  10.75630892276517
-16040.12090388331  6059.167851301577  -3519.397313014982
4521.824488360178  -4353.208297897379  5845.92405661214
9941.204641834876  -1579.485164255769  -3510.234964162732
-26.21332579423558  1.784416138410941  -11.15608637557379
-8052.092776853727  -4770.793651343392  16060.01468035722
4329.124182093909  -3060.40953022397  -12117.44770963727
5802.018911662088  8324.95100118196  -3353.965534725445
-31.10207377471311  -8.190357962406356  39.28893143485947
13212.78649357121  -4263.956988773988  1503.619753937771
-7562.501409836536  4855.720003391144  842.1996422514478
-6009.758967844284  642.6821476461902  -3687.611152664875
34.55053841654075  -6.806625135618414  4.654936124922716
-6013.074320235306  7597.607599541604  -311.6235665753114
5304.985755928739  -3349.651618659413  3165.943584942317
3039.011183844219  -4879.039259092395  -1883.310817985686
-22.36215072924546  12.32266080880779  -4.215379477311703
-19142.89581032069  -919.6076257312691  -65.09780161840612
5451.732197420499  1498.464992141526  -5613.769847649984
13472.37587647588  1802.548935821253  2170.60303401734
-40.98421310514995  4.89606112204742  14.35864328016685
15022.68002012447  7003.798306312449  -10294.11292684021
-3868.558367406089  -1719.289645791536  10195.10383795816
-10976.8092213139  -4831.240782145123  548.0031859501485
31.44710497751161  20.3957839128015  -21.65014825558496
-5809.234718018747  14391.78486413506  11369.20142989915
5599.433993378887  -4971.249516962565  -6223.364904419649
-936.5761554244275  -8920.989293205617  -5658.454100414885
-14.36095067086651  32.77527803472628  18.49775685570766
-27635.85101526579  -11657.431722928  -9241.256444784723
1072.730616579644  8271.891318953723  6217.903168589572
16183.77471969222  2370.009518313739  1892.693847212238
-38.77616541174715  -26.56077741515018  -18.31520187098879
3554.643585955756  16762.96726408413  -3646.188341742099
2077.398138599006  -6752.258423104065  -4057.068439943378
-4679.788765477544  -8581.355595550262  5919.390254509137
-7.40499344294494  35.69610143342484  -10.23028446173068
-915.7228415152561  2418.747787949012  14919.49815460495
4567.972180552595  -123.9151255024111  -7711.310461455002
-3442.688732105468  -5515.68429164162  -7941.332610910263
-3.481489709301214  16.54857142162263  32.47602248913942
12983.05553714927  -9663.281606537772  -2883.026332364512
-5329.676851902784  8290.04204538997  -1304.327338731018
-9361.016392421679  1872.598896985917  3839.370379017175
24.7463852377346  -15.08817225637615  -11.72587197809012
-881.1342089500945  4255.220223174387  2123.742635465514
7310.749486241887  -8746.426635861011  -2769.518715420966
1899.195486349385  5601.959397863672  -4836.394710700114
-26.85344160970909  -2.597287712632729  25.4880216958885
-4614.747855430995  4917.117502057822  -4820.258985177999
6134.689441614873  -4438.654707181427  2754.719136008066
1177.985776961092  316.062052090235  2959.556522088556
-22.59221885464361  11.82676430355208  -15.74544743628005
9622.837578142762  -11010.79893706456  -2616.341782404278
-5993.868796781802  9446.933692447756  -4075.910154704507
-3373.284856157432  5504.520910586337  6800.96938550227
21.18643000651993  -18.10689973283071  -17.31224609526382
3230.932362143499  -4399.634280441453  -19666.10137807338
1760.108582141913  652.9492968759685  12270.57558813935
-6524.013454707664  1387.119718109082  5325.264713709119
15.88362003442476  -10.47882492888022  -41.90336606606251
9956.087273481229  15799.2453929914  11418.41955849557
-9344.164524408092  -3368.91441102726  229.2957412655713
-415.9003721080778  -8876.784803771978  -8779.922297373902
29.77014525760049  27.93242480328905  10.64770895847234
-8970.011148988151  -1270.692772012569  3249.594897607402
4668.359305713445  1413.529091990155  -3459.299287427792
5163.813072835777  -1103.552029362942  -600.4877579202534
-32.26734962435294  -12.27800663012257  10.2934989480833
-2418.721864075092  14236.41787937629  9508.775792340388
-54.99513690272611  -11759.45535854634  -8014.876445908216
4712.086308128974  -3217.566123725393  -1730.968217251473
-21.39939987633521  33.28149953882321  18.8730583555359
3590.319774716743  -14634.97954950336  4886.829677239391
-5824.793695257879  8918.088977777768  -7192.668847967328
5538.82804236623  7846.868667006322  2116.539846203241
3.934136280878397  -34.03572438009078  8.641987211070042
3990.2287685504  3354.381380141363  12755.77289186235
-4.836773602474339  747.4565212711948  -5301.531260709707
-2828.064240132658  -7708.695377866608  -5553.637393919542
9.914552380192029  -6.566536974844584  32.84921531316715
4790.249550905036  2854.524080467429  10244.53037264086
-3935.172827913246  -3415.121139718963  -3815.585812465086
-2546.193121415268  1494.864217998411  -6439.731860193138
8.724019827511649  3.591543979789987  31.3840985873382
-1723.937339366604  13038.33323965494  -8415.386037251963
-4090.595892909995  -6337.22485816775  2527.268801723881
7931.070244840539  -3096.727000405544  2938.938248157296
-10.26838115317385  24.2812275148325  -15.81243574995078
9082.127037875394  -7755.960506133679  5109.603613893583
-4148.44882224683  3312.010596050428  -388.6747617119992
-3806.288437848411  3919.810575220952  -5855.818352058271
29.4980558594664  -19.83901672743326  23.55736081941499
2338.488520390933  -12398.21809724984  14067.84444231784
-5793.751195954346  8784.278879810467  -483.1170356004283
3058.450105193965  4807.600082532877  -11193.01905343623
-4.5616015674768  -32.37524808178809  26.2971895773699
-10597.41516112034  -8641.55854268121  3769.687834458457
1318.254570614073  9065.836139414474  -964.2402654975072
10197.80712929933  432.716275524935  2623.231753148339
-26.94024342453991  -20.77436392338589  -5.444568769514769
4535.806711913885  -11239.54403489202  1345.540035126453
-28.00568767525129  4921.689980429507  -5234.462261123323
-4677.371108332346  8593.522046353437  2231.073054253127
2.195876669137483  -36.47796393129374  2.317517490745696
-7603.757619953466  12732.80858311545  3856.310321824406
3779.531437913439  -2192.85618742516  -6324.919665681288
4006.379363464187  -10180.98637069429  2164.354293427609
-14.86116568144504  26.17898560702024  16.01287062425282
-15552.58823018387  2994.826177615504  -770.5387915943182
11862.5613029261  4321.868354957245  -2326.058612264655
7126.874863126347  -4951.713013559558  4052.617849090515
-45.02195869831851  20.14581420872938  2.608325082681761
-22484.81388630926  -9403.6249165318  -5669.263016952301
10535.74823327051  742.0636258474823  8278.510851304382
10406.24346495393  7656.424651394126  -6081.175284757996
-49.42974821121692  2.415883055151353  -10.15957610050802
7320.394069496349  -2138.165405961399  -1689.667730343261
-6142.704066218702  -1496.860226196362  -3124.370112906421
-3568.82067699462  2960.82477131629  1527.473751609807
28.31416799656223  -10.67900483346595  16.19263404577988
5934.309120721548  -7526.681860691339  -8660.505408426645
-249.5001137488189  10518.36365549876  4968.614261606302
-7822.312668944874  -1124.810173653114  4100.394274974576
7.536547432491097  -19.71214999661652  -22.48671613483658
3317.415026908779  -12671.51470651992  3736.685052341897
1550.445566831949  9636.762079264581  2043.153504733265
-8239.937887617423  5517.278516883051  -6877.733433043145
13.95181955079717  -29.94056452905422  5.628752444908304
14217.60344450575  622.5192719638138  -2729.464585671678
-5949.056508802832  2380.042081523025  4683.628398973116
-10025.77886152899  -3203.221296732792  -1361.313231818325
25.96501054401068  -3.722721586485167  -8.233188587704131
-2939.923874288518  -1656.004437761741  -12017.23303414422
-1320.264466051936  -2640.938823848678  8194.031404690508
5561.535624308039  2538.788993209343  3697.662948469856
-10.19690979922947  -1.50003564308866  -28.58480195925435
12406.89759579541  16806.3417044572  1347.223730071122
-4857.484939539651  -8995.432859021024  -5418.022299548969
-9075.628256350632  -5618.534026505295  2356.970795800131
31.13330486370289  36.78359915035389  3.039775557676785
9702.796909176399  7934.454219723233  7698.110978113065
-8895.1170190721  3159.170653770846  -4603.246346931857
-27.90345280220312  -4602.240681153734  -7583.622683388551
10.76797445912757  -8.64742773600355  47.5392362204705
-2041.900136788568  -1971.573950282441  16451.89814435143
-1629.061948166659  -3318.866713883824  -10071.65654761421
3529.084721880168  8169.428151012333  -6247.945128256875
12.22307296144101  -6.571027989301515  35.0486965353054
636.7987682176597  16750.71491816369  2996.355169620058
-1598.032490690618  -13918.57666954809  -56.96373704217518
5953.194545892843  -5727.815320694884  -3738.738948007206
-13.55116290101571  37.9229947309011  23.61445238818022
-10648.62553871571  4786.55441974477  769.3220549140063
3554.680134362012  -6412.551603507514  -1533.894844316505
7156.934587620116  1897.463095465327  -2170.943966715371
-27.58247907720012  14.27201010061474  12.64847655942278
1469.77415291214  -8635.733336734174  -18141.25104788103
6852.48056497476  4132.04844309734  6766.423145063804
-8616.960542288392  6805.857192763532  5916.869839656682
1.652644220770326  -22.97959268687636  -34.97592609906558
-12976.10596300554  -12845.31617455054  17500.41095622118
-3367.825637701741  8299.273155754843  -968.4049656523988
9247.587801429361  4696.401125995492  -9835.42011386117
-8.829941583276385  -34.45432718367385  27.65528167923804
-15313.08743320025  7427.959081209875  -4604.991031356772
6351.208962452742  -6320.431354071065  -2330.352260275424
8539.790678591267  -722.2432358669832  8682.178415727587
-29.55303786867377  11.0444587127922  -0.07730051086024793
-10122.70084741185  -13684.41692807123  6863.435917950888
2530.339576206144  2541.344777598005  -9241.072936171404
7156.255564858756  10168.74722043962  4195.951115217038
-4.169466622489575  -31.71444603414964  25.66892520515175
14479.18636054645  -4522.787829776077  99.55373310989101
-9480.498874856254  2443.837115032925  281.911876005882
-4633.789716150452  3696.501952481692  -3966.702481179021
32.76051488922553  -9.523204478942613  0.2696594082281159
11952.08466747093  -2247.21020895382  5420.035530738024
-6663.325066546477  1358.354247094252  -1061.856290949809
-3821.963589015493  952.1670176399424  -4198.341934987272
32.4627700019571  -16.98850827656397  11.6161231618652
990.32251733276  15299.41290127114  7077.009090053733
3096.57399895253  -3856.482609566234  -6018.146405760933
-4591.735961402831  -11321.87807003569  -1863.845026529629
-12.27978818152537  39.22233982270581  22.49199216928504
-713.4379929820179  3865.774593054053  -5656.223369158508
1694.777646914481  -3897.632105556119  2392.93047071207
-1463.052472525188  481.1931339447793  6203.182417143256
6.787322228276254  12.93064913999902  -19.48705981011737
2070.172309533351  3850.801447265959  6789.260419796561
-4116.027459181067  -6877.147792830182  -4557.329610049138
-1045.18663861889  3174.016302615798  -7446.656427359977
30.98332813993499  9.322820615789984  42.07556754994794
-3124.139215221602  1025.008787176981  9410.527522121729
767.6925237598515  -4039.814746801275  -6994.289204974215
1193.443289076512  1558.51530290733  -4074.481886612016
-4.60352832894454  -4.494156889708031  35.85882308530344
386.1839946315093  -21392.8407042316  4832.150501364997
-4685.214196114455  6764.080585874389  -9173.701455726075
3112.211665392496  12203.21343254642  2802.582899200145
10.01739846045758  -41.00852134341238  8.761367482656885
16483.22427033685  8260.503589414857  7784.726292120852
-6505.855247203162  -7939.058347323437  -4317.229509670039
-6339.265720956108  -831.5734262490972  -3275.220008173104
25.82655240430829  3.51423593379328  8.088394123678187
11052.32468330251  5343.296096888215  -9274.277242903612
-9241.337998369785  -1918.806202296478  5181.787315492572
2292.214632425045  -323.5048444636585  7727.102694218249
8.842928190925077  -5.615517214249153  -38.69590926467041
3397.875367641497  3127.640143884546  6535.076747148651
-1882.293617769866  -1759.29099353013  -6412.585417837569
-1492.265739583189  -3391.396606505412  -1560.291652509442
2.095069399780696  13.95974185400029  24.54865554787126
8633.315826276134  -5126.665714716124  -13617.37727296554
-7332.294642882906  -2830.920926972794  1331.799149049106
-1994.958491356692  6457.088051524838  10192.02321956393
22.00011785242022  -7.175639083151429  -24.04260744541642
8257.761782815194  -5533.432327988985  5829.52909564846
-5326.935911430451  3747.422097589773  2489.658148641985
-4872.789817624032  2406.614413512218  -10580.7701247405
24.82376749549372  -21.60747820413043  7.299797500470954
7855.133929544751  9609.564083912552  -4555.741738068565
-5288.204540353003  -895.4140514400872  -1146.765783598839
-1748.236906809782  -6996.623534228592  7164.436559027751
19.74936904426179  13.32050160948921  1.810206795625223
-2441.065038206174  -388.4804191248537  15191.08383074784
-3051.787319197271  5942.823558771608  -6147.362806187993
929.8354798315873  -4545.665913603834  -7358.667045985946
-0.8831529608940369  -1.423101069164002  31.78791990457729
-174.1734958450131  -10010.08304333714  8650.075765988411
421.6607839378144  4046.090478821605  477.5500020437597
-501.2680757311077  6265.55932720329  -11982.13044056022
7.159613329759538  -35.85935473173945  10.0215879977828
7043.498656714893  -797.7912844408561  -9198.329665280931
-322.7085176135382  5761.114322742376  7222.001958561538
-2233.466770506157  -5155.779094383593  3066.910243475959
14.9374455118628  -4.865108975493238  -16.63667095461182
5899.000528343708  -1162.225743758874  -23856.83591845135
-8465.109022624967  -8486.885774461116  10071.40934110505
-1724.334312646919  7817.179584509672  11613.17683921008
21.13789266682548  -14.02811338859747  -30.46836524047732
-6678.212251128523  -11424.99937568515  3084.930129884666
568.7919677943876  7404.177360078401  3706.119089586874
5492.74238761538  860.1621348457704  -6073.453485255723
-13.824678758772  -30.94296596188837  4.435586770869318
